[ 2020-01-03T10:31:48+08:00 ] 172.31.18.39 123.168.85.35 GET /index
[ log ] www.mangtuyou.com/index [运行时间：0.032050s][吞吐率：31.20req/s] [内存消耗：2,410.27kb] [文件加载：55]
[ info ] [ LANG ] /www/wwwroot/www.mangtuyou.com/thinkphp/lang/zh-cn.php
[ info ] [ ROUTE ] array (
  'type' => 'module',
  'module' => 
  array (
    0 => 'index',
    1 => NULL,
    2 => NULL,
  ),
)
[ info ] [ HEADER ] array (
  'x-requested-with' => 'com.tencent.mm',
  'accept-language' => 'zh-CN,en-US;q=0.9',
  'accept-encoding' => 'gzip, deflate',
  'accept' => 'text/html,application/xhtml+xml,application/xml;q=0.9,image/webp,image/wxpic,image/tpg,image/apng,*/*;q=0.8',
  'user-agent' => 'Mozilla/5.0 (Linux; Android 9; Redmi Note 7 Build/PKQ1.180904.001; wv) AppleWebKit/537.36 (KHTML, like Gecko) Version/4.0 Chrome/67.0.3396.87 XWEB/1051 MMWEBSDK/191201 Mobile Safari/537.36 MMWEBID/24 MicroMessenger/7.0.10.1580(0x27000A54) Process/tools NetType/WIFI Language/zh_CN ABI/arm64',
  'upgrade-insecure-requests' => '1',
  'connection' => 'keep-alive',
  'host' => 'www.mangtuyou.com',
)
[ info ] [ PARAM ] array (
  '/index' => '',
)
[ info ] [ DB ] INIT mysql
[ info ] [ RUN ] app\index\controller\Index->index[ /www/wwwroot/www.mangtuyou.com/application/index/controller/Index.php ]
[ info ] [ VIEW ] ./themes/index/index/index.html [ array (
  0 => 'markList',
) ]
[ info ] [ LOG ] INIT File
[ sql ] [ DB ] CONNECT:[ UseTime:0.000473s ] mysql:dbname=mangtoo;host=localhost;port=3306;charset=utf8
[ sql ] [ SQL ] SHOW COLUMNS FROM `os_newscenic` [ RunTime:0.001098s ]
[ sql ] [ SQL ] SELECT * FROM `os_newscenic` [ RunTime:0.000394s ]

---------------------------------------------------------------
[ 2020-01-03T10:32:43+08:00 ] 172.31.18.39 101.89.239.120 GET /index
[ log ] www.mangtuyou.com/index [运行时间：0.029045s][吞吐率：34.43req/s] [内存消耗：2,409.83kb] [文件加载：55]
[ info ] [ LANG ] /www/wwwroot/www.mangtuyou.com/thinkphp/lang/zh-cn.php
[ info ] [ ROUTE ] array (
  'type' => 'module',
  'module' => 
  array (
    0 => 'index',
    1 => NULL,
    2 => NULL,
  ),
)
[ info ] [ HEADER ] array (
  'connection' => 'keep-alive',
  'host' => 'www.mangtuyou.com',
  'accept-language' => 'zh-CN,zh;q=0.8,en-US;q=0.6,en;q=0.4',
  'accept' => '*/*',
  'user-agent' => 'Mozilla/5.0 (Windows NT 6.1; WOW64) AppleWebKit/537.36 (KHTML, like Gecko) Chrome/39.0.2171.95 Safari/537.36 MicroMessenger/6.5.2.501 NetType/WIFI WindowsWechat QBCore/3.43.27.400 QQBrowser/9.0.2524.400',
)
[ info ] [ PARAM ] array (
  '/index' => '',
)
[ info ] [ DB ] INIT mysql
[ info ] [ RUN ] app\index\controller\Index->index[ /www/wwwroot/www.mangtuyou.com/application/index/controller/Index.php ]
[ info ] [ VIEW ] ./themes/index/index/index.html [ array (
  0 => 'markList',
) ]
[ info ] [ LOG ] INIT File
[ sql ] [ DB ] CONNECT:[ UseTime:0.000384s ] mysql:dbname=mangtoo;host=localhost;port=3306;charset=utf8
[ sql ] [ SQL ] SHOW COLUMNS FROM `os_newscenic` [ RunTime:0.000978s ]
[ sql ] [ SQL ] SELECT * FROM `os_newscenic` [ RunTime:0.000259s ]

---------------------------------------------------------------
[ 2020-01-03T10:35:09+08:00 ] 172.31.18.39 123.168.85.35 GET /index
[ log ] www.mangtuyou.com/index [运行时间：0.024662s][吞吐率：40.55req/s] [内存消耗：2,410.28kb] [文件加载：55]
[ info ] [ LANG ] /www/wwwroot/www.mangtuyou.com/thinkphp/lang/zh-cn.php
[ info ] [ ROUTE ] array (
  'type' => 'module',
  'module' => 
  array (
    0 => 'index',
    1 => NULL,
    2 => NULL,
  ),
)
[ info ] [ HEADER ] array (
  'x-requested-with' => 'com.tencent.mm',
  'accept-language' => 'zh-CN,en-US;q=0.9',
  'accept-encoding' => 'gzip, deflate',
  'accept' => 'text/html,application/xhtml+xml,application/xml;q=0.9,image/webp,image/wxpic,image/tpg,image/apng,*/*;q=0.8',
  'user-agent' => 'Mozilla/5.0 (Linux; Android 9; Redmi Note 7 Build/PKQ1.180904.001; wv) AppleWebKit/537.36 (KHTML, like Gecko) Version/4.0 Chrome/67.0.3396.87 XWEB/1051 MMWEBSDK/191201 Mobile Safari/537.36 MMWEBID/24 MicroMessenger/7.0.10.1580(0x27000A54) Process/tools NetType/WIFI Language/zh_CN ABI/arm64',
  'upgrade-insecure-requests' => '1',
  'connection' => 'keep-alive',
  'host' => 'www.mangtuyou.com',
)
[ info ] [ PARAM ] array (
  '/index' => '',
)
[ info ] [ DB ] INIT mysql
[ info ] [ RUN ] app\index\controller\Index->index[ /www/wwwroot/www.mangtuyou.com/application/index/controller/Index.php ]
[ info ] [ VIEW ] ./themes/index/index/index.html [ array (
  0 => 'markList',
) ]
[ info ] [ LOG ] INIT File
[ sql ] [ DB ] CONNECT:[ UseTime:0.000417s ] mysql:dbname=mangtoo;host=localhost;port=3306;charset=utf8
[ sql ] [ SQL ] SHOW COLUMNS FROM `os_newscenic` [ RunTime:0.000876s ]
[ sql ] [ SQL ] SELECT * FROM `os_newscenic` [ RunTime:0.000313s ]

---------------------------------------------------------------
[ 2020-01-03T10:42:01+08:00 ] 172.31.18.39 39.90.95.64 GET /admin
[ log ] www.mangtuyou.com/admin [运行时间：0.018789s][吞吐率：53.22req/s] [内存消耗：1,473.11kb] [文件加载：44]
[ info ] [ LANG ] /www/wwwroot/www.mangtuyou.com/thinkphp/lang/zh-cn.php
[ info ] [ ROUTE ] array (
  'type' => 'module',
  'module' => 
  array (
    0 => 'admin',
    1 => NULL,
    2 => NULL,
  ),
)
[ info ] [ HEADER ] array (
  'cookie' => 'serverType=apache; order=id%20desc; memRealUsed=758; mem-before=758/3789%20%28MB%29; memSize=3789; downNet=0; upNet=0; conterError=; fifteen=0.05; five=0.03; one=0.03; uploadSize=1073741824; rank=a; backup_path=/www/backup; SetId=dfile; ChangePath=24; SetName=aliyuncs.tar.gz; Path=/www/wwwroot/www.mangtuyou.com/themes/index/index',
  'accept-language' => 'zh-CN,zh;q=0.9',
  'accept-encoding' => 'gzip, deflate',
  'accept' => 'text/html,application/xhtml+xml,application/xml;q=0.9,image/webp,image/apng,*/*;q=0.8,application/signed-exchange;v=b3',
  'user-agent' => 'Mozilla/5.0 (Windows NT 6.1; WOW64) AppleWebKit/537.36 (KHTML, like Gecko) Chrome/78.0.3904.108 Safari/537.36',
  'upgrade-insecure-requests' => '1',
  'connection' => 'keep-alive',
  'host' => 'www.mangtuyou.com',
)
[ info ] [ PARAM ] array (
  '/admin' => '',
)
[ info ] [ SESSION ] INIT array (
  'id' => '',
  'var_session_id' => '',
  'prefix' => 'think',
  'type' => '',
  'auto_start' => true,
)
[ info ] [ LOG ] INIT File

---------------------------------------------------------------
[ 2020-01-03T10:42:01+08:00 ] 172.31.18.39 39.90.95.64 GET /admin/login/index.html
[ log ] www.mangtuyou.com/admin/login/index.html [运行时间：0.015713s][吞吐率：63.64req/s] [内存消耗：1,504.02kb] [文件加载：45]
[ info ] [ LANG ] /www/wwwroot/www.mangtuyou.com/thinkphp/lang/zh-cn.php
[ info ] [ ROUTE ] array (
  'type' => 'module',
  'module' => 
  array (
    0 => 'admin',
    1 => 'login',
    2 => 'index',
  ),
)
[ info ] [ HEADER ] array (
  'cookie' => 'serverType=apache; order=id%20desc; memRealUsed=758; mem-before=758/3789%20%28MB%29; memSize=3789; downNet=0; upNet=0; conterError=; fifteen=0.05; five=0.03; one=0.03; uploadSize=1073741824; rank=a; backup_path=/www/backup; SetId=dfile; ChangePath=24; SetName=aliyuncs.tar.gz; Path=/www/wwwroot/www.mangtuyou.com/themes/index/index; PHPSESSID=nijs8408rinvqoc4f5487qiuo1',
  'accept-language' => 'zh-CN,zh;q=0.9',
  'accept-encoding' => 'gzip, deflate',
  'accept' => 'text/html,application/xhtml+xml,application/xml;q=0.9,image/webp,image/apng,*/*;q=0.8,application/signed-exchange;v=b3',
  'user-agent' => 'Mozilla/5.0 (Windows NT 6.1; WOW64) AppleWebKit/537.36 (KHTML, like Gecko) Chrome/78.0.3904.108 Safari/537.36',
  'upgrade-insecure-requests' => '1',
  'connection' => 'keep-alive',
  'host' => 'www.mangtuyou.com',
)
[ info ] [ PARAM ] array (
  '/admin/login/index_html' => '',
)
[ info ] [ RUN ] app\admin\controller\Login->index[ /www/wwwroot/www.mangtuyou.com/application/admin/controller/Login.php ]
[ info ] [ VIEW ] ./themes/admin/login/index.html [ array (
) ]
[ info ] [ LOG ] INIT File

---------------------------------------------------------------
[ 2020-01-03T10:42:02+08:00 ] 172.31.18.39 39.90.95.64 GET /favicon.ico
[ log ] www.mangtuyou.com/favicon.ico [运行时间：0.014593s][吞吐率：68.53req/s] [内存消耗：1,202.74kb] [文件加载：38]
[ info ] [ LANG ] /www/wwwroot/www.mangtuyou.com/thinkphp/lang/zh-cn.php
[ info ] [ ROUTE ] array (
  'type' => 'module',
  'module' => 
  array (
    0 => 'favicon.ico',
    1 => NULL,
    2 => NULL,
  ),
)
[ info ] [ HEADER ] array (
  'cookie' => 'serverType=apache; order=id%20desc; memRealUsed=758; mem-before=758/3789%20%28MB%29; memSize=3789; downNet=0; upNet=0; conterError=; fifteen=0.05; five=0.03; one=0.03; uploadSize=1073741824; rank=a; backup_path=/www/backup; SetId=dfile; ChangePath=24; SetName=aliyuncs.tar.gz; Path=/www/wwwroot/www.mangtuyou.com/themes/index/index; PHPSESSID=nijs8408rinvqoc4f5487qiuo1',
  'accept-language' => 'zh-CN,zh;q=0.9',
  'accept-encoding' => 'gzip, deflate',
  'referer' => 'http://www.mangtuyou.com/admin/login/index.html',
  'accept' => 'image/webp,image/apng,image/*,*/*;q=0.8',
  'user-agent' => 'Mozilla/5.0 (Windows NT 6.1; WOW64) AppleWebKit/537.36 (KHTML, like Gecko) Chrome/78.0.3904.108 Safari/537.36',
  'connection' => 'keep-alive',
  'host' => 'www.mangtuyou.com',
)
[ info ] [ PARAM ] array (
  '/favicon_ico' => '',
)
[ info ] [ LOG ] INIT File

---------------------------------------------------------------
[ 2020-01-03T10:42:05+08:00 ] 172.31.18.39 39.90.95.64 POST /admin/login/login.html
[ log ] www.mangtuyou.com/admin/login/login.html [运行时间：0.025155s][吞吐率：39.75req/s] [内存消耗：2,166.55kb] [文件加载：53]
[ info ] [ LANG ] /www/wwwroot/www.mangtuyou.com/thinkphp/lang/zh-cn.php
[ info ] [ ROUTE ] array (
  'type' => 'module',
  'module' => 
  array (
    0 => 'admin',
    1 => 'login',
    2 => 'login',
  ),
)
[ info ] [ HEADER ] array (
  'cookie' => 'thinkphp_show_page_trace=0|0; serverType=apache; order=id%20desc; memRealUsed=758; mem-before=758/3789%20%28MB%29; memSize=3789; downNet=0; upNet=0; conterError=; fifteen=0.05; five=0.03; one=0.03; uploadSize=1073741824; rank=a; backup_path=/www/backup; SetId=dfile; ChangePath=24; SetName=aliyuncs.tar.gz; Path=/www/wwwroot/www.mangtuyou.com/themes/index/index; PHPSESSID=nijs8408rinvqoc4f5487qiuo1',
  'accept-language' => 'zh-CN,zh;q=0.9',
  'accept-encoding' => 'gzip, deflate',
  'referer' => 'http://www.mangtuyou.com/admin/login/index.html',
  'user-agent' => 'Mozilla/5.0 (Windows NT 6.1; WOW64) AppleWebKit/537.36 (KHTML, like Gecko) Chrome/78.0.3904.108 Safari/537.36',
  'x-requested-with' => 'XMLHttpRequest',
  'origin' => 'http://www.mangtuyou.com',
  'accept' => 'application/json, text/javascript, */*; q=0.01',
  'connection' => 'keep-alive',
  'host' => 'www.mangtuyou.com',
  'content-type' => 'application/x-www-form-urlencoded; charset=UTF-8',
  'content-length' => '29',
)
[ info ] [ PARAM ] array (
  '/admin/login/login_html' => '',
  'username' => 'admin',
  'password' => 'admin',
)
[ info ] [ RUN ] app\admin\controller\Login->login[ /www/wwwroot/www.mangtuyou.com/application/admin/controller/Login.php ]
[ info ] [ DB ] INIT mysql
[ info ] [ SESSION ] INIT array (
  'id' => '',
  'var_session_id' => '',
  'prefix' => 'think',
  'type' => '',
  'auto_start' => true,
)
[ info ] [ CACHE ] INIT File
[ info ] [ LOG ] INIT File
[ sql ] [ DB ] CONNECT:[ UseTime:0.000324s ] mysql:dbname=mangtoo;host=localhost;port=3306;charset=utf8
[ sql ] [ SQL ] SHOW COLUMNS FROM `os_admin_user` [ RunTime:0.001096s ]
[ sql ] [ SQL ] SELECT `id`,`username`,`status` FROM `os_admin_user` WHERE  `username` = 'admin'  AND `password` = '0dfc7612f607db6c17fd99388e9e5f9c' LIMIT 1 [ RunTime:0.000410s ]
[ sql ] [ SQL ] UPDATE `os_admin_user`  SET `last_login_time`='2020-01-03 10:42:05',`last_login_ip`='39.90.95.64'  WHERE  `id` = 1 [ RunTime:0.000451s ]

---------------------------------------------------------------
[ 2020-01-03T10:42:07+08:00 ] 172.31.18.39 39.90.95.64 GET /admin/index/index.html
[ log ] www.mangtuyou.com/admin/index/index.html [运行时间：0.033190s][吞吐率：30.13req/s] [内存消耗：2,204.92kb] [文件加载：52]
[ info ] [ LANG ] /www/wwwroot/www.mangtuyou.com/thinkphp/lang/zh-cn.php
[ info ] [ ROUTE ] array (
  'type' => 'module',
  'module' => 
  array (
    0 => 'admin',
    1 => 'index',
    2 => 'index',
  ),
)
[ info ] [ HEADER ] array (
  'cookie' => 'serverType=apache; order=id%20desc; memRealUsed=758; mem-before=758/3789%20%28MB%29; memSize=3789; downNet=0; upNet=0; conterError=; fifteen=0.05; five=0.03; one=0.03; uploadSize=1073741824; rank=a; backup_path=/www/backup; SetId=dfile; ChangePath=24; SetName=aliyuncs.tar.gz; Path=/www/wwwroot/www.mangtuyou.com/themes/index/index; PHPSESSID=nijs8408rinvqoc4f5487qiuo1',
  'accept-language' => 'zh-CN,zh;q=0.9',
  'accept-encoding' => 'gzip, deflate',
  'referer' => 'http://www.mangtuyou.com/admin/login/index.html',
  'accept' => 'text/html,application/xhtml+xml,application/xml;q=0.9,image/webp,image/apng,*/*;q=0.8,application/signed-exchange;v=b3',
  'user-agent' => 'Mozilla/5.0 (Windows NT 6.1; WOW64) AppleWebKit/537.36 (KHTML, like Gecko) Chrome/78.0.3904.108 Safari/537.36',
  'upgrade-insecure-requests' => '1',
  'connection' => 'keep-alive',
  'host' => 'www.mangtuyou.com',
)
[ info ] [ PARAM ] array (
  '/admin/index/index_html' => '',
)
[ info ] [ SESSION ] INIT array (
  'id' => '',
  'var_session_id' => '',
  'prefix' => 'think',
  'type' => '',
  'auto_start' => true,
)
[ info ] [ DB ] INIT mysql
[ info ] [ RUN ] app\admin\controller\Index->index[ /www/wwwroot/www.mangtuyou.com/application/admin/controller/Index.php ]
[ info ] [ VIEW ] ./themes/admin/index/index.html [ array (
  0 => 'menu',
  1 => 'controller',
  2 => 'config',
) ]
[ info ] [ LOG ] INIT File
[ sql ] [ DB ] CONNECT:[ UseTime:0.000558s ] mysql:dbname=mangtoo;host=localhost;port=3306;charset=utf8
[ sql ] [ SQL ] SHOW COLUMNS FROM `os_auth_rule` [ RunTime:0.000931s ]
[ sql ] [ SQL ] SELECT * FROM `os_auth_rule` WHERE  `status` = 1 ORDER BY `sort`  DESC,`id`  ASC [ RunTime:0.000456s ]
[ sql ] [ SQL ] SHOW COLUMNS FROM `os_auth_group_access` [ RunTime:0.000830s ]
[ sql ] [ SQL ] SELECT `AuthGroupAccess`.`uid`,`AuthGroupAccess`.`group_id`,`AuthGroup`.`title`,`AuthGroup`.`rules` FROM `os_auth_group_access` `AuthGroupAccess` LEFT JOIN `os_auth_group` `AuthGroup` ON `AuthGroupAccess`.`group_id`=`AuthGroup`.`id` WHERE  (  AuthGroupAccess.uid='1' and AuthGroup.status='1' ) [ RunTime:0.000248s ]
[ sql ] [ SQL ] SELECT `condition`,`name` FROM `os_auth_rule` WHERE  `id` IN (1,2,3,73,74,5,6,7,8,9,10,11,12,39,40,41,42,43,14,13,20,21,22,23,24,15,25,26,27,28,29,30,16,17,44,45,46,47,48,18,49,50,51,52,53,19,31,32,33,34,35,36,37,54,55,58,59,60,61,62,56,64,65,66,67,57,68,69,70,71,72,63)  AND `type` = 1 [ RunTime:0.000542s ]
[ sql ] [ SQL ] SELECT VERSION() AS ver [ RunTime:0.000275s ]

---------------------------------------------------------------
[ 2020-01-03T10:42:11+08:00 ] 172.31.18.39 39.90.95.64 GET /admin/scenic/index.html
[ log ] www.mangtuyou.com/admin/scenic/index.html [运行时间：0.033513s][吞吐率：29.84req/s] [内存消耗：2,644.51kb] [文件加载：57]
[ info ] [ LANG ] /www/wwwroot/www.mangtuyou.com/thinkphp/lang/zh-cn.php
[ info ] [ ROUTE ] array (
  'type' => 'module',
  'module' => 
  array (
    0 => 'admin',
    1 => 'scenic',
    2 => 'index',
  ),
)
[ info ] [ HEADER ] array (
  'cookie' => 'serverType=apache; order=id%20desc; memRealUsed=758; mem-before=758/3789%20%28MB%29; memSize=3789; downNet=0; upNet=0; conterError=; fifteen=0.05; five=0.03; one=0.03; uploadSize=1073741824; rank=a; backup_path=/www/backup; SetId=dfile; ChangePath=24; SetName=aliyuncs.tar.gz; Path=/www/wwwroot/www.mangtuyou.com/themes/index/index; PHPSESSID=nijs8408rinvqoc4f5487qiuo1',
  'accept-language' => 'zh-CN,zh;q=0.9',
  'accept-encoding' => 'gzip, deflate',
  'referer' => 'http://www.mangtuyou.com/admin/index/index.html',
  'accept' => 'text/html,application/xhtml+xml,application/xml;q=0.9,image/webp,image/apng,*/*;q=0.8,application/signed-exchange;v=b3',
  'user-agent' => 'Mozilla/5.0 (Windows NT 6.1; WOW64) AppleWebKit/537.36 (KHTML, like Gecko) Chrome/78.0.3904.108 Safari/537.36',
  'upgrade-insecure-requests' => '1',
  'connection' => 'keep-alive',
  'host' => 'www.mangtuyou.com',
)
[ info ] [ PARAM ] array (
  '/admin/scenic/index_html' => '',
)
[ info ] [ SESSION ] INIT array (
  'id' => '',
  'var_session_id' => '',
  'prefix' => 'think',
  'type' => '',
  'auto_start' => true,
)
[ info ] [ DB ] INIT mysql
[ info ] [ RUN ] app\admin\controller\Scenic->index[ /www/wwwroot/www.mangtuyou.com/application/admin/controller/Scenic.php ]
[ info ] [ VIEW ] ./themes/admin/scenic/index.html [ array (
  0 => 'menu',
  1 => 'controller',
  2 => 'data',
) ]
[ info ] [ LOG ] INIT File
[ sql ] [ DB ] CONNECT:[ UseTime:0.000327s ] mysql:dbname=mangtoo;host=localhost;port=3306;charset=utf8
[ sql ] [ SQL ] SHOW COLUMNS FROM `os_auth_group_access` [ RunTime:0.000919s ]
[ sql ] [ SQL ] SELECT `AuthGroupAccess`.`uid`,`AuthGroupAccess`.`group_id`,`AuthGroup`.`title`,`AuthGroup`.`rules` FROM `os_auth_group_access` `AuthGroupAccess` LEFT JOIN `os_auth_group` `AuthGroup` ON `AuthGroupAccess`.`group_id`=`AuthGroup`.`id` WHERE  (  AuthGroupAccess.uid='1' and AuthGroup.status='1' ) [ RunTime:0.000365s ]
[ sql ] [ SQL ] SHOW COLUMNS FROM `os_auth_rule` [ RunTime:0.000888s ]
[ sql ] [ SQL ] SELECT `condition`,`name` FROM `os_auth_rule` WHERE  `id` IN (1,2,3,73,74,5,6,7,8,9,10,11,12,39,40,41,42,43,14,13,20,21,22,23,24,15,25,26,27,28,29,30,16,17,44,45,46,47,48,18,49,50,51,52,53,19,31,32,33,34,35,36,37,54,55,58,59,60,61,62,56,64,65,66,67,57,68,69,70,71,72,63)  AND `type` = 1 [ RunTime:0.000656s ]
[ sql ] [ SQL ] SELECT * FROM `os_auth_rule` WHERE  `status` = 1 ORDER BY `sort`  DESC,`id`  ASC [ RunTime:0.000330s ]
[ sql ] [ SQL ] SHOW COLUMNS FROM `os_scenic` [ RunTime:0.000771s ]
[ sql ] [ SQL ] SELECT COUNT(*) AS tp_count FROM `os_scenic` `s` INNER JOIN `os_example` `c` ON `s`.`cid`=`c`.`id` LIMIT 1 [ RunTime:0.000169s ]
[ sql ] [ SQL ] SELECT c.name as cname,s.name as sname,`s`.`id`,`s`.`img`,`s`.`content`,`s`.`hits` FROM `os_scenic` `s` INNER JOIN `os_example` `c` ON `s`.`cid`=`c`.`id` ORDER BY `id`  DESC LIMIT 0,15 [ RunTime:0.000351s ]

---------------------------------------------------------------
[ 2020-01-03T10:42:13+08:00 ] 172.31.18.39 39.90.95.64 GET /admin/spot/add.html
[ log ] www.mangtuyou.com/admin/spot/add.html [运行时间：0.035622s][吞吐率：28.07req/s] [内存消耗：2,459.95kb] [文件加载：54]
[ info ] [ LANG ] /www/wwwroot/www.mangtuyou.com/thinkphp/lang/zh-cn.php
[ info ] [ ROUTE ] array (
  'type' => 'module',
  'module' => 
  array (
    0 => 'admin',
    1 => 'spot',
    2 => 'add',
  ),
)
[ info ] [ HEADER ] array (
  'cookie' => 'serverType=apache; order=id%20desc; memRealUsed=758; mem-before=758/3789%20%28MB%29; memSize=3789; downNet=0; upNet=0; conterError=; fifteen=0.05; five=0.03; one=0.03; uploadSize=1073741824; rank=a; backup_path=/www/backup; SetId=dfile; ChangePath=24; SetName=aliyuncs.tar.gz; Path=/www/wwwroot/www.mangtuyou.com/themes/index/index; PHPSESSID=nijs8408rinvqoc4f5487qiuo1',
  'accept-language' => 'zh-CN,zh;q=0.9',
  'accept-encoding' => 'gzip, deflate',
  'referer' => 'http://www.mangtuyou.com/admin/scenic/index.html',
  'accept' => 'text/html,application/xhtml+xml,application/xml;q=0.9,image/webp,image/apng,*/*;q=0.8,application/signed-exchange;v=b3',
  'user-agent' => 'Mozilla/5.0 (Windows NT 6.1; WOW64) AppleWebKit/537.36 (KHTML, like Gecko) Chrome/78.0.3904.108 Safari/537.36',
  'upgrade-insecure-requests' => '1',
  'connection' => 'keep-alive',
  'host' => 'www.mangtuyou.com',
)
[ info ] [ PARAM ] array (
  '/admin/spot/add_html' => '',
)
[ info ] [ SESSION ] INIT array (
  'id' => '',
  'var_session_id' => '',
  'prefix' => 'think',
  'type' => '',
  'auto_start' => true,
)
[ info ] [ DB ] INIT mysql
[ info ] [ RUN ] app\admin\controller\Spot->add[ /www/wwwroot/www.mangtuyou.com/application/admin/controller/Spot.php ]
[ info ] [ VIEW ] ./themes/admin/spot/add.html [ array (
  0 => 'menu',
  1 => 'controller',
  2 => 'example',
) ]
[ info ] [ LOG ] INIT File
[ sql ] [ DB ] CONNECT:[ UseTime:0.000430s ] mysql:dbname=mangtoo;host=localhost;port=3306;charset=utf8
[ sql ] [ SQL ] SHOW COLUMNS FROM `os_auth_group_access` [ RunTime:0.000965s ]
[ sql ] [ SQL ] SELECT `AuthGroupAccess`.`uid`,`AuthGroupAccess`.`group_id`,`AuthGroup`.`title`,`AuthGroup`.`rules` FROM `os_auth_group_access` `AuthGroupAccess` LEFT JOIN `os_auth_group` `AuthGroup` ON `AuthGroupAccess`.`group_id`=`AuthGroup`.`id` WHERE  (  AuthGroupAccess.uid='1' and AuthGroup.status='1' ) [ RunTime:0.000349s ]
[ sql ] [ SQL ] SHOW COLUMNS FROM `os_auth_rule` [ RunTime:0.000787s ]
[ sql ] [ SQL ] SELECT `condition`,`name` FROM `os_auth_rule` WHERE  `id` IN (1,2,3,73,74,5,6,7,8,9,10,11,12,39,40,41,42,43,14,13,20,21,22,23,24,15,25,26,27,28,29,30,16,17,44,45,46,47,48,18,49,50,51,52,53,19,31,32,33,34,35,36,37,54,55,58,59,60,61,62,56,64,65,66,67,57,68,69,70,71,72,63)  AND `type` = 1 [ RunTime:0.000437s ]
[ sql ] [ SQL ] SELECT * FROM `os_auth_rule` WHERE  `status` = 1 ORDER BY `sort`  DESC,`id`  ASC [ RunTime:0.000293s ]
[ sql ] [ SQL ] SHOW COLUMNS FROM `os_example` [ RunTime:0.001039s ]
[ sql ] [ SQL ] SELECT * FROM `os_example` [ RunTime:0.000302s ]

---------------------------------------------------------------
[ 2020-01-03T10:42:13+08:00 ] 172.31.18.39 39.90.95.64 GET /api/ueditor/index?action=config&&noCache=1578019341583
[ log ] www.mangtuyou.com/api/ueditor/index?action=config&&noCache=1578019341583 [运行时间：0.015867s][吞吐率：63.02req/s] [内存消耗：1,379.52kb] [文件加载：41]
[ info ] [ LANG ] /www/wwwroot/www.mangtuyou.com/thinkphp/lang/zh-cn.php
[ info ] [ ROUTE ] array (
  'type' => 'module',
  'module' => 
  array (
    0 => 'api',
    1 => 'ueditor',
    2 => 'index',
  ),
)
[ info ] [ HEADER ] array (
  'cookie' => 'serverType=apache; order=id%20desc; memRealUsed=758; mem-before=758/3789%20%28MB%29; memSize=3789; downNet=0; upNet=0; conterError=; fifteen=0.05; five=0.03; one=0.03; uploadSize=1073741824; rank=a; backup_path=/www/backup; SetId=dfile; ChangePath=24; SetName=aliyuncs.tar.gz; Path=/www/wwwroot/www.mangtuyou.com/themes/index/index; PHPSESSID=nijs8408rinvqoc4f5487qiuo1',
  'accept-language' => 'zh-CN,zh;q=0.9',
  'accept-encoding' => 'gzip, deflate',
  'referer' => 'http://www.mangtuyou.com/admin/spot/add.html',
  'accept' => '*/*',
  'user-agent' => 'Mozilla/5.0 (Windows NT 6.1; WOW64) AppleWebKit/537.36 (KHTML, like Gecko) Chrome/78.0.3904.108 Safari/537.36',
  'connection' => 'keep-alive',
  'host' => 'www.mangtuyou.com',
)
[ info ] [ PARAM ] array (
  '/api/ueditor/index' => '',
  'action' => 'config',
  'noCache' => '1578019341583',
)
[ info ] [ SESSION ] INIT array (
  'id' => '',
  'var_session_id' => '',
  'prefix' => 'think',
  'type' => '',
  'auto_start' => true,
)
[ info ] [ RUN ] app\api\controller\Ueditor->index[ /www/wwwroot/www.mangtuyou.com/application/api/controller/Ueditor.php ]
[ info ] [ LOG ] INIT File

---------------------------------------------------------------
[ 2020-01-03T10:42:13+08:00 ] 172.31.18.39 39.90.95.64 GET /api/ueditor/index?action=config&&noCache=1578019341584
[ log ] www.mangtuyou.com/api/ueditor/index?action=config&&noCache=1578019341584 [运行时间：0.018486s][吞吐率：54.09req/s] [内存消耗：1,379.52kb] [文件加载：41]
[ info ] [ LANG ] /www/wwwroot/www.mangtuyou.com/thinkphp/lang/zh-cn.php
[ info ] [ ROUTE ] array (
  'type' => 'module',
  'module' => 
  array (
    0 => 'api',
    1 => 'ueditor',
    2 => 'index',
  ),
)
[ info ] [ HEADER ] array (
  'cookie' => 'serverType=apache; order=id%20desc; memRealUsed=758; mem-before=758/3789%20%28MB%29; memSize=3789; downNet=0; upNet=0; conterError=; fifteen=0.05; five=0.03; one=0.03; uploadSize=1073741824; rank=a; backup_path=/www/backup; SetId=dfile; ChangePath=24; SetName=aliyuncs.tar.gz; Path=/www/wwwroot/www.mangtuyou.com/themes/index/index; PHPSESSID=nijs8408rinvqoc4f5487qiuo1',
  'accept-language' => 'zh-CN,zh;q=0.9',
  'accept-encoding' => 'gzip, deflate',
  'referer' => 'http://www.mangtuyou.com/admin/spot/add.html',
  'accept' => '*/*',
  'user-agent' => 'Mozilla/5.0 (Windows NT 6.1; WOW64) AppleWebKit/537.36 (KHTML, like Gecko) Chrome/78.0.3904.108 Safari/537.36',
  'connection' => 'keep-alive',
  'host' => 'www.mangtuyou.com',
)
[ info ] [ PARAM ] array (
  '/api/ueditor/index' => '',
  'action' => 'config',
  'noCache' => '1578019341584',
)
[ info ] [ SESSION ] INIT array (
  'id' => '',
  'var_session_id' => '',
  'prefix' => 'think',
  'type' => '',
  'auto_start' => true,
)
[ info ] [ RUN ] app\api\controller\Ueditor->index[ /www/wwwroot/www.mangtuyou.com/application/api/controller/Ueditor.php ]
[ info ] [ LOG ] INIT File

---------------------------------------------------------------
[ 2020-01-03T10:42:15+08:00 ] 172.31.18.39 39.90.95.64 GET /admin/newscenic/index.html
[ log ] www.mangtuyou.com/admin/newscenic/index.html [运行时间：0.032427s][吞吐率：30.84req/s] [内存消耗：2,549.88kb] [文件加载：58]
[ info ] [ LANG ] /www/wwwroot/www.mangtuyou.com/thinkphp/lang/zh-cn.php
[ info ] [ ROUTE ] array (
  'type' => 'module',
  'module' => 
  array (
    0 => 'admin',
    1 => 'newscenic',
    2 => 'index',
  ),
)
[ info ] [ HEADER ] array (
  'cookie' => 'serverType=apache; order=id%20desc; memRealUsed=758; mem-before=758/3789%20%28MB%29; memSize=3789; downNet=0; upNet=0; conterError=; fifteen=0.05; five=0.03; one=0.03; uploadSize=1073741824; rank=a; backup_path=/www/backup; SetId=dfile; ChangePath=24; SetName=aliyuncs.tar.gz; Path=/www/wwwroot/www.mangtuyou.com/themes/index/index; PHPSESSID=nijs8408rinvqoc4f5487qiuo1',
  'accept-language' => 'zh-CN,zh;q=0.9',
  'accept-encoding' => 'gzip, deflate',
  'referer' => 'http://www.mangtuyou.com/admin/spot/add.html',
  'accept' => 'text/html,application/xhtml+xml,application/xml;q=0.9,image/webp,image/apng,*/*;q=0.8,application/signed-exchange;v=b3',
  'user-agent' => 'Mozilla/5.0 (Windows NT 6.1; WOW64) AppleWebKit/537.36 (KHTML, like Gecko) Chrome/78.0.3904.108 Safari/537.36',
  'upgrade-insecure-requests' => '1',
  'connection' => 'keep-alive',
  'host' => 'www.mangtuyou.com',
)
[ info ] [ PARAM ] array (
  '/admin/newscenic/index_html' => '',
)
[ info ] [ SESSION ] INIT array (
  'id' => '',
  'var_session_id' => '',
  'prefix' => 'think',
  'type' => '',
  'auto_start' => true,
)
[ info ] [ DB ] INIT mysql
[ info ] [ RUN ] app\admin\controller\Newscenic->index[ /www/wwwroot/www.mangtuyou.com/application/admin/controller/Newscenic.php ]
[ info ] [ VIEW ] ./themes/admin/newscenic/index.html [ array (
  0 => 'menu',
  1 => 'controller',
  2 => 'keyword',
  3 => 'data',
) ]
[ info ] [ LOG ] INIT File
[ sql ] [ DB ] CONNECT:[ UseTime:0.000369s ] mysql:dbname=mangtoo;host=localhost;port=3306;charset=utf8
[ sql ] [ SQL ] SHOW COLUMNS FROM `os_auth_group_access` [ RunTime:0.000806s ]
[ sql ] [ SQL ] SELECT `AuthGroupAccess`.`uid`,`AuthGroupAccess`.`group_id`,`AuthGroup`.`title`,`AuthGroup`.`rules` FROM `os_auth_group_access` `AuthGroupAccess` LEFT JOIN `os_auth_group` `AuthGroup` ON `AuthGroupAccess`.`group_id`=`AuthGroup`.`id` WHERE  (  AuthGroupAccess.uid='1' and AuthGroup.status='1' ) [ RunTime:0.000372s ]
[ sql ] [ SQL ] SHOW COLUMNS FROM `os_auth_rule` [ RunTime:0.000837s ]
[ sql ] [ SQL ] SELECT `condition`,`name` FROM `os_auth_rule` WHERE  `id` IN (1,2,3,73,74,5,6,7,8,9,10,11,12,39,40,41,42,43,14,13,20,21,22,23,24,15,25,26,27,28,29,30,16,17,44,45,46,47,48,18,49,50,51,52,53,19,31,32,33,34,35,36,37,54,55,58,59,60,61,62,56,64,65,66,67,57,68,69,70,71,72,63)  AND `type` = 1 [ RunTime:0.000359s ]
[ sql ] [ SQL ] SELECT * FROM `os_auth_rule` WHERE  `status` = 1 ORDER BY `sort`  DESC,`id`  ASC [ RunTime:0.000197s ]
[ sql ] [ SQL ] SHOW COLUMNS FROM `os_newscenic` [ RunTime:0.000901s ]
[ sql ] [ SQL ] SELECT COUNT(*) AS tp_count FROM `os_newscenic` `s` INNER JOIN `os_example` `c` ON `s`.`classid`=`c`.`id` LIMIT 1 [ RunTime:0.000395s ]
[ sql ] [ SQL ] SELECT c.name as cname,`s`.`name_cn`,`s`.`name_kr`,`s`.`id`,`s`.`img`,`s`.`city`,`s`.`content_cn`,`s`.`content_kr`,`s`.`Hits` FROM `os_newscenic` `s` INNER JOIN `os_example` `c` ON `s`.`classid`=`c`.`id` ORDER BY `id`  desc LIMIT 0,15 [ RunTime:0.000164s ]

---------------------------------------------------------------
[ 2020-01-03T10:42:18+08:00 ] 172.31.18.39 39.90.95.64 GET /admin/newscenic/edit/id/32.html
[ log ] www.mangtuyou.com/admin/newscenic/edit/id/32.html [运行时间：0.031261s][吞吐率：31.99req/s] [内存消耗：2,490.83kb] [文件加载：55]
[ info ] [ LANG ] /www/wwwroot/www.mangtuyou.com/thinkphp/lang/zh-cn.php
[ info ] [ ROUTE ] array (
  'type' => 'module',
  'module' => 
  array (
    0 => 'admin',
    1 => 'newscenic',
    2 => 'edit',
  ),
)
[ info ] [ HEADER ] array (
  'cookie' => 'thinkphp_show_page_trace=0|0; serverType=apache; order=id%20desc; memRealUsed=758; mem-before=758/3789%20%28MB%29; memSize=3789; downNet=0; upNet=0; conterError=; fifteen=0.05; five=0.03; one=0.03; uploadSize=1073741824; rank=a; backup_path=/www/backup; SetId=dfile; ChangePath=24; SetName=aliyuncs.tar.gz; Path=/www/wwwroot/www.mangtuyou.com/themes/index/index; PHPSESSID=nijs8408rinvqoc4f5487qiuo1',
  'accept-language' => 'zh-CN,zh;q=0.9',
  'accept-encoding' => 'gzip, deflate',
  'referer' => 'http://www.mangtuyou.com/admin/newscenic/index.html',
  'accept' => 'text/html,application/xhtml+xml,application/xml;q=0.9,image/webp,image/apng,*/*;q=0.8,application/signed-exchange;v=b3',
  'user-agent' => 'Mozilla/5.0 (Windows NT 6.1; WOW64) AppleWebKit/537.36 (KHTML, like Gecko) Chrome/78.0.3904.108 Safari/537.36',
  'upgrade-insecure-requests' => '1',
  'connection' => 'keep-alive',
  'host' => 'www.mangtuyou.com',
)
[ info ] [ PARAM ] array (
  '/admin/newscenic/edit/id/32_html' => '',
  'id' => '32',
)
[ info ] [ SESSION ] INIT array (
  'id' => '',
  'var_session_id' => '',
  'prefix' => 'think',
  'type' => '',
  'auto_start' => true,
)
[ info ] [ DB ] INIT mysql
[ info ] [ RUN ] app\admin\controller\Newscenic->edit[ /www/wwwroot/www.mangtuyou.com/application/admin/controller/Newscenic.php ]
[ info ] [ VIEW ] ./themes/admin/newscenic/edit.html [ array (
  0 => 'menu',
  1 => 'controller',
  2 => 'scenic',
  3 => 'map',
  4 => 'img',
) ]
[ info ] [ LOG ] INIT File
[ sql ] [ DB ] CONNECT:[ UseTime:0.000457s ] mysql:dbname=mangtoo;host=localhost;port=3306;charset=utf8
[ sql ] [ SQL ] SHOW COLUMNS FROM `os_auth_group_access` [ RunTime:0.001051s ]
[ sql ] [ SQL ] SELECT `AuthGroupAccess`.`uid`,`AuthGroupAccess`.`group_id`,`AuthGroup`.`title`,`AuthGroup`.`rules` FROM `os_auth_group_access` `AuthGroupAccess` LEFT JOIN `os_auth_group` `AuthGroup` ON `AuthGroupAccess`.`group_id`=`AuthGroup`.`id` WHERE  (  AuthGroupAccess.uid='1' and AuthGroup.status='1' ) [ RunTime:0.000312s ]
[ sql ] [ SQL ] SHOW COLUMNS FROM `os_auth_rule` [ RunTime:0.000740s ]
[ sql ] [ SQL ] SELECT `condition`,`name` FROM `os_auth_rule` WHERE  `id` IN (1,2,3,73,74,5,6,7,8,9,10,11,12,39,40,41,42,43,14,13,20,21,22,23,24,15,25,26,27,28,29,30,16,17,44,45,46,47,48,18,49,50,51,52,53,19,31,32,33,34,35,36,37,54,55,58,59,60,61,62,56,64,65,66,67,57,68,69,70,71,72,63)  AND `type` = 1 [ RunTime:0.000428s ]
[ sql ] [ SQL ] SELECT * FROM `os_auth_rule` WHERE  `status` = 1 ORDER BY `sort`  DESC,`id`  ASC [ RunTime:0.000246s ]
[ sql ] [ SQL ] SHOW COLUMNS FROM `os_newscenic` [ RunTime:0.000784s ]
[ sql ] [ SQL ] SELECT * FROM `os_newscenic` WHERE  `id` = 32 LIMIT 1 [ RunTime:0.000244s ]
[ sql ] [ SQL ] SHOW COLUMNS FROM `os_example` [ RunTime:0.000544s ]
[ sql ] [ SQL ] SELECT * FROM `os_example` [ RunTime:0.000232s ]
[ sql ] [ SQL ] SELECT `img` FROM `os_example` LIMIT 1 [ RunTime:0.000178s ]

---------------------------------------------------------------
[ 2020-01-03T10:42:19+08:00 ] 172.31.18.39 39.90.95.64 GET /api/ueditor/index?action=config&&noCache=1578019347671
[ log ] www.mangtuyou.com/api/ueditor/index?action=config&&noCache=1578019347671 [运行时间：0.014266s][吞吐率：70.10req/s] [内存消耗：1,379.52kb] [文件加载：41]
[ info ] [ LANG ] /www/wwwroot/www.mangtuyou.com/thinkphp/lang/zh-cn.php
[ info ] [ ROUTE ] array (
  'type' => 'module',
  'module' => 
  array (
    0 => 'api',
    1 => 'ueditor',
    2 => 'index',
  ),
)
[ info ] [ HEADER ] array (
  'cookie' => 'serverType=apache; order=id%20desc; memRealUsed=758; mem-before=758/3789%20%28MB%29; memSize=3789; downNet=0; upNet=0; conterError=; fifteen=0.05; five=0.03; one=0.03; uploadSize=1073741824; rank=a; backup_path=/www/backup; SetId=dfile; ChangePath=24; SetName=aliyuncs.tar.gz; Path=/www/wwwroot/www.mangtuyou.com/themes/index/index; PHPSESSID=nijs8408rinvqoc4f5487qiuo1',
  'accept-language' => 'zh-CN,zh;q=0.9',
  'accept-encoding' => 'gzip, deflate',
  'referer' => 'http://www.mangtuyou.com/admin/newscenic/edit/id/32.html',
  'accept' => '*/*',
  'user-agent' => 'Mozilla/5.0 (Windows NT 6.1; WOW64) AppleWebKit/537.36 (KHTML, like Gecko) Chrome/78.0.3904.108 Safari/537.36',
  'connection' => 'keep-alive',
  'host' => 'www.mangtuyou.com',
)
[ info ] [ PARAM ] array (
  '/api/ueditor/index' => '',
  'action' => 'config',
  'noCache' => '1578019347671',
)
[ info ] [ SESSION ] INIT array (
  'id' => '',
  'var_session_id' => '',
  'prefix' => 'think',
  'type' => '',
  'auto_start' => true,
)
[ info ] [ RUN ] app\api\controller\Ueditor->index[ /www/wwwroot/www.mangtuyou.com/application/api/controller/Ueditor.php ]
[ info ] [ LOG ] INIT File

---------------------------------------------------------------
[ 2020-01-03T10:42:19+08:00 ] 172.31.18.39 39.90.95.64 GET /api/ueditor/index?action=config&&noCache=1578019347672
[ log ] www.mangtuyou.com/api/ueditor/index?action=config&&noCache=1578019347672 [运行时间：0.014889s][吞吐率：67.16req/s] [内存消耗：1,379.52kb] [文件加载：41]
[ info ] [ LANG ] /www/wwwroot/www.mangtuyou.com/thinkphp/lang/zh-cn.php
[ info ] [ ROUTE ] array (
  'type' => 'module',
  'module' => 
  array (
    0 => 'api',
    1 => 'ueditor',
    2 => 'index',
  ),
)
[ info ] [ HEADER ] array (
  'cookie' => 'serverType=apache; order=id%20desc; memRealUsed=758; mem-before=758/3789%20%28MB%29; memSize=3789; downNet=0; upNet=0; conterError=; fifteen=0.05; five=0.03; one=0.03; uploadSize=1073741824; rank=a; backup_path=/www/backup; SetId=dfile; ChangePath=24; SetName=aliyuncs.tar.gz; Path=/www/wwwroot/www.mangtuyou.com/themes/index/index; PHPSESSID=nijs8408rinvqoc4f5487qiuo1',
  'accept-language' => 'zh-CN,zh;q=0.9',
  'accept-encoding' => 'gzip, deflate',
  'referer' => 'http://www.mangtuyou.com/admin/newscenic/edit/id/32.html',
  'accept' => '*/*',
  'user-agent' => 'Mozilla/5.0 (Windows NT 6.1; WOW64) AppleWebKit/537.36 (KHTML, like Gecko) Chrome/78.0.3904.108 Safari/537.36',
  'connection' => 'keep-alive',
  'host' => 'www.mangtuyou.com',
)
[ info ] [ PARAM ] array (
  '/api/ueditor/index' => '',
  'action' => 'config',
  'noCache' => '1578019347672',
)
[ info ] [ SESSION ] INIT array (
  'id' => '',
  'var_session_id' => '',
  'prefix' => 'think',
  'type' => '',
  'auto_start' => true,
)
[ info ] [ RUN ] app\api\controller\Ueditor->index[ /www/wwwroot/www.mangtuyou.com/application/api/controller/Ueditor.php ]
[ info ] [ LOG ] INIT File

---------------------------------------------------------------
[ 2020-01-03T10:42:19+08:00 ] 172.31.18.39 39.90.95.64 GET /api/ueditor/index?action=config&&noCache=1578019347671
[ log ] www.mangtuyou.com/api/ueditor/index?action=config&&noCache=1578019347671 [运行时间：0.014919s][吞吐率：67.03req/s] [内存消耗：1,379.52kb] [文件加载：41]
[ info ] [ LANG ] /www/wwwroot/www.mangtuyou.com/thinkphp/lang/zh-cn.php
[ info ] [ ROUTE ] array (
  'type' => 'module',
  'module' => 
  array (
    0 => 'api',
    1 => 'ueditor',
    2 => 'index',
  ),
)
[ info ] [ HEADER ] array (
  'cookie' => 'serverType=apache; order=id%20desc; memRealUsed=758; mem-before=758/3789%20%28MB%29; memSize=3789; downNet=0; upNet=0; conterError=; fifteen=0.05; five=0.03; one=0.03; uploadSize=1073741824; rank=a; backup_path=/www/backup; SetId=dfile; ChangePath=24; SetName=aliyuncs.tar.gz; Path=/www/wwwroot/www.mangtuyou.com/themes/index/index; PHPSESSID=nijs8408rinvqoc4f5487qiuo1',
  'accept-language' => 'zh-CN,zh;q=0.9',
  'accept-encoding' => 'gzip, deflate',
  'referer' => 'http://www.mangtuyou.com/admin/newscenic/edit/id/32.html',
  'accept' => '*/*',
  'user-agent' => 'Mozilla/5.0 (Windows NT 6.1; WOW64) AppleWebKit/537.36 (KHTML, like Gecko) Chrome/78.0.3904.108 Safari/537.36',
  'connection' => 'keep-alive',
  'host' => 'www.mangtuyou.com',
)
[ info ] [ PARAM ] array (
  '/api/ueditor/index' => '',
  'action' => 'config',
  'noCache' => '1578019347671',
)
[ info ] [ SESSION ] INIT array (
  'id' => '',
  'var_session_id' => '',
  'prefix' => 'think',
  'type' => '',
  'auto_start' => true,
)
[ info ] [ RUN ] app\api\controller\Ueditor->index[ /www/wwwroot/www.mangtuyou.com/application/api/controller/Ueditor.php ]
[ info ] [ LOG ] INIT File

---------------------------------------------------------------
[ 2020-01-03T10:43:12+08:00 ] 172.31.18.39 39.90.95.64 GET /admin/newscenic/edit/id/32.html
[ log ] www.mangtuyou.com/admin/newscenic/edit/id/32.html [运行时间：0.034155s][吞吐率：29.28req/s] [内存消耗：2,491.12kb] [文件加载：55]
[ info ] [ LANG ] /www/wwwroot/www.mangtuyou.com/thinkphp/lang/zh-cn.php
[ info ] [ ROUTE ] array (
  'type' => 'module',
  'module' => 
  array (
    0 => 'admin',
    1 => 'newscenic',
    2 => 'edit',
  ),
)
[ info ] [ HEADER ] array (
  'cookie' => 'thinkphp_show_page_trace=0|0; thinkphp_show_page_trace=0|0; serverType=apache; order=id%20desc; memRealUsed=758; mem-before=758/3789%20%28MB%29; memSize=3789; downNet=0; upNet=0; conterError=; fifteen=0.05; five=0.03; one=0.03; uploadSize=1073741824; rank=a; backup_path=/www/backup; SetId=dfile; ChangePath=24; SetName=aliyuncs.tar.gz; Path=/www/wwwroot/www.mangtuyou.com/themes/index/index; PHPSESSID=nijs8408rinvqoc4f5487qiuo1',
  'accept-language' => 'zh-CN,zh;q=0.9',
  'accept-encoding' => 'gzip, deflate',
  'referer' => 'http://www.mangtuyou.com/admin/newscenic/index.html',
  'accept' => 'text/html,application/xhtml+xml,application/xml;q=0.9,image/webp,image/apng,*/*;q=0.8,application/signed-exchange;v=b3',
  'user-agent' => 'Mozilla/5.0 (Windows NT 6.1; WOW64) AppleWebKit/537.36 (KHTML, like Gecko) Chrome/78.0.3904.108 Safari/537.36',
  'upgrade-insecure-requests' => '1',
  'cache-control' => 'max-age=0',
  'connection' => 'keep-alive',
  'host' => 'www.mangtuyou.com',
)
[ info ] [ PARAM ] array (
  '/admin/newscenic/edit/id/32_html' => '',
  'id' => '32',
)
[ info ] [ SESSION ] INIT array (
  'id' => '',
  'var_session_id' => '',
  'prefix' => 'think',
  'type' => '',
  'auto_start' => true,
)
[ info ] [ DB ] INIT mysql
[ info ] [ RUN ] app\admin\controller\Newscenic->edit[ /www/wwwroot/www.mangtuyou.com/application/admin/controller/Newscenic.php ]
[ info ] [ VIEW ] ./themes/admin/newscenic/edit.html [ array (
  0 => 'menu',
  1 => 'controller',
  2 => 'scenic',
  3 => 'map',
  4 => 'img',
) ]
[ info ] [ LOG ] INIT File
[ sql ] [ DB ] CONNECT:[ UseTime:0.000450s ] mysql:dbname=mangtoo;host=localhost;port=3306;charset=utf8
[ sql ] [ SQL ] SHOW COLUMNS FROM `os_auth_group_access` [ RunTime:0.000770s ]
[ sql ] [ SQL ] SELECT `AuthGroupAccess`.`uid`,`AuthGroupAccess`.`group_id`,`AuthGroup`.`title`,`AuthGroup`.`rules` FROM `os_auth_group_access` `AuthGroupAccess` LEFT JOIN `os_auth_group` `AuthGroup` ON `AuthGroupAccess`.`group_id`=`AuthGroup`.`id` WHERE  (  AuthGroupAccess.uid='1' and AuthGroup.status='1' ) [ RunTime:0.000205s ]
[ sql ] [ SQL ] SHOW COLUMNS FROM `os_auth_rule` [ RunTime:0.000829s ]
[ sql ] [ SQL ] SELECT `condition`,`name` FROM `os_auth_rule` WHERE  `id` IN (1,2,3,73,74,5,6,7,8,9,10,11,12,39,40,41,42,43,14,13,20,21,22,23,24,15,25,26,27,28,29,30,16,17,44,45,46,47,48,18,49,50,51,52,53,19,31,32,33,34,35,36,37,54,55,58,59,60,61,62,56,64,65,66,67,57,68,69,70,71,72,63)  AND `type` = 1 [ RunTime:0.000537s ]
[ sql ] [ SQL ] SELECT * FROM `os_auth_rule` WHERE  `status` = 1 ORDER BY `sort`  DESC,`id`  ASC [ RunTime:0.000311s ]
[ sql ] [ SQL ] SHOW COLUMNS FROM `os_newscenic` [ RunTime:0.001048s ]
[ sql ] [ SQL ] SELECT * FROM `os_newscenic` WHERE  `id` = 32 LIMIT 1 [ RunTime:0.000629s ]
[ sql ] [ SQL ] SHOW COLUMNS FROM `os_example` [ RunTime:0.000859s ]
[ sql ] [ SQL ] SELECT * FROM `os_example` [ RunTime:0.000203s ]
[ sql ] [ SQL ] SELECT `img` FROM `os_example` LIMIT 1 [ RunTime:0.000133s ]

---------------------------------------------------------------
[ 2020-01-03T10:43:12+08:00 ] 172.31.18.39 39.90.95.64 GET /api/ueditor/index?action=config&&noCache=1578019401430
[ log ] www.mangtuyou.com/api/ueditor/index?action=config&&noCache=1578019401430 [运行时间：0.023058s][吞吐率：43.37req/s] [内存消耗：1,379.52kb] [文件加载：41]
[ info ] [ LANG ] /www/wwwroot/www.mangtuyou.com/thinkphp/lang/zh-cn.php
[ info ] [ ROUTE ] array (
  'type' => 'module',
  'module' => 
  array (
    0 => 'api',
    1 => 'ueditor',
    2 => 'index',
  ),
)
[ info ] [ HEADER ] array (
  'cookie' => 'serverType=apache; order=id%20desc; memRealUsed=758; mem-before=758/3789%20%28MB%29; memSize=3789; downNet=0; upNet=0; conterError=; fifteen=0.05; five=0.03; one=0.03; uploadSize=1073741824; rank=a; backup_path=/www/backup; SetId=dfile; ChangePath=24; SetName=aliyuncs.tar.gz; Path=/www/wwwroot/www.mangtuyou.com/themes/index/index; PHPSESSID=nijs8408rinvqoc4f5487qiuo1',
  'accept-language' => 'zh-CN,zh;q=0.9',
  'accept-encoding' => 'gzip, deflate',
  'referer' => 'http://www.mangtuyou.com/admin/newscenic/edit/id/32.html',
  'accept' => '*/*',
  'user-agent' => 'Mozilla/5.0 (Windows NT 6.1; WOW64) AppleWebKit/537.36 (KHTML, like Gecko) Chrome/78.0.3904.108 Safari/537.36',
  'connection' => 'keep-alive',
  'host' => 'www.mangtuyou.com',
)
[ info ] [ PARAM ] array (
  '/api/ueditor/index' => '',
  'action' => 'config',
  'noCache' => '1578019401430',
)
[ info ] [ SESSION ] INIT array (
  'id' => '',
  'var_session_id' => '',
  'prefix' => 'think',
  'type' => '',
  'auto_start' => true,
)
[ info ] [ RUN ] app\api\controller\Ueditor->index[ /www/wwwroot/www.mangtuyou.com/application/api/controller/Ueditor.php ]
[ info ] [ LOG ] INIT File

---------------------------------------------------------------
[ 2020-01-03T10:43:12+08:00 ] 172.31.18.39 39.90.95.64 GET /api/ueditor/index?action=config&&noCache=1578019401431
[ log ] www.mangtuyou.com/api/ueditor/index?action=config&&noCache=1578019401431 [运行时间：0.017066s][吞吐率：58.60req/s] [内存消耗：1,379.52kb] [文件加载：41]
[ info ] [ LANG ] /www/wwwroot/www.mangtuyou.com/thinkphp/lang/zh-cn.php
[ info ] [ ROUTE ] array (
  'type' => 'module',
  'module' => 
  array (
    0 => 'api',
    1 => 'ueditor',
    2 => 'index',
  ),
)
[ info ] [ HEADER ] array (
  'cookie' => 'serverType=apache; order=id%20desc; memRealUsed=758; mem-before=758/3789%20%28MB%29; memSize=3789; downNet=0; upNet=0; conterError=; fifteen=0.05; five=0.03; one=0.03; uploadSize=1073741824; rank=a; backup_path=/www/backup; SetId=dfile; ChangePath=24; SetName=aliyuncs.tar.gz; Path=/www/wwwroot/www.mangtuyou.com/themes/index/index; PHPSESSID=nijs8408rinvqoc4f5487qiuo1',
  'accept-language' => 'zh-CN,zh;q=0.9',
  'accept-encoding' => 'gzip, deflate',
  'referer' => 'http://www.mangtuyou.com/admin/newscenic/edit/id/32.html',
  'accept' => '*/*',
  'user-agent' => 'Mozilla/5.0 (Windows NT 6.1; WOW64) AppleWebKit/537.36 (KHTML, like Gecko) Chrome/78.0.3904.108 Safari/537.36',
  'connection' => 'keep-alive',
  'host' => 'www.mangtuyou.com',
)
[ info ] [ PARAM ] array (
  '/api/ueditor/index' => '',
  'action' => 'config',
  'noCache' => '1578019401431',
)
[ info ] [ SESSION ] INIT array (
  'id' => '',
  'var_session_id' => '',
  'prefix' => 'think',
  'type' => '',
  'auto_start' => true,
)
[ info ] [ RUN ] app\api\controller\Ueditor->index[ /www/wwwroot/www.mangtuyou.com/application/api/controller/Ueditor.php ]
[ info ] [ LOG ] INIT File

---------------------------------------------------------------
[ 2020-01-03T10:43:13+08:00 ] 172.31.18.39 39.90.95.64 GET /api/ueditor/index?action=config&&noCache=1578019401432
[ log ] www.mangtuyou.com/api/ueditor/index?action=config&&noCache=1578019401432 [运行时间：0.014763s][吞吐率：67.74req/s] [内存消耗：1,379.52kb] [文件加载：41]
[ info ] [ LANG ] /www/wwwroot/www.mangtuyou.com/thinkphp/lang/zh-cn.php
[ info ] [ ROUTE ] array (
  'type' => 'module',
  'module' => 
  array (
    0 => 'api',
    1 => 'ueditor',
    2 => 'index',
  ),
)
[ info ] [ HEADER ] array (
  'cookie' => 'serverType=apache; order=id%20desc; memRealUsed=758; mem-before=758/3789%20%28MB%29; memSize=3789; downNet=0; upNet=0; conterError=; fifteen=0.05; five=0.03; one=0.03; uploadSize=1073741824; rank=a; backup_path=/www/backup; SetId=dfile; ChangePath=24; SetName=aliyuncs.tar.gz; Path=/www/wwwroot/www.mangtuyou.com/themes/index/index; PHPSESSID=nijs8408rinvqoc4f5487qiuo1',
  'accept-language' => 'zh-CN,zh;q=0.9',
  'accept-encoding' => 'gzip, deflate',
  'referer' => 'http://www.mangtuyou.com/admin/newscenic/edit/id/32.html',
  'accept' => '*/*',
  'user-agent' => 'Mozilla/5.0 (Windows NT 6.1; WOW64) AppleWebKit/537.36 (KHTML, like Gecko) Chrome/78.0.3904.108 Safari/537.36',
  'connection' => 'keep-alive',
  'host' => 'www.mangtuyou.com',
)
[ info ] [ PARAM ] array (
  '/api/ueditor/index' => '',
  'action' => 'config',
  'noCache' => '1578019401432',
)
[ info ] [ SESSION ] INIT array (
  'id' => '',
  'var_session_id' => '',
  'prefix' => 'think',
  'type' => '',
  'auto_start' => true,
)
[ info ] [ RUN ] app\api\controller\Ueditor->index[ /www/wwwroot/www.mangtuyou.com/application/api/controller/Ueditor.php ]
[ info ] [ LOG ] INIT File

---------------------------------------------------------------
[ 2020-01-03T10:47:58+08:00 ] 172.31.18.39 123.168.85.35 GET /index
[ log ] www.mangtuyou.com/index [运行时间：0.027881s][吞吐率：35.87req/s] [内存消耗：2,410.28kb] [文件加载：55]
[ info ] [ LANG ] /www/wwwroot/www.mangtuyou.com/thinkphp/lang/zh-cn.php
[ info ] [ ROUTE ] array (
  'type' => 'module',
  'module' => 
  array (
    0 => 'index',
    1 => NULL,
    2 => NULL,
  ),
)
[ info ] [ HEADER ] array (
  'x-requested-with' => 'com.tencent.mm',
  'accept-language' => 'zh-CN,en-US;q=0.9',
  'accept-encoding' => 'gzip, deflate',
  'accept' => 'text/html,application/xhtml+xml,application/xml;q=0.9,image/webp,image/wxpic,image/tpg,image/apng,*/*;q=0.8',
  'user-agent' => 'Mozilla/5.0 (Linux; Android 9; Redmi Note 7 Build/PKQ1.180904.001; wv) AppleWebKit/537.36 (KHTML, like Gecko) Version/4.0 Chrome/67.0.3396.87 XWEB/1051 MMWEBSDK/191201 Mobile Safari/537.36 MMWEBID/24 MicroMessenger/7.0.10.1580(0x27000A54) Process/tools NetType/WIFI Language/zh_CN ABI/arm64',
  'upgrade-insecure-requests' => '1',
  'connection' => 'keep-alive',
  'host' => 'www.mangtuyou.com',
)
[ info ] [ PARAM ] array (
  '/index' => '',
)
[ info ] [ DB ] INIT mysql
[ info ] [ RUN ] app\index\controller\Index->index[ /www/wwwroot/www.mangtuyou.com/application/index/controller/Index.php ]
[ info ] [ VIEW ] ./themes/index/index/index.html [ array (
  0 => 'markList',
) ]
[ info ] [ LOG ] INIT File
[ sql ] [ DB ] CONNECT:[ UseTime:0.000395s ] mysql:dbname=mangtoo;host=localhost;port=3306;charset=utf8
[ sql ] [ SQL ] SHOW COLUMNS FROM `os_newscenic` [ RunTime:0.000852s ]
[ sql ] [ SQL ] SELECT * FROM `os_newscenic` [ RunTime:0.000488s ]

---------------------------------------------------------------
[ 2020-01-03T10:50:14+08:00 ] 172.31.18.39 101.226.225.85 GET /index
[ log ] www.mangtuyou.com/index [运行时间：0.025026s][吞吐率：39.96req/s] [内存消耗：2,410.63kb] [文件加载：55]
[ info ] [ LANG ] /www/wwwroot/www.mangtuyou.com/thinkphp/lang/zh-cn.php
[ info ] [ ROUTE ] array (
  'type' => 'module',
  'module' => 
  array (
    0 => 'index',
    1 => NULL,
    2 => NULL,
  ),
)
[ info ] [ HEADER ] array (
  'x-forwarded-for-pound' => '123.168.85.35',
  'x-forwarded-for' => '123.168.85.35',
  'user-agent' => 'Mozilla/5.0 (Linux; Android 9; Redmi Note 7 Build/PKQ1.180904.001; wv) AppleWebKit/537.36 (KHTML, like Gecko) Version/4.0 Chrome/66.0.3359.126 MQQBrowser/6.2 TBS/45016 Mobile Safari/537.36 MMWEBID/5647 MicroMessenger/7.0.9.1560(0x27000935) Process/tools NetType/WIFI Language/zh_CN ABI/arm64',
  'upgrade-insecure-requests' => '1',
  'host' => 'www.mangtuyou.com',
  'connection' => 'close',
  'accept-language' => 'zh-CN,en-US;q=0.9',
  'accept-encoding' => 'gzip',
  'accept' => 'text/html,application/xhtml+xml,application/xml;q=0.9,image/webp,image/apng,image/wxpic,image/sharpp,image/apng,image/tpg,*/*;q=0.8',
)
[ info ] [ PARAM ] array (
  '/index' => '',
)
[ info ] [ DB ] INIT mysql
[ info ] [ RUN ] app\index\controller\Index->index[ /www/wwwroot/www.mangtuyou.com/application/index/controller/Index.php ]
[ info ] [ VIEW ] ./themes/index/index/index.html [ array (
  0 => 'markList',
) ]
[ info ] [ LOG ] INIT File
[ sql ] [ DB ] CONNECT:[ UseTime:0.000396s ] mysql:dbname=mangtoo;host=localhost;port=3306;charset=utf8
[ sql ] [ SQL ] SHOW COLUMNS FROM `os_newscenic` [ RunTime:0.000890s ]
[ sql ] [ SQL ] SELECT * FROM `os_newscenic` [ RunTime:0.000230s ]

---------------------------------------------------------------
[ 2020-01-03T10:50:17+08:00 ] 172.31.18.39 123.168.85.35 GET /favicon.ico
[ log ] www.mangtuyou.com/favicon.ico [运行时间：0.014038s][吞吐率：71.24req/s] [内存消耗：1,202.59kb] [文件加载：38]
[ info ] [ LANG ] /www/wwwroot/www.mangtuyou.com/thinkphp/lang/zh-cn.php
[ info ] [ ROUTE ] array (
  'type' => 'module',
  'module' => 
  array (
    0 => 'favicon.ico',
    1 => NULL,
    2 => NULL,
  ),
)
[ info ] [ HEADER ] array (
  'accept-language' => 'zh-CN,en-US;q=0.9',
  'accept-encoding' => 'gzip, deflate',
  'referer' => 'http://www.mangtuyou.com/index',
  'accept' => 'image/webp,image/wxpic,image/sharpp,image/apng,image/tpg,image/*,*/*;q=0.8',
  'user-agent' => 'Mozilla/5.0 (Linux; Android 9; Redmi Note 7 Build/PKQ1.180904.001; wv) AppleWebKit/537.36 (KHTML, like Gecko) Version/4.0 Chrome/66.0.3359.126 MQQBrowser/6.2 TBS/45016 Mobile Safari/537.36 MMWEBID/5647 MicroMessenger/7.0.9.1560(0x27000935) Process/tools NetType/WIFI Language/zh_CN ABI/arm64',
  'connection' => 'keep-alive',
  'host' => 'www.mangtuyou.com',
)
[ info ] [ PARAM ] array (
  '/favicon_ico' => '',
)
[ info ] [ LOG ] INIT File

---------------------------------------------------------------
[ 2020-01-03T10:51:39+08:00 ] 172.31.18.39 101.226.225.85 GET /index
[ log ] www.mangtuyou.com/index [运行时间：0.025925s][吞吐率：38.57req/s] [内存消耗：2,410.63kb] [文件加载：55]
[ info ] [ LANG ] /www/wwwroot/www.mangtuyou.com/thinkphp/lang/zh-cn.php
[ info ] [ ROUTE ] array (
  'type' => 'module',
  'module' => 
  array (
    0 => 'index',
    1 => NULL,
    2 => NULL,
  ),
)
[ info ] [ HEADER ] array (
  'x-forwarded-for-pound' => '123.168.85.35',
  'x-forwarded-for' => '123.168.85.35',
  'user-agent' => 'Mozilla/5.0 (Linux; Android 9; Redmi Note 7 Build/PKQ1.180904.001; wv) AppleWebKit/537.36 (KHTML, like Gecko) Version/4.0 Chrome/66.0.3359.126 MQQBrowser/6.2 TBS/45016 Mobile Safari/537.36 MMWEBID/5647 MicroMessenger/7.0.9.1560(0x27000935) Process/tools NetType/WIFI Language/zh_CN ABI/arm64',
  'upgrade-insecure-requests' => '1',
  'host' => 'www.mangtuyou.com',
  'connection' => 'close',
  'accept-language' => 'zh-CN,en-US;q=0.9',
  'accept-encoding' => 'gzip',
  'accept' => 'text/html,application/xhtml+xml,application/xml;q=0.9,image/webp,image/apng,image/wxpic,image/sharpp,image/apng,image/tpg,*/*;q=0.8',
)
[ info ] [ PARAM ] array (
  '/index' => '',
)
[ info ] [ DB ] INIT mysql
[ info ] [ RUN ] app\index\controller\Index->index[ /www/wwwroot/www.mangtuyou.com/application/index/controller/Index.php ]
[ info ] [ VIEW ] ./themes/index/index/index.html [ array (
  0 => 'markList',
) ]
[ info ] [ LOG ] INIT File
[ sql ] [ DB ] CONNECT:[ UseTime:0.000457s ] mysql:dbname=mangtoo;host=localhost;port=3306;charset=utf8
[ sql ] [ SQL ] SHOW COLUMNS FROM `os_newscenic` [ RunTime:0.000934s ]
[ sql ] [ SQL ] SELECT * FROM `os_newscenic` [ RunTime:0.000227s ]

---------------------------------------------------------------
[ 2020-01-03T10:51:40+08:00 ] 172.31.18.39 123.168.85.35 GET /favicon.ico
[ log ] www.mangtuyou.com/favicon.ico [运行时间：0.014505s][吞吐率：68.94req/s] [内存消耗：1,202.59kb] [文件加载：38]
[ info ] [ LANG ] /www/wwwroot/www.mangtuyou.com/thinkphp/lang/zh-cn.php
[ info ] [ ROUTE ] array (
  'type' => 'module',
  'module' => 
  array (
    0 => 'favicon.ico',
    1 => NULL,
    2 => NULL,
  ),
)
[ info ] [ HEADER ] array (
  'accept-language' => 'zh-CN,en-US;q=0.9',
  'accept-encoding' => 'gzip, deflate',
  'referer' => 'http://www.mangtuyou.com/index',
  'accept' => 'image/webp,image/wxpic,image/sharpp,image/apng,image/tpg,image/*,*/*;q=0.8',
  'user-agent' => 'Mozilla/5.0 (Linux; Android 9; Redmi Note 7 Build/PKQ1.180904.001; wv) AppleWebKit/537.36 (KHTML, like Gecko) Version/4.0 Chrome/66.0.3359.126 MQQBrowser/6.2 TBS/45016 Mobile Safari/537.36 MMWEBID/5647 MicroMessenger/7.0.9.1560(0x27000935) Process/tools NetType/WIFI Language/zh_CN ABI/arm64',
  'connection' => 'keep-alive',
  'host' => 'www.mangtuyou.com',
)
[ info ] [ PARAM ] array (
  '/favicon_ico' => '',
)
[ info ] [ LOG ] INIT File

---------------------------------------------------------------
[ 2020-01-03T10:57:18+08:00 ] 172.31.18.39 39.90.95.64 GET /admin
[ log ] www.mangtuyou.com/admin [运行时间：0.028169s][吞吐率：35.50req/s] [内存消耗：2,204.23kb] [文件加载：52]
[ info ] [ LANG ] /www/wwwroot/www.mangtuyou.com/thinkphp/lang/zh-cn.php
[ info ] [ ROUTE ] array (
  'type' => 'module',
  'module' => 
  array (
    0 => 'admin',
    1 => NULL,
    2 => NULL,
  ),
)
[ info ] [ HEADER ] array (
  'cookie' => 'serverType=apache; order=id%20desc; memRealUsed=758; mem-before=758/3789%20%28MB%29; memSize=3789; downNet=0; upNet=0; conterError=; fifteen=0.05; five=0.03; one=0.03; uploadSize=1073741824; rank=a; backup_path=/www/backup; SetId=dfile; ChangePath=24; SetName=aliyuncs.tar.gz; Path=/www/wwwroot/www.mangtuyou.com/themes/index/index; PHPSESSID=nijs8408rinvqoc4f5487qiuo1',
  'accept-language' => 'zh-CN,zh;q=0.9',
  'accept-encoding' => 'gzip, deflate',
  'accept' => 'text/html,application/xhtml+xml,application/xml;q=0.9,image/webp,image/apng,*/*;q=0.8,application/signed-exchange;v=b3',
  'user-agent' => 'Mozilla/5.0 (Windows NT 6.1; WOW64) AppleWebKit/537.36 (KHTML, like Gecko) Chrome/78.0.3904.108 Safari/537.36',
  'upgrade-insecure-requests' => '1',
  'connection' => 'keep-alive',
  'host' => 'www.mangtuyou.com',
)
[ info ] [ PARAM ] array (
  '/admin' => '',
)
[ info ] [ SESSION ] INIT array (
  'id' => '',
  'var_session_id' => '',
  'prefix' => 'think',
  'type' => '',
  'auto_start' => true,
)
[ info ] [ DB ] INIT mysql
[ info ] [ RUN ] app\admin\controller\Index->index[ /www/wwwroot/www.mangtuyou.com/application/admin/controller/Index.php ]
[ info ] [ VIEW ] ./themes/admin/index/index.html [ array (
  0 => 'menu',
  1 => 'controller',
  2 => 'config',
) ]
[ info ] [ LOG ] INIT File
[ sql ] [ DB ] CONNECT:[ UseTime:0.000413s ] mysql:dbname=mangtoo;host=localhost;port=3306;charset=utf8
[ sql ] [ SQL ] SHOW COLUMNS FROM `os_auth_rule` [ RunTime:0.001068s ]
[ sql ] [ SQL ] SELECT * FROM `os_auth_rule` WHERE  `status` = 1 ORDER BY `sort`  DESC,`id`  ASC [ RunTime:0.000388s ]
[ sql ] [ SQL ] SHOW COLUMNS FROM `os_auth_group_access` [ RunTime:0.000636s ]
[ sql ] [ SQL ] SELECT `AuthGroupAccess`.`uid`,`AuthGroupAccess`.`group_id`,`AuthGroup`.`title`,`AuthGroup`.`rules` FROM `os_auth_group_access` `AuthGroupAccess` LEFT JOIN `os_auth_group` `AuthGroup` ON `AuthGroupAccess`.`group_id`=`AuthGroup`.`id` WHERE  (  AuthGroupAccess.uid='1' and AuthGroup.status='1' ) [ RunTime:0.000286s ]
[ sql ] [ SQL ] SELECT `condition`,`name` FROM `os_auth_rule` WHERE  `id` IN (1,2,3,73,74,5,6,7,8,9,10,11,12,39,40,41,42,43,14,13,20,21,22,23,24,15,25,26,27,28,29,30,16,17,44,45,46,47,48,18,49,50,51,52,53,19,31,32,33,34,35,36,37,54,55,58,59,60,61,62,56,64,65,66,67,57,68,69,70,71,72,63)  AND `type` = 1 [ RunTime:0.000581s ]
[ sql ] [ SQL ] SELECT VERSION() AS ver [ RunTime:0.000197s ]

---------------------------------------------------------------
[ 2020-01-03T10:57:20+08:00 ] 172.31.18.39 39.90.95.64 GET /admin/newscenic/index.html
[ log ] www.mangtuyou.com/admin/newscenic/index.html [运行时间：0.034374s][吞吐率：29.09req/s] [内存消耗：2,549.88kb] [文件加载：58]
[ info ] [ LANG ] /www/wwwroot/www.mangtuyou.com/thinkphp/lang/zh-cn.php
[ info ] [ ROUTE ] array (
  'type' => 'module',
  'module' => 
  array (
    0 => 'admin',
    1 => 'newscenic',
    2 => 'index',
  ),
)
[ info ] [ HEADER ] array (
  'cookie' => 'thinkphp_show_page_trace=0|0; serverType=apache; order=id%20desc; memRealUsed=758; mem-before=758/3789%20%28MB%29; memSize=3789; downNet=0; upNet=0; conterError=; fifteen=0.05; five=0.03; one=0.03; uploadSize=1073741824; rank=a; backup_path=/www/backup; SetId=dfile; ChangePath=24; SetName=aliyuncs.tar.gz; Path=/www/wwwroot/www.mangtuyou.com/themes/index/index; PHPSESSID=nijs8408rinvqoc4f5487qiuo1; thinkphp_show_page_trace=0|0',
  'accept-language' => 'zh-CN,zh;q=0.9',
  'accept-encoding' => 'gzip, deflate',
  'referer' => 'http://www.mangtuyou.com/admin',
  'accept' => 'text/html,application/xhtml+xml,application/xml;q=0.9,image/webp,image/apng,*/*;q=0.8,application/signed-exchange;v=b3',
  'user-agent' => 'Mozilla/5.0 (Windows NT 6.1; WOW64) AppleWebKit/537.36 (KHTML, like Gecko) Chrome/78.0.3904.108 Safari/537.36',
  'upgrade-insecure-requests' => '1',
  'connection' => 'keep-alive',
  'host' => 'www.mangtuyou.com',
)
[ info ] [ PARAM ] array (
  '/admin/newscenic/index_html' => '',
)
[ info ] [ SESSION ] INIT array (
  'id' => '',
  'var_session_id' => '',
  'prefix' => 'think',
  'type' => '',
  'auto_start' => true,
)
[ info ] [ DB ] INIT mysql
[ info ] [ RUN ] app\admin\controller\Newscenic->index[ /www/wwwroot/www.mangtuyou.com/application/admin/controller/Newscenic.php ]
[ info ] [ VIEW ] ./themes/admin/newscenic/index.html [ array (
  0 => 'menu',
  1 => 'controller',
  2 => 'keyword',
  3 => 'data',
) ]
[ info ] [ LOG ] INIT File
[ sql ] [ DB ] CONNECT:[ UseTime:0.000452s ] mysql:dbname=mangtoo;host=localhost;port=3306;charset=utf8
[ sql ] [ SQL ] SHOW COLUMNS FROM `os_auth_group_access` [ RunTime:0.000817s ]
[ sql ] [ SQL ] SELECT `AuthGroupAccess`.`uid`,`AuthGroupAccess`.`group_id`,`AuthGroup`.`title`,`AuthGroup`.`rules` FROM `os_auth_group_access` `AuthGroupAccess` LEFT JOIN `os_auth_group` `AuthGroup` ON `AuthGroupAccess`.`group_id`=`AuthGroup`.`id` WHERE  (  AuthGroupAccess.uid='1' and AuthGroup.status='1' ) [ RunTime:0.000350s ]
[ sql ] [ SQL ] SHOW COLUMNS FROM `os_auth_rule` [ RunTime:0.000606s ]
[ sql ] [ SQL ] SELECT `condition`,`name` FROM `os_auth_rule` WHERE  `id` IN (1,2,3,73,74,5,6,7,8,9,10,11,12,39,40,41,42,43,14,13,20,21,22,23,24,15,25,26,27,28,29,30,16,17,44,45,46,47,48,18,49,50,51,52,53,19,31,32,33,34,35,36,37,54,55,58,59,60,61,62,56,64,65,66,67,57,68,69,70,71,72,63)  AND `type` = 1 [ RunTime:0.000397s ]
[ sql ] [ SQL ] SELECT * FROM `os_auth_rule` WHERE  `status` = 1 ORDER BY `sort`  DESC,`id`  ASC [ RunTime:0.000275s ]
[ sql ] [ SQL ] SHOW COLUMNS FROM `os_newscenic` [ RunTime:0.000966s ]
[ sql ] [ SQL ] SELECT COUNT(*) AS tp_count FROM `os_newscenic` `s` INNER JOIN `os_example` `c` ON `s`.`classid`=`c`.`id` LIMIT 1 [ RunTime:0.000619s ]
[ sql ] [ SQL ] SELECT c.name as cname,`s`.`name_cn`,`s`.`name_kr`,`s`.`id`,`s`.`img`,`s`.`city`,`s`.`content_cn`,`s`.`content_kr`,`s`.`Hits` FROM `os_newscenic` `s` INNER JOIN `os_example` `c` ON `s`.`classid`=`c`.`id` ORDER BY `id`  desc LIMIT 0,15 [ RunTime:0.000683s ]

---------------------------------------------------------------
[ 2020-01-03T10:57:23+08:00 ] 172.31.18.39 39.90.95.64 GET /admin/newscenic/add.html
[ log ] www.mangtuyou.com/admin/newscenic/add.html [运行时间：0.030187s][吞吐率：33.13req/s] [内存消耗：2,471.17kb] [文件加载：54]
[ info ] [ LANG ] /www/wwwroot/www.mangtuyou.com/thinkphp/lang/zh-cn.php
[ info ] [ ROUTE ] array (
  'type' => 'module',
  'module' => 
  array (
    0 => 'admin',
    1 => 'newscenic',
    2 => 'add',
  ),
)
[ info ] [ HEADER ] array (
  'cookie' => 'thinkphp_show_page_trace=0|0; serverType=apache; order=id%20desc; memRealUsed=758; mem-before=758/3789%20%28MB%29; memSize=3789; downNet=0; upNet=0; conterError=; fifteen=0.05; five=0.03; one=0.03; uploadSize=1073741824; rank=a; backup_path=/www/backup; SetId=dfile; ChangePath=24; SetName=aliyuncs.tar.gz; Path=/www/wwwroot/www.mangtuyou.com/themes/index/index; PHPSESSID=nijs8408rinvqoc4f5487qiuo1; thinkphp_show_page_trace=0|0',
  'accept-language' => 'zh-CN,zh;q=0.9',
  'accept-encoding' => 'gzip, deflate',
  'referer' => 'http://www.mangtuyou.com/admin/newscenic/index.html',
  'accept' => 'text/html,application/xhtml+xml,application/xml;q=0.9,image/webp,image/apng,*/*;q=0.8,application/signed-exchange;v=b3',
  'user-agent' => 'Mozilla/5.0 (Windows NT 6.1; WOW64) AppleWebKit/537.36 (KHTML, like Gecko) Chrome/78.0.3904.108 Safari/537.36',
  'upgrade-insecure-requests' => '1',
  'connection' => 'keep-alive',
  'host' => 'www.mangtuyou.com',
)
[ info ] [ PARAM ] array (
  '/admin/newscenic/add_html' => '',
)
[ info ] [ SESSION ] INIT array (
  'id' => '',
  'var_session_id' => '',
  'prefix' => 'think',
  'type' => '',
  'auto_start' => true,
)
[ info ] [ DB ] INIT mysql
[ info ] [ RUN ] app\admin\controller\Newscenic->add[ /www/wwwroot/www.mangtuyou.com/application/admin/controller/Newscenic.php ]
[ info ] [ VIEW ] ./themes/admin/newscenic/add.html [ array (
  0 => 'menu',
  1 => 'controller',
) ]
[ info ] [ LOG ] INIT File
[ sql ] [ DB ] CONNECT:[ UseTime:0.000499s ] mysql:dbname=mangtoo;host=localhost;port=3306;charset=utf8
[ sql ] [ SQL ] SHOW COLUMNS FROM `os_auth_group_access` [ RunTime:0.000828s ]
[ sql ] [ SQL ] SELECT `AuthGroupAccess`.`uid`,`AuthGroupAccess`.`group_id`,`AuthGroup`.`title`,`AuthGroup`.`rules` FROM `os_auth_group_access` `AuthGroupAccess` LEFT JOIN `os_auth_group` `AuthGroup` ON `AuthGroupAccess`.`group_id`=`AuthGroup`.`id` WHERE  (  AuthGroupAccess.uid='1' and AuthGroup.status='1' ) [ RunTime:0.000302s ]
[ sql ] [ SQL ] SHOW COLUMNS FROM `os_auth_rule` [ RunTime:0.000874s ]
[ sql ] [ SQL ] SELECT `condition`,`name` FROM `os_auth_rule` WHERE  `id` IN (1,2,3,73,74,5,6,7,8,9,10,11,12,39,40,41,42,43,14,13,20,21,22,23,24,15,25,26,27,28,29,30,16,17,44,45,46,47,48,18,49,50,51,52,53,19,31,32,33,34,35,36,37,54,55,58,59,60,61,62,56,64,65,66,67,57,68,69,70,71,72,63)  AND `type` = 1 [ RunTime:0.000463s ]
[ sql ] [ SQL ] SELECT * FROM `os_auth_rule` WHERE  `status` = 1 ORDER BY `sort`  DESC,`id`  ASC [ RunTime:0.000227s ]

---------------------------------------------------------------
[ 2020-01-03T10:57:23+08:00 ] 172.31.18.39 39.90.95.64 GET /api/ueditor/index?action=config&&noCache=1578020252413
[ log ] www.mangtuyou.com/api/ueditor/index?action=config&&noCache=1578020252413 [运行时间：0.014317s][吞吐率：69.85req/s] [内存消耗：1,379.52kb] [文件加载：41]
[ info ] [ LANG ] /www/wwwroot/www.mangtuyou.com/thinkphp/lang/zh-cn.php
[ info ] [ ROUTE ] array (
  'type' => 'module',
  'module' => 
  array (
    0 => 'api',
    1 => 'ueditor',
    2 => 'index',
  ),
)
[ info ] [ HEADER ] array (
  'cookie' => 'serverType=apache; order=id%20desc; memRealUsed=758; mem-before=758/3789%20%28MB%29; memSize=3789; downNet=0; upNet=0; conterError=; fifteen=0.05; five=0.03; one=0.03; uploadSize=1073741824; rank=a; backup_path=/www/backup; SetId=dfile; ChangePath=24; SetName=aliyuncs.tar.gz; Path=/www/wwwroot/www.mangtuyou.com/themes/index/index; PHPSESSID=nijs8408rinvqoc4f5487qiuo1; thinkphp_show_page_trace=0|0',
  'accept-language' => 'zh-CN,zh;q=0.9',
  'accept-encoding' => 'gzip, deflate',
  'referer' => 'http://www.mangtuyou.com/admin/newscenic/add.html',
  'accept' => '*/*',
  'user-agent' => 'Mozilla/5.0 (Windows NT 6.1; WOW64) AppleWebKit/537.36 (KHTML, like Gecko) Chrome/78.0.3904.108 Safari/537.36',
  'connection' => 'keep-alive',
  'host' => 'www.mangtuyou.com',
)
[ info ] [ PARAM ] array (
  '/api/ueditor/index' => '',
  'action' => 'config',
  'noCache' => '1578020252413',
)
[ info ] [ SESSION ] INIT array (
  'id' => '',
  'var_session_id' => '',
  'prefix' => 'think',
  'type' => '',
  'auto_start' => true,
)
[ info ] [ RUN ] app\api\controller\Ueditor->index[ /www/wwwroot/www.mangtuyou.com/application/api/controller/Ueditor.php ]
[ info ] [ LOG ] INIT File

---------------------------------------------------------------
[ 2020-01-03T10:57:23+08:00 ] 172.31.18.39 39.90.95.64 GET /api/ueditor/index?action=config&&noCache=1578020252414
[ log ] www.mangtuyou.com/api/ueditor/index?action=config&&noCache=1578020252414 [运行时间：0.015667s][吞吐率：63.83req/s] [内存消耗：1,379.52kb] [文件加载：41]
[ info ] [ LANG ] /www/wwwroot/www.mangtuyou.com/thinkphp/lang/zh-cn.php
[ info ] [ ROUTE ] array (
  'type' => 'module',
  'module' => 
  array (
    0 => 'api',
    1 => 'ueditor',
    2 => 'index',
  ),
)
[ info ] [ HEADER ] array (
  'cookie' => 'serverType=apache; order=id%20desc; memRealUsed=758; mem-before=758/3789%20%28MB%29; memSize=3789; downNet=0; upNet=0; conterError=; fifteen=0.05; five=0.03; one=0.03; uploadSize=1073741824; rank=a; backup_path=/www/backup; SetId=dfile; ChangePath=24; SetName=aliyuncs.tar.gz; Path=/www/wwwroot/www.mangtuyou.com/themes/index/index; PHPSESSID=nijs8408rinvqoc4f5487qiuo1; thinkphp_show_page_trace=0|0',
  'accept-language' => 'zh-CN,zh;q=0.9',
  'accept-encoding' => 'gzip, deflate',
  'referer' => 'http://www.mangtuyou.com/admin/newscenic/add.html',
  'accept' => '*/*',
  'user-agent' => 'Mozilla/5.0 (Windows NT 6.1; WOW64) AppleWebKit/537.36 (KHTML, like Gecko) Chrome/78.0.3904.108 Safari/537.36',
  'connection' => 'keep-alive',
  'host' => 'www.mangtuyou.com',
)
[ info ] [ PARAM ] array (
  '/api/ueditor/index' => '',
  'action' => 'config',
  'noCache' => '1578020252414',
)
[ info ] [ SESSION ] INIT array (
  'id' => '',
  'var_session_id' => '',
  'prefix' => 'think',
  'type' => '',
  'auto_start' => true,
)
[ info ] [ RUN ] app\api\controller\Ueditor->index[ /www/wwwroot/www.mangtuyou.com/application/api/controller/Ueditor.php ]
[ info ] [ LOG ] INIT File

---------------------------------------------------------------
[ 2020-01-03T10:57:23+08:00 ] 172.31.18.39 39.90.95.64 GET /api/ueditor/index?action=config&&noCache=1578020252413
[ log ] www.mangtuyou.com/api/ueditor/index?action=config&&noCache=1578020252413 [运行时间：0.013734s][吞吐率：72.81req/s] [内存消耗：1,379.52kb] [文件加载：41]
[ info ] [ LANG ] /www/wwwroot/www.mangtuyou.com/thinkphp/lang/zh-cn.php
[ info ] [ ROUTE ] array (
  'type' => 'module',
  'module' => 
  array (
    0 => 'api',
    1 => 'ueditor',
    2 => 'index',
  ),
)
[ info ] [ HEADER ] array (
  'cookie' => 'serverType=apache; order=id%20desc; memRealUsed=758; mem-before=758/3789%20%28MB%29; memSize=3789; downNet=0; upNet=0; conterError=; fifteen=0.05; five=0.03; one=0.03; uploadSize=1073741824; rank=a; backup_path=/www/backup; SetId=dfile; ChangePath=24; SetName=aliyuncs.tar.gz; Path=/www/wwwroot/www.mangtuyou.com/themes/index/index; PHPSESSID=nijs8408rinvqoc4f5487qiuo1; thinkphp_show_page_trace=0|0',
  'accept-language' => 'zh-CN,zh;q=0.9',
  'accept-encoding' => 'gzip, deflate',
  'referer' => 'http://www.mangtuyou.com/admin/newscenic/add.html',
  'accept' => '*/*',
  'user-agent' => 'Mozilla/5.0 (Windows NT 6.1; WOW64) AppleWebKit/537.36 (KHTML, like Gecko) Chrome/78.0.3904.108 Safari/537.36',
  'connection' => 'keep-alive',
  'host' => 'www.mangtuyou.com',
)
[ info ] [ PARAM ] array (
  '/api/ueditor/index' => '',
  'action' => 'config',
  'noCache' => '1578020252413',
)
[ info ] [ SESSION ] INIT array (
  'id' => '',
  'var_session_id' => '',
  'prefix' => 'think',
  'type' => '',
  'auto_start' => true,
)
[ info ] [ RUN ] app\api\controller\Ueditor->index[ /www/wwwroot/www.mangtuyou.com/application/api/controller/Ueditor.php ]
[ info ] [ LOG ] INIT File

---------------------------------------------------------------
[ 2020-01-03T11:01:39+08:00 ] 172.31.18.39 123.168.85.35 GET /index
[ log ] www.mangtuyou.com/index [运行时间：0.031879s][吞吐率：31.37req/s] [内存消耗：2,410.28kb] [文件加载：55]
[ info ] [ LANG ] /www/wwwroot/www.mangtuyou.com/thinkphp/lang/zh-cn.php
[ info ] [ ROUTE ] array (
  'type' => 'module',
  'module' => 
  array (
    0 => 'index',
    1 => NULL,
    2 => NULL,
  ),
)
[ info ] [ HEADER ] array (
  'x-requested-with' => 'com.tencent.mm',
  'accept-language' => 'zh-CN,en-US;q=0.9',
  'accept-encoding' => 'gzip, deflate',
  'accept' => 'text/html,application/xhtml+xml,application/xml;q=0.9,image/webp,image/wxpic,image/tpg,image/apng,*/*;q=0.8',
  'user-agent' => 'Mozilla/5.0 (Linux; Android 9; Redmi Note 7 Build/PKQ1.180904.001; wv) AppleWebKit/537.36 (KHTML, like Gecko) Version/4.0 Chrome/67.0.3396.87 XWEB/1051 MMWEBSDK/191201 Mobile Safari/537.36 MMWEBID/24 MicroMessenger/7.0.10.1580(0x27000A54) Process/tools NetType/WIFI Language/zh_CN ABI/arm64',
  'upgrade-insecure-requests' => '1',
  'connection' => 'keep-alive',
  'host' => 'www.mangtuyou.com',
)
[ info ] [ PARAM ] array (
  '/index' => '',
)
[ info ] [ DB ] INIT mysql
[ info ] [ RUN ] app\index\controller\Index->index[ /www/wwwroot/www.mangtuyou.com/application/index/controller/Index.php ]
[ info ] [ VIEW ] ./themes/index/index/index.html [ array (
  0 => 'markList',
) ]
[ info ] [ LOG ] INIT File
[ sql ] [ DB ] CONNECT:[ UseTime:0.000484s ] mysql:dbname=mangtoo;host=localhost;port=3306;charset=utf8
[ sql ] [ SQL ] SHOW COLUMNS FROM `os_newscenic` [ RunTime:0.000948s ]
[ sql ] [ SQL ] SELECT * FROM `os_newscenic` [ RunTime:0.000549s ]

---------------------------------------------------------------
[ 2020-01-03T11:01:51+08:00 ] 172.31.18.39 153.118.247.170 GET /index
[ log ] www.mangtuyou.com/index [运行时间：0.026010s][吞吐率：38.45req/s] [内存消耗：2,410.28kb] [文件加载：55]
[ info ] [ LANG ] /www/wwwroot/www.mangtuyou.com/thinkphp/lang/zh-cn.php
[ info ] [ ROUTE ] array (
  'type' => 'module',
  'module' => 
  array (
    0 => 'index',
    1 => NULL,
    2 => NULL,
  ),
)
[ info ] [ HEADER ] array (
  'x-requested-with' => 'com.tencent.mm',
  'accept-language' => 'zh-CN,en-US;q=0.9',
  'accept-encoding' => 'gzip, deflate',
  'accept' => 'text/html,application/xhtml+xml,application/xml;q=0.9,image/webp,image/wxpic,image/tpg,image/apng,*/*;q=0.8',
  'user-agent' => 'Mozilla/5.0 (Linux; Android 9; Redmi Note 7 Build/PKQ1.180904.001; wv) AppleWebKit/537.36 (KHTML, like Gecko) Version/4.0 Chrome/67.0.3396.87 XWEB/1051 MMWEBSDK/191201 Mobile Safari/537.36 MMWEBID/24 MicroMessenger/7.0.10.1580(0x27000A54) Process/tools NetType/WIFI Language/zh_CN ABI/arm64',
  'upgrade-insecure-requests' => '1',
  'connection' => 'keep-alive',
  'host' => 'www.mangtuyou.com',
)
[ info ] [ PARAM ] array (
  '/index' => '',
)
[ info ] [ DB ] INIT mysql
[ info ] [ RUN ] app\index\controller\Index->index[ /www/wwwroot/www.mangtuyou.com/application/index/controller/Index.php ]
[ info ] [ VIEW ] ./themes/index/index/index.html [ array (
  0 => 'markList',
) ]
[ info ] [ LOG ] INIT File
[ sql ] [ DB ] CONNECT:[ UseTime:0.000398s ] mysql:dbname=mangtoo;host=localhost;port=3306;charset=utf8
[ sql ] [ SQL ] SHOW COLUMNS FROM `os_newscenic` [ RunTime:0.000906s ]
[ sql ] [ SQL ] SELECT * FROM `os_newscenic` [ RunTime:0.000357s ]

---------------------------------------------------------------
[ 2020-01-03T11:08:31+08:00 ] 172.31.18.39 39.90.95.64 GET /admin
[ log ] www.mangtuyou.com/admin [运行时间：0.035076s][吞吐率：28.51req/s] [内存消耗：2,204.36kb] [文件加载：52]
[ info ] [ LANG ] /www/wwwroot/www.mangtuyou.com/thinkphp/lang/zh-cn.php
[ info ] [ ROUTE ] array (
  'type' => 'module',
  'module' => 
  array (
    0 => 'admin',
    1 => NULL,
    2 => NULL,
  ),
)
[ info ] [ HEADER ] array (
  'cookie' => 'serverType=apache; order=id%20desc; memRealUsed=758; mem-before=758/3789%20%28MB%29; memSize=3789; downNet=0; upNet=0; conterError=; fifteen=0.05; five=0.03; one=0.03; uploadSize=1073741824; rank=a; backup_path=/www/backup; SetId=dfile; ChangePath=24; SetName=aliyuncs.tar.gz; Path=/www/wwwroot/www.mangtuyou.com/themes/index/index; PHPSESSID=nijs8408rinvqoc4f5487qiuo1; thinkphp_show_page_trace=0|0',
  'accept-language' => 'zh-CN,zh;q=0.9',
  'accept-encoding' => 'gzip, deflate',
  'accept' => 'text/html,application/xhtml+xml,application/xml;q=0.9,image/webp,image/apng,*/*;q=0.8,application/signed-exchange;v=b3',
  'user-agent' => 'Mozilla/5.0 (Windows NT 6.1; WOW64) AppleWebKit/537.36 (KHTML, like Gecko) Chrome/78.0.3904.108 Safari/537.36',
  'upgrade-insecure-requests' => '1',
  'connection' => 'keep-alive',
  'host' => 'www.mangtuyou.com',
)
[ info ] [ PARAM ] array (
  '/admin' => '',
)
[ info ] [ SESSION ] INIT array (
  'id' => '',
  'var_session_id' => '',
  'prefix' => 'think',
  'type' => '',
  'auto_start' => true,
)
[ info ] [ DB ] INIT mysql
[ info ] [ RUN ] app\admin\controller\Index->index[ /www/wwwroot/www.mangtuyou.com/application/admin/controller/Index.php ]
[ info ] [ VIEW ] ./themes/admin/index/index.html [ array (
  0 => 'menu',
  1 => 'controller',
  2 => 'config',
) ]
[ info ] [ LOG ] INIT File
[ sql ] [ DB ] CONNECT:[ UseTime:0.000467s ] mysql:dbname=mangtoo;host=localhost;port=3306;charset=utf8
[ sql ] [ SQL ] SHOW COLUMNS FROM `os_auth_rule` [ RunTime:0.001229s ]
[ sql ] [ SQL ] SELECT * FROM `os_auth_rule` WHERE  `status` = 1 ORDER BY `sort`  DESC,`id`  ASC [ RunTime:0.000433s ]
[ sql ] [ SQL ] SHOW COLUMNS FROM `os_auth_group_access` [ RunTime:0.000940s ]
[ sql ] [ SQL ] SELECT `AuthGroupAccess`.`uid`,`AuthGroupAccess`.`group_id`,`AuthGroup`.`title`,`AuthGroup`.`rules` FROM `os_auth_group_access` `AuthGroupAccess` LEFT JOIN `os_auth_group` `AuthGroup` ON `AuthGroupAccess`.`group_id`=`AuthGroup`.`id` WHERE  (  AuthGroupAccess.uid='1' and AuthGroup.status='1' ) [ RunTime:0.000433s ]
[ sql ] [ SQL ] SELECT `condition`,`name` FROM `os_auth_rule` WHERE  `id` IN (1,2,3,73,74,5,6,7,8,9,10,11,12,39,40,41,42,43,14,13,20,21,22,23,24,15,25,26,27,28,29,30,16,17,44,45,46,47,48,18,49,50,51,52,53,19,31,32,33,34,35,36,37,54,55,58,59,60,61,62,56,64,65,66,67,57,68,69,70,71,72,63)  AND `type` = 1 [ RunTime:0.000590s ]
[ sql ] [ SQL ] SELECT VERSION() AS ver [ RunTime:0.000182s ]

---------------------------------------------------------------
[ 2020-01-03T11:08:33+08:00 ] 172.31.18.39 39.90.95.64 GET /admin/spot/add.html
[ log ] www.mangtuyou.com/admin/spot/add.html [运行时间：0.031077s][吞吐率：32.18req/s] [内存消耗：2,459.95kb] [文件加载：54]
[ info ] [ LANG ] /www/wwwroot/www.mangtuyou.com/thinkphp/lang/zh-cn.php
[ info ] [ ROUTE ] array (
  'type' => 'module',
  'module' => 
  array (
    0 => 'admin',
    1 => 'spot',
    2 => 'add',
  ),
)
[ info ] [ HEADER ] array (
  'cookie' => 'thinkphp_show_page_trace=0|0; serverType=apache; order=id%20desc; memRealUsed=758; mem-before=758/3789%20%28MB%29; memSize=3789; downNet=0; upNet=0; conterError=; fifteen=0.05; five=0.03; one=0.03; uploadSize=1073741824; rank=a; backup_path=/www/backup; SetId=dfile; ChangePath=24; SetName=aliyuncs.tar.gz; Path=/www/wwwroot/www.mangtuyou.com/themes/index/index; PHPSESSID=nijs8408rinvqoc4f5487qiuo1; thinkphp_show_page_trace=0|0',
  'accept-language' => 'zh-CN,zh;q=0.9',
  'accept-encoding' => 'gzip, deflate',
  'referer' => 'http://www.mangtuyou.com/admin',
  'accept' => 'text/html,application/xhtml+xml,application/xml;q=0.9,image/webp,image/apng,*/*;q=0.8,application/signed-exchange;v=b3',
  'user-agent' => 'Mozilla/5.0 (Windows NT 6.1; WOW64) AppleWebKit/537.36 (KHTML, like Gecko) Chrome/78.0.3904.108 Safari/537.36',
  'upgrade-insecure-requests' => '1',
  'connection' => 'keep-alive',
  'host' => 'www.mangtuyou.com',
)
[ info ] [ PARAM ] array (
  '/admin/spot/add_html' => '',
)
[ info ] [ SESSION ] INIT array (
  'id' => '',
  'var_session_id' => '',
  'prefix' => 'think',
  'type' => '',
  'auto_start' => true,
)
[ info ] [ DB ] INIT mysql
[ info ] [ RUN ] app\admin\controller\Spot->add[ /www/wwwroot/www.mangtuyou.com/application/admin/controller/Spot.php ]
[ info ] [ VIEW ] ./themes/admin/spot/add.html [ array (
  0 => 'menu',
  1 => 'controller',
  2 => 'example',
) ]
[ info ] [ LOG ] INIT File
[ sql ] [ DB ] CONNECT:[ UseTime:0.000336s ] mysql:dbname=mangtoo;host=localhost;port=3306;charset=utf8
[ sql ] [ SQL ] SHOW COLUMNS FROM `os_auth_group_access` [ RunTime:0.000914s ]
[ sql ] [ SQL ] SELECT `AuthGroupAccess`.`uid`,`AuthGroupAccess`.`group_id`,`AuthGroup`.`title`,`AuthGroup`.`rules` FROM `os_auth_group_access` `AuthGroupAccess` LEFT JOIN `os_auth_group` `AuthGroup` ON `AuthGroupAccess`.`group_id`=`AuthGroup`.`id` WHERE  (  AuthGroupAccess.uid='1' and AuthGroup.status='1' ) [ RunTime:0.000263s ]
[ sql ] [ SQL ] SHOW COLUMNS FROM `os_auth_rule` [ RunTime:0.000768s ]
[ sql ] [ SQL ] SELECT `condition`,`name` FROM `os_auth_rule` WHERE  `id` IN (1,2,3,73,74,5,6,7,8,9,10,11,12,39,40,41,42,43,14,13,20,21,22,23,24,15,25,26,27,28,29,30,16,17,44,45,46,47,48,18,49,50,51,52,53,19,31,32,33,34,35,36,37,54,55,58,59,60,61,62,56,64,65,66,67,57,68,69,70,71,72,63)  AND `type` = 1 [ RunTime:0.000472s ]
[ sql ] [ SQL ] SELECT * FROM `os_auth_rule` WHERE  `status` = 1 ORDER BY `sort`  DESC,`id`  ASC [ RunTime:0.000225s ]
[ sql ] [ SQL ] SHOW COLUMNS FROM `os_example` [ RunTime:0.000784s ]
[ sql ] [ SQL ] SELECT * FROM `os_example` [ RunTime:0.000220s ]

---------------------------------------------------------------
[ 2020-01-03T11:08:33+08:00 ] 172.31.18.39 39.90.95.64 GET /api/ueditor/index?action=config&&noCache=1578020921904
[ log ] www.mangtuyou.com/api/ueditor/index?action=config&&noCache=1578020921904 [运行时间：0.015000s][吞吐率：66.67req/s] [内存消耗：1,379.52kb] [文件加载：41]
[ info ] [ LANG ] /www/wwwroot/www.mangtuyou.com/thinkphp/lang/zh-cn.php
[ info ] [ ROUTE ] array (
  'type' => 'module',
  'module' => 
  array (
    0 => 'api',
    1 => 'ueditor',
    2 => 'index',
  ),
)
[ info ] [ HEADER ] array (
  'cookie' => 'serverType=apache; order=id%20desc; memRealUsed=758; mem-before=758/3789%20%28MB%29; memSize=3789; downNet=0; upNet=0; conterError=; fifteen=0.05; five=0.03; one=0.03; uploadSize=1073741824; rank=a; backup_path=/www/backup; SetId=dfile; ChangePath=24; SetName=aliyuncs.tar.gz; Path=/www/wwwroot/www.mangtuyou.com/themes/index/index; PHPSESSID=nijs8408rinvqoc4f5487qiuo1; thinkphp_show_page_trace=0|0',
  'accept-language' => 'zh-CN,zh;q=0.9',
  'accept-encoding' => 'gzip, deflate',
  'referer' => 'http://www.mangtuyou.com/admin/spot/add.html',
  'accept' => '*/*',
  'user-agent' => 'Mozilla/5.0 (Windows NT 6.1; WOW64) AppleWebKit/537.36 (KHTML, like Gecko) Chrome/78.0.3904.108 Safari/537.36',
  'connection' => 'keep-alive',
  'host' => 'www.mangtuyou.com',
)
[ info ] [ PARAM ] array (
  '/api/ueditor/index' => '',
  'action' => 'config',
  'noCache' => '1578020921904',
)
[ info ] [ SESSION ] INIT array (
  'id' => '',
  'var_session_id' => '',
  'prefix' => 'think',
  'type' => '',
  'auto_start' => true,
)
[ info ] [ RUN ] app\api\controller\Ueditor->index[ /www/wwwroot/www.mangtuyou.com/application/api/controller/Ueditor.php ]
[ info ] [ LOG ] INIT File

---------------------------------------------------------------
[ 2020-01-03T11:08:33+08:00 ] 172.31.18.39 39.90.95.64 GET /api/ueditor/index?action=config&&noCache=1578020921905
[ log ] www.mangtuyou.com/api/ueditor/index?action=config&&noCache=1578020921905 [运行时间：0.012423s][吞吐率：80.50req/s] [内存消耗：1,379.52kb] [文件加载：41]
[ info ] [ LANG ] /www/wwwroot/www.mangtuyou.com/thinkphp/lang/zh-cn.php
[ info ] [ ROUTE ] array (
  'type' => 'module',
  'module' => 
  array (
    0 => 'api',
    1 => 'ueditor',
    2 => 'index',
  ),
)
[ info ] [ HEADER ] array (
  'cookie' => 'serverType=apache; order=id%20desc; memRealUsed=758; mem-before=758/3789%20%28MB%29; memSize=3789; downNet=0; upNet=0; conterError=; fifteen=0.05; five=0.03; one=0.03; uploadSize=1073741824; rank=a; backup_path=/www/backup; SetId=dfile; ChangePath=24; SetName=aliyuncs.tar.gz; Path=/www/wwwroot/www.mangtuyou.com/themes/index/index; PHPSESSID=nijs8408rinvqoc4f5487qiuo1; thinkphp_show_page_trace=0|0',
  'accept-language' => 'zh-CN,zh;q=0.9',
  'accept-encoding' => 'gzip, deflate',
  'referer' => 'http://www.mangtuyou.com/admin/spot/add.html',
  'accept' => '*/*',
  'user-agent' => 'Mozilla/5.0 (Windows NT 6.1; WOW64) AppleWebKit/537.36 (KHTML, like Gecko) Chrome/78.0.3904.108 Safari/537.36',
  'connection' => 'keep-alive',
  'host' => 'www.mangtuyou.com',
)
[ info ] [ PARAM ] array (
  '/api/ueditor/index' => '',
  'action' => 'config',
  'noCache' => '1578020921905',
)
[ info ] [ SESSION ] INIT array (
  'id' => '',
  'var_session_id' => '',
  'prefix' => 'think',
  'type' => '',
  'auto_start' => true,
)
[ info ] [ RUN ] app\api\controller\Ueditor->index[ /www/wwwroot/www.mangtuyou.com/application/api/controller/Ueditor.php ]
[ info ] [ LOG ] INIT File

---------------------------------------------------------------
[ 2020-01-03T15:12:04+08:00 ] 172.31.18.39 113.127.87.29 GET /index
[ log ] www.mangtuyou.com/index [运行时间：0.025910s][吞吐率：38.60req/s] [内存消耗：2,410.28kb] [文件加载：55]
[ info ] [ LANG ] /www/wwwroot/www.mangtuyou.com/thinkphp/lang/zh-cn.php
[ info ] [ ROUTE ] array (
  'type' => 'module',
  'module' => 
  array (
    0 => 'index',
    1 => NULL,
    2 => NULL,
  ),
)
[ info ] [ HEADER ] array (
  'x-requested-with' => 'com.tencent.mm',
  'accept-language' => 'zh-CN,en-US;q=0.9',
  'accept-encoding' => 'gzip, deflate',
  'accept' => 'text/html,application/xhtml+xml,application/xml;q=0.9,image/webp,image/wxpic,image/tpg,image/apng,*/*;q=0.8',
  'user-agent' => 'Mozilla/5.0 (Linux; Android 9; Redmi Note 7 Build/PKQ1.180904.001; wv) AppleWebKit/537.36 (KHTML, like Gecko) Version/4.0 Chrome/67.0.3396.87 XWEB/1163 MMWEBSDK/191201 Mobile Safari/537.36 MMWEBID/24 MicroMessenger/7.0.10.1580(0x27000A54) Process/tools NetType/4G Language/zh_CN ABI/arm64',
  'upgrade-insecure-requests' => '1',
  'connection' => 'keep-alive',
  'host' => 'www.mangtuyou.com',
)
[ info ] [ PARAM ] array (
  '/index' => '',
)
[ info ] [ DB ] INIT mysql
[ info ] [ RUN ] app\index\controller\Index->index[ /www/wwwroot/www.mangtuyou.com/application/index/controller/Index.php ]
[ info ] [ VIEW ] ./themes/index/index/index.html [ array (
  0 => 'markList',
) ]
[ info ] [ LOG ] INIT File
[ sql ] [ DB ] CONNECT:[ UseTime:0.000445s ] mysql:dbname=mangtoo;host=localhost;port=3306;charset=utf8
[ sql ] [ SQL ] SHOW COLUMNS FROM `os_newscenic` [ RunTime:0.000972s ]
[ sql ] [ SQL ] SELECT * FROM `os_newscenic` [ RunTime:0.000297s ]

---------------------------------------------------------------
[ 2020-01-03T15:40:05+08:00 ] 172.31.18.39 113.127.87.29 GET /index
[ log ] www.mangtuyou.com/index [运行时间：0.026111s][吞吐率：38.30req/s] [内存消耗：2,410.28kb] [文件加载：55]
[ info ] [ LANG ] /www/wwwroot/www.mangtuyou.com/thinkphp/lang/zh-cn.php
[ info ] [ ROUTE ] array (
  'type' => 'module',
  'module' => 
  array (
    0 => 'index',
    1 => NULL,
    2 => NULL,
  ),
)
[ info ] [ HEADER ] array (
  'x-requested-with' => 'com.tencent.mm',
  'accept-language' => 'zh-CN,en-US;q=0.9',
  'accept-encoding' => 'gzip, deflate',
  'accept' => 'text/html,application/xhtml+xml,application/xml;q=0.9,image/webp,image/wxpic,image/tpg,image/apng,*/*;q=0.8',
  'user-agent' => 'Mozilla/5.0 (Linux; Android 9; Redmi Note 7 Build/PKQ1.180904.001; wv) AppleWebKit/537.36 (KHTML, like Gecko) Version/4.0 Chrome/67.0.3396.87 XWEB/1163 MMWEBSDK/191201 Mobile Safari/537.36 MMWEBID/24 MicroMessenger/7.0.10.1580(0x27000A54) Process/tools NetType/4G Language/zh_CN ABI/arm64',
  'upgrade-insecure-requests' => '1',
  'connection' => 'keep-alive',
  'host' => 'www.mangtuyou.com',
)
[ info ] [ PARAM ] array (
  '/index' => '',
)
[ info ] [ DB ] INIT mysql
[ info ] [ RUN ] app\index\controller\Index->index[ /www/wwwroot/www.mangtuyou.com/application/index/controller/Index.php ]
[ info ] [ VIEW ] ./themes/index/index/index.html [ array (
  0 => 'markList',
) ]
[ info ] [ LOG ] INIT File
[ sql ] [ DB ] CONNECT:[ UseTime:0.000435s ] mysql:dbname=mangtoo;host=localhost;port=3306;charset=utf8
[ sql ] [ SQL ] SHOW COLUMNS FROM `os_newscenic` [ RunTime:0.001105s ]
[ sql ] [ SQL ] SELECT * FROM `os_newscenic` [ RunTime:0.000400s ]

---------------------------------------------------------------
[ 2020-01-03T23:37:59+08:00 ] 172.31.18.39 121.57.14.213 GET /
[ log ] www.mangtuyou.com/ [运行时间：0.025961s][吞吐率：38.52req/s] [内存消耗：2,407.30kb] [文件加载：55]
[ info ] [ LANG ] /www/wwwroot/www.mangtuyou.com/thinkphp/lang/zh-cn.php
[ info ] [ ROUTE ] array (
  'type' => 'module',
  'module' => 
  array (
    0 => '',
    1 => NULL,
    2 => NULL,
  ),
)
[ info ] [ HEADER ] array (
  'connection' => 'keep-alive',
  'host' => 'www.mangtuyou.com',
  'upgrade-insecure-requests' => '1',
  'pragma' => 'no-cache',
  'cache-control' => 'no-cache',
  'accept-language' => 'zh-CN,zh;q=0.8,en-US;q=0.6,en;q=0.4',
  'accept-encoding' => 'gzip, deflate, sdch',
  'accept' => 'text/html,application/xhtml+xml,application/xml;q=0.9,image/webp,*/*;q=0.8',
  'user-agent' => 'Mozilla/5.0 (X11; Linux x86_64) AppleWebKit/535.21 (KHTML, like Gecko) Chrome/19.0.1042.0 Safari/535.21',
)
[ info ] [ PARAM ] array (
)
[ info ] [ DB ] INIT mysql
[ info ] [ RUN ] app\index\controller\Index->index[ /www/wwwroot/www.mangtuyou.com/application/index/controller/Index.php ]
[ info ] [ VIEW ] ./themes/index/index/index.html [ array (
  0 => 'markList',
) ]
[ info ] [ LOG ] INIT File
[ sql ] [ DB ] CONNECT:[ UseTime:0.000410s ] mysql:dbname=mangtoo;host=localhost;port=3306;charset=utf8
[ sql ] [ SQL ] SHOW COLUMNS FROM `os_newscenic` [ RunTime:0.000910s ]
[ sql ] [ SQL ] SELECT * FROM `os_newscenic` [ RunTime:0.000210s ]

---------------------------------------------------------------
