[ 2020-01-04T13:55:24+08:00 ] 172.31.18.39 39.90.252.172 GET /admin
[ log ] www.mangtuyou.com/admin [运行时间：0.014880s][吞吐率：67.20req/s] [内存消耗：1,473.10kb] [文件加载：44]
[ info ] [ LANG ] /www/wwwroot/www.mangtuyou.com/thinkphp/lang/zh-cn.php
[ info ] [ ROUTE ] array (
  'type' => 'module',
  'module' => 
  array (
    0 => 'admin',
    1 => NULL,
    2 => NULL,
  ),
)
[ info ] [ HEADER ] array (
  'cookie' => 'serverType=apache; order=id%20desc; memRealUsed=758; mem-before=758/3789%20%28MB%29; memSize=3789; downNet=0; upNet=0; conterError=; fifteen=0.05; five=0.03; one=0.03; uploadSize=1073741824; rank=a; backup_path=/www/backup; SetId=dfile; ChangePath=24; SetName=aliyuncs.tar.gz; Path=/www/wwwroot/www.mangtuyou.com/themes/admin/newscenic',
  'accept-language' => 'zh-CN,zh;q=0.9',
  'accept-encoding' => 'gzip, deflate',
  'accept' => 'text/html,application/xhtml+xml,application/xml;q=0.9,image/webp,image/apng,*/*;q=0.8,application/signed-exchange;v=b3',
  'user-agent' => 'Mozilla/5.0 (Windows NT 6.1; WOW64) AppleWebKit/537.36 (KHTML, like Gecko) Chrome/78.0.3904.108 Safari/537.36',
  'upgrade-insecure-requests' => '1',
  'connection' => 'keep-alive',
  'host' => 'www.mangtuyou.com',
)
[ info ] [ PARAM ] array (
  '/admin' => '',
)
[ info ] [ SESSION ] INIT array (
  'id' => '',
  'var_session_id' => '',
  'prefix' => 'think',
  'type' => '',
  'auto_start' => true,
)
[ info ] [ LOG ] INIT File

---------------------------------------------------------------
[ 2020-01-04T13:55:24+08:00 ] 172.31.18.39 39.90.252.172 GET /admin/login/index.html
[ log ] www.mangtuyou.com/admin/login/index.html [运行时间：0.015987s][吞吐率：62.55req/s] [内存消耗：1,504.02kb] [文件加载：45]
[ info ] [ LANG ] /www/wwwroot/www.mangtuyou.com/thinkphp/lang/zh-cn.php
[ info ] [ ROUTE ] array (
  'type' => 'module',
  'module' => 
  array (
    0 => 'admin',
    1 => 'login',
    2 => 'index',
  ),
)
[ info ] [ HEADER ] array (
  'cookie' => 'serverType=apache; order=id%20desc; memRealUsed=758; mem-before=758/3789%20%28MB%29; memSize=3789; downNet=0; upNet=0; conterError=; fifteen=0.05; five=0.03; one=0.03; uploadSize=1073741824; rank=a; backup_path=/www/backup; SetId=dfile; ChangePath=24; SetName=aliyuncs.tar.gz; Path=/www/wwwroot/www.mangtuyou.com/themes/admin/newscenic; PHPSESSID=uf46vo9b150k4em3ngrlidevv4',
  'accept-language' => 'zh-CN,zh;q=0.9',
  'accept-encoding' => 'gzip, deflate',
  'accept' => 'text/html,application/xhtml+xml,application/xml;q=0.9,image/webp,image/apng,*/*;q=0.8,application/signed-exchange;v=b3',
  'user-agent' => 'Mozilla/5.0 (Windows NT 6.1; WOW64) AppleWebKit/537.36 (KHTML, like Gecko) Chrome/78.0.3904.108 Safari/537.36',
  'upgrade-insecure-requests' => '1',
  'connection' => 'keep-alive',
  'host' => 'www.mangtuyou.com',
)
[ info ] [ PARAM ] array (
  '/admin/login/index_html' => '',
)
[ info ] [ RUN ] app\admin\controller\Login->index[ /www/wwwroot/www.mangtuyou.com/application/admin/controller/Login.php ]
[ info ] [ VIEW ] ./themes/admin/login/index.html [ array (
) ]
[ info ] [ LOG ] INIT File

---------------------------------------------------------------
[ 2020-01-04T13:55:24+08:00 ] 172.31.18.39 39.90.252.172 GET /favicon.ico
[ log ] www.mangtuyou.com/favicon.ico [运行时间：0.013469s][吞吐率：74.24req/s] [内存消耗：1,202.74kb] [文件加载：38]
[ info ] [ LANG ] /www/wwwroot/www.mangtuyou.com/thinkphp/lang/zh-cn.php
[ info ] [ ROUTE ] array (
  'type' => 'module',
  'module' => 
  array (
    0 => 'favicon.ico',
    1 => NULL,
    2 => NULL,
  ),
)
[ info ] [ HEADER ] array (
  'cookie' => 'serverType=apache; order=id%20desc; memRealUsed=758; mem-before=758/3789%20%28MB%29; memSize=3789; downNet=0; upNet=0; conterError=; fifteen=0.05; five=0.03; one=0.03; uploadSize=1073741824; rank=a; backup_path=/www/backup; SetId=dfile; ChangePath=24; SetName=aliyuncs.tar.gz; Path=/www/wwwroot/www.mangtuyou.com/themes/admin/newscenic; PHPSESSID=uf46vo9b150k4em3ngrlidevv4',
  'accept-language' => 'zh-CN,zh;q=0.9',
  'accept-encoding' => 'gzip, deflate',
  'referer' => 'http://www.mangtuyou.com/admin/login/index.html',
  'accept' => 'image/webp,image/apng,image/*,*/*;q=0.8',
  'user-agent' => 'Mozilla/5.0 (Windows NT 6.1; WOW64) AppleWebKit/537.36 (KHTML, like Gecko) Chrome/78.0.3904.108 Safari/537.36',
  'connection' => 'keep-alive',
  'host' => 'www.mangtuyou.com',
)
[ info ] [ PARAM ] array (
  '/favicon_ico' => '',
)
[ info ] [ LOG ] INIT File

---------------------------------------------------------------
[ 2020-01-04T13:55:30+08:00 ] 172.31.18.39 39.90.252.172 GET /index
[ log ] www.mangtuyou.com/index [运行时间：0.026627s][吞吐率：37.56req/s] [内存消耗：2,410.39kb] [文件加载：55]
[ info ] [ LANG ] /www/wwwroot/www.mangtuyou.com/thinkphp/lang/zh-cn.php
[ info ] [ ROUTE ] array (
  'type' => 'module',
  'module' => 
  array (
    0 => 'index',
    1 => NULL,
    2 => NULL,
  ),
)
[ info ] [ HEADER ] array (
  'cookie' => 'serverType=apache; order=id%20desc; memRealUsed=758; mem-before=758/3789%20%28MB%29; memSize=3789; downNet=0; upNet=0; conterError=; fifteen=0.05; five=0.03; one=0.03; uploadSize=1073741824; rank=a; backup_path=/www/backup; SetId=dfile; ChangePath=24; SetName=aliyuncs.tar.gz; Path=/www/wwwroot/www.mangtuyou.com/themes/admin/newscenic; PHPSESSID=uf46vo9b150k4em3ngrlidevv4',
  'accept-language' => 'zh-CN,zh;q=0.9',
  'accept-encoding' => 'gzip, deflate',
  'accept' => 'text/html,application/xhtml+xml,application/xml;q=0.9,image/webp,image/apng,*/*;q=0.8,application/signed-exchange;v=b3',
  'user-agent' => 'Mozilla/5.0 (Windows NT 6.1; WOW64) AppleWebKit/537.36 (KHTML, like Gecko) Chrome/78.0.3904.108 Safari/537.36',
  'upgrade-insecure-requests' => '1',
  'connection' => 'keep-alive',
  'host' => 'www.mangtuyou.com',
)
[ info ] [ PARAM ] array (
  '/index' => '',
)
[ info ] [ DB ] INIT mysql
[ info ] [ RUN ] app\index\controller\Index->index[ /www/wwwroot/www.mangtuyou.com/application/index/controller/Index.php ]
[ info ] [ VIEW ] ./themes/index/index/index.html [ array (
  0 => 'markList',
) ]
[ info ] [ LOG ] INIT File
[ sql ] [ DB ] CONNECT:[ UseTime:0.000459s ] mysql:dbname=mangtoo;host=localhost;port=3306;charset=utf8
[ sql ] [ SQL ] SHOW COLUMNS FROM `os_newscenic` [ RunTime:0.001087s ]
[ sql ] [ SQL ] SELECT * FROM `os_newscenic` [ RunTime:0.000298s ]

---------------------------------------------------------------
[ 2020-01-04T13:55:34+08:00 ] 172.31.18.39 39.90.252.172 GET /index
[ log ] www.mangtuyou.com/index [运行时间：0.025435s][吞吐率：39.32req/s] [内存消耗：2,410.87kb] [文件加载：55]
[ info ] [ LANG ] /www/wwwroot/www.mangtuyou.com/thinkphp/lang/zh-cn.php
[ info ] [ ROUTE ] array (
  'type' => 'module',
  'module' => 
  array (
    0 => 'index',
    1 => NULL,
    2 => NULL,
  ),
)
[ info ] [ HEADER ] array (
  'cookie' => 'serverType=apache; order=id%20desc; memRealUsed=758; mem-before=758/3789%20%28MB%29; memSize=3789; downNet=0; upNet=0; conterError=; fifteen=0.05; five=0.03; one=0.03; uploadSize=1073741824; rank=a; backup_path=/www/backup; SetId=dfile; ChangePath=24; SetName=aliyuncs.tar.gz; Path=/www/wwwroot/www.mangtuyou.com/themes/admin/newscenic; PHPSESSID=uf46vo9b150k4em3ngrlidevv4',
  'accept-language' => 'zh-CN,zh;q=0.9',
  'accept-encoding' => 'gzip, deflate',
  'accept' => 'text/html,application/xhtml+xml,application/xml;q=0.9,image/webp,image/apng,*/*;q=0.8,application/signed-exchange;v=b3',
  'user-agent' => 'Mozilla/5.0 (iPhone; CPU iPhone OS 10_3_1 like Mac OS X) AppleWebKit/603.1.30 (KHTML, like Gecko) Version/10.0 Mobile/14E304 Safari/602.1',
  'upgrade-insecure-requests' => '1',
  'cache-control' => 'max-age=0',
  'connection' => 'keep-alive',
  'host' => 'www.mangtuyou.com',
)
[ info ] [ PARAM ] array (
  '/index' => '',
)
[ info ] [ DB ] INIT mysql
[ info ] [ RUN ] app\index\controller\Index->index[ /www/wwwroot/www.mangtuyou.com/application/index/controller/Index.php ]
[ info ] [ VIEW ] ./themes/index/index/index.html [ array (
  0 => 'markList',
) ]
[ info ] [ LOG ] INIT File
[ sql ] [ DB ] CONNECT:[ UseTime:0.000443s ] mysql:dbname=mangtoo;host=localhost;port=3306;charset=utf8
[ sql ] [ SQL ] SHOW COLUMNS FROM `os_newscenic` [ RunTime:0.001078s ]
[ sql ] [ SQL ] SELECT * FROM `os_newscenic` [ RunTime:0.000335s ]

---------------------------------------------------------------
[ 2020-01-04T13:55:56+08:00 ] 172.31.18.39 39.90.252.172 GET /index
[ log ] www.mangtuyou.com/index [运行时间：0.023789s][吞吐率：42.04req/s] [内存消耗：2,410.87kb] [文件加载：55]
[ info ] [ LANG ] /www/wwwroot/www.mangtuyou.com/thinkphp/lang/zh-cn.php
[ info ] [ ROUTE ] array (
  'type' => 'module',
  'module' => 
  array (
    0 => 'index',
    1 => NULL,
    2 => NULL,
  ),
)
[ info ] [ HEADER ] array (
  'cookie' => 'serverType=apache; order=id%20desc; memRealUsed=758; mem-before=758/3789%20%28MB%29; memSize=3789; downNet=0; upNet=0; conterError=; fifteen=0.05; five=0.03; one=0.03; uploadSize=1073741824; rank=a; backup_path=/www/backup; SetId=dfile; ChangePath=24; SetName=aliyuncs.tar.gz; Path=/www/wwwroot/www.mangtuyou.com/themes/admin/newscenic; PHPSESSID=uf46vo9b150k4em3ngrlidevv4',
  'accept-language' => 'zh-CN,zh;q=0.9',
  'accept-encoding' => 'gzip, deflate',
  'accept' => 'text/html,application/xhtml+xml,application/xml;q=0.9,image/webp,image/apng,*/*;q=0.8,application/signed-exchange;v=b3',
  'user-agent' => 'Mozilla/5.0 (iPhone; CPU iPhone OS 10_3_1 like Mac OS X) AppleWebKit/603.1.30 (KHTML, like Gecko) Version/10.0 Mobile/14E304 Safari/602.1',
  'upgrade-insecure-requests' => '1',
  'cache-control' => 'max-age=0',
  'connection' => 'keep-alive',
  'host' => 'www.mangtuyou.com',
)
[ info ] [ PARAM ] array (
  '/index' => '',
)
[ info ] [ DB ] INIT mysql
[ info ] [ RUN ] app\index\controller\Index->index[ /www/wwwroot/www.mangtuyou.com/application/index/controller/Index.php ]
[ info ] [ VIEW ] ./themes/index/index/index.html [ array (
  0 => 'markList',
) ]
[ info ] [ LOG ] INIT File
[ sql ] [ DB ] CONNECT:[ UseTime:0.000368s ] mysql:dbname=mangtoo;host=localhost;port=3306;charset=utf8
[ sql ] [ SQL ] SHOW COLUMNS FROM `os_newscenic` [ RunTime:0.000902s ]
[ sql ] [ SQL ] SELECT * FROM `os_newscenic` [ RunTime:0.000305s ]

---------------------------------------------------------------
[ 2020-01-04T13:56:03+08:00 ] 172.31.18.39 39.90.252.172 GET /index
[ log ] www.mangtuyou.com/index [运行时间：0.022781s][吞吐率：43.90req/s] [内存消耗：2,410.87kb] [文件加载：55]
[ info ] [ LANG ] /www/wwwroot/www.mangtuyou.com/thinkphp/lang/zh-cn.php
[ info ] [ ROUTE ] array (
  'type' => 'module',
  'module' => 
  array (
    0 => 'index',
    1 => NULL,
    2 => NULL,
  ),
)
[ info ] [ HEADER ] array (
  'cookie' => 'serverType=apache; order=id%20desc; memRealUsed=758; mem-before=758/3789%20%28MB%29; memSize=3789; downNet=0; upNet=0; conterError=; fifteen=0.05; five=0.03; one=0.03; uploadSize=1073741824; rank=a; backup_path=/www/backup; SetId=dfile; ChangePath=24; SetName=aliyuncs.tar.gz; Path=/www/wwwroot/www.mangtuyou.com/themes/admin/newscenic; PHPSESSID=uf46vo9b150k4em3ngrlidevv4',
  'accept-language' => 'zh-CN,zh;q=0.9',
  'accept-encoding' => 'gzip, deflate',
  'accept' => 'text/html,application/xhtml+xml,application/xml;q=0.9,image/webp,image/apng,*/*;q=0.8,application/signed-exchange;v=b3',
  'user-agent' => 'Mozilla/5.0 (iPhone; CPU iPhone OS 11_0 like Mac OS X) AppleWebKit/604.1.38 (KHTML, like Gecko) Version/11.0 Mobile/15A372 Safari/604.1',
  'upgrade-insecure-requests' => '1',
  'cache-control' => 'max-age=0',
  'connection' => 'keep-alive',
  'host' => 'www.mangtuyou.com',
)
[ info ] [ PARAM ] array (
  '/index' => '',
)
[ info ] [ DB ] INIT mysql
[ info ] [ RUN ] app\index\controller\Index->index[ /www/wwwroot/www.mangtuyou.com/application/index/controller/Index.php ]
[ info ] [ VIEW ] ./themes/index/index/index.html [ array (
  0 => 'markList',
) ]
[ info ] [ LOG ] INIT File
[ sql ] [ DB ] CONNECT:[ UseTime:0.000325s ] mysql:dbname=mangtoo;host=localhost;port=3306;charset=utf8
[ sql ] [ SQL ] SHOW COLUMNS FROM `os_newscenic` [ RunTime:0.000777s ]
[ sql ] [ SQL ] SELECT * FROM `os_newscenic` [ RunTime:0.000265s ]

---------------------------------------------------------------
[ 2020-01-04T13:56:08+08:00 ] 172.31.18.39 39.90.252.172 GET /index
[ log ] www.mangtuyou.com/index [运行时间：0.028619s][吞吐率：34.94req/s] [内存消耗：2,410.87kb] [文件加载：55]
[ info ] [ LANG ] /www/wwwroot/www.mangtuyou.com/thinkphp/lang/zh-cn.php
[ info ] [ ROUTE ] array (
  'type' => 'module',
  'module' => 
  array (
    0 => 'index',
    1 => NULL,
    2 => NULL,
  ),
)
[ info ] [ HEADER ] array (
  'cookie' => 'serverType=apache; order=id%20desc; memRealUsed=758; mem-before=758/3789%20%28MB%29; memSize=3789; downNet=0; upNet=0; conterError=; fifteen=0.05; five=0.03; one=0.03; uploadSize=1073741824; rank=a; backup_path=/www/backup; SetId=dfile; ChangePath=24; SetName=aliyuncs.tar.gz; Path=/www/wwwroot/www.mangtuyou.com/themes/admin/newscenic; PHPSESSID=uf46vo9b150k4em3ngrlidevv4',
  'accept-language' => 'zh-CN,zh;q=0.9',
  'accept-encoding' => 'gzip, deflate',
  'accept' => 'text/html,application/xhtml+xml,application/xml;q=0.9,image/webp,image/apng,*/*;q=0.8,application/signed-exchange;v=b3',
  'user-agent' => 'Mozilla/5.0 (iPhone; CPU iPhone OS 11_0 like Mac OS X) AppleWebKit/604.1.38 (KHTML, like Gecko) Version/11.0 Mobile/15A372 Safari/604.1',
  'upgrade-insecure-requests' => '1',
  'cache-control' => 'max-age=0',
  'connection' => 'keep-alive',
  'host' => 'www.mangtuyou.com',
)
[ info ] [ PARAM ] array (
  '/index' => '',
)
[ info ] [ DB ] INIT mysql
[ info ] [ RUN ] app\index\controller\Index->index[ /www/wwwroot/www.mangtuyou.com/application/index/controller/Index.php ]
[ info ] [ VIEW ] ./themes/index/index/index.html [ array (
  0 => 'markList',
) ]
[ info ] [ LOG ] INIT File
[ sql ] [ DB ] CONNECT:[ UseTime:0.000488s ] mysql:dbname=mangtoo;host=localhost;port=3306;charset=utf8
[ sql ] [ SQL ] SHOW COLUMNS FROM `os_newscenic` [ RunTime:0.002576s ]
[ sql ] [ SQL ] SELECT * FROM `os_newscenic` [ RunTime:0.000325s ]

---------------------------------------------------------------
[ 2020-01-04T13:56:30+08:00 ] 172.31.18.39 39.90.252.172 GET /admin
[ log ] www.mangtuyou.com/admin [运行时间：0.014623s][吞吐率：68.39req/s] [内存消耗：1,473.00kb] [文件加载：44]
[ info ] [ LANG ] /www/wwwroot/www.mangtuyou.com/thinkphp/lang/zh-cn.php
[ info ] [ ROUTE ] array (
  'type' => 'module',
  'module' => 
  array (
    0 => 'admin',
    1 => NULL,
    2 => NULL,
  ),
)
[ info ] [ HEADER ] array (
  'cookie' => 'serverType=apache; order=id%20desc; memRealUsed=758; mem-before=758/3789%20%28MB%29; memSize=3789; downNet=0; upNet=0; conterError=; fifteen=0.05; five=0.03; one=0.03; uploadSize=1073741824; rank=a; backup_path=/www/backup; SetId=dfile; ChangePath=24; SetName=aliyuncs.tar.gz; Path=/www/wwwroot/www.mangtuyou.com/themes/admin/newscenic; PHPSESSID=uf46vo9b150k4em3ngrlidevv4',
  'accept-language' => 'zh-CN,zh;q=0.9',
  'accept-encoding' => 'gzip, deflate',
  'accept' => 'text/html,application/xhtml+xml,application/xml;q=0.9,image/webp,image/apng,*/*;q=0.8,application/signed-exchange;v=b3',
  'user-agent' => 'Mozilla/5.0 (Windows NT 6.1; WOW64) AppleWebKit/537.36 (KHTML, like Gecko) Chrome/78.0.3904.108 Safari/537.36',
  'upgrade-insecure-requests' => '1',
  'connection' => 'keep-alive',
  'host' => 'www.mangtuyou.com',
)
[ info ] [ PARAM ] array (
  '/admin' => '',
)
[ info ] [ SESSION ] INIT array (
  'id' => '',
  'var_session_id' => '',
  'prefix' => 'think',
  'type' => '',
  'auto_start' => true,
)
[ info ] [ LOG ] INIT File

---------------------------------------------------------------
[ 2020-01-04T13:56:30+08:00 ] 172.31.18.39 39.90.252.172 GET /admin/login/index.html
[ log ] www.mangtuyou.com/admin/login/index.html [运行时间：0.015947s][吞吐率：62.71req/s] [内存消耗：1,504.15kb] [文件加载：45]
[ info ] [ LANG ] /www/wwwroot/www.mangtuyou.com/thinkphp/lang/zh-cn.php
[ info ] [ ROUTE ] array (
  'type' => 'module',
  'module' => 
  array (
    0 => 'admin',
    1 => 'login',
    2 => 'index',
  ),
)
[ info ] [ HEADER ] array (
  'cookie' => 'thinkphp_show_page_trace=0|0; serverType=apache; order=id%20desc; memRealUsed=758; mem-before=758/3789%20%28MB%29; memSize=3789; downNet=0; upNet=0; conterError=; fifteen=0.05; five=0.03; one=0.03; uploadSize=1073741824; rank=a; backup_path=/www/backup; SetId=dfile; ChangePath=24; SetName=aliyuncs.tar.gz; Path=/www/wwwroot/www.mangtuyou.com/themes/admin/newscenic; PHPSESSID=uf46vo9b150k4em3ngrlidevv4',
  'accept-language' => 'zh-CN,zh;q=0.9',
  'accept-encoding' => 'gzip, deflate',
  'accept' => 'text/html,application/xhtml+xml,application/xml;q=0.9,image/webp,image/apng,*/*;q=0.8,application/signed-exchange;v=b3',
  'user-agent' => 'Mozilla/5.0 (Windows NT 6.1; WOW64) AppleWebKit/537.36 (KHTML, like Gecko) Chrome/78.0.3904.108 Safari/537.36',
  'upgrade-insecure-requests' => '1',
  'connection' => 'keep-alive',
  'host' => 'www.mangtuyou.com',
)
[ info ] [ PARAM ] array (
  '/admin/login/index_html' => '',
)
[ info ] [ RUN ] app\admin\controller\Login->index[ /www/wwwroot/www.mangtuyou.com/application/admin/controller/Login.php ]
[ info ] [ VIEW ] ./themes/admin/login/index.html [ array (
) ]
[ info ] [ LOG ] INIT File

---------------------------------------------------------------
[ 2020-01-04T13:56:40+08:00 ] 172.31.18.39 39.90.252.172 GET /admin
[ log ] www.mangtuyou.com/admin [运行时间：0.013535s][吞吐率：73.88req/s] [内存消耗：1,473.47kb] [文件加载：44]
[ info ] [ LANG ] /www/wwwroot/www.mangtuyou.com/thinkphp/lang/zh-cn.php
[ info ] [ ROUTE ] array (
  'type' => 'module',
  'module' => 
  array (
    0 => 'admin',
    1 => NULL,
    2 => NULL,
  ),
)
[ info ] [ HEADER ] array (
  'cookie' => 'serverType=apache; order=id%20desc; memRealUsed=758; mem-before=758/3789%20%28MB%29; memSize=3789; downNet=0; upNet=0; conterError=; fifteen=0.05; five=0.03; one=0.03; uploadSize=1073741824; rank=a; backup_path=/www/backup; SetId=dfile; ChangePath=24; SetName=aliyuncs.tar.gz; Path=/www/wwwroot/www.mangtuyou.com/themes/admin/newscenic; PHPSESSID=uf46vo9b150k4em3ngrlidevv4',
  'accept-language' => 'zh-CN,zh;q=0.9',
  'accept-encoding' => 'gzip, deflate',
  'purpose' => 'prefetch',
  'accept' => 'text/html,application/xhtml+xml,application/xml;q=0.9,image/webp,image/apng,*/*;q=0.8,application/signed-exchange;v=b3',
  'user-agent' => 'Mozilla/5.0 (Windows NT 6.1; WOW64) AppleWebKit/537.36 (KHTML, like Gecko) Chrome/78.0.3904.108 Safari/537.36',
  'upgrade-insecure-requests' => '1',
  'connection' => 'keep-alive',
  'host' => 'www.mangtuyou.com',
)
[ info ] [ PARAM ] array (
  '/admin' => '',
)
[ info ] [ SESSION ] INIT array (
  'id' => '',
  'var_session_id' => '',
  'prefix' => 'think',
  'type' => '',
  'auto_start' => true,
)
[ info ] [ LOG ] INIT File

---------------------------------------------------------------
[ 2020-01-04T13:56:40+08:00 ] 172.31.18.39 39.90.252.172 GET /admin/login/index.html
[ log ] www.mangtuyou.com/admin/login/index.html [运行时间：0.015024s][吞吐率：66.56req/s] [内存消耗：1,504.49kb] [文件加载：45]
[ info ] [ LANG ] /www/wwwroot/www.mangtuyou.com/thinkphp/lang/zh-cn.php
[ info ] [ ROUTE ] array (
  'type' => 'module',
  'module' => 
  array (
    0 => 'admin',
    1 => 'login',
    2 => 'index',
  ),
)
[ info ] [ HEADER ] array (
  'cookie' => 'thinkphp_show_page_trace=0|0; serverType=apache; order=id%20desc; memRealUsed=758; mem-before=758/3789%20%28MB%29; memSize=3789; downNet=0; upNet=0; conterError=; fifteen=0.05; five=0.03; one=0.03; uploadSize=1073741824; rank=a; backup_path=/www/backup; SetId=dfile; ChangePath=24; SetName=aliyuncs.tar.gz; Path=/www/wwwroot/www.mangtuyou.com/themes/admin/newscenic; PHPSESSID=uf46vo9b150k4em3ngrlidevv4',
  'accept-language' => 'zh-CN,zh;q=0.9',
  'accept-encoding' => 'gzip, deflate',
  'purpose' => 'prefetch',
  'accept' => 'text/html,application/xhtml+xml,application/xml;q=0.9,image/webp,image/apng,*/*;q=0.8,application/signed-exchange;v=b3',
  'user-agent' => 'Mozilla/5.0 (Windows NT 6.1; WOW64) AppleWebKit/537.36 (KHTML, like Gecko) Chrome/78.0.3904.108 Safari/537.36',
  'upgrade-insecure-requests' => '1',
  'connection' => 'keep-alive',
  'host' => 'www.mangtuyou.com',
)
[ info ] [ PARAM ] array (
  '/admin/login/index_html' => '',
)
[ info ] [ RUN ] app\admin\controller\Login->index[ /www/wwwroot/www.mangtuyou.com/application/admin/controller/Login.php ]
[ info ] [ VIEW ] ./themes/admin/login/index.html [ array (
) ]
[ info ] [ LOG ] INIT File

---------------------------------------------------------------
[ 2020-01-04T13:57:47+08:00 ] 172.31.18.39 39.90.252.172 GET /index
[ log ] www.mangtuyou.com/index [运行时间：0.028767s][吞吐率：34.76req/s] [内存消耗：2,569.26kb] [文件加载：57]
[ info ] [ LANG ] /www/wwwroot/www.mangtuyou.com/thinkphp/lang/zh-cn.php
[ info ] [ ROUTE ] array (
  'type' => 'module',
  'module' => 
  array (
    0 => 'index',
    1 => NULL,
    2 => NULL,
  ),
)
[ info ] [ HEADER ] array (
  'cookie' => 'serverType=apache; order=id%20desc; memSize=3789; upNet=0; downNet=0; fifteen=0.05; conterError=; uploadSize=1073741824; rank=a; backup_path=/www/backup; SetId=dfile; ChangePath=24; SetName=aliyuncs.tar.gz; PHPSESSID=uf46vo9b150k4em3ngrlidevv4; BT_PANEL=f974b83e1a2677c453ae07dcc13ae7926b54ee0c; memRealUsed=807; mem-before=807/3789%20%28MB%29; one=0.01; five=0.02; Path=/www/wwwroot/www.mangtuyou.com/themes/index/index',
  'accept-language' => 'zh-CN,zh;q=0.9',
  'accept-encoding' => 'gzip, deflate',
  'accept' => 'text/html,application/xhtml+xml,application/xml;q=0.9,image/webp,image/apng,*/*;q=0.8,application/signed-exchange;v=b3',
  'user-agent' => 'Mozilla/5.0 (iPhone; CPU iPhone OS 11_0 like Mac OS X) AppleWebKit/604.1.38 (KHTML, like Gecko) Version/11.0 Mobile/15A372 Safari/604.1',
  'upgrade-insecure-requests' => '1',
  'cache-control' => 'max-age=0',
  'connection' => 'keep-alive',
  'host' => 'www.mangtuyou.com',
)
[ info ] [ PARAM ] array (
  '/index' => '',
)
[ info ] [ DB ] INIT mysql
[ info ] [ RUN ] app\index\controller\Index->index[ /www/wwwroot/www.mangtuyou.com/application/index/controller/Index.php ]
[ info ] [ VIEW ] ./themes/index/index/index.html [ array (
  0 => 'markList',
) ]
[ info ] [ LOG ] INIT File
[ sql ] [ DB ] CONNECT:[ UseTime:0.000433s ] mysql:dbname=mangtoo;host=localhost;port=3306;charset=utf8
[ sql ] [ SQL ] SHOW COLUMNS FROM `os_newscenic` [ RunTime:0.001127s ]
[ sql ] [ SQL ] SELECT * FROM `os_newscenic` [ RunTime:0.000374s ]

---------------------------------------------------------------
[ 2020-01-04T13:58:52+08:00 ] 172.31.18.39 39.90.252.172 GET /index
[ log ] www.mangtuyou.com/index [运行时间：0.027633s][吞吐率：36.19req/s] [内存消耗：2,569.26kb] [文件加载：57]
[ info ] [ LANG ] /www/wwwroot/www.mangtuyou.com/thinkphp/lang/zh-cn.php
[ info ] [ ROUTE ] array (
  'type' => 'module',
  'module' => 
  array (
    0 => 'index',
    1 => NULL,
    2 => NULL,
  ),
)
[ info ] [ HEADER ] array (
  'cookie' => 'serverType=apache; order=id%20desc; memSize=3789; upNet=0; downNet=0; fifteen=0.05; conterError=; uploadSize=1073741824; rank=a; backup_path=/www/backup; SetId=dfile; ChangePath=24; SetName=aliyuncs.tar.gz; PHPSESSID=uf46vo9b150k4em3ngrlidevv4; BT_PANEL=f974b83e1a2677c453ae07dcc13ae7926b54ee0c; memRealUsed=807; mem-before=807/3789%20%28MB%29; one=0.01; five=0.02; Path=/www/wwwroot/www.mangtuyou.com/themes/index/index',
  'accept-language' => 'zh-CN,zh;q=0.9',
  'accept-encoding' => 'gzip, deflate',
  'accept' => 'text/html,application/xhtml+xml,application/xml;q=0.9,image/webp,image/apng,*/*;q=0.8,application/signed-exchange;v=b3',
  'user-agent' => 'Mozilla/5.0 (iPhone; CPU iPhone OS 11_0 like Mac OS X) AppleWebKit/604.1.38 (KHTML, like Gecko) Version/11.0 Mobile/15A372 Safari/604.1',
  'upgrade-insecure-requests' => '1',
  'cache-control' => 'max-age=0',
  'connection' => 'keep-alive',
  'host' => 'www.mangtuyou.com',
)
[ info ] [ PARAM ] array (
  '/index' => '',
)
[ info ] [ DB ] INIT mysql
[ info ] [ RUN ] app\index\controller\Index->index[ /www/wwwroot/www.mangtuyou.com/application/index/controller/Index.php ]
[ info ] [ VIEW ] ./themes/index/index/index.html [ array (
  0 => 'markList',
) ]
[ info ] [ LOG ] INIT File
[ sql ] [ DB ] CONNECT:[ UseTime:0.000302s ] mysql:dbname=mangtoo;host=localhost;port=3306;charset=utf8
[ sql ] [ SQL ] SHOW COLUMNS FROM `os_newscenic` [ RunTime:0.000852s ]
[ sql ] [ SQL ] SELECT * FROM `os_newscenic` [ RunTime:0.000310s ]

---------------------------------------------------------------
[ 2020-01-04T13:59:14+08:00 ] 172.31.18.39 39.90.252.172 GET /index
[ log ] www.mangtuyou.com/index [运行时间：0.034066s][吞吐率：29.35req/s] [内存消耗：2,410.87kb] [文件加载：55]
[ info ] [ LANG ] /www/wwwroot/www.mangtuyou.com/thinkphp/lang/zh-cn.php
[ info ] [ ROUTE ] array (
  'type' => 'module',
  'module' => 
  array (
    0 => 'index',
    1 => NULL,
    2 => NULL,
  ),
)
[ info ] [ HEADER ] array (
  'cookie' => 'serverType=apache; order=id%20desc; memSize=3789; upNet=0; downNet=0; fifteen=0.05; conterError=; uploadSize=1073741824; rank=a; backup_path=/www/backup; SetId=dfile; ChangePath=24; SetName=aliyuncs.tar.gz; PHPSESSID=uf46vo9b150k4em3ngrlidevv4; BT_PANEL=f974b83e1a2677c453ae07dcc13ae7926b54ee0c; memRealUsed=807; mem-before=807/3789%20%28MB%29; one=0.01; five=0.02; Path=/www/wwwroot/www.mangtuyou.com/themes/index/index',
  'accept-language' => 'zh-CN,zh;q=0.9',
  'accept-encoding' => 'gzip, deflate',
  'accept' => 'text/html,application/xhtml+xml,application/xml;q=0.9,image/webp,image/apng,*/*;q=0.8,application/signed-exchange;v=b3',
  'user-agent' => 'Mozilla/5.0 (iPhone; CPU iPhone OS 11_0 like Mac OS X) AppleWebKit/604.1.38 (KHTML, like Gecko) Version/11.0 Mobile/15A372 Safari/604.1',
  'upgrade-insecure-requests' => '1',
  'cache-control' => 'max-age=0',
  'connection' => 'keep-alive',
  'host' => 'www.mangtuyou.com',
)
[ info ] [ PARAM ] array (
  '/index' => '',
)
[ info ] [ DB ] INIT mysql
[ info ] [ RUN ] app\index\controller\Index->index[ /www/wwwroot/www.mangtuyou.com/application/index/controller/Index.php ]
[ info ] [ VIEW ] ./themes/index/index/index.html [ array (
  0 => 'markList',
) ]
[ info ] [ LOG ] INIT File
[ sql ] [ DB ] CONNECT:[ UseTime:0.000525s ] mysql:dbname=mangtoo;host=localhost;port=3306;charset=utf8
[ sql ] [ SQL ] SHOW COLUMNS FROM `os_newscenic` [ RunTime:0.000968s ]
[ sql ] [ SQL ] SELECT * FROM `os_newscenic` [ RunTime:0.000297s ]

---------------------------------------------------------------
[ 2020-01-04T14:01:48+08:00 ] 172.31.18.39 39.90.252.172 GET /index
[ log ] www.mangtuyou.com/index [运行时间：0.024529s][吞吐率：40.77req/s] [内存消耗：2,410.87kb] [文件加载：55]
[ info ] [ LANG ] /www/wwwroot/www.mangtuyou.com/thinkphp/lang/zh-cn.php
[ info ] [ ROUTE ] array (
  'type' => 'module',
  'module' => 
  array (
    0 => 'index',
    1 => NULL,
    2 => NULL,
  ),
)
[ info ] [ HEADER ] array (
  'cookie' => 'serverType=apache; order=id%20desc; memSize=3789; upNet=0; downNet=0; fifteen=0.05; conterError=; uploadSize=1073741824; rank=a; backup_path=/www/backup; SetId=dfile; ChangePath=24; SetName=aliyuncs.tar.gz; PHPSESSID=uf46vo9b150k4em3ngrlidevv4; BT_PANEL=f974b83e1a2677c453ae07dcc13ae7926b54ee0c; memRealUsed=807; mem-before=807/3789%20%28MB%29; one=0.01; five=0.02; Path=/www/wwwroot/www.mangtuyou.com/themes/index/index',
  'accept-language' => 'zh-CN,zh;q=0.9',
  'accept-encoding' => 'gzip, deflate',
  'accept' => 'text/html,application/xhtml+xml,application/xml;q=0.9,image/webp,image/apng,*/*;q=0.8,application/signed-exchange;v=b3',
  'user-agent' => 'Mozilla/5.0 (iPhone; CPU iPhone OS 11_0 like Mac OS X) AppleWebKit/604.1.38 (KHTML, like Gecko) Version/11.0 Mobile/15A372 Safari/604.1',
  'upgrade-insecure-requests' => '1',
  'cache-control' => 'max-age=0',
  'connection' => 'keep-alive',
  'host' => 'www.mangtuyou.com',
)
[ info ] [ PARAM ] array (
  '/index' => '',
)
[ info ] [ DB ] INIT mysql
[ info ] [ RUN ] app\index\controller\Index->index[ /www/wwwroot/www.mangtuyou.com/application/index/controller/Index.php ]
[ info ] [ VIEW ] ./themes/index/index/index.html [ array (
  0 => 'markList',
) ]
[ info ] [ LOG ] INIT File
[ sql ] [ DB ] CONNECT:[ UseTime:0.000427s ] mysql:dbname=mangtoo;host=localhost;port=3306;charset=utf8
[ sql ] [ SQL ] SHOW COLUMNS FROM `os_newscenic` [ RunTime:0.001011s ]
[ sql ] [ SQL ] SELECT * FROM `os_newscenic` [ RunTime:0.000368s ]

---------------------------------------------------------------
[ 2020-01-04T14:02:34+08:00 ] 172.31.18.39 39.90.252.172 GET /index
[ log ] www.mangtuyou.com/index [运行时间：0.026008s][吞吐率：38.45req/s] [内存消耗：2,569.26kb] [文件加载：57]
[ info ] [ LANG ] /www/wwwroot/www.mangtuyou.com/thinkphp/lang/zh-cn.php
[ info ] [ ROUTE ] array (
  'type' => 'module',
  'module' => 
  array (
    0 => 'index',
    1 => NULL,
    2 => NULL,
  ),
)
[ info ] [ HEADER ] array (
  'cookie' => 'serverType=apache; order=id%20desc; memSize=3789; upNet=0; downNet=0; fifteen=0.05; conterError=; uploadSize=1073741824; rank=a; backup_path=/www/backup; SetId=dfile; ChangePath=24; SetName=aliyuncs.tar.gz; PHPSESSID=uf46vo9b150k4em3ngrlidevv4; BT_PANEL=f974b83e1a2677c453ae07dcc13ae7926b54ee0c; memRealUsed=807; mem-before=807/3789%20%28MB%29; one=0.01; five=0.02; Path=/www/wwwroot/www.mangtuyou.com/themes/index/index',
  'accept-language' => 'zh-CN,zh;q=0.9',
  'accept-encoding' => 'gzip, deflate',
  'accept' => 'text/html,application/xhtml+xml,application/xml;q=0.9,image/webp,image/apng,*/*;q=0.8,application/signed-exchange;v=b3',
  'user-agent' => 'Mozilla/5.0 (iPhone; CPU iPhone OS 11_0 like Mac OS X) AppleWebKit/604.1.38 (KHTML, like Gecko) Version/11.0 Mobile/15A372 Safari/604.1',
  'upgrade-insecure-requests' => '1',
  'cache-control' => 'max-age=0',
  'connection' => 'keep-alive',
  'host' => 'www.mangtuyou.com',
)
[ info ] [ PARAM ] array (
  '/index' => '',
)
[ info ] [ DB ] INIT mysql
[ info ] [ RUN ] app\index\controller\Index->index[ /www/wwwroot/www.mangtuyou.com/application/index/controller/Index.php ]
[ info ] [ VIEW ] ./themes/index/index/index.html [ array (
  0 => 'markList',
) ]
[ info ] [ LOG ] INIT File
[ sql ] [ DB ] CONNECT:[ UseTime:0.000401s ] mysql:dbname=mangtoo;host=localhost;port=3306;charset=utf8
[ sql ] [ SQL ] SHOW COLUMNS FROM `os_newscenic` [ RunTime:0.001098s ]
[ sql ] [ SQL ] SELECT * FROM `os_newscenic` [ RunTime:0.000330s ]

---------------------------------------------------------------
[ 2020-01-04T14:05:12+08:00 ] 172.31.18.39 39.90.252.172 GET /index
[ log ] www.mangtuyou.com/index [运行时间：0.027781s][吞吐率：36.00req/s] [内存消耗：2,569.26kb] [文件加载：57]
[ info ] [ LANG ] /www/wwwroot/www.mangtuyou.com/thinkphp/lang/zh-cn.php
[ info ] [ ROUTE ] array (
  'type' => 'module',
  'module' => 
  array (
    0 => 'index',
    1 => NULL,
    2 => NULL,
  ),
)
[ info ] [ HEADER ] array (
  'cookie' => 'serverType=apache; order=id%20desc; memSize=3789; upNet=0; downNet=0; fifteen=0.05; conterError=; uploadSize=1073741824; rank=a; backup_path=/www/backup; SetId=dfile; ChangePath=24; SetName=aliyuncs.tar.gz; PHPSESSID=uf46vo9b150k4em3ngrlidevv4; BT_PANEL=f974b83e1a2677c453ae07dcc13ae7926b54ee0c; memRealUsed=807; mem-before=807/3789%20%28MB%29; one=0.01; five=0.02; Path=/www/wwwroot/www.mangtuyou.com/themes/index/index',
  'accept-language' => 'zh-CN,zh;q=0.9',
  'accept-encoding' => 'gzip, deflate',
  'accept' => 'text/html,application/xhtml+xml,application/xml;q=0.9,image/webp,image/apng,*/*;q=0.8,application/signed-exchange;v=b3',
  'user-agent' => 'Mozilla/5.0 (iPhone; CPU iPhone OS 11_0 like Mac OS X) AppleWebKit/604.1.38 (KHTML, like Gecko) Version/11.0 Mobile/15A372 Safari/604.1',
  'upgrade-insecure-requests' => '1',
  'cache-control' => 'max-age=0',
  'connection' => 'keep-alive',
  'host' => 'www.mangtuyou.com',
)
[ info ] [ PARAM ] array (
  '/index' => '',
)
[ info ] [ DB ] INIT mysql
[ info ] [ RUN ] app\index\controller\Index->index[ /www/wwwroot/www.mangtuyou.com/application/index/controller/Index.php ]
[ info ] [ VIEW ] ./themes/index/index/index.html [ array (
  0 => 'markList',
) ]
[ info ] [ LOG ] INIT File
[ sql ] [ DB ] CONNECT:[ UseTime:0.000475s ] mysql:dbname=mangtoo;host=localhost;port=3306;charset=utf8
[ sql ] [ SQL ] SHOW COLUMNS FROM `os_newscenic` [ RunTime:0.000973s ]
[ sql ] [ SQL ] SELECT * FROM `os_newscenic` [ RunTime:0.000357s ]

---------------------------------------------------------------
[ 2020-01-04T14:06:24+08:00 ] 172.31.18.39 39.90.252.172 GET /index
[ log ] www.mangtuyou.com/index [运行时间：0.030343s][吞吐率：32.96req/s] [内存消耗：2,569.26kb] [文件加载：57]
[ info ] [ LANG ] /www/wwwroot/www.mangtuyou.com/thinkphp/lang/zh-cn.php
[ info ] [ ROUTE ] array (
  'type' => 'module',
  'module' => 
  array (
    0 => 'index',
    1 => NULL,
    2 => NULL,
  ),
)
[ info ] [ HEADER ] array (
  'cookie' => 'serverType=apache; order=id%20desc; memSize=3789; upNet=0; downNet=0; fifteen=0.05; conterError=; uploadSize=1073741824; rank=a; backup_path=/www/backup; SetId=dfile; ChangePath=24; SetName=aliyuncs.tar.gz; PHPSESSID=uf46vo9b150k4em3ngrlidevv4; BT_PANEL=f974b83e1a2677c453ae07dcc13ae7926b54ee0c; memRealUsed=807; mem-before=807/3789%20%28MB%29; one=0.01; five=0.02; Path=/www/wwwroot/www.mangtuyou.com/themes/index/index',
  'accept-language' => 'zh-CN,zh;q=0.9',
  'accept-encoding' => 'gzip, deflate',
  'accept' => 'text/html,application/xhtml+xml,application/xml;q=0.9,image/webp,image/apng,*/*;q=0.8,application/signed-exchange;v=b3',
  'user-agent' => 'Mozilla/5.0 (iPhone; CPU iPhone OS 11_0 like Mac OS X) AppleWebKit/604.1.38 (KHTML, like Gecko) Version/11.0 Mobile/15A372 Safari/604.1',
  'upgrade-insecure-requests' => '1',
  'cache-control' => 'max-age=0',
  'connection' => 'keep-alive',
  'host' => 'www.mangtuyou.com',
)
[ info ] [ PARAM ] array (
  '/index' => '',
)
[ info ] [ DB ] INIT mysql
[ info ] [ RUN ] app\index\controller\Index->index[ /www/wwwroot/www.mangtuyou.com/application/index/controller/Index.php ]
[ info ] [ VIEW ] ./themes/index/index/index.html [ array (
  0 => 'markList',
) ]
[ info ] [ LOG ] INIT File
[ sql ] [ DB ] CONNECT:[ UseTime:0.000507s ] mysql:dbname=mangtoo;host=localhost;port=3306;charset=utf8
[ sql ] [ SQL ] SHOW COLUMNS FROM `os_newscenic` [ RunTime:0.001070s ]
[ sql ] [ SQL ] SELECT * FROM `os_newscenic` [ RunTime:0.000362s ]

---------------------------------------------------------------
[ 2020-01-04T14:06:50+08:00 ] 172.31.18.39 39.90.252.172 GET /index
[ log ] www.mangtuyou.com/index [运行时间：0.025877s][吞吐率：38.64req/s] [内存消耗：2,410.87kb] [文件加载：55]
[ info ] [ LANG ] /www/wwwroot/www.mangtuyou.com/thinkphp/lang/zh-cn.php
[ info ] [ ROUTE ] array (
  'type' => 'module',
  'module' => 
  array (
    0 => 'index',
    1 => NULL,
    2 => NULL,
  ),
)
[ info ] [ HEADER ] array (
  'cookie' => 'serverType=apache; order=id%20desc; memSize=3789; upNet=0; downNet=0; fifteen=0.05; conterError=; uploadSize=1073741824; rank=a; backup_path=/www/backup; SetId=dfile; ChangePath=24; SetName=aliyuncs.tar.gz; PHPSESSID=uf46vo9b150k4em3ngrlidevv4; BT_PANEL=f974b83e1a2677c453ae07dcc13ae7926b54ee0c; memRealUsed=807; mem-before=807/3789%20%28MB%29; one=0.01; five=0.02; Path=/www/wwwroot/www.mangtuyou.com/themes/index/index',
  'accept-language' => 'zh-CN,zh;q=0.9',
  'accept-encoding' => 'gzip, deflate',
  'accept' => 'text/html,application/xhtml+xml,application/xml;q=0.9,image/webp,image/apng,*/*;q=0.8,application/signed-exchange;v=b3',
  'user-agent' => 'Mozilla/5.0 (Windows NT 6.1; WOW64) AppleWebKit/537.36 (KHTML, like Gecko) Chrome/78.0.3904.108 Safari/537.36',
  'upgrade-insecure-requests' => '1',
  'cache-control' => 'max-age=0',
  'connection' => 'keep-alive',
  'host' => 'www.mangtuyou.com',
)
[ info ] [ PARAM ] array (
  '/index' => '',
)
[ info ] [ DB ] INIT mysql
[ info ] [ RUN ] app\index\controller\Index->index[ /www/wwwroot/www.mangtuyou.com/application/index/controller/Index.php ]
[ info ] [ VIEW ] ./themes/index/index/index.html [ array (
  0 => 'markList',
) ]
[ info ] [ LOG ] INIT File
[ sql ] [ DB ] CONNECT:[ UseTime:0.000334s ] mysql:dbname=mangtoo;host=localhost;port=3306;charset=utf8
[ sql ] [ SQL ] SHOW COLUMNS FROM `os_newscenic` [ RunTime:0.000887s ]
[ sql ] [ SQL ] SELECT * FROM `os_newscenic` [ RunTime:0.000232s ]

---------------------------------------------------------------
[ 2020-01-04T14:06:59+08:00 ] 172.31.18.39 39.90.252.172 GET /index
[ log ] www.mangtuyou.com/index [运行时间：0.026109s][吞吐率：38.30req/s] [内存消耗：2,410.87kb] [文件加载：55]
[ info ] [ LANG ] /www/wwwroot/www.mangtuyou.com/thinkphp/lang/zh-cn.php
[ info ] [ ROUTE ] array (
  'type' => 'module',
  'module' => 
  array (
    0 => 'index',
    1 => NULL,
    2 => NULL,
  ),
)
[ info ] [ HEADER ] array (
  'cookie' => 'serverType=apache; order=id%20desc; memSize=3789; upNet=0; downNet=0; fifteen=0.05; conterError=; uploadSize=1073741824; rank=a; backup_path=/www/backup; SetId=dfile; ChangePath=24; SetName=aliyuncs.tar.gz; PHPSESSID=uf46vo9b150k4em3ngrlidevv4; BT_PANEL=f974b83e1a2677c453ae07dcc13ae7926b54ee0c; memRealUsed=807; mem-before=807/3789%20%28MB%29; one=0.01; five=0.02; Path=/www/wwwroot/www.mangtuyou.com/themes/index/index',
  'accept-language' => 'zh-CN,zh;q=0.9',
  'accept-encoding' => 'gzip, deflate',
  'accept' => 'text/html,application/xhtml+xml,application/xml;q=0.9,image/webp,image/apng,*/*;q=0.8,application/signed-exchange;v=b3',
  'user-agent' => 'Mozilla/5.0 (Windows NT 6.1; WOW64) AppleWebKit/537.36 (KHTML, like Gecko) Chrome/78.0.3904.108 Safari/537.36',
  'upgrade-insecure-requests' => '1',
  'cache-control' => 'max-age=0',
  'connection' => 'keep-alive',
  'host' => 'www.mangtuyou.com',
)
[ info ] [ PARAM ] array (
  '/index' => '',
)
[ info ] [ DB ] INIT mysql
[ info ] [ RUN ] app\index\controller\Index->index[ /www/wwwroot/www.mangtuyou.com/application/index/controller/Index.php ]
[ info ] [ VIEW ] ./themes/index/index/index.html [ array (
  0 => 'markList',
) ]
[ info ] [ LOG ] INIT File
[ sql ] [ DB ] CONNECT:[ UseTime:0.000487s ] mysql:dbname=mangtoo;host=localhost;port=3306;charset=utf8
[ sql ] [ SQL ] SHOW COLUMNS FROM `os_newscenic` [ RunTime:0.000879s ]
[ sql ] [ SQL ] SELECT * FROM `os_newscenic` [ RunTime:0.000323s ]

---------------------------------------------------------------
[ 2020-01-04T14:09:41+08:00 ] 172.31.18.39 39.90.252.172 GET /index
[ log ] www.mangtuyou.com/index [运行时间：0.026037s][吞吐率：38.41req/s] [内存消耗：2,410.63kb] [文件加载：55]
[ info ] [ LANG ] /www/wwwroot/www.mangtuyou.com/thinkphp/lang/zh-cn.php
[ info ] [ ROUTE ] array (
  'type' => 'module',
  'module' => 
  array (
    0 => 'index',
    1 => NULL,
    2 => NULL,
  ),
)
[ info ] [ HEADER ] array (
  'x-requested-with' => 'com.tencent.mm',
  'cookie' => 'thinkphp_show_page_trace=0|0; OPENID=oai1t1W1nKuY6Oj25qoOa-RnpBZY',
  'accept-language' => 'zh-CN,en-US;q=0.8',
  'accept-encoding' => 'gzip, deflate',
  'accept' => 'text/html,application/xhtml+xml,application/xml;q=0.9,image/webp,*/*;q=0.8',
  'user-agent' => 'Mozilla/5.0 (Linux; Android 6.0.1; DUK-AL20 Build/V417IR; wv) AppleWebKit/537.36 (KHTML, like Gecko) Version/4.0 Chrome/52.0.2743.100 Mobile Safari/537.36 MMWEBID/6416 MicroMessenger/7.0.6.1460(0x27000634) Process/tools NetType/WIFI Language/zh_CN',
  'upgrade-insecure-requests' => '1',
  'connection' => 'keep-alive',
  'host' => 'www.mangtuyou.com',
)
[ info ] [ PARAM ] array (
  '/index' => '',
)
[ info ] [ DB ] INIT mysql
[ info ] [ RUN ] app\index\controller\Index->index[ /www/wwwroot/www.mangtuyou.com/application/index/controller/Index.php ]
[ info ] [ VIEW ] ./themes/index/index/index.html [ array (
  0 => 'markList',
) ]
[ info ] [ LOG ] INIT File
[ sql ] [ DB ] CONNECT:[ UseTime:0.000395s ] mysql:dbname=mangtoo;host=localhost;port=3306;charset=utf8
[ sql ] [ SQL ] SHOW COLUMNS FROM `os_newscenic` [ RunTime:0.000935s ]
[ sql ] [ SQL ] SELECT * FROM `os_newscenic` [ RunTime:0.000293s ]

---------------------------------------------------------------
[ 2020-01-04T14:09:43+08:00 ] 172.31.18.39 39.90.252.172 GET /favicon.ico
[ log ] www.mangtuyou.com/favicon.ico [运行时间：0.012862s][吞吐率：77.75req/s] [内存消耗：1,202.85kb] [文件加载：38]
[ info ] [ LANG ] /www/wwwroot/www.mangtuyou.com/thinkphp/lang/zh-cn.php
[ info ] [ ROUTE ] array (
  'type' => 'module',
  'module' => 
  array (
    0 => 'favicon.ico',
    1 => NULL,
    2 => NULL,
  ),
)
[ info ] [ HEADER ] array (
  'x-requested-with' => 'com.tencent.mm',
  'cookie' => 'OPENID=oai1t1W1nKuY6Oj25qoOa-RnpBZY',
  'accept-language' => 'zh-CN,en-US;q=0.8',
  'accept-encoding' => 'gzip, deflate',
  'referer' => 'http://www.mangtuyou.com/index',
  'accept' => '*/*',
  'user-agent' => 'Mozilla/5.0 (Linux; Android 6.0.1; DUK-AL20 Build/V417IR; wv) AppleWebKit/537.36 (KHTML, like Gecko) Version/4.0 Chrome/52.0.2743.100 Mobile Safari/537.36 MMWEBID/6416 MicroMessenger/7.0.6.1460(0x27000634) Process/tools NetType/WIFI Language/zh_CN',
  'connection' => 'keep-alive',
  'host' => 'www.mangtuyou.com',
)
[ info ] [ PARAM ] array (
  '/favicon_ico' => '',
)
[ info ] [ LOG ] INIT File

---------------------------------------------------------------
[ 2020-01-04T14:09:43+08:00 ] 172.31.18.39 39.90.252.172 GET /favicon.ico
[ log ] www.mangtuyou.com/favicon.ico [运行时间：0.013300s][吞吐率：75.19req/s] [内存消耗：1,202.85kb] [文件加载：38]
[ info ] [ LANG ] /www/wwwroot/www.mangtuyou.com/thinkphp/lang/zh-cn.php
[ info ] [ ROUTE ] array (
  'type' => 'module',
  'module' => 
  array (
    0 => 'favicon.ico',
    1 => NULL,
    2 => NULL,
  ),
)
[ info ] [ HEADER ] array (
  'x-requested-with' => 'com.tencent.mm',
  'cookie' => 'OPENID=oai1t1W1nKuY6Oj25qoOa-RnpBZY',
  'accept-language' => 'zh-CN,en-US;q=0.8',
  'accept-encoding' => 'gzip, deflate',
  'referer' => 'http://www.mangtuyou.com/index',
  'accept' => '*/*',
  'user-agent' => 'Mozilla/5.0 (Linux; Android 6.0.1; DUK-AL20 Build/V417IR; wv) AppleWebKit/537.36 (KHTML, like Gecko) Version/4.0 Chrome/52.0.2743.100 Mobile Safari/537.36 MMWEBID/6416 MicroMessenger/7.0.6.1460(0x27000634) Process/tools NetType/WIFI Language/zh_CN',
  'connection' => 'keep-alive',
  'host' => 'www.mangtuyou.com',
)
[ info ] [ PARAM ] array (
  '/favicon_ico' => '',
)
[ info ] [ LOG ] INIT File

---------------------------------------------------------------
[ 2020-01-04T15:49:07+08:00 ] 172.31.18.39 101.132.151.201 GET /
[ log ] www.mangtuyou.com/ [运行时间：0.033207s][吞吐率：30.11req/s] [内存消耗：2,406.41kb] [文件加载：55]
[ info ] [ LANG ] /www/wwwroot/www.mangtuyou.com/thinkphp/lang/zh-cn.php
[ info ] [ ROUTE ] array (
  'type' => 'module',
  'module' => 
  array (
    0 => '',
    1 => NULL,
    2 => NULL,
  ),
)
[ info ] [ HEADER ] array (
  'accept-encoding' => 'gzip',
  'connection' => 'Keep-Alive',
  'host' => 'www.mangtuyou.com',
  'user-agent' => 'Mozilla/5.0 (X11; Ubuntu; Linux x86_64; rv:36.0) Gecko/20100101 Firefox/36.0',
)
[ info ] [ PARAM ] array (
)
[ info ] [ DB ] INIT mysql
[ info ] [ RUN ] app\index\controller\Index->index[ /www/wwwroot/www.mangtuyou.com/application/index/controller/Index.php ]
[ info ] [ VIEW ] ./themes/index/index/index.html [ array (
  0 => 'markList',
) ]
[ info ] [ LOG ] INIT File
[ sql ] [ DB ] CONNECT:[ UseTime:0.000505s ] mysql:dbname=mangtoo;host=localhost;port=3306;charset=utf8
[ sql ] [ SQL ] SHOW COLUMNS FROM `os_newscenic` [ RunTime:0.001132s ]
[ sql ] [ SQL ] SELECT * FROM `os_newscenic` [ RunTime:0.000277s ]

---------------------------------------------------------------
[ 2020-01-04T18:05:16+08:00 ] 172.31.18.39 49.94.164.70 GET /index/index_copy?scene=126&clicktime=1578132315
[ log ] www.mangtuyou.com/index/index_copy?scene=126&clicktime=1578132315 [运行时间：0.022203s][吞吐率：45.04req/s] [内存消耗：2,285.80kb] [文件加载：52]
[ info ] [ LANG ] /www/wwwroot/www.mangtuyou.com/thinkphp/lang/zh-cn.php
[ info ] [ ROUTE ] array (
  'type' => 'module',
  'module' => 
  array (
    0 => 'index',
    1 => 'index_copy',
    2 => NULL,
  ),
)
[ info ] [ HEADER ] array (
  'connection' => 'keep-alive',
  'accept-encoding' => 'gzip, deflate',
  'accept-language' => 'zh-cn',
  'user-agent' => 'Mozilla/5.0 (iPhone; CPU iPhone OS 13_3 like Mac OS X) AppleWebKit/605.1.15 (KHTML, like Gecko) Mobile/15E148 MicroMessenger/7.0.8(0x17000820) NetType/4G Language/zh_CN',
  'accept' => 'text/html,application/xhtml+xml,application/xml;q=0.9,*/*;q=0.8',
  'upgrade-insecure-requests' => '1',
  'host' => 'www.mangtuyou.com',
)
[ info ] [ PARAM ] array (
  '/index/index_copy' => '',
  'scene' => '126',
  'clicktime' => '1578132315',
)
[ info ] [ DB ] INIT mysql
[ info ] [ RUN ] app\index\controller\IndexCopy->index[ /www/wwwroot/www.mangtuyou.com/application/index/controller/IndexCopy.php ]
[ info ] [ VIEW ] ./themes/index/index_copy/index.html [ array (
) ]
[ info ] [ LOG ] INIT File

---------------------------------------------------------------
[ 2020-01-04T18:06:15+08:00 ] 172.31.18.39 180.97.118.223 GET /index/index_copy?scene=126&clicktime=1578132315
[ log ] www.mangtuyou.com/index/index_copy?scene=126&clicktime=1578132315 [运行时间：0.021189s][吞吐率：47.19req/s] [内存消耗：2,285.65kb] [文件加载：52]
[ info ] [ LANG ] /www/wwwroot/www.mangtuyou.com/thinkphp/lang/zh-cn.php
[ info ] [ ROUTE ] array (
  'type' => 'module',
  'module' => 
  array (
    0 => 'index',
    1 => 'index_copy',
    2 => NULL,
  ),
)
[ info ] [ HEADER ] array (
  'connection' => 'keep-alive',
  'host' => 'www.mangtuyou.com',
  'accept-language' => 'zh-CN,zh;q=0.8,en-US;q=0.6,en;q=0.4',
  'accept' => '*/*',
  'user-agent' => 'Mozilla/5.0 (Linux; Android 5.1.1; SM801 Build/LMY47V; wv) AppleWebKit/537.36 (KHTML, like Gecko) Version/4.0 Chrome/53.0.2785.49 Mobile MQQBrowser/6.2 TBS/043024 Safari/537.36 MicroMessenger/6.5.4.1000 NetType/4G Language/zh_CN',
)
[ info ] [ PARAM ] array (
  '/index/index_copy' => '',
  'scene' => '126',
  'clicktime' => '1578132315',
)
[ info ] [ DB ] INIT mysql
[ info ] [ RUN ] app\index\controller\IndexCopy->index[ /www/wwwroot/www.mangtuyou.com/application/index/controller/IndexCopy.php ]
[ info ] [ VIEW ] ./themes/index/index_copy/index.html [ array (
) ]
[ info ] [ LOG ] INIT File

---------------------------------------------------------------
[ 2020-01-04T19:46:59+08:00 ] 172.31.18.39 113.127.178.239 GET /index
[ log ] www.mangtuyou.com/index [运行时间：0.025970s][吞吐率：38.51req/s] [内存消耗：2,410.28kb] [文件加载：55]
[ info ] [ LANG ] /www/wwwroot/www.mangtuyou.com/thinkphp/lang/zh-cn.php
[ info ] [ ROUTE ] array (
  'type' => 'module',
  'module' => 
  array (
    0 => 'index',
    1 => NULL,
    2 => NULL,
  ),
)
[ info ] [ HEADER ] array (
  'x-requested-with' => 'com.tencent.mm',
  'accept-language' => 'zh-CN,en-US;q=0.9',
  'accept-encoding' => 'gzip, deflate',
  'accept' => 'text/html,application/xhtml+xml,application/xml;q=0.9,image/webp,image/wxpic,image/tpg,image/apng,*/*;q=0.8',
  'user-agent' => 'Mozilla/5.0 (Linux; Android 9; Redmi Note 7 Build/PKQ1.180904.001; wv) AppleWebKit/537.36 (KHTML, like Gecko) Version/4.0 Chrome/67.0.3396.87 XWEB/1163 MMWEBSDK/191201 Mobile Safari/537.36 MMWEBID/24 MicroMessenger/7.0.10.1580(0x27000A54) Process/tools NetType/4G Language/zh_CN ABI/arm64',
  'upgrade-insecure-requests' => '1',
  'connection' => 'keep-alive',
  'host' => 'www.mangtuyou.com',
)
[ info ] [ PARAM ] array (
  '/index' => '',
)
[ info ] [ DB ] INIT mysql
[ info ] [ RUN ] app\index\controller\Index->index[ /www/wwwroot/www.mangtuyou.com/application/index/controller/Index.php ]
[ info ] [ VIEW ] ./themes/index/index/index.html [ array (
  0 => 'markList',
) ]
[ info ] [ LOG ] INIT File
[ sql ] [ DB ] CONNECT:[ UseTime:0.000443s ] mysql:dbname=mangtoo;host=localhost;port=3306;charset=utf8
[ sql ] [ SQL ] SHOW COLUMNS FROM `os_newscenic` [ RunTime:0.000904s ]
[ sql ] [ SQL ] SELECT * FROM `os_newscenic` [ RunTime:0.000295s ]

---------------------------------------------------------------
[ 2020-01-04T19:47:53+08:00 ] 172.31.18.39 113.127.178.239 GET /index
[ log ] www.mangtuyou.com/index [运行时间：0.024081s][吞吐率：41.53req/s] [内存消耗：2,410.28kb] [文件加载：55]
[ info ] [ LANG ] /www/wwwroot/www.mangtuyou.com/thinkphp/lang/zh-cn.php
[ info ] [ ROUTE ] array (
  'type' => 'module',
  'module' => 
  array (
    0 => 'index',
    1 => NULL,
    2 => NULL,
  ),
)
[ info ] [ HEADER ] array (
  'x-requested-with' => 'com.tencent.mm',
  'accept-language' => 'zh-CN,en-US;q=0.9',
  'accept-encoding' => 'gzip, deflate',
  'accept' => 'text/html,application/xhtml+xml,application/xml;q=0.9,image/webp,image/wxpic,image/tpg,image/apng,*/*;q=0.8',
  'user-agent' => 'Mozilla/5.0 (Linux; Android 9; Redmi Note 7 Build/PKQ1.180904.001; wv) AppleWebKit/537.36 (KHTML, like Gecko) Version/4.0 Chrome/67.0.3396.87 XWEB/1163 MMWEBSDK/191201 Mobile Safari/537.36 MMWEBID/24 MicroMessenger/7.0.10.1580(0x27000A54) Process/tools NetType/4G Language/zh_CN ABI/arm64',
  'upgrade-insecure-requests' => '1',
  'connection' => 'keep-alive',
  'host' => 'www.mangtuyou.com',
)
[ info ] [ PARAM ] array (
  '/index' => '',
)
[ info ] [ DB ] INIT mysql
[ info ] [ RUN ] app\index\controller\Index->index[ /www/wwwroot/www.mangtuyou.com/application/index/controller/Index.php ]
[ info ] [ VIEW ] ./themes/index/index/index.html [ array (
  0 => 'markList',
) ]
[ info ] [ LOG ] INIT File
[ sql ] [ DB ] CONNECT:[ UseTime:0.000474s ] mysql:dbname=mangtoo;host=localhost;port=3306;charset=utf8
[ sql ] [ SQL ] SHOW COLUMNS FROM `os_newscenic` [ RunTime:0.000929s ]
[ sql ] [ SQL ] SELECT * FROM `os_newscenic` [ RunTime:0.000309s ]

---------------------------------------------------------------
