[ 2020-01-13T08:57:13+08:00 ] 172.31.18.39 211.95.50.7 GET /
[ log ] www.mangtuyou.com/ [运行时间：0.025357s][吞吐率：39.44req/s] [内存消耗：2,406.50kb] [文件加载：55]
[ info ] [ LANG ] /www/wwwroot/www.mangtuyou.com/thinkphp/lang/zh-cn.php
[ info ] [ ROUTE ] array (
  'type' => 'module',
  'module' => 
  array (
    0 => '',
    1 => NULL,
    2 => NULL,
  ),
)
[ info ] [ HEADER ] array (
  'connection' => 'close',
  'host' => 'www.mangtuyou.com',
  'user-agent' => 'Mozilla/5.0 (compatible; Wappalyzer)',
  'accept' => 'text/html,*/*',
  'content-type' => 'application/x-www-form-urlencoded;charset=UTF-8',
)
[ info ] [ PARAM ] array (
)
[ info ] [ DB ] INIT mysql
[ info ] [ RUN ] app\index\controller\Index->index[ /www/wwwroot/www.mangtuyou.com/application/index/controller/Index.php ]
[ info ] [ VIEW ] ./themes/index/index/index.html [ array (
  0 => 'markList',
) ]
[ info ] [ LOG ] INIT File
[ sql ] [ DB ] CONNECT:[ UseTime:0.000453s ] mysql:dbname=mangtoo;host=localhost;port=3306;charset=utf8
[ sql ] [ SQL ] SHOW COLUMNS FROM `os_newscenic` [ RunTime:0.001131s ]
[ sql ] [ SQL ] SELECT * FROM `os_newscenic` [ RunTime:0.000218s ]

---------------------------------------------------------------
[ 2020-01-13T08:57:15+08:00 ] 172.31.18.39 211.95.50.8 GET /
[ log ] www.mangtuyou.com/ [运行时间：0.023288s][吞吐率：42.94req/s] [内存消耗：2,406.75kb] [文件加载：55]
[ info ] [ LANG ] /www/wwwroot/www.mangtuyou.com/thinkphp/lang/zh-cn.php
[ info ] [ ROUTE ] array (
  'type' => 'module',
  'module' => 
  array (
    0 => '',
    1 => NULL,
    2 => NULL,
  ),
)
[ info ] [ HEADER ] array (
  'accept-encoding' => 'gzip',
  'connection' => 'keep-alive',
  'cache-control' => 'max-age=0',
  'accept-language' => 'zh-CN,zh;q=0.8',
  'accept-charset' => 'GBK,utf-8;q=0.7,*;q=0.3',
  'accept' => 'text/html,application/xhtml+xml,application/xml;q=0.9,*/*;q=0.8',
  'user-agent' => 'Chrome/54.0 (Windows NT 10.0)',
  'host' => 'www.mangtuyou.com',
)
[ info ] [ PARAM ] array (
)
[ info ] [ DB ] INIT mysql
[ info ] [ RUN ] app\index\controller\Index->index[ /www/wwwroot/www.mangtuyou.com/application/index/controller/Index.php ]
[ info ] [ VIEW ] ./themes/index/index/index.html [ array (
  0 => 'markList',
) ]
[ info ] [ LOG ] INIT File
[ sql ] [ DB ] CONNECT:[ UseTime:0.000440s ] mysql:dbname=mangtoo;host=localhost;port=3306;charset=utf8
[ sql ] [ SQL ] SHOW COLUMNS FROM `os_newscenic` [ RunTime:0.001146s ]
[ sql ] [ SQL ] SELECT * FROM `os_newscenic` [ RunTime:0.000301s ]

---------------------------------------------------------------
[ 2020-01-13T08:57:35+08:00 ] 172.31.18.39 211.95.50.8 GET /pc.html
[ log ] www.mangtuyou.com/pc.html [运行时间：0.013263s][吞吐率：75.40req/s] [内存消耗：1,202.12kb] [文件加载：38]
[ info ] [ LANG ] /www/wwwroot/www.mangtuyou.com/thinkphp/lang/zh-cn.php
[ info ] [ ROUTE ] array (
  'type' => 'module',
  'module' => 
  array (
    0 => 'pc',
    1 => NULL,
    2 => NULL,
  ),
)
[ info ] [ HEADER ] array (
  'connection' => 'close',
  'host' => 'www.mangtuyou.com',
  'user-agent' => 'Mozilla/5.0 (compatible; Wappalyzer)',
  'accept' => 'text/html,*/*',
  'referer' => 'http://cnjoa.mangtuyou.com/',
  'content-type' => 'application/x-www-form-urlencoded;charset=UTF-8',
)
[ info ] [ PARAM ] array (
  '/pc_html' => '',
)
[ info ] [ LOG ] INIT File

---------------------------------------------------------------
