[ 2020-01-17T03:32:53+08:00 ] 172.31.18.39 220.181.108.78 GET /
[ log ] www.mangtuyou.com/ [运行时间：0.026882s][吞吐率：37.20req/s] [内存消耗：2,406.66kb] [文件加载：55]
[ info ] [ LANG ] /www/wwwroot/www.mangtuyou.com/thinkphp/lang/zh-cn.php
[ info ] [ ROUTE ] array (
  'type' => 'module',
  'module' => 
  array (
    0 => '',
    1 => NULL,
    2 => NULL,
  ),
)
[ info ] [ HEADER ] array (
  'accept' => '*/*',
  'accept-encoding' => 'gzip',
  'accept-language' => 'zh-cn,zh-tw',
  'user-agent' => 'Mozilla/5.0 (Linux;u;Android 4.2.2;zh-cn;) AppleWebKit/534.46 (KHTML,like Gecko) Version/5.1 Mobile Safari/10600.6.3 (compatible; Baiduspider/2.0; +http://www.baidu.com/search/spider.html)',
  'connection' => 'close',
  'host' => 'www.mangtuyou.com',
)
[ info ] [ PARAM ] array (
)
[ info ] [ DB ] INIT mysql
[ info ] [ RUN ] app\index\controller\Index->index[ /www/wwwroot/www.mangtuyou.com/application/index/controller/Index.php ]
[ info ] [ VIEW ] ./themes/index/index/index.html [ array (
  0 => 'markList',
) ]
[ info ] [ LOG ] INIT File
[ sql ] [ DB ] CONNECT:[ UseTime:0.000451s ] mysql:dbname=mangtoo;host=localhost;port=3306;charset=utf8
[ sql ] [ SQL ] SHOW COLUMNS FROM `os_newscenic` [ RunTime:0.001103s ]
[ sql ] [ SQL ] SELECT * FROM `os_newscenic` [ RunTime:0.000277s ]

---------------------------------------------------------------
[ 2020-01-17T09:46:24+08:00 ] 172.31.18.39 58.247.204.63 GET /admin
[ log ] www.mangtuyou.com/admin [运行时间：0.013765s][吞吐率：72.65req/s] [内存消耗：1,472.48kb] [文件加载：44]
[ info ] [ LANG ] /www/wwwroot/www.mangtuyou.com/thinkphp/lang/zh-cn.php
[ info ] [ ROUTE ] array (
  'type' => 'module',
  'module' => 
  array (
    0 => 'admin',
    1 => NULL,
    2 => NULL,
  ),
)
[ info ] [ HEADER ] array (
  'connection' => 'keep-alive',
  'host' => 'www.mangtuyou.com',
  'accept-language' => 'zh-CN,zh;q=0.8,en-US;q=0.6,en;q=0.4',
  'accept' => '*/*',
  'user-agent' => 'Mozilla/5.0 (Windows NT 6.1; WOW64) AppleWebKit/537.36 (KHTML, like Gecko) Chrome/53.0.2785.104 Safari/537.36 Core/1.53.2141.400 QQBrowser/9.5.10219.400',
)
[ info ] [ PARAM ] array (
  '/admin' => '',
)
[ info ] [ SESSION ] INIT array (
  'id' => '',
  'var_session_id' => '',
  'prefix' => 'think',
  'type' => '',
  'auto_start' => true,
)
[ info ] [ LOG ] INIT File

---------------------------------------------------------------
[ 2020-01-17T09:46:29+08:00 ] 172.31.18.39 223.166.151.197 GET /index
[ log ] www.mangtuyou.com/index [运行时间：0.028482s][吞吐率：35.11req/s] [内存消耗：2,409.77kb] [文件加载：55]
[ info ] [ LANG ] /www/wwwroot/www.mangtuyou.com/thinkphp/lang/zh-cn.php
[ info ] [ ROUTE ] array (
  'type' => 'module',
  'module' => 
  array (
    0 => 'index',
    1 => NULL,
    2 => NULL,
  ),
)
[ info ] [ HEADER ] array (
  'connection' => 'keep-alive',
  'host' => 'www.mangtuyou.com',
  'accept-language' => 'zh-CN,zh;q=0.8,en-US;q=0.6,en;q=0.4',
  'accept' => '*/*',
  'user-agent' => 'Mozilla/5.0 (Windows NT 6.1; WOW64) AppleWebKit/537.36 (KHTML, like Gecko) Chrome/53.0.2785.104 Safari/537.36 Core/1.53.2141.400 QQBrowser/9.5.10219.400',
)
[ info ] [ PARAM ] array (
  '/index' => '',
)
[ info ] [ DB ] INIT mysql
[ info ] [ RUN ] app\index\controller\Index->index[ /www/wwwroot/www.mangtuyou.com/application/index/controller/Index.php ]
[ info ] [ VIEW ] ./themes/index/index/index.html [ array (
  0 => 'markList',
) ]
[ info ] [ LOG ] INIT File
[ sql ] [ DB ] CONNECT:[ UseTime:0.000494s ] mysql:dbname=mangtoo;host=localhost;port=3306;charset=utf8
[ sql ] [ SQL ] SHOW COLUMNS FROM `os_newscenic` [ RunTime:0.003012s ]
[ sql ] [ SQL ] SELECT * FROM `os_newscenic` [ RunTime:0.000354s ]

---------------------------------------------------------------
[ 2020-01-17T22:27:46+08:00 ] 172.31.18.39 36.32.3.3 GET /
[ log ] www.mangtuyou.com/ [运行时间：0.023607s][吞吐率：42.36req/s] [内存消耗：2,407.30kb] [文件加载：55]
[ info ] [ LANG ] /www/wwwroot/www.mangtuyou.com/thinkphp/lang/zh-cn.php
[ info ] [ ROUTE ] array (
  'type' => 'module',
  'module' => 
  array (
    0 => '',
    1 => NULL,
    2 => NULL,
  ),
)
[ info ] [ HEADER ] array (
  'connection' => 'keep-alive',
  'host' => 'www.mangtuyou.com',
  'upgrade-insecure-requests' => '1',
  'pragma' => 'no-cache',
  'cache-control' => 'no-cache',
  'accept-language' => 'zh-CN,zh;q=0.8,en-US;q=0.6,en;q=0.4',
  'accept-encoding' => 'gzip, deflate, sdch',
  'accept' => 'text/html,application/xhtml+xml,application/xml;q=0.9,image/webp,*/*;q=0.8',
  'user-agent' => 'Mozilla/5.0 (X11; Linux x86_64) AppleWebKit/535.21 (KHTML, like Gecko) Chrome/19.0.1042.0 Safari/535.21',
)
[ info ] [ PARAM ] array (
)
[ info ] [ DB ] INIT mysql
[ info ] [ RUN ] app\index\controller\Index->index[ /www/wwwroot/www.mangtuyou.com/application/index/controller/Index.php ]
[ info ] [ VIEW ] ./themes/index/index/index.html [ array (
  0 => 'markList',
) ]
[ info ] [ LOG ] INIT File
[ sql ] [ DB ] CONNECT:[ UseTime:0.000314s ] mysql:dbname=mangtoo;host=localhost;port=3306;charset=utf8
[ sql ] [ SQL ] SHOW COLUMNS FROM `os_newscenic` [ RunTime:0.000832s ]
[ sql ] [ SQL ] SELECT * FROM `os_newscenic` [ RunTime:0.000467s ]

---------------------------------------------------------------
