[ 2020-01-28T23:29:35+08:00 ] 172.31.18.39 64.225.22.126 HEAD /
[ log ] www.mangtuyou.com/ [运行时间：0.031858s][吞吐率：31.39req/s] [内存消耗：2,422.05kb] [文件加载：55]
[ info ] [ LANG ] /www/wwwroot/www.mangtuyou.com/thinkphp/lang/zh-cn.php
[ info ] [ ROUTE ] array (
  'type' => 'module',
  'module' => 
  array (
    0 => '',
    1 => NULL,
    2 => NULL,
  ),
)
[ info ] [ HEADER ] array (
  'connection' => 'close',
  'user-agent' => 'Mozilla/4.0 (compatible; Netcraft Web Server Survey)',
  'referer' => 'https://www.netcraft.com/survey/',
  'host' => 'www.mangtuyou.com',
)
[ info ] [ PARAM ] array (
)
[ info ] [ DB ] INIT mysql
[ info ] [ RUN ] app\index\controller\Index->index[ /www/wwwroot/www.mangtuyou.com/application/index/controller/Index.php ]
[ info ] [ VIEW ] ./themes/index/index/index.html [ array (
  0 => 'markList',
) ]
[ info ] [ LOG ] INIT File
[ sql ] [ DB ] CONNECT:[ UseTime:0.000316s ] mysql:dbname=mangtoo;host=localhost;port=3306;charset=utf8
[ sql ] [ SQL ] SHOW COLUMNS FROM `os_newscenic` [ RunTime:0.001039s ]
[ sql ] [ SQL ] SELECT * FROM `os_newscenic` [ RunTime:0.000276s ]

---------------------------------------------------------------
