[ 2020-01-31T00:48:42+08:00 ] 172.31.18.39 51.89.228.207 GET /
[ log ] www.mangtuyou.com/ [运行时间：0.026508s][吞吐率：37.72req/s] [内存消耗：2,460.45kb] [文件加载：57]
[ info ] [ LANG ] /www/wwwroot/www.mangtuyou.com/thinkphp/lang/zh-cn.php
[ info ] [ ROUTE ] array (
  'type' => 'module',
  'module' => 
  array (
    0 => '',
    1 => NULL,
    2 => NULL,
  ),
)
[ info ] [ HEADER ] array (
  'accept-encoding' => 'gzip',
  'connection' => 'keep-alive',
  'accept-language' => 'en-US,en;q=0.5',
  'accept' => 'text/html,application/xhtml+xml,application/xml;q=0.9,*/*;q=0.8',
  'user-agent' => 'Mozilla/5.0 (Windows NT 10.0; Win64; x64; rv:71.0) Gecko/20100101 Firefox/71.0',
  'host' => 'www.mangtuyou.com',
)
[ info ] [ PARAM ] array (
)
[ info ] [ DB ] INIT mysql
[ info ] [ RUN ] app\index\controller\Index->index[ /www/wwwroot/www.mangtuyou.com/application/index/controller/Index.php ]
[ info ] [ LOG ] INIT File
[ sql ] [ DB ] CONNECT:[ UseTime:0.000385s ] mysql:dbname=mangtoo;host=localhost;port=3306;charset=utf8
[ sql ] [ SQL ] SHOW COLUMNS FROM `os_newscenic` [ RunTime:0.000840s ]
[ sql ] [ SQL ] SELECT * FROM `os_newscenic` [ RunTime:0.000339s ]
[ error ] [0]模板文件不存在:./themes/index/index/index.html[/www/wwwroot/www.mangtuyou.com/thinkphp/library/think/view/driver/Think.php:80]

---------------------------------------------------------------
[ 2020-01-31T09:26:53+08:00 ] 172.31.18.39 94.247.172.129 GET /
[ log ] www.mangtuyou.com/ [运行时间：0.031175s][吞吐率：32.08req/s] [内存消耗：2,460.16kb] [文件加载：57]
[ info ] [ LANG ] /www/wwwroot/www.mangtuyou.com/thinkphp/lang/zh-cn.php
[ info ] [ ROUTE ] array (
  'type' => 'module',
  'module' => 
  array (
    0 => '',
    1 => NULL,
    2 => NULL,
  ),
)
[ info ] [ HEADER ] array (
  'user-agent' => 'Mozilla/5.0 (Macintosh; Intel Mac OS X 10_9_2)',
  'accept-encoding' => 'gzip',
  'host' => 'www.mangtuyou.com',
)
[ info ] [ PARAM ] array (
)
[ info ] [ DB ] INIT mysql
[ info ] [ RUN ] app\index\controller\Index->index[ /www/wwwroot/www.mangtuyou.com/application/index/controller/Index.php ]
[ info ] [ LOG ] INIT File
[ sql ] [ DB ] CONNECT:[ UseTime:0.000431s ] mysql:dbname=mangtoo;host=localhost;port=3306;charset=utf8
[ sql ] [ SQL ] SHOW COLUMNS FROM `os_newscenic` [ RunTime:0.000939s ]
[ sql ] [ SQL ] SELECT * FROM `os_newscenic` [ RunTime:0.000251s ]
[ error ] [0]模板文件不存在:./themes/index/index/index.html[/www/wwwroot/www.mangtuyou.com/thinkphp/library/think/view/driver/Think.php:80]

---------------------------------------------------------------
[ 2020-01-31T10:12:45+08:00 ] 172.31.18.39 51.89.228.207 GET /
[ log ] www.mangtuyou.com/ [运行时间：0.026499s][吞吐率：37.74req/s] [内存消耗：2,460.46kb] [文件加载：57]
[ info ] [ LANG ] /www/wwwroot/www.mangtuyou.com/thinkphp/lang/zh-cn.php
[ info ] [ ROUTE ] array (
  'type' => 'module',
  'module' => 
  array (
    0 => '',
    1 => NULL,
    2 => NULL,
  ),
)
[ info ] [ HEADER ] array (
  'accept-encoding' => 'gzip',
  'connection' => 'keep-alive',
  'accept-language' => 'en-US,en;q=0.5',
  'accept' => 'text/html,application/xhtml+xml,application/xml;q=0.9,*/*;q=0.8',
  'user-agent' => 'Mozilla/5.0 (Windows NT 10.0; Win64; x64; rv:71.0) Gecko/20100101 Firefox/71.0',
  'host' => 'www.mangtuyou.com',
)
[ info ] [ PARAM ] array (
)
[ info ] [ DB ] INIT mysql
[ info ] [ RUN ] app\index\controller\Index->index[ /www/wwwroot/www.mangtuyou.com/application/index/controller/Index.php ]
[ info ] [ LOG ] INIT File
[ sql ] [ DB ] CONNECT:[ UseTime:0.000417s ] mysql:dbname=mangtoo;host=localhost;port=3306;charset=utf8
[ sql ] [ SQL ] SHOW COLUMNS FROM `os_newscenic` [ RunTime:0.000920s ]
[ sql ] [ SQL ] SELECT * FROM `os_newscenic` [ RunTime:0.000341s ]
[ error ] [0]模板文件不存在:./themes/index/index/index.html[/www/wwwroot/www.mangtuyou.com/thinkphp/library/think/view/driver/Think.php:80]

---------------------------------------------------------------
[ 2020-01-31T17:12:05+08:00 ] 172.31.18.39 123.151.77.70 GET /index/index_copy
[ log ] www.mangtuyou.com/index/index_copy [运行时间：0.021515s][吞吐率：46.48req/s] [内存消耗：2,286.38kb] [文件加载：52]
[ info ] [ LANG ] /www/wwwroot/www.mangtuyou.com/thinkphp/lang/zh-cn.php
[ info ] [ ROUTE ] array (
  'type' => 'module',
  'module' => 
  array (
    0 => 'index',
    1 => 'index_copy',
    2 => NULL,
  ),
)
[ info ] [ HEADER ] array (
  'x-forwarded-for-pound' => '112.244.176.117',
  'x-forwarded-for' => '112.244.176.117',
  'user-agent' => 'Mozilla/5.0 (Linux; Android 9; MI 8 Build/PKQ1.180729.001; wv) AppleWebKit/537.36 (KHTML, like Gecko) Version/4.0 Chrome/66.0.3359.126 MQQBrowser/6.2 TBS/045035 Mobile Safari/537.36 MMWEBID/2738 MicroMessenger/7.0.10.1580(0x27000A5C) Process/tools NetType/WIFI Language/en ABI/arm64',
  'upgrade-insecure-requests' => '1',
  'host' => 'www.mangtuyou.com',
  'connection' => 'close',
  'accept-language' => 'en-US',
  'accept-encoding' => 'gzip',
  'accept' => 'text/html,application/xhtml+xml,application/xml;q=0.9,image/webp,image/apng,image/wxpic,image/sharpp,image/apng,image/tpg,*/*;q=0.8',
)
[ info ] [ PARAM ] array (
  '/index/index_copy' => '',
)
[ info ] [ DB ] INIT mysql
[ info ] [ RUN ] app\index\controller\IndexCopy->index[ /www/wwwroot/www.mangtuyou.com/application/index/controller/IndexCopy.php ]
[ info ] [ VIEW ] ./themes/index/index_copy/index.html [ array (
) ]
[ info ] [ LOG ] INIT File

---------------------------------------------------------------
[ 2020-01-31T17:12:44+08:00 ] 172.31.18.39 112.244.176.117 GET /favicon.ico
[ log ] www.mangtuyou.com/favicon.ico [运行时间：0.013649s][吞吐率：73.27req/s] [内存消耗：1,202.46kb] [文件加载：38]
[ info ] [ LANG ] /www/wwwroot/www.mangtuyou.com/thinkphp/lang/zh-cn.php
[ info ] [ ROUTE ] array (
  'type' => 'module',
  'module' => 
  array (
    0 => 'favicon.ico',
    1 => NULL,
    2 => NULL,
  ),
)
[ info ] [ HEADER ] array (
  'accept-language' => 'en-US',
  'accept-encoding' => 'gzip, deflate',
  'referer' => 'http://www.mangtuyou.com/themes/index/index/view/',
  'accept' => 'image/webp,image/apng,image/*,*/*;q=0.8',
  'user-agent' => 'Mozilla/5.0 (Linux; U; Android 9; en-us; MI 8 Build/PKQ1.180729.001) AppleWebKit/537.36 (KHTML, like Gecko) Version/4.0 Chrome/71.0.3578.141 Mobile Safari/537.36 XiaoMi/MiuiBrowser/11.7.30',
  'connection' => 'keep-alive',
  'host' => 'www.mangtuyou.com',
)
[ info ] [ PARAM ] array (
  '/favicon_ico' => '',
)
[ info ] [ LOG ] INIT File

---------------------------------------------------------------
[ 2020-01-31T17:12:45+08:00 ] 172.31.18.39 120.92.72.197 GET /
[ log ] www.mangtuyou.com/ [运行时间：0.026088s][吞吐率：38.33req/s] [内存消耗：2,460.45kb] [文件加载：57]
[ info ] [ LANG ] /www/wwwroot/www.mangtuyou.com/thinkphp/lang/zh-cn.php
[ info ] [ ROUTE ] array (
  'type' => 'module',
  'module' => 
  array (
    0 => '',
    1 => NULL,
    2 => NULL,
  ),
)
[ info ] [ HEADER ] array (
  'cookie' => '',
  'connection' => 'keep-alive',
  'accept' => '*/*',
  'accept-encoding' => 'gzip, deflate',
  'user-agent' => 'Mozilla/5.0 (Windows NT 10.0; Win64; x64) AppleWebKit/537.36 (KHTML, like Gecko) Chrome/46.0.2486.0 Safari/537.36 Edge/13.10586',
  'host' => 'www.mangtuyou.com',
)
[ info ] [ PARAM ] array (
)
[ info ] [ DB ] INIT mysql
[ info ] [ RUN ] app\index\controller\Index->index[ /www/wwwroot/www.mangtuyou.com/application/index/controller/Index.php ]
[ info ] [ LOG ] INIT File
[ sql ] [ DB ] CONNECT:[ UseTime:0.000470s ] mysql:dbname=mangtoo;host=localhost;port=3306;charset=utf8
[ sql ] [ SQL ] SHOW COLUMNS FROM `os_newscenic` [ RunTime:0.001003s ]
[ sql ] [ SQL ] SELECT * FROM `os_newscenic` [ RunTime:0.000235s ]
[ error ] [0]模板文件不存在:./themes/index/index/index.html[/www/wwwroot/www.mangtuyou.com/thinkphp/library/think/view/driver/Think.php:80]

---------------------------------------------------------------
[ 2020-01-31T17:12:50+08:00 ] 172.31.18.39 112.244.176.117 GET /index/index/getcity
[ log ] www.mangtuyou.com/index/index/getcity [运行时间：0.023806s][吞吐率：42.01req/s] [内存消耗：2,365.43kb] [文件加载：53]
[ info ] [ LANG ] /www/wwwroot/www.mangtuyou.com/thinkphp/lang/zh-cn.php
[ info ] [ ROUTE ] array (
  'type' => 'module',
  'module' => 
  array (
    0 => 'index',
    1 => 'index',
    2 => 'getcity',
  ),
)
[ info ] [ HEADER ] array (
  'accept-language' => 'en-US',
  'accept-encoding' => 'gzip, deflate',
  'referer' => 'http://www.mangtuyou.com/themes/index/index/view/drive.html',
  'user-agent' => 'Mozilla/5.0 (Linux; U; Android 9; en-us; MI 8 Build/PKQ1.180729.001) AppleWebKit/537.36 (KHTML, like Gecko) Version/4.0 Chrome/71.0.3578.141 Mobile Safari/537.36 XiaoMi/MiuiBrowser/11.7.30',
  'x-requested-with' => 'XMLHttpRequest',
  'accept' => 'application/json, text/javascript, */*; q=0.01',
  'connection' => 'keep-alive',
  'host' => 'www.mangtuyou.com',
)
[ info ] [ PARAM ] array (
  '/index/index/getcity' => '',
)
[ info ] [ DB ] INIT mysql
[ info ] [ RUN ] app\index\controller\Index->getCity[ /www/wwwroot/www.mangtuyou.com/application/index/controller/Index.php ]
[ info ] [ LOG ] INIT File
[ sql ] [ DB ] CONNECT:[ UseTime:0.000264s ] mysql:dbname=mangtoo;host=localhost;port=3306;charset=utf8
[ sql ] [ SQL ] SHOW COLUMNS FROM `os_newscenic` [ RunTime:0.001086s ]
[ sql ] [ SQL ] SELECT DISTINCT  `city` FROM `os_newscenic` ORDER BY city desc [ RunTime:0.000177s ]

---------------------------------------------------------------
[ 2020-01-31T17:12:50+08:00 ] 172.31.18.39 112.244.176.117 GET /favicon.ico
[ log ] www.mangtuyou.com/favicon.ico [运行时间：0.012430s][吞吐率：80.45req/s] [内存消耗：1,202.46kb] [文件加载：38]
[ info ] [ LANG ] /www/wwwroot/www.mangtuyou.com/thinkphp/lang/zh-cn.php
[ info ] [ ROUTE ] array (
  'type' => 'module',
  'module' => 
  array (
    0 => 'favicon.ico',
    1 => NULL,
    2 => NULL,
  ),
)
[ info ] [ HEADER ] array (
  'accept-language' => 'en-US',
  'accept-encoding' => 'gzip, deflate',
  'referer' => 'http://www.mangtuyou.com/themes/index/index/view/drive.html',
  'accept' => 'image/webp,image/apng,image/*,*/*;q=0.8',
  'user-agent' => 'Mozilla/5.0 (Linux; U; Android 9; en-us; MI 8 Build/PKQ1.180729.001) AppleWebKit/537.36 (KHTML, like Gecko) Version/4.0 Chrome/71.0.3578.141 Mobile Safari/537.36 XiaoMi/MiuiBrowser/11.7.30',
  'connection' => 'keep-alive',
  'host' => 'www.mangtuyou.com',
)
[ info ] [ PARAM ] array (
  '/favicon_ico' => '',
)
[ info ] [ LOG ] INIT File

---------------------------------------------------------------
[ 2020-01-31T17:12:53+08:00 ] 172.31.18.39 112.244.176.117 GET /favicon.ico
[ log ] www.mangtuyou.com/favicon.ico [运行时间：0.013970s][吞吐率：71.58req/s] [内存消耗：1,202.46kb] [文件加载：38]
[ info ] [ LANG ] /www/wwwroot/www.mangtuyou.com/thinkphp/lang/zh-cn.php
[ info ] [ ROUTE ] array (
  'type' => 'module',
  'module' => 
  array (
    0 => 'favicon.ico',
    1 => NULL,
    2 => NULL,
  ),
)
[ info ] [ HEADER ] array (
  'accept-language' => 'en-US',
  'accept-encoding' => 'gzip, deflate',
  'referer' => 'http://www.mangtuyou.com/themes/index/index/view/index.html',
  'accept' => 'image/webp,image/apng,image/*,*/*;q=0.8',
  'user-agent' => 'Mozilla/5.0 (Linux; U; Android 9; en-us; MI 8 Build/PKQ1.180729.001) AppleWebKit/537.36 (KHTML, like Gecko) Version/4.0 Chrome/71.0.3578.141 Mobile Safari/537.36 XiaoMi/MiuiBrowser/11.7.30',
  'connection' => 'keep-alive',
  'host' => 'www.mangtuyou.com',
)
[ info ] [ PARAM ] array (
  '/favicon_ico' => '',
)
[ info ] [ LOG ] INIT File

---------------------------------------------------------------
[ 2020-01-31T17:12:55+08:00 ] 172.31.18.39 112.244.176.117 GET /favicon.ico
[ log ] www.mangtuyou.com/favicon.ico [运行时间：0.013671s][吞吐率：73.15req/s] [内存消耗：1,202.46kb] [文件加载：38]
[ info ] [ LANG ] /www/wwwroot/www.mangtuyou.com/thinkphp/lang/zh-cn.php
[ info ] [ ROUTE ] array (
  'type' => 'module',
  'module' => 
  array (
    0 => 'favicon.ico',
    1 => NULL,
    2 => NULL,
  ),
)
[ info ] [ HEADER ] array (
  'accept-language' => 'en-US',
  'accept-encoding' => 'gzip, deflate',
  'referer' => 'http://www.mangtuyou.com/themes/index/index/view/markList.html',
  'accept' => 'image/webp,image/apng,image/*,*/*;q=0.8',
  'user-agent' => 'Mozilla/5.0 (Linux; U; Android 9; en-us; MI 8 Build/PKQ1.180729.001) AppleWebKit/537.36 (KHTML, like Gecko) Version/4.0 Chrome/71.0.3578.141 Mobile Safari/537.36 XiaoMi/MiuiBrowser/11.7.30',
  'connection' => 'keep-alive',
  'host' => 'www.mangtuyou.com',
)
[ info ] [ PARAM ] array (
  '/favicon_ico' => '',
)
[ info ] [ LOG ] INIT File

---------------------------------------------------------------
[ 2020-01-31T17:13:01+08:00 ] 172.31.18.39 112.244.176.117 GET /favicon.ico
[ log ] www.mangtuyou.com/favicon.ico [运行时间：0.013362s][吞吐率：74.84req/s] [内存消耗：1,202.46kb] [文件加载：38]
[ info ] [ LANG ] /www/wwwroot/www.mangtuyou.com/thinkphp/lang/zh-cn.php
[ info ] [ ROUTE ] array (
  'type' => 'module',
  'module' => 
  array (
    0 => 'favicon.ico',
    1 => NULL,
    2 => NULL,
  ),
)
[ info ] [ HEADER ] array (
  'accept-language' => 'en-US',
  'accept-encoding' => 'gzip, deflate',
  'referer' => 'http://www.mangtuyou.com/themes/index/index/view/mark.html',
  'accept' => 'image/webp,image/apng,image/*,*/*;q=0.8',
  'user-agent' => 'Mozilla/5.0 (Linux; U; Android 9; en-us; MI 8 Build/PKQ1.180729.001) AppleWebKit/537.36 (KHTML, like Gecko) Version/4.0 Chrome/71.0.3578.141 Mobile Safari/537.36 XiaoMi/MiuiBrowser/11.7.30',
  'connection' => 'keep-alive',
  'host' => 'www.mangtuyou.com',
)
[ info ] [ PARAM ] array (
  '/favicon_ico' => '',
)
[ info ] [ LOG ] INIT File

---------------------------------------------------------------
[ 2020-01-31T22:50:46+08:00 ] 172.31.18.39 36.5.176.251 GET /
[ log ] www.mangtuyou.com/ [运行时间：0.025833s][吞吐率：38.71req/s] [内存消耗：2,461.15kb] [文件加载：57]
[ info ] [ LANG ] /www/wwwroot/www.mangtuyou.com/thinkphp/lang/zh-cn.php
[ info ] [ ROUTE ] array (
  'type' => 'module',
  'module' => 
  array (
    0 => '',
    1 => NULL,
    2 => NULL,
  ),
)
[ info ] [ HEADER ] array (
  'connection' => 'keep-alive',
  'host' => 'www.mangtuyou.com',
  'upgrade-insecure-requests' => '1',
  'pragma' => 'no-cache',
  'cache-control' => 'no-cache',
  'accept-language' => 'zh-CN,zh;q=0.8,en-US;q=0.6,en;q=0.4',
  'accept-encoding' => 'gzip, deflate, sdch',
  'accept' => 'text/html,application/xhtml+xml,application/xml;q=0.9,image/webp,*/*;q=0.8',
  'user-agent' => 'Mozilla/5.0 (X11; Linux x86_64) AppleWebKit/535.21 (KHTML, like Gecko) Chrome/19.0.1042.0 Safari/535.21',
)
[ info ] [ PARAM ] array (
)
[ info ] [ DB ] INIT mysql
[ info ] [ RUN ] app\index\controller\Index->index[ /www/wwwroot/www.mangtuyou.com/application/index/controller/Index.php ]
[ info ] [ LOG ] INIT File
[ sql ] [ DB ] CONNECT:[ UseTime:0.000384s ] mysql:dbname=mangtoo;host=localhost;port=3306;charset=utf8
[ sql ] [ SQL ] SHOW COLUMNS FROM `os_newscenic` [ RunTime:0.001039s ]
[ sql ] [ SQL ] SELECT * FROM `os_newscenic` [ RunTime:0.000510s ]
[ error ] [0]模板文件不存在:./themes/index/index/index.html[/www/wwwroot/www.mangtuyou.com/thinkphp/library/think/view/driver/Think.php:80]

---------------------------------------------------------------
[ 2020-01-31T22:50:47+08:00 ] 172.31.18.39 36.5.176.25 GET /
[ log ] www.mangtuyou.com/ [运行时间：0.026402s][吞吐率：37.88req/s] [内存消耗：2,461.15kb] [文件加载：57]
[ info ] [ LANG ] /www/wwwroot/www.mangtuyou.com/thinkphp/lang/zh-cn.php
[ info ] [ ROUTE ] array (
  'type' => 'module',
  'module' => 
  array (
    0 => '',
    1 => NULL,
    2 => NULL,
  ),
)
[ info ] [ HEADER ] array (
  'connection' => 'keep-alive',
  'host' => 'www.mangtuyou.com',
  'upgrade-insecure-requests' => '1',
  'pragma' => 'no-cache',
  'cache-control' => 'no-cache',
  'accept-language' => 'zh-CN,zh;q=0.8,en-US;q=0.6,en;q=0.4',
  'accept-encoding' => 'gzip, deflate, sdch',
  'accept' => 'text/html,application/xhtml+xml,application/xml;q=0.9,image/webp,*/*;q=0.8',
  'user-agent' => 'Mozilla/5.0 (X11; Linux x86_64) AppleWebKit/535.21 (KHTML, like Gecko) Chrome/19.0.1042.0 Safari/535.21',
)
[ info ] [ PARAM ] array (
)
[ info ] [ DB ] INIT mysql
[ info ] [ RUN ] app\index\controller\Index->index[ /www/wwwroot/www.mangtuyou.com/application/index/controller/Index.php ]
[ info ] [ LOG ] INIT File
[ sql ] [ DB ] CONNECT:[ UseTime:0.000354s ] mysql:dbname=mangtoo;host=localhost;port=3306;charset=utf8
[ sql ] [ SQL ] SHOW COLUMNS FROM `os_newscenic` [ RunTime:0.000970s ]
[ sql ] [ SQL ] SELECT * FROM `os_newscenic` [ RunTime:0.000358s ]
[ error ] [0]模板文件不存在:./themes/index/index/index.html[/www/wwwroot/www.mangtuyou.com/thinkphp/library/think/view/driver/Think.php:80]

---------------------------------------------------------------
[ 2020-01-31T22:50:47+08:00 ] 172.31.18.39 171.37.205.215 GET /
[ log ] www.mangtuyou.com/ [运行时间：0.026732s][吞吐率：37.41req/s] [内存消耗：2,461.15kb] [文件加载：57]
[ info ] [ LANG ] /www/wwwroot/www.mangtuyou.com/thinkphp/lang/zh-cn.php
[ info ] [ ROUTE ] array (
  'type' => 'module',
  'module' => 
  array (
    0 => '',
    1 => NULL,
    2 => NULL,
  ),
)
[ info ] [ HEADER ] array (
  'connection' => 'keep-alive',
  'host' => 'www.mangtuyou.com',
  'upgrade-insecure-requests' => '1',
  'pragma' => 'no-cache',
  'cache-control' => 'no-cache',
  'accept-language' => 'zh-CN,zh;q=0.8,en-US;q=0.6,en;q=0.4',
  'accept-encoding' => 'gzip, deflate, sdch',
  'accept' => 'text/html,application/xhtml+xml,application/xml;q=0.9,image/webp,*/*;q=0.8',
  'user-agent' => 'Mozilla/5.0 (X11; Linux x86_64) AppleWebKit/535.21 (KHTML, like Gecko) Chrome/19.0.1042.0 Safari/535.21',
)
[ info ] [ PARAM ] array (
)
[ info ] [ DB ] INIT mysql
[ info ] [ RUN ] app\index\controller\Index->index[ /www/wwwroot/www.mangtuyou.com/application/index/controller/Index.php ]
[ info ] [ LOG ] INIT File
[ sql ] [ DB ] CONNECT:[ UseTime:0.000427s ] mysql:dbname=mangtoo;host=localhost;port=3306;charset=utf8
[ sql ] [ SQL ] SHOW COLUMNS FROM `os_newscenic` [ RunTime:0.001171s ]
[ sql ] [ SQL ] SELECT * FROM `os_newscenic` [ RunTime:0.000431s ]
[ error ] [0]模板文件不存在:./themes/index/index/index.html[/www/wwwroot/www.mangtuyou.com/thinkphp/library/think/view/driver/Think.php:80]

---------------------------------------------------------------
