[ 2019-09-24T06:36:41+08:00 ] 192.168.1.87 47.101.194.200 GET /
[ log ] wechat1.wfdingrui.com/ [运行时间：0.015265s][吞吐率：65.51req/s] [内存消耗：1,467.20kb] [文件加载：44]
[ info ] [ LANG ] /www/wwwroot/wechat1.wfdingrui.com/thinkphp/lang/zh-cn.php
[ info ] [ ROUTE ] array (
  'type' => 'module',
  'module' => 
  array (
    0 => '',
    1 => NULL,
    2 => NULL,
  ),
)
[ info ] [ HEADER ] array (
  'accept-encoding' => 'gzip',
  'connection' => 'Keep-Alive',
  'host' => 'wechat1.wfdingrui.com',
  'user-agent' => 'Mozilla/5.0 (X11; Ubuntu; Linux x86_64; rv:36.0) Gecko/20100101 Firefox/36.0',
)
[ info ] [ PARAM ] array (
)
[ info ] [ SESSION ] INIT array (
  'id' => '',
  'var_session_id' => '',
  'prefix' => 'think',
  'type' => '',
  'auto_start' => true,
)
[ info ] [ LOG ] INIT File

---------------------------------------------------------------
[ 2019-09-24T06:36:41+08:00 ] 192.168.1.87 47.101.194.200 GET /admin/login/index.html
[ log ] wechat1.wfdingrui.com/admin/login/index.html [运行时间：0.016058s][吞吐率：62.27req/s] [内存消耗：1,501.39kb] [文件加载：45]
[ info ] [ LANG ] /www/wwwroot/wechat1.wfdingrui.com/thinkphp/lang/zh-cn.php
[ info ] [ ROUTE ] array (
  'type' => 'module',
  'module' => 
  array (
    0 => 'admin',
    1 => 'login',
    2 => 'index',
  ),
)
[ info ] [ HEADER ] array (
  'accept-encoding' => 'gzip',
  'connection' => 'Keep-Alive',
  'host' => 'wechat1.wfdingrui.com',
  'user-agent' => 'Mozilla/5.0 (X11; Ubuntu; Linux x86_64; rv:36.0) Gecko/20100101 Firefox/36.0',
)
[ info ] [ PARAM ] array (
  '/admin/login/index_html' => '',
)
[ info ] [ RUN ] app\admin\controller\Login->index[ /www/wwwroot/wechat1.wfdingrui.com/application/admin/controller/Login.php ]
[ info ] [ VIEW ] ./themes/admin/login/index.html [ array (
) ]
[ info ] [ LOG ] INIT File

---------------------------------------------------------------
[ 2019-09-24T10:44:24+08:00 ] 192.168.1.87 119.190.124.69 GET /
[ log ] wechat1.wfdingrui.com/ [运行时间：0.012458s][吞吐率：80.27req/s] [内存消耗：1,469.68kb] [文件加载：44]
[ info ] [ LANG ] /www/wwwroot/wechat1.wfdingrui.com/thinkphp/lang/zh-cn.php
[ info ] [ ROUTE ] array (
  'type' => 'module',
  'module' => 
  array (
    0 => '',
    1 => NULL,
    2 => NULL,
  ),
)
[ info ] [ HEADER ] array (
  'accept-language' => 'zh-CN,zh;q=0.9',
  'accept-encoding' => 'gzip, deflate',
  'accept' => 'text/html,application/xhtml+xml,application/xml;q=0.9,image/webp,image/apng,*/*;q=0.8,application/signed-exchange;v=b3',
  'user-agent' => 'Mozilla/5.0 (Windows NT 6.3; Win64; x64) AppleWebKit/537.36 (KHTML, like Gecko) Chrome/76.0.3809.132 Safari/537.36',
  'upgrade-insecure-requests' => '1',
  'connection' => 'keep-alive',
  'host' => 'wechat1.wfdingrui.com',
)
[ info ] [ PARAM ] array (
)
[ info ] [ SESSION ] INIT array (
  'id' => '',
  'var_session_id' => '',
  'prefix' => 'think',
  'type' => '',
  'auto_start' => true,
)
[ info ] [ LOG ] INIT File

---------------------------------------------------------------
[ 2019-09-24T10:44:25+08:00 ] 192.168.1.87 119.190.124.69 GET /admin/login/index.html
[ log ] wechat1.wfdingrui.com/admin/login/index.html [运行时间：0.015833s][吞吐率：63.16req/s] [内存消耗：1,504.22kb] [文件加载：45]
[ info ] [ LANG ] /www/wwwroot/wechat1.wfdingrui.com/thinkphp/lang/zh-cn.php
[ info ] [ ROUTE ] array (
  'type' => 'module',
  'module' => 
  array (
    0 => 'admin',
    1 => 'login',
    2 => 'index',
  ),
)
[ info ] [ HEADER ] array (
  'cookie' => 'PHPSESSID=6m3r8q57cu8l0pb1vn6478k8e9',
  'accept-language' => 'zh-CN,zh;q=0.9',
  'accept-encoding' => 'gzip, deflate',
  'accept' => 'text/html,application/xhtml+xml,application/xml;q=0.9,image/webp,image/apng,*/*;q=0.8,application/signed-exchange;v=b3',
  'user-agent' => 'Mozilla/5.0 (Windows NT 6.3; Win64; x64) AppleWebKit/537.36 (KHTML, like Gecko) Chrome/76.0.3809.132 Safari/537.36',
  'upgrade-insecure-requests' => '1',
  'connection' => 'keep-alive',
  'host' => 'wechat1.wfdingrui.com',
)
[ info ] [ PARAM ] array (
  '/admin/login/index_html' => '',
)
[ info ] [ RUN ] app\admin\controller\Login->index[ /www/wwwroot/wechat1.wfdingrui.com/application/admin/controller/Login.php ]
[ info ] [ VIEW ] ./themes/admin/login/index.html [ array (
) ]
[ info ] [ LOG ] INIT File

---------------------------------------------------------------
[ 2019-09-24T10:44:25+08:00 ] 192.168.1.87 119.190.124.69 GET /favicon.ico
[ log ] wechat1.wfdingrui.com/favicon.ico [运行时间：0.014775s][吞吐率：67.68req/s] [内存消耗：1,202.48kb] [文件加载：38]
[ info ] [ LANG ] /www/wwwroot/wechat1.wfdingrui.com/thinkphp/lang/zh-cn.php
[ info ] [ ROUTE ] array (
  'type' => 'module',
  'module' => 
  array (
    0 => 'favicon.ico',
    1 => NULL,
    2 => NULL,
  ),
)
[ info ] [ HEADER ] array (
  'cookie' => 'PHPSESSID=6m3r8q57cu8l0pb1vn6478k8e9',
  'accept-language' => 'zh-CN,zh;q=0.9',
  'accept-encoding' => 'gzip, deflate',
  'referer' => 'http://wechat1.wfdingrui.com/admin/login/index.html',
  'accept' => 'image/webp,image/apng,image/*,*/*;q=0.8',
  'user-agent' => 'Mozilla/5.0 (Windows NT 6.3; Win64; x64) AppleWebKit/537.36 (KHTML, like Gecko) Chrome/76.0.3809.132 Safari/537.36',
  'connection' => 'keep-alive',
  'host' => 'wechat1.wfdingrui.com',
)
[ info ] [ PARAM ] array (
  '/favicon_ico' => '',
)
[ info ] [ LOG ] INIT File

---------------------------------------------------------------
[ 2019-09-24T10:44:27+08:00 ] 192.168.1.87 119.190.124.69 POST /admin/login/login.html
[ log ] wechat1.wfdingrui.com/admin/login/login.html [运行时间：0.018689s][吞吐率：53.51req/s] [内存消耗：2,171.29kb] [文件加载：53]
[ info ] [ LANG ] /www/wwwroot/wechat1.wfdingrui.com/thinkphp/lang/zh-cn.php
[ info ] [ ROUTE ] array (
  'type' => 'module',
  'module' => 
  array (
    0 => 'admin',
    1 => 'login',
    2 => 'login',
  ),
)
[ info ] [ HEADER ] array (
  'cookie' => 'thinkphp_show_page_trace=0|0; PHPSESSID=6m3r8q57cu8l0pb1vn6478k8e9',
  'accept-language' => 'zh-CN,zh;q=0.9',
  'accept-encoding' => 'gzip, deflate',
  'referer' => 'http://wechat1.wfdingrui.com/admin/login/index.html',
  'user-agent' => 'Mozilla/5.0 (Windows NT 6.3; Win64; x64) AppleWebKit/537.36 (KHTML, like Gecko) Chrome/76.0.3809.132 Safari/537.36',
  'x-requested-with' => 'XMLHttpRequest',
  'origin' => 'http://wechat1.wfdingrui.com',
  'accept' => 'application/json, text/javascript, */*; q=0.01',
  'connection' => 'keep-alive',
  'host' => 'wechat1.wfdingrui.com',
  'content-type' => 'application/x-www-form-urlencoded; charset=UTF-8',
  'content-length' => '29',
)
[ info ] [ PARAM ] array (
  '/admin/login/login_html' => '',
  'username' => 'admin',
  'password' => 'admin',
)
[ info ] [ RUN ] app\admin\controller\Login->login[ /www/wwwroot/wechat1.wfdingrui.com/application/admin/controller/Login.php ]
[ info ] [ DB ] INIT mysql
[ info ] [ SESSION ] INIT array (
  'id' => '',
  'var_session_id' => '',
  'prefix' => 'think',
  'type' => '',
  'auto_start' => true,
)
[ info ] [ CACHE ] INIT File
[ info ] [ LOG ] INIT File
[ sql ] [ DB ] CONNECT:[ UseTime:0.000256s ] mysql:dbname=mangtoo;host=localhost;port=3306;charset=utf8
[ sql ] [ SQL ] SHOW COLUMNS FROM `os_admin_user` [ RunTime:0.000617s ]
[ sql ] [ SQL ] SELECT `id`,`username`,`status` FROM `os_admin_user` WHERE  `username` = 'admin'  AND `password` = '0dfc7612f607db6c17fd99388e9e5f9c' LIMIT 1 [ RunTime:0.000236s ]
[ sql ] [ SQL ] UPDATE `os_admin_user`  SET `last_login_time`='2019-09-24 10:44:27',`last_login_ip`='119.190.124.69'  WHERE  `id` = 1 [ RunTime:0.000252s ]

---------------------------------------------------------------
[ 2019-09-24T10:44:28+08:00 ] 192.168.1.87 119.190.124.69 GET /admin/index/index.html
[ log ] wechat1.wfdingrui.com/admin/index/index.html [运行时间：0.023891s][吞吐率：41.86req/s] [内存消耗：2,207.97kb] [文件加载：52]
[ info ] [ LANG ] /www/wwwroot/wechat1.wfdingrui.com/thinkphp/lang/zh-cn.php
[ info ] [ ROUTE ] array (
  'type' => 'module',
  'module' => 
  array (
    0 => 'admin',
    1 => 'index',
    2 => 'index',
  ),
)
[ info ] [ HEADER ] array (
  'cookie' => 'PHPSESSID=6m3r8q57cu8l0pb1vn6478k8e9',
  'accept-language' => 'zh-CN,zh;q=0.9',
  'accept-encoding' => 'gzip, deflate',
  'referer' => 'http://wechat1.wfdingrui.com/admin/login/index.html',
  'accept' => 'text/html,application/xhtml+xml,application/xml;q=0.9,image/webp,image/apng,*/*;q=0.8,application/signed-exchange;v=b3',
  'user-agent' => 'Mozilla/5.0 (Windows NT 6.3; Win64; x64) AppleWebKit/537.36 (KHTML, like Gecko) Chrome/76.0.3809.132 Safari/537.36',
  'upgrade-insecure-requests' => '1',
  'connection' => 'keep-alive',
  'host' => 'wechat1.wfdingrui.com',
)
[ info ] [ PARAM ] array (
  '/admin/index/index_html' => '',
)
[ info ] [ SESSION ] INIT array (
  'id' => '',
  'var_session_id' => '',
  'prefix' => 'think',
  'type' => '',
  'auto_start' => true,
)
[ info ] [ DB ] INIT mysql
[ info ] [ RUN ] app\admin\controller\Index->index[ /www/wwwroot/wechat1.wfdingrui.com/application/admin/controller/Index.php ]
[ info ] [ VIEW ] ./themes/admin/index/index.html [ array (
  0 => 'menu',
  1 => 'controller',
  2 => 'config',
) ]
[ info ] [ LOG ] INIT File
[ sql ] [ DB ] CONNECT:[ UseTime:0.000249s ] mysql:dbname=mangtoo;host=localhost;port=3306;charset=utf8
[ sql ] [ SQL ] SHOW COLUMNS FROM `os_auth_rule` [ RunTime:0.000601s ]
[ sql ] [ SQL ] SELECT * FROM `os_auth_rule` WHERE  `status` = 1 ORDER BY `sort`  DESC,`id`  ASC [ RunTime:0.000199s ]
[ sql ] [ SQL ] SHOW COLUMNS FROM `os_auth_group_access` [ RunTime:0.000414s ]
[ sql ] [ SQL ] SELECT `AuthGroupAccess`.`uid`,`AuthGroupAccess`.`group_id`,`AuthGroup`.`title`,`AuthGroup`.`rules` FROM `os_auth_group_access` `AuthGroupAccess` LEFT JOIN `os_auth_group` `AuthGroup` ON `AuthGroupAccess`.`group_id`=`AuthGroup`.`id` WHERE  (  AuthGroupAccess.uid='1' and AuthGroup.status='1' ) [ RunTime:0.000181s ]
[ sql ] [ SQL ] SELECT `condition`,`name` FROM `os_auth_rule` WHERE  `id` IN (1,2,3,73,74,5,6,7,8,9,10,11,12,39,40,41,42,43,14,13,20,21,22,23,24,15,25,26,27,28,29,30,16,17,44,45,46,47,48,18,49,50,51,52,53,19,31,32,33,34,35,36,37,54,55,58,59,60,61,62,56,64,65,66,67,57,68,69,70,71,72,63)  AND `type` = 1 [ RunTime:0.000362s ]
[ sql ] [ SQL ] SELECT VERSION() AS ver [ RunTime:0.000126s ]

---------------------------------------------------------------
[ 2019-09-24T10:44:42+08:00 ] 192.168.1.87 119.190.124.69 GET /index/spot/getScenic/cid/1/pid/1?{}
[ log ] wechat1.wfdingrui.com/index/spot/getScenic/cid/1/pid/1?{} [运行时间：0.024536s][吞吐率：40.76req/s] [内存消耗：2,425.27kb] [文件加载：57]
[ info ] [ LANG ] /www/wwwroot/wechat1.wfdingrui.com/thinkphp/lang/zh-cn.php
[ info ] [ ROUTE ] array (
  'type' => 'module',
  'module' => 
  array (
    0 => 'index',
    1 => 'spot',
    2 => 'getScenic',
  ),
)
[ info ] [ HEADER ] array (
  'accept-language' => 'zh-CN,zh;q=0.9',
  'accept-encoding' => 'gzip, deflate',
  'referer' => 'http://wechat2.wfdingrui.com/',
  'user-agent' => 'Mozilla/5.0 (iPhone; CPU iPhone OS 11_0 like Mac OS X) AppleWebKit/604.1.38 (KHTML, like Gecko) Version/11.0 Mobile/15A372 Safari/604.1',
  'origin' => 'http://wechat2.wfdingrui.com',
  'accept' => 'application/json, text/javascript, */*; q=0.01',
  'connection' => 'keep-alive',
  'host' => 'wechat1.wfdingrui.com',
  'content-type' => 'application/x-www-form-urlencoded',
)
[ info ] [ PARAM ] array (
  '/index/spot/getScenic/cid/1/pid/1' => '',
  '{}' => '',
  'cid' => '1',
  'pid' => '1',
)
[ info ] [ CACHE ] INIT File
[ info ] [ DB ] INIT mysql
[ info ] [ RUN ] app\index\controller\Spot->getScenic[ /www/wwwroot/wechat1.wfdingrui.com/application/index/controller/Spot.php ]
[ info ] [ LOG ] INIT File
[ sql ] [ DB ] CONNECT:[ UseTime:0.000269s ] mysql:dbname=mangtoo;host=localhost;port=3306;charset=utf8
[ sql ] [ SQL ] SHOW COLUMNS FROM `os_nav` [ RunTime:0.000757s ]
[ sql ] [ SQL ] SELECT * FROM `os_nav` WHERE  `status` = 1 ORDER BY `sort`  ASC [ RunTime:0.000205s ]
[ sql ] [ SQL ] SHOW COLUMNS FROM `os_example` [ RunTime:0.000432s ]
[ sql ] [ SQL ] SELECT `img` FROM `os_example` LIMIT 1 [ RunTime:0.000119s ]
[ sql ] [ SQL ] SHOW COLUMNS FROM `os_scenic` [ RunTime:0.000415s ]
[ sql ] [ SQL ] SELECT `id`,`coordinate_left`,`coordinate_top`,`name` FROM `os_scenic` WHERE  `cid` = 1  AND `classid` = 1 [ RunTime:0.000148s ]
[ error ] [8]Use of undefined constant img - assumed 'img'[/www/wwwroot/wechat1.wfdingrui.com/application/index/controller/Spot.php:21]
[ error ] [8]未定义变量: where[/www/wwwroot/wechat1.wfdingrui.com/application/index/controller/Spot.php:22]
[ error ] [8]Use of undefined constant id - assumed 'id'[/www/wwwroot/wechat1.wfdingrui.com/application/index/controller/Spot.php:25]
[ error ] [8]Use of undefined constant coordinate_left - assumed 'coordinate_left'[/www/wwwroot/wechat1.wfdingrui.com/application/index/controller/Spot.php:25]
[ error ] [8]Use of undefined constant coordinate_top - assumed 'coordinate_top'[/www/wwwroot/wechat1.wfdingrui.com/application/index/controller/Spot.php:25]
[ error ] [8]Use of undefined constant name - assumed 'name'[/www/wwwroot/wechat1.wfdingrui.com/application/index/controller/Spot.php:25]

---------------------------------------------------------------
[ 2019-09-24T10:44:54+08:00 ] 192.168.1.87 119.190.124.69 GET /admin/example/index.html
[ log ] wechat1.wfdingrui.com/admin/example/index.html [运行时间：0.024381s][吞吐率：41.02req/s] [内存消耗：2,453.51kb] [文件加载：54]
[ info ] [ LANG ] /www/wwwroot/wechat1.wfdingrui.com/thinkphp/lang/zh-cn.php
[ info ] [ ROUTE ] array (
  'type' => 'module',
  'module' => 
  array (
    0 => 'admin',
    1 => 'example',
    2 => 'index',
  ),
)
[ info ] [ HEADER ] array (
  'cookie' => 'PHPSESSID=6m3r8q57cu8l0pb1vn6478k8e9',
  'accept-language' => 'zh-CN,zh;q=0.9',
  'accept-encoding' => 'gzip, deflate',
  'referer' => 'http://wechat1.wfdingrui.com/admin/index/index.html',
  'accept' => 'text/html,application/xhtml+xml,application/xml;q=0.9,image/webp,image/apng,*/*;q=0.8,application/signed-exchange;v=b3',
  'user-agent' => 'Mozilla/5.0 (Windows NT 6.3; Win64; x64) AppleWebKit/537.36 (KHTML, like Gecko) Chrome/76.0.3809.132 Safari/537.36',
  'upgrade-insecure-requests' => '1',
  'connection' => 'keep-alive',
  'host' => 'wechat1.wfdingrui.com',
)
[ info ] [ PARAM ] array (
  '/admin/example/index_html' => '',
)
[ info ] [ SESSION ] INIT array (
  'id' => '',
  'var_session_id' => '',
  'prefix' => 'think',
  'type' => '',
  'auto_start' => true,
)
[ info ] [ DB ] INIT mysql
[ info ] [ RUN ] app\admin\controller\Example->index[ /www/wwwroot/wechat1.wfdingrui.com/application/admin/controller/Example.php ]
[ info ] [ VIEW ] ./themes/admin/example/index.html [ array (
  0 => 'menu',
  1 => 'controller',
  2 => 'example_list',
) ]
[ info ] [ LOG ] INIT File
[ sql ] [ DB ] CONNECT:[ UseTime:0.000258s ] mysql:dbname=mangtoo;host=localhost;port=3306;charset=utf8
[ sql ] [ SQL ] SHOW COLUMNS FROM `os_auth_group_access` [ RunTime:0.000576s ]
[ sql ] [ SQL ] SELECT `AuthGroupAccess`.`uid`,`AuthGroupAccess`.`group_id`,`AuthGroup`.`title`,`AuthGroup`.`rules` FROM `os_auth_group_access` `AuthGroupAccess` LEFT JOIN `os_auth_group` `AuthGroup` ON `AuthGroupAccess`.`group_id`=`AuthGroup`.`id` WHERE  (  AuthGroupAccess.uid='1' and AuthGroup.status='1' ) [ RunTime:0.000207s ]
[ sql ] [ SQL ] SHOW COLUMNS FROM `os_auth_rule` [ RunTime:0.000403s ]
[ sql ] [ SQL ] SELECT `condition`,`name` FROM `os_auth_rule` WHERE  `id` IN (1,2,3,73,74,5,6,7,8,9,10,11,12,39,40,41,42,43,14,13,20,21,22,23,24,15,25,26,27,28,29,30,16,17,44,45,46,47,48,18,49,50,51,52,53,19,31,32,33,34,35,36,37,54,55,58,59,60,61,62,56,64,65,66,67,57,68,69,70,71,72,63)  AND `type` = 1 [ RunTime:0.000312s ]
[ sql ] [ SQL ] SELECT * FROM `os_auth_rule` WHERE  `status` = 1 ORDER BY `sort`  DESC,`id`  ASC [ RunTime:0.000136s ]
[ sql ] [ SQL ] SHOW COLUMNS FROM `os_example` [ RunTime:0.000426s ]
[ sql ] [ SQL ] SELECT * FROM `os_example` [ RunTime:0.000139s ]

---------------------------------------------------------------
[ 2019-09-24T10:44:56+08:00 ] 192.168.1.87 119.190.124.69 GET /admin/slide/add.html
[ log ] wechat1.wfdingrui.com/admin/slide/add.html [运行时间：0.028404s][吞吐率：35.21req/s] [内存消耗：2,419.34kb] [文件加载：54]
[ info ] [ LANG ] /www/wwwroot/wechat1.wfdingrui.com/thinkphp/lang/zh-cn.php
[ info ] [ ROUTE ] array (
  'type' => 'module',
  'module' => 
  array (
    0 => 'admin',
    1 => 'slide',
    2 => 'add',
  ),
)
[ info ] [ HEADER ] array (
  'cookie' => 'PHPSESSID=6m3r8q57cu8l0pb1vn6478k8e9',
  'accept-language' => 'zh-CN,zh;q=0.9',
  'accept-encoding' => 'gzip, deflate',
  'referer' => 'http://wechat1.wfdingrui.com/admin/example/index.html',
  'accept' => 'text/html,application/xhtml+xml,application/xml;q=0.9,image/webp,image/apng,*/*;q=0.8,application/signed-exchange;v=b3',
  'user-agent' => 'Mozilla/5.0 (Windows NT 6.3; Win64; x64) AppleWebKit/537.36 (KHTML, like Gecko) Chrome/76.0.3809.132 Safari/537.36',
  'upgrade-insecure-requests' => '1',
  'connection' => 'keep-alive',
  'host' => 'wechat1.wfdingrui.com',
)
[ info ] [ PARAM ] array (
  '/admin/slide/add_html' => '',
)
[ info ] [ SESSION ] INIT array (
  'id' => '',
  'var_session_id' => '',
  'prefix' => 'think',
  'type' => '',
  'auto_start' => true,
)
[ info ] [ DB ] INIT mysql
[ info ] [ RUN ] app\admin\controller\Slide->add[ /www/wwwroot/wechat1.wfdingrui.com/application/admin/controller/Slide.php ]
[ info ] [ VIEW ] ./themes/admin/slide/add.html [ array (
  0 => 'menu',
  1 => 'controller',
) ]
[ info ] [ LOG ] INIT File
[ sql ] [ DB ] CONNECT:[ UseTime:0.000257s ] mysql:dbname=mangtoo;host=localhost;port=3306;charset=utf8
[ sql ] [ SQL ] SHOW COLUMNS FROM `os_auth_group_access` [ RunTime:0.000715s ]
[ sql ] [ SQL ] SELECT `AuthGroupAccess`.`uid`,`AuthGroupAccess`.`group_id`,`AuthGroup`.`title`,`AuthGroup`.`rules` FROM `os_auth_group_access` `AuthGroupAccess` LEFT JOIN `os_auth_group` `AuthGroup` ON `AuthGroupAccess`.`group_id`=`AuthGroup`.`id` WHERE  (  AuthGroupAccess.uid='1' and AuthGroup.status='1' ) [ RunTime:0.000186s ]
[ sql ] [ SQL ] SHOW COLUMNS FROM `os_auth_rule` [ RunTime:0.000457s ]
[ sql ] [ SQL ] SELECT `condition`,`name` FROM `os_auth_rule` WHERE  `id` IN (1,2,3,73,74,5,6,7,8,9,10,11,12,39,40,41,42,43,14,13,20,21,22,23,24,15,25,26,27,28,29,30,16,17,44,45,46,47,48,18,49,50,51,52,53,19,31,32,33,34,35,36,37,54,55,58,59,60,61,62,56,64,65,66,67,57,68,69,70,71,72,63)  AND `type` = 1 [ RunTime:0.000333s ]
[ sql ] [ SQL ] SELECT * FROM `os_auth_rule` WHERE  `status` = 1 ORDER BY `sort`  DESC,`id`  ASC [ RunTime:0.000146s ]

---------------------------------------------------------------
[ 2019-09-24T10:45:10+08:00 ] 192.168.1.87 119.190.124.69 POST /index.php/api/upload/upload
[ log ] wechat1.wfdingrui.com/index.php/api/upload/upload [运行时间：0.015859s][吞吐率：63.06req/s] [内存消耗：1,449.16kb] [文件加载：41]
[ info ] [ LANG ] /www/wwwroot/wechat1.wfdingrui.com/thinkphp/lang/zh-cn.php
[ info ] [ ROUTE ] array (
  'type' => 'module',
  'module' => 
  array (
    0 => 'api',
    1 => 'upload',
    2 => 'upload',
  ),
)
[ info ] [ HEADER ] array (
  'cookie' => 'PHPSESSID=6m3r8q57cu8l0pb1vn6478k8e9',
  'accept-language' => 'zh-CN,zh;q=0.9',
  'accept-encoding' => 'gzip, deflate',
  'referer' => 'http://wechat1.wfdingrui.com/admin/slide/add.html',
  'accept' => 'text/html,application/xhtml+xml,application/xml;q=0.9,image/webp,image/apng,*/*;q=0.8,application/signed-exchange;v=b3',
  'user-agent' => 'Mozilla/5.0 (Windows NT 6.3; Win64; x64) AppleWebKit/537.36 (KHTML, like Gecko) Chrome/76.0.3809.132 Safari/537.36',
  'upgrade-insecure-requests' => '1',
  'origin' => 'http://wechat1.wfdingrui.com',
  'cache-control' => 'max-age=0',
  'connection' => 'keep-alive',
  'host' => 'wechat1.wfdingrui.com',
  'content-type' => 'multipart/form-data; boundary=----WebKitFormBoundary7ST0mB7NaApqoVHv',
  'content-length' => '128276',
)
[ info ] [ PARAM ] array (
)
[ info ] [ SESSION ] INIT array (
  'id' => '',
  'var_session_id' => '',
  'prefix' => 'think',
  'type' => '',
  'auto_start' => true,
)
[ info ] [ RUN ] app\api\controller\Upload->upload[ /www/wwwroot/wechat1.wfdingrui.com/application/api/controller/Upload.php ]
[ info ] [ LOG ] INIT File

---------------------------------------------------------------
[ 2019-09-24T10:45:42+08:00 ] 192.168.1.87 119.190.124.69 POST /admin/example/save.html
[ log ] wechat1.wfdingrui.com/admin/example/save.html [运行时间：0.040941s][吞吐率：24.43req/s] [内存消耗：2,368.40kb] [文件加载：55]
[ info ] [ LANG ] /www/wwwroot/wechat1.wfdingrui.com/thinkphp/lang/zh-cn.php
[ info ] [ ROUTE ] array (
  'type' => 'module',
  'module' => 
  array (
    0 => 'admin',
    1 => 'example',
    2 => 'save',
  ),
)
[ info ] [ HEADER ] array (
  'cookie' => 'thinkphp_show_page_trace=0|0; PHPSESSID=6m3r8q57cu8l0pb1vn6478k8e9',
  'accept-language' => 'zh-CN,zh;q=0.9',
  'accept-encoding' => 'gzip, deflate',
  'referer' => 'http://wechat1.wfdingrui.com/admin/slide/add.html',
  'accept' => 'text/html,application/xhtml+xml,application/xml;q=0.9,image/webp,image/apng,*/*;q=0.8,application/signed-exchange;v=b3',
  'user-agent' => 'Mozilla/5.0 (Windows NT 6.3; Win64; x64) AppleWebKit/537.36 (KHTML, like Gecko) Chrome/76.0.3809.132 Safari/537.36',
  'upgrade-insecure-requests' => '1',
  'origin' => 'http://wechat1.wfdingrui.com',
  'cache-control' => 'max-age=0',
  'connection' => 'keep-alive',
  'host' => 'wechat1.wfdingrui.com',
  'content-type' => 'application/x-www-form-urlencoded',
  'content-length' => '143',
)
[ info ] [ PARAM ] array (
  '/admin/example/save_html' => '',
  'name' => '111',
  'img' => '/public/uploads/20190924/c3b917e638de6f7a1dc9a98e44ea2b7f.jpg',
  'cityname' => '城阳',
  'urlname' => '111111111111111111111111',
)
[ info ] [ SESSION ] INIT array (
  'id' => '',
  'var_session_id' => '',
  'prefix' => 'think',
  'type' => '',
  'auto_start' => true,
)
[ info ] [ DB ] INIT mysql
[ info ] [ RUN ] app\admin\controller\Example->save[ /www/wwwroot/wechat1.wfdingrui.com/application/admin/controller/Example.php ]
[ info ] [ VIEW ] /www/wwwroot/wechat1.wfdingrui.com/thinkphp/tpl/dispatch_jump.tpl [ array (
  0 => 'menu',
  1 => 'controller',
  2 => 'code',
  3 => 'msg',
  4 => 'data',
  5 => 'url',
  6 => 'wait',
) ]
[ info ] [ LOG ] INIT File
[ sql ] [ DB ] CONNECT:[ UseTime:0.000254s ] mysql:dbname=mangtoo;host=localhost;port=3306;charset=utf8
[ sql ] [ SQL ] SHOW COLUMNS FROM `os_auth_group_access` [ RunTime:0.000561s ]
[ sql ] [ SQL ] SELECT `AuthGroupAccess`.`uid`,`AuthGroupAccess`.`group_id`,`AuthGroup`.`title`,`AuthGroup`.`rules` FROM `os_auth_group_access` `AuthGroupAccess` LEFT JOIN `os_auth_group` `AuthGroup` ON `AuthGroupAccess`.`group_id`=`AuthGroup`.`id` WHERE  (  AuthGroupAccess.uid='1' and AuthGroup.status='1' ) [ RunTime:0.000210s ]
[ sql ] [ SQL ] SHOW COLUMNS FROM `os_auth_rule` [ RunTime:0.000447s ]
[ sql ] [ SQL ] SELECT `condition`,`name` FROM `os_auth_rule` WHERE  `id` IN (1,2,3,73,74,5,6,7,8,9,10,11,12,39,40,41,42,43,14,13,20,21,22,23,24,15,25,26,27,28,29,30,16,17,44,45,46,47,48,18,49,50,51,52,53,19,31,32,33,34,35,36,37,54,55,58,59,60,61,62,56,64,65,66,67,57,68,69,70,71,72,63)  AND `type` = 1 [ RunTime:0.000354s ]
[ sql ] [ SQL ] SELECT * FROM `os_auth_rule` WHERE  `status` = 1 ORDER BY `sort`  DESC,`id`  ASC [ RunTime:0.000149s ]
[ sql ] [ SQL ] SHOW COLUMNS FROM `os_example` [ RunTime:0.000391s ]
[ sql ] [ SQL ] INSERT INTO `os_example` (`name` , `img`) VALUES ('111' , '/public/uploads/20190924/c3b917e638de6f7a1dc9a98e44ea2b7f.jpg') [ RunTime:0.016910s ]

---------------------------------------------------------------
[ 2019-09-24T10:45:44+08:00 ] 192.168.1.87 119.190.124.69 GET /admin/slide/add.html
[ log ] wechat1.wfdingrui.com/admin/slide/add.html [运行时间：0.025594s][吞吐率：39.07req/s] [内存消耗：2,252.76kb] [文件加载：52]
[ info ] [ LANG ] /www/wwwroot/wechat1.wfdingrui.com/thinkphp/lang/zh-cn.php
[ info ] [ ROUTE ] array (
  'type' => 'module',
  'module' => 
  array (
    0 => 'admin',
    1 => 'slide',
    2 => 'add',
  ),
)
[ info ] [ HEADER ] array (
  'cookie' => 'thinkphp_show_page_trace=0|0; PHPSESSID=6m3r8q57cu8l0pb1vn6478k8e9',
  'accept-language' => 'zh-CN,zh;q=0.9',
  'accept-encoding' => 'gzip, deflate',
  'referer' => 'http://wechat1.wfdingrui.com/admin/example/save.html',
  'accept' => 'text/html,application/xhtml+xml,application/xml;q=0.9,image/webp,image/apng,*/*;q=0.8,application/signed-exchange;v=b3',
  'user-agent' => 'Mozilla/5.0 (Windows NT 6.3; Win64; x64) AppleWebKit/537.36 (KHTML, like Gecko) Chrome/76.0.3809.132 Safari/537.36',
  'upgrade-insecure-requests' => '1',
  'connection' => 'keep-alive',
  'host' => 'wechat1.wfdingrui.com',
)
[ info ] [ PARAM ] array (
  '/admin/slide/add_html' => '',
)
[ info ] [ SESSION ] INIT array (
  'id' => '',
  'var_session_id' => '',
  'prefix' => 'think',
  'type' => '',
  'auto_start' => true,
)
[ info ] [ DB ] INIT mysql
[ info ] [ RUN ] app\admin\controller\Slide->add[ /www/wwwroot/wechat1.wfdingrui.com/application/admin/controller/Slide.php ]
[ info ] [ VIEW ] ./themes/admin/slide/add.html [ array (
  0 => 'menu',
  1 => 'controller',
) ]
[ info ] [ LOG ] INIT File
[ sql ] [ DB ] CONNECT:[ UseTime:0.000262s ] mysql:dbname=mangtoo;host=localhost;port=3306;charset=utf8
[ sql ] [ SQL ] SHOW COLUMNS FROM `os_auth_group_access` [ RunTime:0.000618s ]
[ sql ] [ SQL ] SELECT `AuthGroupAccess`.`uid`,`AuthGroupAccess`.`group_id`,`AuthGroup`.`title`,`AuthGroup`.`rules` FROM `os_auth_group_access` `AuthGroupAccess` LEFT JOIN `os_auth_group` `AuthGroup` ON `AuthGroupAccess`.`group_id`=`AuthGroup`.`id` WHERE  (  AuthGroupAccess.uid='1' and AuthGroup.status='1' ) [ RunTime:0.000187s ]
[ sql ] [ SQL ] SHOW COLUMNS FROM `os_auth_rule` [ RunTime:0.000620s ]
[ sql ] [ SQL ] SELECT `condition`,`name` FROM `os_auth_rule` WHERE  `id` IN (1,2,3,73,74,5,6,7,8,9,10,11,12,39,40,41,42,43,14,13,20,21,22,23,24,15,25,26,27,28,29,30,16,17,44,45,46,47,48,18,49,50,51,52,53,19,31,32,33,34,35,36,37,54,55,58,59,60,61,62,56,64,65,66,67,57,68,69,70,71,72,63)  AND `type` = 1 [ RunTime:0.000365s ]
[ sql ] [ SQL ] SELECT * FROM `os_auth_rule` WHERE  `status` = 1 ORDER BY `sort`  DESC,`id`  ASC [ RunTime:0.000159s ]

---------------------------------------------------------------
[ 2019-09-24T10:45:47+08:00 ] 192.168.1.87 119.190.124.69 GET /admin/example/index.html
[ log ] wechat1.wfdingrui.com/admin/example/index.html [运行时间：0.028476s][吞吐率：35.12req/s] [内存消耗：2,454.91kb] [文件加载：54]
[ info ] [ LANG ] /www/wwwroot/wechat1.wfdingrui.com/thinkphp/lang/zh-cn.php
[ info ] [ ROUTE ] array (
  'type' => 'module',
  'module' => 
  array (
    0 => 'admin',
    1 => 'example',
    2 => 'index',
  ),
)
[ info ] [ HEADER ] array (
  'cookie' => 'thinkphp_show_page_trace=0|0; PHPSESSID=6m3r8q57cu8l0pb1vn6478k8e9',
  'accept-language' => 'zh-CN,zh;q=0.9',
  'accept-encoding' => 'gzip, deflate',
  'referer' => 'http://wechat1.wfdingrui.com/admin/slide/add.html',
  'accept' => 'text/html,application/xhtml+xml,application/xml;q=0.9,image/webp,image/apng,*/*;q=0.8,application/signed-exchange;v=b3',
  'user-agent' => 'Mozilla/5.0 (Windows NT 6.3; Win64; x64) AppleWebKit/537.36 (KHTML, like Gecko) Chrome/76.0.3809.132 Safari/537.36',
  'upgrade-insecure-requests' => '1',
  'connection' => 'keep-alive',
  'host' => 'wechat1.wfdingrui.com',
)
[ info ] [ PARAM ] array (
  '/admin/example/index_html' => '',
)
[ info ] [ SESSION ] INIT array (
  'id' => '',
  'var_session_id' => '',
  'prefix' => 'think',
  'type' => '',
  'auto_start' => true,
)
[ info ] [ DB ] INIT mysql
[ info ] [ RUN ] app\admin\controller\Example->index[ /www/wwwroot/wechat1.wfdingrui.com/application/admin/controller/Example.php ]
[ info ] [ VIEW ] ./themes/admin/example/index.html [ array (
  0 => 'menu',
  1 => 'controller',
  2 => 'example_list',
) ]
[ info ] [ LOG ] INIT File
[ sql ] [ DB ] CONNECT:[ UseTime:0.000257s ] mysql:dbname=mangtoo;host=localhost;port=3306;charset=utf8
[ sql ] [ SQL ] SHOW COLUMNS FROM `os_auth_group_access` [ RunTime:0.000596s ]
[ sql ] [ SQL ] SELECT `AuthGroupAccess`.`uid`,`AuthGroupAccess`.`group_id`,`AuthGroup`.`title`,`AuthGroup`.`rules` FROM `os_auth_group_access` `AuthGroupAccess` LEFT JOIN `os_auth_group` `AuthGroup` ON `AuthGroupAccess`.`group_id`=`AuthGroup`.`id` WHERE  (  AuthGroupAccess.uid='1' and AuthGroup.status='1' ) [ RunTime:0.000189s ]
[ sql ] [ SQL ] SHOW COLUMNS FROM `os_auth_rule` [ RunTime:0.000536s ]
[ sql ] [ SQL ] SELECT `condition`,`name` FROM `os_auth_rule` WHERE  `id` IN (1,2,3,73,74,5,6,7,8,9,10,11,12,39,40,41,42,43,14,13,20,21,22,23,24,15,25,26,27,28,29,30,16,17,44,45,46,47,48,18,49,50,51,52,53,19,31,32,33,34,35,36,37,54,55,58,59,60,61,62,56,64,65,66,67,57,68,69,70,71,72,63)  AND `type` = 1 [ RunTime:0.000347s ]
[ sql ] [ SQL ] SELECT * FROM `os_auth_rule` WHERE  `status` = 1 ORDER BY `sort`  DESC,`id`  ASC [ RunTime:0.000159s ]
[ sql ] [ SQL ] SHOW COLUMNS FROM `os_example` [ RunTime:0.000475s ]
[ sql ] [ SQL ] SELECT * FROM `os_example` [ RunTime:0.000209s ]

---------------------------------------------------------------
[ 2019-09-24T10:45:50+08:00 ] 192.168.1.87 119.190.124.69 GET /admin/slide/add.html
[ log ] wechat1.wfdingrui.com/admin/slide/add.html [运行时间：0.025130s][吞吐率：39.79req/s] [内存消耗：2,252.76kb] [文件加载：52]
[ info ] [ LANG ] /www/wwwroot/wechat1.wfdingrui.com/thinkphp/lang/zh-cn.php
[ info ] [ ROUTE ] array (
  'type' => 'module',
  'module' => 
  array (
    0 => 'admin',
    1 => 'slide',
    2 => 'add',
  ),
)
[ info ] [ HEADER ] array (
  'cookie' => 'thinkphp_show_page_trace=0|0; PHPSESSID=6m3r8q57cu8l0pb1vn6478k8e9',
  'accept-language' => 'zh-CN,zh;q=0.9',
  'accept-encoding' => 'gzip, deflate',
  'referer' => 'http://wechat1.wfdingrui.com/admin/example/index.html',
  'accept' => 'text/html,application/xhtml+xml,application/xml;q=0.9,image/webp,image/apng,*/*;q=0.8,application/signed-exchange;v=b3',
  'user-agent' => 'Mozilla/5.0 (Windows NT 6.3; Win64; x64) AppleWebKit/537.36 (KHTML, like Gecko) Chrome/76.0.3809.132 Safari/537.36',
  'upgrade-insecure-requests' => '1',
  'connection' => 'keep-alive',
  'host' => 'wechat1.wfdingrui.com',
)
[ info ] [ PARAM ] array (
  '/admin/slide/add_html' => '',
)
[ info ] [ SESSION ] INIT array (
  'id' => '',
  'var_session_id' => '',
  'prefix' => 'think',
  'type' => '',
  'auto_start' => true,
)
[ info ] [ DB ] INIT mysql
[ info ] [ RUN ] app\admin\controller\Slide->add[ /www/wwwroot/wechat1.wfdingrui.com/application/admin/controller/Slide.php ]
[ info ] [ VIEW ] ./themes/admin/slide/add.html [ array (
  0 => 'menu',
  1 => 'controller',
) ]
[ info ] [ LOG ] INIT File
[ sql ] [ DB ] CONNECT:[ UseTime:0.000249s ] mysql:dbname=mangtoo;host=localhost;port=3306;charset=utf8
[ sql ] [ SQL ] SHOW COLUMNS FROM `os_auth_group_access` [ RunTime:0.000594s ]
[ sql ] [ SQL ] SELECT `AuthGroupAccess`.`uid`,`AuthGroupAccess`.`group_id`,`AuthGroup`.`title`,`AuthGroup`.`rules` FROM `os_auth_group_access` `AuthGroupAccess` LEFT JOIN `os_auth_group` `AuthGroup` ON `AuthGroupAccess`.`group_id`=`AuthGroup`.`id` WHERE  (  AuthGroupAccess.uid='1' and AuthGroup.status='1' ) [ RunTime:0.000190s ]
[ sql ] [ SQL ] SHOW COLUMNS FROM `os_auth_rule` [ RunTime:0.000479s ]
[ sql ] [ SQL ] SELECT `condition`,`name` FROM `os_auth_rule` WHERE  `id` IN (1,2,3,73,74,5,6,7,8,9,10,11,12,39,40,41,42,43,14,13,20,21,22,23,24,15,25,26,27,28,29,30,16,17,44,45,46,47,48,18,49,50,51,52,53,19,31,32,33,34,35,36,37,54,55,58,59,60,61,62,56,64,65,66,67,57,68,69,70,71,72,63)  AND `type` = 1 [ RunTime:0.000372s ]
[ sql ] [ SQL ] SELECT * FROM `os_auth_rule` WHERE  `status` = 1 ORDER BY `sort`  DESC,`id`  ASC [ RunTime:0.000160s ]

---------------------------------------------------------------
[ 2019-09-24T10:45:56+08:00 ] 192.168.1.87 119.190.124.69 POST /index.php/api/upload/upload
[ log ] wechat1.wfdingrui.com/index.php/api/upload/upload [运行时间：0.015370s][吞吐率：65.06req/s] [内存消耗：1,449.16kb] [文件加载：41]
[ info ] [ LANG ] /www/wwwroot/wechat1.wfdingrui.com/thinkphp/lang/zh-cn.php
[ info ] [ ROUTE ] array (
  'type' => 'module',
  'module' => 
  array (
    0 => 'api',
    1 => 'upload',
    2 => 'upload',
  ),
)
[ info ] [ HEADER ] array (
  'cookie' => 'PHPSESSID=6m3r8q57cu8l0pb1vn6478k8e9',
  'accept-language' => 'zh-CN,zh;q=0.9',
  'accept-encoding' => 'gzip, deflate',
  'referer' => 'http://wechat1.wfdingrui.com/admin/slide/add.html',
  'accept' => 'text/html,application/xhtml+xml,application/xml;q=0.9,image/webp,image/apng,*/*;q=0.8,application/signed-exchange;v=b3',
  'user-agent' => 'Mozilla/5.0 (Windows NT 6.3; Win64; x64) AppleWebKit/537.36 (KHTML, like Gecko) Chrome/76.0.3809.132 Safari/537.36',
  'upgrade-insecure-requests' => '1',
  'origin' => 'http://wechat1.wfdingrui.com',
  'cache-control' => 'max-age=0',
  'connection' => 'keep-alive',
  'host' => 'wechat1.wfdingrui.com',
  'content-type' => 'multipart/form-data; boundary=----WebKitFormBoundaryrubfMINGhEmxUki9',
  'content-length' => '128276',
)
[ info ] [ PARAM ] array (
)
[ info ] [ SESSION ] INIT array (
  'id' => '',
  'var_session_id' => '',
  'prefix' => 'think',
  'type' => '',
  'auto_start' => true,
)
[ info ] [ RUN ] app\api\controller\Upload->upload[ /www/wwwroot/wechat1.wfdingrui.com/application/api/controller/Upload.php ]
[ info ] [ LOG ] INIT File

---------------------------------------------------------------
[ 2019-09-24T10:46:04+08:00 ] 192.168.1.87 119.190.124.69 POST /admin/example/save.html
[ log ] wechat1.wfdingrui.com/admin/example/save.html [运行时间：0.032575s][吞吐率：30.70req/s] [内存消耗：2,368.40kb] [文件加载：55]
[ info ] [ LANG ] /www/wwwroot/wechat1.wfdingrui.com/thinkphp/lang/zh-cn.php
[ info ] [ ROUTE ] array (
  'type' => 'module',
  'module' => 
  array (
    0 => 'admin',
    1 => 'example',
    2 => 'save',
  ),
)
[ info ] [ HEADER ] array (
  'cookie' => 'thinkphp_show_page_trace=0|0; PHPSESSID=6m3r8q57cu8l0pb1vn6478k8e9',
  'accept-language' => 'zh-CN,zh;q=0.9',
  'accept-encoding' => 'gzip, deflate',
  'referer' => 'http://wechat1.wfdingrui.com/admin/slide/add.html',
  'accept' => 'text/html,application/xhtml+xml,application/xml;q=0.9,image/webp,image/apng,*/*;q=0.8,application/signed-exchange;v=b3',
  'user-agent' => 'Mozilla/5.0 (Windows NT 6.3; Win64; x64) AppleWebKit/537.36 (KHTML, like Gecko) Chrome/76.0.3809.132 Safari/537.36',
  'upgrade-insecure-requests' => '1',
  'origin' => 'http://wechat1.wfdingrui.com',
  'cache-control' => 'max-age=0',
  'connection' => 'keep-alive',
  'host' => 'wechat1.wfdingrui.com',
  'content-type' => 'application/x-www-form-urlencoded',
  'content-length' => '161',
)
[ info ] [ PARAM ] array (
  '/admin/example/save_html' => '',
  'name' => '23213',
  'img' => '/public/uploads/20190924/7801600256eeefff652db78d0272a782.jpg',
  'cityname' => '2321',
  'urlname' => '仍无法而无法',
)
[ info ] [ SESSION ] INIT array (
  'id' => '',
  'var_session_id' => '',
  'prefix' => 'think',
  'type' => '',
  'auto_start' => true,
)
[ info ] [ DB ] INIT mysql
[ info ] [ RUN ] app\admin\controller\Example->save[ /www/wwwroot/wechat1.wfdingrui.com/application/admin/controller/Example.php ]
[ info ] [ VIEW ] /www/wwwroot/wechat1.wfdingrui.com/thinkphp/tpl/dispatch_jump.tpl [ array (
  0 => 'menu',
  1 => 'controller',
  2 => 'code',
  3 => 'msg',
  4 => 'data',
  5 => 'url',
  6 => 'wait',
) ]
[ info ] [ LOG ] INIT File
[ sql ] [ DB ] CONNECT:[ UseTime:0.000259s ] mysql:dbname=mangtoo;host=localhost;port=3306;charset=utf8
[ sql ] [ SQL ] SHOW COLUMNS FROM `os_auth_group_access` [ RunTime:0.000704s ]
[ sql ] [ SQL ] SELECT `AuthGroupAccess`.`uid`,`AuthGroupAccess`.`group_id`,`AuthGroup`.`title`,`AuthGroup`.`rules` FROM `os_auth_group_access` `AuthGroupAccess` LEFT JOIN `os_auth_group` `AuthGroup` ON `AuthGroupAccess`.`group_id`=`AuthGroup`.`id` WHERE  (  AuthGroupAccess.uid='1' and AuthGroup.status='1' ) [ RunTime:0.000217s ]
[ sql ] [ SQL ] SHOW COLUMNS FROM `os_auth_rule` [ RunTime:0.000563s ]
[ sql ] [ SQL ] SELECT `condition`,`name` FROM `os_auth_rule` WHERE  `id` IN (1,2,3,73,74,5,6,7,8,9,10,11,12,39,40,41,42,43,14,13,20,21,22,23,24,15,25,26,27,28,29,30,16,17,44,45,46,47,48,18,49,50,51,52,53,19,31,32,33,34,35,36,37,54,55,58,59,60,61,62,56,64,65,66,67,57,68,69,70,71,72,63)  AND `type` = 1 [ RunTime:0.000377s ]
[ sql ] [ SQL ] SELECT * FROM `os_auth_rule` WHERE  `status` = 1 ORDER BY `sort`  DESC,`id`  ASC [ RunTime:0.000166s ]
[ sql ] [ SQL ] SHOW COLUMNS FROM `os_example` [ RunTime:0.000450s ]
[ sql ] [ SQL ] INSERT INTO `os_example` (`name` , `img`) VALUES ('23213' , '/public/uploads/20190924/7801600256eeefff652db78d0272a782.jpg') [ RunTime:0.004213s ]

---------------------------------------------------------------
[ 2019-09-24T10:46:07+08:00 ] 192.168.1.87 119.190.124.69 GET /admin/slide/add.html
[ log ] wechat1.wfdingrui.com/admin/slide/add.html [运行时间：0.025054s][吞吐率：39.91req/s] [内存消耗：2,252.76kb] [文件加载：52]
[ info ] [ LANG ] /www/wwwroot/wechat1.wfdingrui.com/thinkphp/lang/zh-cn.php
[ info ] [ ROUTE ] array (
  'type' => 'module',
  'module' => 
  array (
    0 => 'admin',
    1 => 'slide',
    2 => 'add',
  ),
)
[ info ] [ HEADER ] array (
  'cookie' => 'thinkphp_show_page_trace=0|0; PHPSESSID=6m3r8q57cu8l0pb1vn6478k8e9',
  'accept-language' => 'zh-CN,zh;q=0.9',
  'accept-encoding' => 'gzip, deflate',
  'referer' => 'http://wechat1.wfdingrui.com/admin/example/save.html',
  'accept' => 'text/html,application/xhtml+xml,application/xml;q=0.9,image/webp,image/apng,*/*;q=0.8,application/signed-exchange;v=b3',
  'user-agent' => 'Mozilla/5.0 (Windows NT 6.3; Win64; x64) AppleWebKit/537.36 (KHTML, like Gecko) Chrome/76.0.3809.132 Safari/537.36',
  'upgrade-insecure-requests' => '1',
  'connection' => 'keep-alive',
  'host' => 'wechat1.wfdingrui.com',
)
[ info ] [ PARAM ] array (
  '/admin/slide/add_html' => '',
)
[ info ] [ SESSION ] INIT array (
  'id' => '',
  'var_session_id' => '',
  'prefix' => 'think',
  'type' => '',
  'auto_start' => true,
)
[ info ] [ DB ] INIT mysql
[ info ] [ RUN ] app\admin\controller\Slide->add[ /www/wwwroot/wechat1.wfdingrui.com/application/admin/controller/Slide.php ]
[ info ] [ VIEW ] ./themes/admin/slide/add.html [ array (
  0 => 'menu',
  1 => 'controller',
) ]
[ info ] [ LOG ] INIT File
[ sql ] [ DB ] CONNECT:[ UseTime:0.000251s ] mysql:dbname=mangtoo;host=localhost;port=3306;charset=utf8
[ sql ] [ SQL ] SHOW COLUMNS FROM `os_auth_group_access` [ RunTime:0.000575s ]
[ sql ] [ SQL ] SELECT `AuthGroupAccess`.`uid`,`AuthGroupAccess`.`group_id`,`AuthGroup`.`title`,`AuthGroup`.`rules` FROM `os_auth_group_access` `AuthGroupAccess` LEFT JOIN `os_auth_group` `AuthGroup` ON `AuthGroupAccess`.`group_id`=`AuthGroup`.`id` WHERE  (  AuthGroupAccess.uid='1' and AuthGroup.status='1' ) [ RunTime:0.000192s ]
[ sql ] [ SQL ] SHOW COLUMNS FROM `os_auth_rule` [ RunTime:0.000473s ]
[ sql ] [ SQL ] SELECT `condition`,`name` FROM `os_auth_rule` WHERE  `id` IN (1,2,3,73,74,5,6,7,8,9,10,11,12,39,40,41,42,43,14,13,20,21,22,23,24,15,25,26,27,28,29,30,16,17,44,45,46,47,48,18,49,50,51,52,53,19,31,32,33,34,35,36,37,54,55,58,59,60,61,62,56,64,65,66,67,57,68,69,70,71,72,63)  AND `type` = 1 [ RunTime:0.000360s ]
[ sql ] [ SQL ] SELECT * FROM `os_auth_rule` WHERE  `status` = 1 ORDER BY `sort`  DESC,`id`  ASC [ RunTime:0.000154s ]

---------------------------------------------------------------
[ 2019-09-24T10:46:15+08:00 ] 192.168.1.87 119.190.124.69 POST /index.php/api/upload/upload
[ log ] wechat1.wfdingrui.com/index.php/api/upload/upload [运行时间：0.014375s][吞吐率：69.57req/s] [内存消耗：1,449.16kb] [文件加载：41]
[ info ] [ LANG ] /www/wwwroot/wechat1.wfdingrui.com/thinkphp/lang/zh-cn.php
[ info ] [ ROUTE ] array (
  'type' => 'module',
  'module' => 
  array (
    0 => 'api',
    1 => 'upload',
    2 => 'upload',
  ),
)
[ info ] [ HEADER ] array (
  'cookie' => 'PHPSESSID=6m3r8q57cu8l0pb1vn6478k8e9',
  'accept-language' => 'zh-CN,zh;q=0.9',
  'accept-encoding' => 'gzip, deflate',
  'referer' => 'http://wechat1.wfdingrui.com/admin/slide/add.html',
  'accept' => 'text/html,application/xhtml+xml,application/xml;q=0.9,image/webp,image/apng,*/*;q=0.8,application/signed-exchange;v=b3',
  'user-agent' => 'Mozilla/5.0 (Windows NT 6.3; Win64; x64) AppleWebKit/537.36 (KHTML, like Gecko) Chrome/76.0.3809.132 Safari/537.36',
  'upgrade-insecure-requests' => '1',
  'origin' => 'http://wechat1.wfdingrui.com',
  'cache-control' => 'max-age=0',
  'connection' => 'keep-alive',
  'host' => 'wechat1.wfdingrui.com',
  'content-type' => 'multipart/form-data; boundary=----WebKitFormBoundaryuCxY9tQEW0LmHjTb',
  'content-length' => '128276',
)
[ info ] [ PARAM ] array (
)
[ info ] [ SESSION ] INIT array (
  'id' => '',
  'var_session_id' => '',
  'prefix' => 'think',
  'type' => '',
  'auto_start' => true,
)
[ info ] [ RUN ] app\api\controller\Upload->upload[ /www/wwwroot/wechat1.wfdingrui.com/application/api/controller/Upload.php ]
[ info ] [ LOG ] INIT File

---------------------------------------------------------------
[ 2019-09-24T10:46:21+08:00 ] 192.168.1.87 119.190.124.69 POST /admin/example/save.html
[ log ] wechat1.wfdingrui.com/admin/example/save.html [运行时间：0.030466s][吞吐率：32.82req/s] [内存消耗：2,338.19kb] [文件加载：53]
[ info ] [ LANG ] /www/wwwroot/wechat1.wfdingrui.com/thinkphp/lang/zh-cn.php
[ info ] [ ROUTE ] array (
  'type' => 'module',
  'module' => 
  array (
    0 => 'admin',
    1 => 'example',
    2 => 'save',
  ),
)
[ info ] [ HEADER ] array (
  'cookie' => 'thinkphp_show_page_trace=0|0; PHPSESSID=6m3r8q57cu8l0pb1vn6478k8e9',
  'accept-language' => 'zh-CN,zh;q=0.9',
  'accept-encoding' => 'gzip, deflate',
  'referer' => 'http://wechat1.wfdingrui.com/admin/slide/add.html',
  'user-agent' => 'Mozilla/5.0 (Windows NT 6.3; Win64; x64) AppleWebKit/537.36 (KHTML, like Gecko) Chrome/76.0.3809.132 Safari/537.36',
  'x-requested-with' => 'XMLHttpRequest',
  'origin' => 'http://wechat1.wfdingrui.com',
  'accept' => 'application/json, text/javascript, */*; q=0.01',
  'connection' => 'keep-alive',
  'host' => 'wechat1.wfdingrui.com',
  'content-type' => 'application/x-www-form-urlencoded; charset=UTF-8',
  'content-length' => '146',
)
[ info ] [ PARAM ] array (
  '/admin/example/save_html' => '',
  'name' => '231321',
  'img' => '/public/uploads/20190924/ef197387911f462e8bbd12144dc8137a.jpg',
  'cityname' => '231321',
  'urlname' => '温度范围',
)
[ info ] [ SESSION ] INIT array (
  'id' => '',
  'var_session_id' => '',
  'prefix' => 'think',
  'type' => '',
  'auto_start' => true,
)
[ info ] [ DB ] INIT mysql
[ info ] [ RUN ] app\admin\controller\Example->save[ /www/wwwroot/wechat1.wfdingrui.com/application/admin/controller/Example.php ]
[ info ] [ LOG ] INIT File
[ sql ] [ DB ] CONNECT:[ UseTime:0.000261s ] mysql:dbname=mangtoo;host=localhost;port=3306;charset=utf8
[ sql ] [ SQL ] SHOW COLUMNS FROM `os_auth_group_access` [ RunTime:0.000614s ]
[ sql ] [ SQL ] SELECT `AuthGroupAccess`.`uid`,`AuthGroupAccess`.`group_id`,`AuthGroup`.`title`,`AuthGroup`.`rules` FROM `os_auth_group_access` `AuthGroupAccess` LEFT JOIN `os_auth_group` `AuthGroup` ON `AuthGroupAccess`.`group_id`=`AuthGroup`.`id` WHERE  (  AuthGroupAccess.uid='1' and AuthGroup.status='1' ) [ RunTime:0.000230s ]
[ sql ] [ SQL ] SHOW COLUMNS FROM `os_auth_rule` [ RunTime:0.000473s ]
[ sql ] [ SQL ] SELECT `condition`,`name` FROM `os_auth_rule` WHERE  `id` IN (1,2,3,73,74,5,6,7,8,9,10,11,12,39,40,41,42,43,14,13,20,21,22,23,24,15,25,26,27,28,29,30,16,17,44,45,46,47,48,18,49,50,51,52,53,19,31,32,33,34,35,36,37,54,55,58,59,60,61,62,56,64,65,66,67,57,68,69,70,71,72,63)  AND `type` = 1 [ RunTime:0.000409s ]
[ sql ] [ SQL ] SELECT * FROM `os_auth_rule` WHERE  `status` = 1 ORDER BY `sort`  DESC,`id`  ASC [ RunTime:0.000183s ]
[ sql ] [ SQL ] SHOW COLUMNS FROM `os_example` [ RunTime:0.000456s ]
[ sql ] [ SQL ] INSERT INTO `os_example` (`name` , `img`) VALUES ('231321' , '/public/uploads/20190924/ef197387911f462e8bbd12144dc8137a.jpg') [ RunTime:0.004170s ]

---------------------------------------------------------------
[ 2019-09-24T10:46:22+08:00 ] 192.168.1.87 119.190.124.69 GET /admin/slide/add.html
[ log ] wechat1.wfdingrui.com/admin/slide/add.html [运行时间：0.025058s][吞吐率：39.91req/s] [内存消耗：2,252.76kb] [文件加载：52]
[ info ] [ LANG ] /www/wwwroot/wechat1.wfdingrui.com/thinkphp/lang/zh-cn.php
[ info ] [ ROUTE ] array (
  'type' => 'module',
  'module' => 
  array (
    0 => 'admin',
    1 => 'slide',
    2 => 'add',
  ),
)
[ info ] [ HEADER ] array (
  'cookie' => 'thinkphp_show_page_trace=0|0; PHPSESSID=6m3r8q57cu8l0pb1vn6478k8e9',
  'accept-language' => 'zh-CN,zh;q=0.9',
  'accept-encoding' => 'gzip, deflate',
  'referer' => 'http://wechat1.wfdingrui.com/admin/slide/add.html',
  'accept' => 'text/html,application/xhtml+xml,application/xml;q=0.9,image/webp,image/apng,*/*;q=0.8,application/signed-exchange;v=b3',
  'user-agent' => 'Mozilla/5.0 (Windows NT 6.3; Win64; x64) AppleWebKit/537.36 (KHTML, like Gecko) Chrome/76.0.3809.132 Safari/537.36',
  'upgrade-insecure-requests' => '1',
  'connection' => 'keep-alive',
  'host' => 'wechat1.wfdingrui.com',
)
[ info ] [ PARAM ] array (
  '/admin/slide/add_html' => '',
)
[ info ] [ SESSION ] INIT array (
  'id' => '',
  'var_session_id' => '',
  'prefix' => 'think',
  'type' => '',
  'auto_start' => true,
)
[ info ] [ DB ] INIT mysql
[ info ] [ RUN ] app\admin\controller\Slide->add[ /www/wwwroot/wechat1.wfdingrui.com/application/admin/controller/Slide.php ]
[ info ] [ VIEW ] ./themes/admin/slide/add.html [ array (
  0 => 'menu',
  1 => 'controller',
) ]
[ info ] [ LOG ] INIT File
[ sql ] [ DB ] CONNECT:[ UseTime:0.000265s ] mysql:dbname=mangtoo;host=localhost;port=3306;charset=utf8
[ sql ] [ SQL ] SHOW COLUMNS FROM `os_auth_group_access` [ RunTime:0.000586s ]
[ sql ] [ SQL ] SELECT `AuthGroupAccess`.`uid`,`AuthGroupAccess`.`group_id`,`AuthGroup`.`title`,`AuthGroup`.`rules` FROM `os_auth_group_access` `AuthGroupAccess` LEFT JOIN `os_auth_group` `AuthGroup` ON `AuthGroupAccess`.`group_id`=`AuthGroup`.`id` WHERE  (  AuthGroupAccess.uid='1' and AuthGroup.status='1' ) [ RunTime:0.000215s ]
[ sql ] [ SQL ] SHOW COLUMNS FROM `os_auth_rule` [ RunTime:0.000422s ]
[ sql ] [ SQL ] SELECT `condition`,`name` FROM `os_auth_rule` WHERE  `id` IN (1,2,3,73,74,5,6,7,8,9,10,11,12,39,40,41,42,43,14,13,20,21,22,23,24,15,25,26,27,28,29,30,16,17,44,45,46,47,48,18,49,50,51,52,53,19,31,32,33,34,35,36,37,54,55,58,59,60,61,62,56,64,65,66,67,57,68,69,70,71,72,63)  AND `type` = 1 [ RunTime:0.000361s ]
[ sql ] [ SQL ] SELECT * FROM `os_auth_rule` WHERE  `status` = 1 ORDER BY `sort`  DESC,`id`  ASC [ RunTime:0.000154s ]

---------------------------------------------------------------
[ 2019-09-24T10:46:28+08:00 ] 192.168.1.87 119.190.124.69 GET /admin/example/index.html
[ log ] wechat1.wfdingrui.com/admin/example/index.html [运行时间：0.029015s][吞吐率：34.46req/s] [内存消耗：2,457.39kb] [文件加载：54]
[ info ] [ LANG ] /www/wwwroot/wechat1.wfdingrui.com/thinkphp/lang/zh-cn.php
[ info ] [ ROUTE ] array (
  'type' => 'module',
  'module' => 
  array (
    0 => 'admin',
    1 => 'example',
    2 => 'index',
  ),
)
[ info ] [ HEADER ] array (
  'cookie' => 'thinkphp_show_page_trace=0|0; PHPSESSID=6m3r8q57cu8l0pb1vn6478k8e9',
  'accept-language' => 'zh-CN,zh;q=0.9',
  'accept-encoding' => 'gzip, deflate',
  'referer' => 'http://wechat1.wfdingrui.com/admin/slide/add.html',
  'accept' => 'text/html,application/xhtml+xml,application/xml;q=0.9,image/webp,image/apng,*/*;q=0.8,application/signed-exchange;v=b3',
  'user-agent' => 'Mozilla/5.0 (Windows NT 6.3; Win64; x64) AppleWebKit/537.36 (KHTML, like Gecko) Chrome/76.0.3809.132 Safari/537.36',
  'upgrade-insecure-requests' => '1',
  'connection' => 'keep-alive',
  'host' => 'wechat1.wfdingrui.com',
)
[ info ] [ PARAM ] array (
  '/admin/example/index_html' => '',
)
[ info ] [ SESSION ] INIT array (
  'id' => '',
  'var_session_id' => '',
  'prefix' => 'think',
  'type' => '',
  'auto_start' => true,
)
[ info ] [ DB ] INIT mysql
[ info ] [ RUN ] app\admin\controller\Example->index[ /www/wwwroot/wechat1.wfdingrui.com/application/admin/controller/Example.php ]
[ info ] [ VIEW ] ./themes/admin/example/index.html [ array (
  0 => 'menu',
  1 => 'controller',
  2 => 'example_list',
) ]
[ info ] [ LOG ] INIT File
[ sql ] [ DB ] CONNECT:[ UseTime:0.000262s ] mysql:dbname=mangtoo;host=localhost;port=3306;charset=utf8
[ sql ] [ SQL ] SHOW COLUMNS FROM `os_auth_group_access` [ RunTime:0.000572s ]
[ sql ] [ SQL ] SELECT `AuthGroupAccess`.`uid`,`AuthGroupAccess`.`group_id`,`AuthGroup`.`title`,`AuthGroup`.`rules` FROM `os_auth_group_access` `AuthGroupAccess` LEFT JOIN `os_auth_group` `AuthGroup` ON `AuthGroupAccess`.`group_id`=`AuthGroup`.`id` WHERE  (  AuthGroupAccess.uid='1' and AuthGroup.status='1' ) [ RunTime:0.000203s ]
[ sql ] [ SQL ] SHOW COLUMNS FROM `os_auth_rule` [ RunTime:0.000439s ]
[ sql ] [ SQL ] SELECT `condition`,`name` FROM `os_auth_rule` WHERE  `id` IN (1,2,3,73,74,5,6,7,8,9,10,11,12,39,40,41,42,43,14,13,20,21,22,23,24,15,25,26,27,28,29,30,16,17,44,45,46,47,48,18,49,50,51,52,53,19,31,32,33,34,35,36,37,54,55,58,59,60,61,62,56,64,65,66,67,57,68,69,70,71,72,63)  AND `type` = 1 [ RunTime:0.000353s ]
[ sql ] [ SQL ] SELECT * FROM `os_auth_rule` WHERE  `status` = 1 ORDER BY `sort`  DESC,`id`  ASC [ RunTime:0.000167s ]
[ sql ] [ SQL ] SHOW COLUMNS FROM `os_example` [ RunTime:0.000389s ]
[ sql ] [ SQL ] SELECT * FROM `os_example` [ RunTime:0.000167s ]

---------------------------------------------------------------
[ 2019-09-24T10:46:32+08:00 ] 192.168.1.87 119.190.124.69 GET /admin/example/delete/id/4.html
[ log ] wechat1.wfdingrui.com/admin/example/delete/id/4.html [运行时间：0.028600s][吞吐率：34.97req/s] [内存消耗：2,391.39kb] [文件加载：55]
[ info ] [ LANG ] /www/wwwroot/wechat1.wfdingrui.com/thinkphp/lang/zh-cn.php
[ info ] [ ROUTE ] array (
  'type' => 'module',
  'module' => 
  array (
    0 => 'admin',
    1 => 'example',
    2 => 'delete',
  ),
)
[ info ] [ HEADER ] array (
  'cookie' => 'thinkphp_show_page_trace=0|0; PHPSESSID=6m3r8q57cu8l0pb1vn6478k8e9',
  'accept-language' => 'zh-CN,zh;q=0.9',
  'accept-encoding' => 'gzip, deflate',
  'referer' => 'http://wechat1.wfdingrui.com/admin/example/index.html',
  'user-agent' => 'Mozilla/5.0 (Windows NT 6.3; Win64; x64) AppleWebKit/537.36 (KHTML, like Gecko) Chrome/76.0.3809.132 Safari/537.36',
  'x-requested-with' => 'XMLHttpRequest',
  'accept' => 'application/json, text/javascript, */*; q=0.01',
  'connection' => 'keep-alive',
  'host' => 'wechat1.wfdingrui.com',
)
[ info ] [ PARAM ] array (
  '/admin/example/delete/id/4_html' => '',
  'id' => '4',
)
[ info ] [ SESSION ] INIT array (
  'id' => '',
  'var_session_id' => '',
  'prefix' => 'think',
  'type' => '',
  'auto_start' => true,
)
[ info ] [ DB ] INIT mysql
[ info ] [ RUN ] app\admin\controller\Example->delete[ /www/wwwroot/wechat1.wfdingrui.com/application/admin/controller/Example.php ]
[ info ] [ CACHE ] INIT File
[ info ] [ LOG ] INIT File
[ sql ] [ DB ] CONNECT:[ UseTime:0.000263s ] mysql:dbname=mangtoo;host=localhost;port=3306;charset=utf8
[ sql ] [ SQL ] SHOW COLUMNS FROM `os_auth_group_access` [ RunTime:0.000635s ]
[ sql ] [ SQL ] SELECT `AuthGroupAccess`.`uid`,`AuthGroupAccess`.`group_id`,`AuthGroup`.`title`,`AuthGroup`.`rules` FROM `os_auth_group_access` `AuthGroupAccess` LEFT JOIN `os_auth_group` `AuthGroup` ON `AuthGroupAccess`.`group_id`=`AuthGroup`.`id` WHERE  (  AuthGroupAccess.uid='1' and AuthGroup.status='1' ) [ RunTime:0.000193s ]
[ sql ] [ SQL ] SHOW COLUMNS FROM `os_auth_rule` [ RunTime:0.000443s ]
[ sql ] [ SQL ] SELECT `condition`,`name` FROM `os_auth_rule` WHERE  `id` IN (1,2,3,73,74,5,6,7,8,9,10,11,12,39,40,41,42,43,14,13,20,21,22,23,24,15,25,26,27,28,29,30,16,17,44,45,46,47,48,18,49,50,51,52,53,19,31,32,33,34,35,36,37,54,55,58,59,60,61,62,56,64,65,66,67,57,68,69,70,71,72,63)  AND `type` = 1 [ RunTime:0.000335s ]
[ sql ] [ SQL ] SELECT * FROM `os_auth_rule` WHERE  `status` = 1 ORDER BY `sort`  DESC,`id`  ASC [ RunTime:0.000142s ]
[ sql ] [ SQL ] SHOW COLUMNS FROM `os_example` [ RunTime:0.000440s ]
[ sql ] [ SQL ] SELECT * FROM `os_example` WHERE  `id` = 4 [ RunTime:0.000191s ]
[ sql ] [ SQL ] DELETE FROM `os_example`    WHERE  `id` = 4 [ RunTime:0.004497s ]

---------------------------------------------------------------
[ 2019-09-24T10:46:33+08:00 ] 192.168.1.87 119.190.124.69 GET /admin/example/index.html
[ log ] wechat1.wfdingrui.com/admin/example/index.html [运行时间：0.025132s][吞吐率：39.79req/s] [内存消耗：2,456.15kb] [文件加载：54]
[ info ] [ LANG ] /www/wwwroot/wechat1.wfdingrui.com/thinkphp/lang/zh-cn.php
[ info ] [ ROUTE ] array (
  'type' => 'module',
  'module' => 
  array (
    0 => 'admin',
    1 => 'example',
    2 => 'index',
  ),
)
[ info ] [ HEADER ] array (
  'cookie' => 'thinkphp_show_page_trace=0|0; PHPSESSID=6m3r8q57cu8l0pb1vn6478k8e9',
  'accept-language' => 'zh-CN,zh;q=0.9',
  'accept-encoding' => 'gzip, deflate',
  'referer' => 'http://wechat1.wfdingrui.com/admin/example/index.html',
  'accept' => 'text/html,application/xhtml+xml,application/xml;q=0.9,image/webp,image/apng,*/*;q=0.8,application/signed-exchange;v=b3',
  'user-agent' => 'Mozilla/5.0 (Windows NT 6.3; Win64; x64) AppleWebKit/537.36 (KHTML, like Gecko) Chrome/76.0.3809.132 Safari/537.36',
  'upgrade-insecure-requests' => '1',
  'connection' => 'keep-alive',
  'host' => 'wechat1.wfdingrui.com',
)
[ info ] [ PARAM ] array (
  '/admin/example/index_html' => '',
)
[ info ] [ SESSION ] INIT array (
  'id' => '',
  'var_session_id' => '',
  'prefix' => 'think',
  'type' => '',
  'auto_start' => true,
)
[ info ] [ DB ] INIT mysql
[ info ] [ RUN ] app\admin\controller\Example->index[ /www/wwwroot/wechat1.wfdingrui.com/application/admin/controller/Example.php ]
[ info ] [ VIEW ] ./themes/admin/example/index.html [ array (
  0 => 'menu',
  1 => 'controller',
  2 => 'example_list',
) ]
[ info ] [ LOG ] INIT File
[ sql ] [ DB ] CONNECT:[ UseTime:0.000255s ] mysql:dbname=mangtoo;host=localhost;port=3306;charset=utf8
[ sql ] [ SQL ] SHOW COLUMNS FROM `os_auth_group_access` [ RunTime:0.000625s ]
[ sql ] [ SQL ] SELECT `AuthGroupAccess`.`uid`,`AuthGroupAccess`.`group_id`,`AuthGroup`.`title`,`AuthGroup`.`rules` FROM `os_auth_group_access` `AuthGroupAccess` LEFT JOIN `os_auth_group` `AuthGroup` ON `AuthGroupAccess`.`group_id`=`AuthGroup`.`id` WHERE  (  AuthGroupAccess.uid='1' and AuthGroup.status='1' ) [ RunTime:0.000183s ]
[ sql ] [ SQL ] SHOW COLUMNS FROM `os_auth_rule` [ RunTime:0.000476s ]
[ sql ] [ SQL ] SELECT `condition`,`name` FROM `os_auth_rule` WHERE  `id` IN (1,2,3,73,74,5,6,7,8,9,10,11,12,39,40,41,42,43,14,13,20,21,22,23,24,15,25,26,27,28,29,30,16,17,44,45,46,47,48,18,49,50,51,52,53,19,31,32,33,34,35,36,37,54,55,58,59,60,61,62,56,64,65,66,67,57,68,69,70,71,72,63)  AND `type` = 1 [ RunTime:0.000334s ]
[ sql ] [ SQL ] SELECT * FROM `os_auth_rule` WHERE  `status` = 1 ORDER BY `sort`  DESC,`id`  ASC [ RunTime:0.000155s ]
[ sql ] [ SQL ] SHOW COLUMNS FROM `os_example` [ RunTime:0.000395s ]
[ sql ] [ SQL ] SELECT * FROM `os_example` [ RunTime:0.000189s ]

---------------------------------------------------------------
[ 2019-09-24T10:46:35+08:00 ] 192.168.1.87 119.190.124.69 GET /admin/example/delete/id/5.html
[ log ] wechat1.wfdingrui.com/admin/example/delete/id/5.html [运行时间：0.030132s][吞吐率：33.19req/s] [内存消耗：2,391.39kb] [文件加载：55]
[ info ] [ LANG ] /www/wwwroot/wechat1.wfdingrui.com/thinkphp/lang/zh-cn.php
[ info ] [ ROUTE ] array (
  'type' => 'module',
  'module' => 
  array (
    0 => 'admin',
    1 => 'example',
    2 => 'delete',
  ),
)
[ info ] [ HEADER ] array (
  'cookie' => 'thinkphp_show_page_trace=0|0; PHPSESSID=6m3r8q57cu8l0pb1vn6478k8e9',
  'accept-language' => 'zh-CN,zh;q=0.9',
  'accept-encoding' => 'gzip, deflate',
  'referer' => 'http://wechat1.wfdingrui.com/admin/example/index.html',
  'user-agent' => 'Mozilla/5.0 (Windows NT 6.3; Win64; x64) AppleWebKit/537.36 (KHTML, like Gecko) Chrome/76.0.3809.132 Safari/537.36',
  'x-requested-with' => 'XMLHttpRequest',
  'accept' => 'application/json, text/javascript, */*; q=0.01',
  'connection' => 'keep-alive',
  'host' => 'wechat1.wfdingrui.com',
)
[ info ] [ PARAM ] array (
  '/admin/example/delete/id/5_html' => '',
  'id' => '5',
)
[ info ] [ SESSION ] INIT array (
  'id' => '',
  'var_session_id' => '',
  'prefix' => 'think',
  'type' => '',
  'auto_start' => true,
)
[ info ] [ DB ] INIT mysql
[ info ] [ RUN ] app\admin\controller\Example->delete[ /www/wwwroot/wechat1.wfdingrui.com/application/admin/controller/Example.php ]
[ info ] [ CACHE ] INIT File
[ info ] [ LOG ] INIT File
[ sql ] [ DB ] CONNECT:[ UseTime:0.000267s ] mysql:dbname=mangtoo;host=localhost;port=3306;charset=utf8
[ sql ] [ SQL ] SHOW COLUMNS FROM `os_auth_group_access` [ RunTime:0.000643s ]
[ sql ] [ SQL ] SELECT `AuthGroupAccess`.`uid`,`AuthGroupAccess`.`group_id`,`AuthGroup`.`title`,`AuthGroup`.`rules` FROM `os_auth_group_access` `AuthGroupAccess` LEFT JOIN `os_auth_group` `AuthGroup` ON `AuthGroupAccess`.`group_id`=`AuthGroup`.`id` WHERE  (  AuthGroupAccess.uid='1' and AuthGroup.status='1' ) [ RunTime:0.000193s ]
[ sql ] [ SQL ] SHOW COLUMNS FROM `os_auth_rule` [ RunTime:0.000431s ]
[ sql ] [ SQL ] SELECT `condition`,`name` FROM `os_auth_rule` WHERE  `id` IN (1,2,3,73,74,5,6,7,8,9,10,11,12,39,40,41,42,43,14,13,20,21,22,23,24,15,25,26,27,28,29,30,16,17,44,45,46,47,48,18,49,50,51,52,53,19,31,32,33,34,35,36,37,54,55,58,59,60,61,62,56,64,65,66,67,57,68,69,70,71,72,63)  AND `type` = 1 [ RunTime:0.000342s ]
[ sql ] [ SQL ] SELECT * FROM `os_auth_rule` WHERE  `status` = 1 ORDER BY `sort`  DESC,`id`  ASC [ RunTime:0.000149s ]
[ sql ] [ SQL ] SHOW COLUMNS FROM `os_example` [ RunTime:0.000465s ]
[ sql ] [ SQL ] SELECT * FROM `os_example` WHERE  `id` = 5 [ RunTime:0.000229s ]
[ sql ] [ SQL ] DELETE FROM `os_example`    WHERE  `id` = 5 [ RunTime:0.004415s ]

---------------------------------------------------------------
[ 2019-09-24T10:46:36+08:00 ] 192.168.1.87 119.190.124.69 GET /admin/example/index.html
[ log ] wechat1.wfdingrui.com/admin/example/index.html [运行时间：0.027564s][吞吐率：36.28req/s] [内存消耗：2,454.91kb] [文件加载：54]
[ info ] [ LANG ] /www/wwwroot/wechat1.wfdingrui.com/thinkphp/lang/zh-cn.php
[ info ] [ ROUTE ] array (
  'type' => 'module',
  'module' => 
  array (
    0 => 'admin',
    1 => 'example',
    2 => 'index',
  ),
)
[ info ] [ HEADER ] array (
  'cookie' => 'thinkphp_show_page_trace=0|0; PHPSESSID=6m3r8q57cu8l0pb1vn6478k8e9',
  'accept-language' => 'zh-CN,zh;q=0.9',
  'accept-encoding' => 'gzip, deflate',
  'referer' => 'http://wechat1.wfdingrui.com/admin/example/index.html',
  'accept' => 'text/html,application/xhtml+xml,application/xml;q=0.9,image/webp,image/apng,*/*;q=0.8,application/signed-exchange;v=b3',
  'user-agent' => 'Mozilla/5.0 (Windows NT 6.3; Win64; x64) AppleWebKit/537.36 (KHTML, like Gecko) Chrome/76.0.3809.132 Safari/537.36',
  'upgrade-insecure-requests' => '1',
  'connection' => 'keep-alive',
  'host' => 'wechat1.wfdingrui.com',
)
[ info ] [ PARAM ] array (
  '/admin/example/index_html' => '',
)
[ info ] [ SESSION ] INIT array (
  'id' => '',
  'var_session_id' => '',
  'prefix' => 'think',
  'type' => '',
  'auto_start' => true,
)
[ info ] [ DB ] INIT mysql
[ info ] [ RUN ] app\admin\controller\Example->index[ /www/wwwroot/wechat1.wfdingrui.com/application/admin/controller/Example.php ]
[ info ] [ VIEW ] ./themes/admin/example/index.html [ array (
  0 => 'menu',
  1 => 'controller',
  2 => 'example_list',
) ]
[ info ] [ LOG ] INIT File
[ sql ] [ DB ] CONNECT:[ UseTime:0.000251s ] mysql:dbname=mangtoo;host=localhost;port=3306;charset=utf8
[ sql ] [ SQL ] SHOW COLUMNS FROM `os_auth_group_access` [ RunTime:0.000591s ]
[ sql ] [ SQL ] SELECT `AuthGroupAccess`.`uid`,`AuthGroupAccess`.`group_id`,`AuthGroup`.`title`,`AuthGroup`.`rules` FROM `os_auth_group_access` `AuthGroupAccess` LEFT JOIN `os_auth_group` `AuthGroup` ON `AuthGroupAccess`.`group_id`=`AuthGroup`.`id` WHERE  (  AuthGroupAccess.uid='1' and AuthGroup.status='1' ) [ RunTime:0.000187s ]
[ sql ] [ SQL ] SHOW COLUMNS FROM `os_auth_rule` [ RunTime:0.000441s ]
[ sql ] [ SQL ] SELECT `condition`,`name` FROM `os_auth_rule` WHERE  `id` IN (1,2,3,73,74,5,6,7,8,9,10,11,12,39,40,41,42,43,14,13,20,21,22,23,24,15,25,26,27,28,29,30,16,17,44,45,46,47,48,18,49,50,51,52,53,19,31,32,33,34,35,36,37,54,55,58,59,60,61,62,56,64,65,66,67,57,68,69,70,71,72,63)  AND `type` = 1 [ RunTime:0.000342s ]
[ sql ] [ SQL ] SELECT * FROM `os_auth_rule` WHERE  `status` = 1 ORDER BY `sort`  DESC,`id`  ASC [ RunTime:0.000156s ]
[ sql ] [ SQL ] SHOW COLUMNS FROM `os_example` [ RunTime:0.000419s ]
[ sql ] [ SQL ] SELECT * FROM `os_example` [ RunTime:0.000212s ]

---------------------------------------------------------------
[ 2019-09-24T10:46:38+08:00 ] 192.168.1.87 119.190.124.69 GET /admin/example/delete/id/6.html
[ log ] wechat1.wfdingrui.com/admin/example/delete/id/6.html [运行时间：0.040288s][吞吐率：24.82req/s] [内存消耗：2,391.39kb] [文件加载：55]
[ info ] [ LANG ] /www/wwwroot/wechat1.wfdingrui.com/thinkphp/lang/zh-cn.php
[ info ] [ ROUTE ] array (
  'type' => 'module',
  'module' => 
  array (
    0 => 'admin',
    1 => 'example',
    2 => 'delete',
  ),
)
[ info ] [ HEADER ] array (
  'cookie' => 'thinkphp_show_page_trace=0|0; PHPSESSID=6m3r8q57cu8l0pb1vn6478k8e9',
  'accept-language' => 'zh-CN,zh;q=0.9',
  'accept-encoding' => 'gzip, deflate',
  'referer' => 'http://wechat1.wfdingrui.com/admin/example/index.html',
  'user-agent' => 'Mozilla/5.0 (Windows NT 6.3; Win64; x64) AppleWebKit/537.36 (KHTML, like Gecko) Chrome/76.0.3809.132 Safari/537.36',
  'x-requested-with' => 'XMLHttpRequest',
  'accept' => 'application/json, text/javascript, */*; q=0.01',
  'connection' => 'keep-alive',
  'host' => 'wechat1.wfdingrui.com',
)
[ info ] [ PARAM ] array (
  '/admin/example/delete/id/6_html' => '',
  'id' => '6',
)
[ info ] [ SESSION ] INIT array (
  'id' => '',
  'var_session_id' => '',
  'prefix' => 'think',
  'type' => '',
  'auto_start' => true,
)
[ info ] [ DB ] INIT mysql
[ info ] [ RUN ] app\admin\controller\Example->delete[ /www/wwwroot/wechat1.wfdingrui.com/application/admin/controller/Example.php ]
[ info ] [ CACHE ] INIT File
[ info ] [ LOG ] INIT File
[ sql ] [ DB ] CONNECT:[ UseTime:0.000248s ] mysql:dbname=mangtoo;host=localhost;port=3306;charset=utf8
[ sql ] [ SQL ] SHOW COLUMNS FROM `os_auth_group_access` [ RunTime:0.000596s ]
[ sql ] [ SQL ] SELECT `AuthGroupAccess`.`uid`,`AuthGroupAccess`.`group_id`,`AuthGroup`.`title`,`AuthGroup`.`rules` FROM `os_auth_group_access` `AuthGroupAccess` LEFT JOIN `os_auth_group` `AuthGroup` ON `AuthGroupAccess`.`group_id`=`AuthGroup`.`id` WHERE  (  AuthGroupAccess.uid='1' and AuthGroup.status='1' ) [ RunTime:0.000181s ]
[ sql ] [ SQL ] SHOW COLUMNS FROM `os_auth_rule` [ RunTime:0.000503s ]
[ sql ] [ SQL ] SELECT `condition`,`name` FROM `os_auth_rule` WHERE  `id` IN (1,2,3,73,74,5,6,7,8,9,10,11,12,39,40,41,42,43,14,13,20,21,22,23,24,15,25,26,27,28,29,30,16,17,44,45,46,47,48,18,49,50,51,52,53,19,31,32,33,34,35,36,37,54,55,58,59,60,61,62,56,64,65,66,67,57,68,69,70,71,72,63)  AND `type` = 1 [ RunTime:0.000355s ]
[ sql ] [ SQL ] SELECT * FROM `os_auth_rule` WHERE  `status` = 1 ORDER BY `sort`  DESC,`id`  ASC [ RunTime:0.000153s ]
[ sql ] [ SQL ] SHOW COLUMNS FROM `os_example` [ RunTime:0.000431s ]
[ sql ] [ SQL ] SELECT * FROM `os_example` WHERE  `id` = 6 [ RunTime:0.000202s ]
[ sql ] [ SQL ] DELETE FROM `os_example`    WHERE  `id` = 6 [ RunTime:0.014142s ]

---------------------------------------------------------------
[ 2019-09-24T10:46:39+08:00 ] 192.168.1.87 119.190.124.69 GET /admin/example/index.html
[ log ] wechat1.wfdingrui.com/admin/example/index.html [运行时间：0.028728s][吞吐率：34.81req/s] [内存消耗：2,453.70kb] [文件加载：54]
[ info ] [ LANG ] /www/wwwroot/wechat1.wfdingrui.com/thinkphp/lang/zh-cn.php
[ info ] [ ROUTE ] array (
  'type' => 'module',
  'module' => 
  array (
    0 => 'admin',
    1 => 'example',
    2 => 'index',
  ),
)
[ info ] [ HEADER ] array (
  'cookie' => 'thinkphp_show_page_trace=0|0; PHPSESSID=6m3r8q57cu8l0pb1vn6478k8e9',
  'accept-language' => 'zh-CN,zh;q=0.9',
  'accept-encoding' => 'gzip, deflate',
  'referer' => 'http://wechat1.wfdingrui.com/admin/example/index.html',
  'accept' => 'text/html,application/xhtml+xml,application/xml;q=0.9,image/webp,image/apng,*/*;q=0.8,application/signed-exchange;v=b3',
  'user-agent' => 'Mozilla/5.0 (Windows NT 6.3; Win64; x64) AppleWebKit/537.36 (KHTML, like Gecko) Chrome/76.0.3809.132 Safari/537.36',
  'upgrade-insecure-requests' => '1',
  'connection' => 'keep-alive',
  'host' => 'wechat1.wfdingrui.com',
)
[ info ] [ PARAM ] array (
  '/admin/example/index_html' => '',
)
[ info ] [ SESSION ] INIT array (
  'id' => '',
  'var_session_id' => '',
  'prefix' => 'think',
  'type' => '',
  'auto_start' => true,
)
[ info ] [ DB ] INIT mysql
[ info ] [ RUN ] app\admin\controller\Example->index[ /www/wwwroot/wechat1.wfdingrui.com/application/admin/controller/Example.php ]
[ info ] [ VIEW ] ./themes/admin/example/index.html [ array (
  0 => 'menu',
  1 => 'controller',
  2 => 'example_list',
) ]
[ info ] [ LOG ] INIT File
[ sql ] [ DB ] CONNECT:[ UseTime:0.000249s ] mysql:dbname=mangtoo;host=localhost;port=3306;charset=utf8
[ sql ] [ SQL ] SHOW COLUMNS FROM `os_auth_group_access` [ RunTime:0.000649s ]
[ sql ] [ SQL ] SELECT `AuthGroupAccess`.`uid`,`AuthGroupAccess`.`group_id`,`AuthGroup`.`title`,`AuthGroup`.`rules` FROM `os_auth_group_access` `AuthGroupAccess` LEFT JOIN `os_auth_group` `AuthGroup` ON `AuthGroupAccess`.`group_id`=`AuthGroup`.`id` WHERE  (  AuthGroupAccess.uid='1' and AuthGroup.status='1' ) [ RunTime:0.000203s ]
[ sql ] [ SQL ] SHOW COLUMNS FROM `os_auth_rule` [ RunTime:0.000516s ]
[ sql ] [ SQL ] SELECT `condition`,`name` FROM `os_auth_rule` WHERE  `id` IN (1,2,3,73,74,5,6,7,8,9,10,11,12,39,40,41,42,43,14,13,20,21,22,23,24,15,25,26,27,28,29,30,16,17,44,45,46,47,48,18,49,50,51,52,53,19,31,32,33,34,35,36,37,54,55,58,59,60,61,62,56,64,65,66,67,57,68,69,70,71,72,63)  AND `type` = 1 [ RunTime:0.000338s ]
[ sql ] [ SQL ] SELECT * FROM `os_auth_rule` WHERE  `status` = 1 ORDER BY `sort`  DESC,`id`  ASC [ RunTime:0.000148s ]
[ sql ] [ SQL ] SHOW COLUMNS FROM `os_example` [ RunTime:0.000445s ]
[ sql ] [ SQL ] SELECT * FROM `os_example` [ RunTime:0.000201s ]

---------------------------------------------------------------
[ 2019-09-24T10:46:41+08:00 ] 192.168.1.87 119.190.124.69 GET /admin/slide/add.html
[ log ] wechat1.wfdingrui.com/admin/slide/add.html [运行时间：0.026668s][吞吐率：37.50req/s] [内存消耗：2,252.76kb] [文件加载：52]
[ info ] [ LANG ] /www/wwwroot/wechat1.wfdingrui.com/thinkphp/lang/zh-cn.php
[ info ] [ ROUTE ] array (
  'type' => 'module',
  'module' => 
  array (
    0 => 'admin',
    1 => 'slide',
    2 => 'add',
  ),
)
[ info ] [ HEADER ] array (
  'cookie' => 'thinkphp_show_page_trace=0|0; PHPSESSID=6m3r8q57cu8l0pb1vn6478k8e9',
  'accept-language' => 'zh-CN,zh;q=0.9',
  'accept-encoding' => 'gzip, deflate',
  'referer' => 'http://wechat1.wfdingrui.com/admin/example/index.html',
  'accept' => 'text/html,application/xhtml+xml,application/xml;q=0.9,image/webp,image/apng,*/*;q=0.8,application/signed-exchange;v=b3',
  'user-agent' => 'Mozilla/5.0 (Windows NT 6.3; Win64; x64) AppleWebKit/537.36 (KHTML, like Gecko) Chrome/76.0.3809.132 Safari/537.36',
  'upgrade-insecure-requests' => '1',
  'connection' => 'keep-alive',
  'host' => 'wechat1.wfdingrui.com',
)
[ info ] [ PARAM ] array (
  '/admin/slide/add_html' => '',
)
[ info ] [ SESSION ] INIT array (
  'id' => '',
  'var_session_id' => '',
  'prefix' => 'think',
  'type' => '',
  'auto_start' => true,
)
[ info ] [ DB ] INIT mysql
[ info ] [ RUN ] app\admin\controller\Slide->add[ /www/wwwroot/wechat1.wfdingrui.com/application/admin/controller/Slide.php ]
[ info ] [ VIEW ] ./themes/admin/slide/add.html [ array (
  0 => 'menu',
  1 => 'controller',
) ]
[ info ] [ LOG ] INIT File
[ sql ] [ DB ] CONNECT:[ UseTime:0.000311s ] mysql:dbname=mangtoo;host=localhost;port=3306;charset=utf8
[ sql ] [ SQL ] SHOW COLUMNS FROM `os_auth_group_access` [ RunTime:0.000641s ]
[ sql ] [ SQL ] SELECT `AuthGroupAccess`.`uid`,`AuthGroupAccess`.`group_id`,`AuthGroup`.`title`,`AuthGroup`.`rules` FROM `os_auth_group_access` `AuthGroupAccess` LEFT JOIN `os_auth_group` `AuthGroup` ON `AuthGroupAccess`.`group_id`=`AuthGroup`.`id` WHERE  (  AuthGroupAccess.uid='1' and AuthGroup.status='1' ) [ RunTime:0.000230s ]
[ sql ] [ SQL ] SHOW COLUMNS FROM `os_auth_rule` [ RunTime:0.000520s ]
[ sql ] [ SQL ] SELECT `condition`,`name` FROM `os_auth_rule` WHERE  `id` IN (1,2,3,73,74,5,6,7,8,9,10,11,12,39,40,41,42,43,14,13,20,21,22,23,24,15,25,26,27,28,29,30,16,17,44,45,46,47,48,18,49,50,51,52,53,19,31,32,33,34,35,36,37,54,55,58,59,60,61,62,56,64,65,66,67,57,68,69,70,71,72,63)  AND `type` = 1 [ RunTime:0.000433s ]
[ sql ] [ SQL ] SELECT * FROM `os_auth_rule` WHERE  `status` = 1 ORDER BY `sort`  DESC,`id`  ASC [ RunTime:0.000180s ]

---------------------------------------------------------------
[ 2019-09-24T10:46:44+08:00 ] 192.168.1.87 119.190.124.69 GET /admin/example/index.html
[ log ] wechat1.wfdingrui.com/admin/example/index.html [运行时间：0.028685s][吞吐率：34.86req/s] [内存消耗：2,453.70kb] [文件加载：54]
[ info ] [ LANG ] /www/wwwroot/wechat1.wfdingrui.com/thinkphp/lang/zh-cn.php
[ info ] [ ROUTE ] array (
  'type' => 'module',
  'module' => 
  array (
    0 => 'admin',
    1 => 'example',
    2 => 'index',
  ),
)
[ info ] [ HEADER ] array (
  'cookie' => 'thinkphp_show_page_trace=0|0; PHPSESSID=6m3r8q57cu8l0pb1vn6478k8e9',
  'accept-language' => 'zh-CN,zh;q=0.9',
  'accept-encoding' => 'gzip, deflate',
  'referer' => 'http://wechat1.wfdingrui.com/admin/slide/add.html',
  'accept' => 'text/html,application/xhtml+xml,application/xml;q=0.9,image/webp,image/apng,*/*;q=0.8,application/signed-exchange;v=b3',
  'user-agent' => 'Mozilla/5.0 (Windows NT 6.3; Win64; x64) AppleWebKit/537.36 (KHTML, like Gecko) Chrome/76.0.3809.132 Safari/537.36',
  'upgrade-insecure-requests' => '1',
  'connection' => 'keep-alive',
  'host' => 'wechat1.wfdingrui.com',
)
[ info ] [ PARAM ] array (
  '/admin/example/index_html' => '',
)
[ info ] [ SESSION ] INIT array (
  'id' => '',
  'var_session_id' => '',
  'prefix' => 'think',
  'type' => '',
  'auto_start' => true,
)
[ info ] [ DB ] INIT mysql
[ info ] [ RUN ] app\admin\controller\Example->index[ /www/wwwroot/wechat1.wfdingrui.com/application/admin/controller/Example.php ]
[ info ] [ VIEW ] ./themes/admin/example/index.html [ array (
  0 => 'menu',
  1 => 'controller',
  2 => 'example_list',
) ]
[ info ] [ LOG ] INIT File
[ sql ] [ DB ] CONNECT:[ UseTime:0.000255s ] mysql:dbname=mangtoo;host=localhost;port=3306;charset=utf8
[ sql ] [ SQL ] SHOW COLUMNS FROM `os_auth_group_access` [ RunTime:0.000621s ]
[ sql ] [ SQL ] SELECT `AuthGroupAccess`.`uid`,`AuthGroupAccess`.`group_id`,`AuthGroup`.`title`,`AuthGroup`.`rules` FROM `os_auth_group_access` `AuthGroupAccess` LEFT JOIN `os_auth_group` `AuthGroup` ON `AuthGroupAccess`.`group_id`=`AuthGroup`.`id` WHERE  (  AuthGroupAccess.uid='1' and AuthGroup.status='1' ) [ RunTime:0.000206s ]
[ sql ] [ SQL ] SHOW COLUMNS FROM `os_auth_rule` [ RunTime:0.000469s ]
[ sql ] [ SQL ] SELECT `condition`,`name` FROM `os_auth_rule` WHERE  `id` IN (1,2,3,73,74,5,6,7,8,9,10,11,12,39,40,41,42,43,14,13,20,21,22,23,24,15,25,26,27,28,29,30,16,17,44,45,46,47,48,18,49,50,51,52,53,19,31,32,33,34,35,36,37,54,55,58,59,60,61,62,56,64,65,66,67,57,68,69,70,71,72,63)  AND `type` = 1 [ RunTime:0.000374s ]
[ sql ] [ SQL ] SELECT * FROM `os_auth_rule` WHERE  `status` = 1 ORDER BY `sort`  DESC,`id`  ASC [ RunTime:0.000148s ]
[ sql ] [ SQL ] SHOW COLUMNS FROM `os_example` [ RunTime:0.000433s ]
[ sql ] [ SQL ] SELECT * FROM `os_example` [ RunTime:0.000113s ]

---------------------------------------------------------------
[ 2019-09-24T13:19:55+08:00 ] 192.168.1.87 47.101.200.43 GET /
[ log ] wechat1.wfdingrui.com/ [运行时间：0.015079s][吞吐率：66.32req/s] [内存消耗：1,467.21kb] [文件加载：44]
[ info ] [ LANG ] /www/wwwroot/wechat1.wfdingrui.com/thinkphp/lang/zh-cn.php
[ info ] [ ROUTE ] array (
  'type' => 'module',
  'module' => 
  array (
    0 => '',
    1 => NULL,
    2 => NULL,
  ),
)
[ info ] [ HEADER ] array (
  'accept-encoding' => 'gzip',
  'connection' => 'Keep-Alive',
  'host' => 'wechat1.wfdingrui.com',
  'user-agent' => 'Mozilla/5.0 (X11; Ubuntu; Linux x86_64; rv:36.0) Gecko/20100101 Firefox/36.0',
)
[ info ] [ PARAM ] array (
)
[ info ] [ SESSION ] INIT array (
  'id' => '',
  'var_session_id' => '',
  'prefix' => 'think',
  'type' => '',
  'auto_start' => true,
)
[ info ] [ LOG ] INIT File

---------------------------------------------------------------
[ 2019-09-24T13:19:55+08:00 ] 192.168.1.87 47.101.200.43 GET /admin/login/index.html
[ log ] wechat1.wfdingrui.com/admin/login/index.html [运行时间：0.016037s][吞吐率：62.36req/s] [内存消耗：1,501.39kb] [文件加载：45]
[ info ] [ LANG ] /www/wwwroot/wechat1.wfdingrui.com/thinkphp/lang/zh-cn.php
[ info ] [ ROUTE ] array (
  'type' => 'module',
  'module' => 
  array (
    0 => 'admin',
    1 => 'login',
    2 => 'index',
  ),
)
[ info ] [ HEADER ] array (
  'accept-encoding' => 'gzip',
  'connection' => 'Keep-Alive',
  'host' => 'wechat1.wfdingrui.com',
  'user-agent' => 'Mozilla/5.0 (X11; Ubuntu; Linux x86_64; rv:36.0) Gecko/20100101 Firefox/36.0',
)
[ info ] [ PARAM ] array (
  '/admin/login/index_html' => '',
)
[ info ] [ RUN ] app\admin\controller\Login->index[ /www/wwwroot/wechat1.wfdingrui.com/application/admin/controller/Login.php ]
[ info ] [ VIEW ] ./themes/admin/login/index.html [ array (
) ]
[ info ] [ LOG ] INIT File

---------------------------------------------------------------
