[ 2019-10-08T03:42:15+08:00 ] 172.31.18.39 66.249.64.39 GET /index/spot/getScenic/cid/1/pid/1
[ log ] admin.mangtuyou.com/index/spot/getScenic/cid/1/pid/1 [运行时间：0.023731s][吞吐率：42.14req/s] [内存消耗：2,425.87kb] [文件加载：57]
[ info ] [ LANG ] /www/wwwroot/admin.mangtuyou.com/thinkphp/lang/zh-cn.php
[ info ] [ ROUTE ] array (
  'type' => 'module',
  'module' => 
  array (
    0 => 'index',
    1 => 'spot',
    2 => 'getScenic',
  ),
)
[ info ] [ HEADER ] array (
  'accept-encoding' => 'gzip,deflate,br',
  'user-agent' => 'Mozilla/5.0 (Linux; Android 6.0.1; Nexus 5X Build/MMB29P) AppleWebKit/537.36 (KHTML, like Gecko) Chrome/41.0.2272.96 Mobile Safari/537.36 (compatible; Googlebot/2.1; +http://www.google.com/bot.html)',
  'from' => 'googlebot(at)googlebot.com',
  'accept' => 'application/json,text/javascript,*/*; q=0.01',
  'connection' => 'keep-alive',
  'referer' => 'http://www.mangtuyou.com/',
  'origin' => 'http://www.mangtuyou.com',
  'accept-language' => 'en-US',
  'host' => 'admin.mangtuyou.com',
  'content-type' => 'application/x-www-form-urlencoded',
)
[ info ] [ PARAM ] array (
  '/index/spot/getScenic/cid/1/pid/1' => '',
  'cid' => '1',
  'pid' => '1',
)
[ info ] [ CACHE ] INIT File
[ info ] [ DB ] INIT mysql
[ info ] [ RUN ] app\index\controller\Spot->getScenic[ /www/wwwroot/admin.mangtuyou.com/application/index/controller/Spot.php ]
[ info ] [ LOG ] INIT File
[ sql ] [ DB ] CONNECT:[ UseTime:0.000330s ] mysql:dbname=mangtoo;host=localhost;port=3306;charset=utf8
[ sql ] [ SQL ] SHOW COLUMNS FROM `os_nav` [ RunTime:0.000743s ]
[ sql ] [ SQL ] SELECT * FROM `os_nav` WHERE  `status` = 1 ORDER BY `sort`  ASC [ RunTime:0.000181s ]
[ sql ] [ SQL ] SHOW COLUMNS FROM `os_example` [ RunTime:0.000550s ]
[ sql ] [ SQL ] SELECT `img`,`name`,`url` FROM `os_example` WHERE  `id` = 1 LIMIT 1 [ RunTime:0.000159s ]
[ sql ] [ SQL ] SHOW COLUMNS FROM `os_scenic` [ RunTime:0.000923s ]
[ sql ] [ SQL ] SELECT `id`,`coordinate_left`,`coordinate_top`,`name` FROM `os_scenic` WHERE  `cid` = 1  AND `classid` = 1 [ RunTime:0.000279s ]
[ error ] [8]Use of undefined constant img - assumed 'img'[/www/wwwroot/admin.mangtuyou.com/application/index/controller/Spot.php:21]
[ error ] [8]Use of undefined constant name - assumed 'name'[/www/wwwroot/admin.mangtuyou.com/application/index/controller/Spot.php:21]
[ error ] [8]Use of undefined constant url - assumed 'url'[/www/wwwroot/admin.mangtuyou.com/application/index/controller/Spot.php:21]
[ error ] [8]Use of undefined constant id - assumed 'id'[/www/wwwroot/admin.mangtuyou.com/application/index/controller/Spot.php:25]
[ error ] [8]Use of undefined constant coordinate_left - assumed 'coordinate_left'[/www/wwwroot/admin.mangtuyou.com/application/index/controller/Spot.php:25]
[ error ] [8]Use of undefined constant coordinate_top - assumed 'coordinate_top'[/www/wwwroot/admin.mangtuyou.com/application/index/controller/Spot.php:25]
[ error ] [8]Use of undefined constant name - assumed 'name'[/www/wwwroot/admin.mangtuyou.com/application/index/controller/Spot.php:25]

---------------------------------------------------------------
[ 2019-10-08T09:01:29+08:00 ] 172.31.18.39 47.101.198.15 GET /
[ log ] admin.mangtuyou.com/ [运行时间：0.012382s][吞吐率：80.76req/s] [内存消耗：1,469.69kb] [文件加载：44]
[ info ] [ LANG ] /www/wwwroot/admin.mangtuyou.com/thinkphp/lang/zh-cn.php
[ info ] [ ROUTE ] array (
  'type' => 'module',
  'module' => 
  array (
    0 => '',
    1 => NULL,
    2 => NULL,
  ),
)
[ info ] [ HEADER ] array (
  'accept-encoding' => 'gzip',
  'connection' => 'Keep-Alive',
  'host' => 'admin.mangtuyou.com',
  'user-agent' => 'Mozilla/5.0 (X11; Ubuntu; Linux x86_64; rv:36.0) Gecko/20100101 Firefox/36.0',
)
[ info ] [ PARAM ] array (
)
[ info ] [ SESSION ] INIT array (
  'id' => '',
  'var_session_id' => '',
  'prefix' => 'think',
  'type' => '',
  'auto_start' => true,
)
[ info ] [ LOG ] INIT File

---------------------------------------------------------------
[ 2019-10-08T09:01:29+08:00 ] 172.31.18.39 47.101.198.15 GET /admin/login/index.html
[ log ] admin.mangtuyou.com/admin/login/index.html [运行时间：0.014720s][吞吐率：67.93req/s] [内存消耗：1,503.80kb] [文件加载：45]
[ info ] [ LANG ] /www/wwwroot/admin.mangtuyou.com/thinkphp/lang/zh-cn.php
[ info ] [ ROUTE ] array (
  'type' => 'module',
  'module' => 
  array (
    0 => 'admin',
    1 => 'login',
    2 => 'index',
  ),
)
[ info ] [ HEADER ] array (
  'accept-encoding' => 'gzip',
  'connection' => 'Keep-Alive',
  'host' => 'admin.mangtuyou.com',
  'user-agent' => 'Mozilla/5.0 (X11; Ubuntu; Linux x86_64; rv:36.0) Gecko/20100101 Firefox/36.0',
)
[ info ] [ PARAM ] array (
  '/admin/login/index_html' => '',
)
[ info ] [ RUN ] app\admin\controller\Login->index[ /www/wwwroot/admin.mangtuyou.com/application/admin/controller/Login.php ]
[ info ] [ VIEW ] ./themes/admin/login/index.html [ array (
) ]
[ info ] [ LOG ] INIT File

---------------------------------------------------------------
[ 2019-10-08T09:23:16+08:00 ] 172.31.18.39 123.168.84.45 GET /admin/login/index.html
[ log ] admin.mangtuyou.com/admin/login/index.html [运行时间：0.014242s][吞吐率：70.22req/s] [内存消耗：1,504.11kb] [文件加载：45]
[ info ] [ LANG ] /www/wwwroot/admin.mangtuyou.com/thinkphp/lang/zh-cn.php
[ info ] [ ROUTE ] array (
  'type' => 'module',
  'module' => 
  array (
    0 => 'admin',
    1 => 'login',
    2 => 'index',
  ),
)
[ info ] [ HEADER ] array (
  'connection' => 'keep-alive',
  'accept-encoding' => 'gzip, deflate',
  'accept-language' => 'zh-cn',
  'user-agent' => 'Mozilla/5.0 (Macintosh; Intel Mac OS X 10_14_6) AppleWebKit/605.1.15 (KHTML, like Gecko)',
  'accept' => 'text/html,application/xhtml+xml,application/xml;q=0.9,*/*;q=0.8',
  'upgrade-insecure-requests' => '1',
  'host' => 'admin.mangtuyou.com',
)
[ info ] [ PARAM ] array (
  '/admin/login/index_html' => '',
)
[ info ] [ RUN ] app\admin\controller\Login->index[ /www/wwwroot/admin.mangtuyou.com/application/admin/controller/Login.php ]
[ info ] [ VIEW ] ./themes/admin/login/index.html [ array (
) ]
[ info ] [ LOG ] INIT File

---------------------------------------------------------------
[ 2019-10-08T09:23:17+08:00 ] 172.31.18.39 123.168.84.45 GET /apple-touch-icon-precomposed.png
[ log ] admin.mangtuyou.com/apple-touch-icon-precomposed.png [运行时间：0.012767s][吞吐率：78.33req/s] [内存消耗：1,202.73kb] [文件加载：38]
[ info ] [ LANG ] /www/wwwroot/admin.mangtuyou.com/thinkphp/lang/zh-cn.php
[ info ] [ ROUTE ] array (
  'type' => 'module',
  'module' => 
  array (
    0 => 'apple-touch-icon-precomposed.png',
    1 => NULL,
    2 => NULL,
  ),
)
[ info ] [ HEADER ] array (
  'user-agent' => 'Safari%20%E6%B5%8F%E8%A7%88%E5%99%A8/14607.3.9 CFNetwork/978.0.7 Darwin/18.7.0 (x86_64)',
  'accept-encoding' => 'gzip, deflate',
  'connection' => 'keep-alive',
  'accept-language' => 'zh-cn',
  'accept' => '*/*',
  'host' => 'admin.mangtuyou.com',
)
[ info ] [ PARAM ] array (
  '/apple-touch-icon-precomposed_png' => '',
)
[ info ] [ LOG ] INIT File

---------------------------------------------------------------
[ 2019-10-08T09:23:17+08:00 ] 172.31.18.39 123.168.84.45 GET /apple-touch-icon.png
[ log ] admin.mangtuyou.com/apple-touch-icon.png [运行时间：0.012787s][吞吐率：78.21req/s] [内存消耗：1,202.67kb] [文件加载：38]
[ info ] [ LANG ] /www/wwwroot/admin.mangtuyou.com/thinkphp/lang/zh-cn.php
[ info ] [ ROUTE ] array (
  'type' => 'module',
  'module' => 
  array (
    0 => 'apple-touch-icon.png',
    1 => NULL,
    2 => NULL,
  ),
)
[ info ] [ HEADER ] array (
  'user-agent' => 'Safari%20%E6%B5%8F%E8%A7%88%E5%99%A8/14607.3.9 CFNetwork/978.0.7 Darwin/18.7.0 (x86_64)',
  'accept-encoding' => 'gzip, deflate',
  'connection' => 'keep-alive',
  'accept-language' => 'zh-cn',
  'accept' => '*/*',
  'host' => 'admin.mangtuyou.com',
)
[ info ] [ PARAM ] array (
  '/apple-touch-icon_png' => '',
)
[ info ] [ LOG ] INIT File

---------------------------------------------------------------
[ 2019-10-08T09:23:17+08:00 ] 172.31.18.39 123.168.84.45 GET /favicon.ico
[ log ] admin.mangtuyou.com/favicon.ico [运行时间：0.015407s][吞吐率：64.91req/s] [内存消耗：1,202.64kb] [文件加载：38]
[ info ] [ LANG ] /www/wwwroot/admin.mangtuyou.com/thinkphp/lang/zh-cn.php
[ info ] [ ROUTE ] array (
  'type' => 'module',
  'module' => 
  array (
    0 => 'favicon.ico',
    1 => NULL,
    2 => NULL,
  ),
)
[ info ] [ HEADER ] array (
  'user-agent' => 'Safari%20%E6%B5%8F%E8%A7%88%E5%99%A8/14607.3.9 CFNetwork/978.0.7 Darwin/18.7.0 (x86_64)',
  'accept-encoding' => 'gzip, deflate',
  'connection' => 'keep-alive',
  'accept-language' => 'zh-cn',
  'accept' => '*/*',
  'host' => 'admin.mangtuyou.com',
)
[ info ] [ PARAM ] array (
  '/favicon_ico' => '',
)
[ info ] [ LOG ] INIT File

---------------------------------------------------------------
[ 2019-10-08T09:23:17+08:00 ] 172.31.18.39 123.168.84.45 GET /apple-touch-icon-precomposed.png
[ log ] admin.mangtuyou.com/apple-touch-icon-precomposed.png [运行时间：0.012314s][吞吐率：81.21req/s] [内存消耗：1,202.73kb] [文件加载：38]
[ info ] [ LANG ] /www/wwwroot/admin.mangtuyou.com/thinkphp/lang/zh-cn.php
[ info ] [ ROUTE ] array (
  'type' => 'module',
  'module' => 
  array (
    0 => 'apple-touch-icon-precomposed.png',
    1 => NULL,
    2 => NULL,
  ),
)
[ info ] [ HEADER ] array (
  'user-agent' => 'Safari%20%E6%B5%8F%E8%A7%88%E5%99%A8/14607.3.9 CFNetwork/978.0.7 Darwin/18.7.0 (x86_64)',
  'accept-encoding' => 'gzip, deflate',
  'connection' => 'keep-alive',
  'accept-language' => 'zh-cn',
  'accept' => '*/*',
  'host' => 'admin.mangtuyou.com',
)
[ info ] [ PARAM ] array (
  '/apple-touch-icon-precomposed_png' => '',
)
[ info ] [ LOG ] INIT File

---------------------------------------------------------------
[ 2019-10-08T09:23:17+08:00 ] 172.31.18.39 123.168.84.45 GET /apple-touch-icon.png
[ log ] admin.mangtuyou.com/apple-touch-icon.png [运行时间：0.012809s][吞吐率：78.07req/s] [内存消耗：1,202.67kb] [文件加载：38]
[ info ] [ LANG ] /www/wwwroot/admin.mangtuyou.com/thinkphp/lang/zh-cn.php
[ info ] [ ROUTE ] array (
  'type' => 'module',
  'module' => 
  array (
    0 => 'apple-touch-icon.png',
    1 => NULL,
    2 => NULL,
  ),
)
[ info ] [ HEADER ] array (
  'user-agent' => 'Safari%20%E6%B5%8F%E8%A7%88%E5%99%A8/14607.3.9 CFNetwork/978.0.7 Darwin/18.7.0 (x86_64)',
  'accept-encoding' => 'gzip, deflate',
  'connection' => 'keep-alive',
  'accept-language' => 'zh-cn',
  'accept' => '*/*',
  'host' => 'admin.mangtuyou.com',
)
[ info ] [ PARAM ] array (
  '/apple-touch-icon_png' => '',
)
[ info ] [ LOG ] INIT File

---------------------------------------------------------------
[ 2019-10-08T09:23:17+08:00 ] 172.31.18.39 123.168.84.45 GET /favicon.ico
[ log ] admin.mangtuyou.com/favicon.ico [运行时间：0.012084s][吞吐率：82.75req/s] [内存消耗：1,202.64kb] [文件加载：38]
[ info ] [ LANG ] /www/wwwroot/admin.mangtuyou.com/thinkphp/lang/zh-cn.php
[ info ] [ ROUTE ] array (
  'type' => 'module',
  'module' => 
  array (
    0 => 'favicon.ico',
    1 => NULL,
    2 => NULL,
  ),
)
[ info ] [ HEADER ] array (
  'user-agent' => 'Safari%20%E6%B5%8F%E8%A7%88%E5%99%A8/14607.3.9 CFNetwork/978.0.7 Darwin/18.7.0 (x86_64)',
  'accept-encoding' => 'gzip, deflate',
  'connection' => 'keep-alive',
  'accept-language' => 'zh-cn',
  'accept' => '*/*',
  'host' => 'admin.mangtuyou.com',
)
[ info ] [ PARAM ] array (
  '/favicon_ico' => '',
)
[ info ] [ LOG ] INIT File

---------------------------------------------------------------
[ 2019-10-08T09:23:17+08:00 ] 172.31.18.39 123.168.84.45 GET /admin/login/index.html
[ log ] admin.mangtuyou.com/admin/login/index.html [运行时间：0.013170s][吞吐率：75.93req/s] [内存消耗：1,504.17kb] [文件加载：45]
[ info ] [ LANG ] /www/wwwroot/admin.mangtuyou.com/thinkphp/lang/zh-cn.php
[ info ] [ ROUTE ] array (
  'type' => 'module',
  'module' => 
  array (
    0 => 'admin',
    1 => 'login',
    2 => 'index',
  ),
)
[ info ] [ HEADER ] array (
  'connection' => 'keep-alive',
  'accept-encoding' => 'gzip, deflate',
  'accept-language' => 'zh-cn',
  'user-agent' => 'Mozilla/5.0 (iPhone; CPU iPhone OS 12_1_3 like Mac OS X) AppleWebKit/605.1.15 (KHTML, like Gecko) Version/12.0 Mobile/15E148 Safari/604.1',
  'accept' => 'text/html,application/xhtml+xml,application/xml;q=0.9,*/*;q=0.8',
  'upgrade-insecure-requests' => '1',
  'host' => 'admin.mangtuyou.com',
)
[ info ] [ PARAM ] array (
  '/admin/login/index_html' => '',
)
[ info ] [ RUN ] app\admin\controller\Login->index[ /www/wwwroot/admin.mangtuyou.com/application/admin/controller/Login.php ]
[ info ] [ VIEW ] ./themes/admin/login/index.html [ array (
) ]
[ info ] [ LOG ] INIT File

---------------------------------------------------------------
[ 2019-10-08T09:23:17+08:00 ] 172.31.18.39 123.168.84.45 GET /apple-touch-icon-precomposed.png
[ log ] admin.mangtuyou.com/apple-touch-icon-precomposed.png [运行时间：0.011589s][吞吐率：86.29req/s] [内存消耗：1,202.73kb] [文件加载：38]
[ info ] [ LANG ] /www/wwwroot/admin.mangtuyou.com/thinkphp/lang/zh-cn.php
[ info ] [ ROUTE ] array (
  'type' => 'module',
  'module' => 
  array (
    0 => 'apple-touch-icon-precomposed.png',
    1 => NULL,
    2 => NULL,
  ),
)
[ info ] [ HEADER ] array (
  'user-agent' => 'Safari%20%E6%B5%8F%E8%A7%88%E5%99%A8/14607.3.9 CFNetwork/978.0.7 Darwin/18.7.0 (x86_64)',
  'accept-encoding' => 'gzip, deflate',
  'connection' => 'keep-alive',
  'accept-language' => 'zh-cn',
  'accept' => '*/*',
  'host' => 'admin.mangtuyou.com',
)
[ info ] [ PARAM ] array (
  '/apple-touch-icon-precomposed_png' => '',
)
[ info ] [ LOG ] INIT File

---------------------------------------------------------------
[ 2019-10-08T09:23:17+08:00 ] 172.31.18.39 123.168.84.45 GET /apple-touch-icon.png
[ log ] admin.mangtuyou.com/apple-touch-icon.png [运行时间：0.012832s][吞吐率：77.93req/s] [内存消耗：1,202.67kb] [文件加载：38]
[ info ] [ LANG ] /www/wwwroot/admin.mangtuyou.com/thinkphp/lang/zh-cn.php
[ info ] [ ROUTE ] array (
  'type' => 'module',
  'module' => 
  array (
    0 => 'apple-touch-icon.png',
    1 => NULL,
    2 => NULL,
  ),
)
[ info ] [ HEADER ] array (
  'user-agent' => 'Safari%20%E6%B5%8F%E8%A7%88%E5%99%A8/14607.3.9 CFNetwork/978.0.7 Darwin/18.7.0 (x86_64)',
  'accept-encoding' => 'gzip, deflate',
  'connection' => 'keep-alive',
  'accept-language' => 'zh-cn',
  'accept' => '*/*',
  'host' => 'admin.mangtuyou.com',
)
[ info ] [ PARAM ] array (
  '/apple-touch-icon_png' => '',
)
[ info ] [ LOG ] INIT File

---------------------------------------------------------------
[ 2019-10-08T09:23:17+08:00 ] 172.31.18.39 123.168.84.45 GET /favicon.ico
[ log ] admin.mangtuyou.com/favicon.ico [运行时间：0.012103s][吞吐率：82.63req/s] [内存消耗：1,202.64kb] [文件加载：38]
[ info ] [ LANG ] /www/wwwroot/admin.mangtuyou.com/thinkphp/lang/zh-cn.php
[ info ] [ ROUTE ] array (
  'type' => 'module',
  'module' => 
  array (
    0 => 'favicon.ico',
    1 => NULL,
    2 => NULL,
  ),
)
[ info ] [ HEADER ] array (
  'user-agent' => 'Safari%20%E6%B5%8F%E8%A7%88%E5%99%A8/14607.3.9 CFNetwork/978.0.7 Darwin/18.7.0 (x86_64)',
  'accept-encoding' => 'gzip, deflate',
  'connection' => 'keep-alive',
  'accept-language' => 'zh-cn',
  'accept' => '*/*',
  'host' => 'admin.mangtuyou.com',
)
[ info ] [ PARAM ] array (
  '/favicon_ico' => '',
)
[ info ] [ LOG ] INIT File

---------------------------------------------------------------
[ 2019-10-08T09:23:17+08:00 ] 172.31.18.39 123.168.84.45 GET /apple-touch-icon-precomposed.png
[ log ] admin.mangtuyou.com/apple-touch-icon-precomposed.png [运行时间：0.013008s][吞吐率：76.88req/s] [内存消耗：1,202.73kb] [文件加载：38]
[ info ] [ LANG ] /www/wwwroot/admin.mangtuyou.com/thinkphp/lang/zh-cn.php
[ info ] [ ROUTE ] array (
  'type' => 'module',
  'module' => 
  array (
    0 => 'apple-touch-icon-precomposed.png',
    1 => NULL,
    2 => NULL,
  ),
)
[ info ] [ HEADER ] array (
  'user-agent' => 'Safari%20%E6%B5%8F%E8%A7%88%E5%99%A8/14607.3.9 CFNetwork/978.0.7 Darwin/18.7.0 (x86_64)',
  'accept-encoding' => 'gzip, deflate',
  'connection' => 'keep-alive',
  'accept-language' => 'zh-cn',
  'accept' => '*/*',
  'host' => 'admin.mangtuyou.com',
)
[ info ] [ PARAM ] array (
  '/apple-touch-icon-precomposed_png' => '',
)
[ info ] [ LOG ] INIT File

---------------------------------------------------------------
[ 2019-10-08T09:23:18+08:00 ] 172.31.18.39 123.168.84.45 GET /apple-touch-icon.png
[ log ] admin.mangtuyou.com/apple-touch-icon.png [运行时间：0.012143s][吞吐率：82.35req/s] [内存消耗：1,202.67kb] [文件加载：38]
[ info ] [ LANG ] /www/wwwroot/admin.mangtuyou.com/thinkphp/lang/zh-cn.php
[ info ] [ ROUTE ] array (
  'type' => 'module',
  'module' => 
  array (
    0 => 'apple-touch-icon.png',
    1 => NULL,
    2 => NULL,
  ),
)
[ info ] [ HEADER ] array (
  'user-agent' => 'Safari%20%E6%B5%8F%E8%A7%88%E5%99%A8/14607.3.9 CFNetwork/978.0.7 Darwin/18.7.0 (x86_64)',
  'accept-encoding' => 'gzip, deflate',
  'connection' => 'keep-alive',
  'accept-language' => 'zh-cn',
  'accept' => '*/*',
  'host' => 'admin.mangtuyou.com',
)
[ info ] [ PARAM ] array (
  '/apple-touch-icon_png' => '',
)
[ info ] [ LOG ] INIT File

---------------------------------------------------------------
[ 2019-10-08T09:23:18+08:00 ] 172.31.18.39 123.168.84.45 GET /favicon.ico
[ log ] admin.mangtuyou.com/favicon.ico [运行时间：0.012589s][吞吐率：79.43req/s] [内存消耗：1,202.64kb] [文件加载：38]
[ info ] [ LANG ] /www/wwwroot/admin.mangtuyou.com/thinkphp/lang/zh-cn.php
[ info ] [ ROUTE ] array (
  'type' => 'module',
  'module' => 
  array (
    0 => 'favicon.ico',
    1 => NULL,
    2 => NULL,
  ),
)
[ info ] [ HEADER ] array (
  'user-agent' => 'Safari%20%E6%B5%8F%E8%A7%88%E5%99%A8/14607.3.9 CFNetwork/978.0.7 Darwin/18.7.0 (x86_64)',
  'accept-encoding' => 'gzip, deflate',
  'connection' => 'keep-alive',
  'accept-language' => 'zh-cn',
  'accept' => '*/*',
  'host' => 'admin.mangtuyou.com',
)
[ info ] [ PARAM ] array (
  '/favicon_ico' => '',
)
[ info ] [ LOG ] INIT File

---------------------------------------------------------------
[ 2019-10-08T13:32:35+08:00 ] 172.31.18.39 123.168.84.45 GET /admin/scenic/index.html
[ log ] admin.mangtuyou.com/admin/scenic/index.html [运行时间：0.012851s][吞吐率：77.81req/s] [内存消耗：1,480.66kb] [文件加载：44]
[ info ] [ LANG ] /www/wwwroot/admin.mangtuyou.com/thinkphp/lang/zh-cn.php
[ info ] [ ROUTE ] array (
  'type' => 'module',
  'module' => 
  array (
    0 => 'admin',
    1 => 'scenic',
    2 => 'index',
  ),
)
[ info ] [ HEADER ] array (
  'connection' => 'keep-alive',
  'accept-encoding' => 'gzip, deflate',
  'accept-language' => 'zh-cn',
  'user-agent' => 'Mozilla/5.0 (Macintosh; Intel Mac OS X 10_14_6) AppleWebKit/605.1.15 (KHTML, like Gecko)',
  'accept' => 'text/html,application/xhtml+xml,application/xml;q=0.9,*/*;q=0.8',
  'upgrade-insecure-requests' => '1',
  'host' => 'admin.mangtuyou.com',
)
[ info ] [ PARAM ] array (
  '/admin/scenic/index_html' => '',
)
[ info ] [ SESSION ] INIT array (
  'id' => '',
  'var_session_id' => '',
  'prefix' => 'think',
  'type' => '',
  'auto_start' => true,
)
[ info ] [ LOG ] INIT File

---------------------------------------------------------------
[ 2019-10-08T13:32:35+08:00 ] 172.31.18.39 123.168.84.45 GET /admin/login/index.html
[ log ] admin.mangtuyou.com/admin/login/index.html [运行时间：0.013693s][吞吐率：73.03req/s] [内存消耗：1,504.11kb] [文件加载：45]
[ info ] [ LANG ] /www/wwwroot/admin.mangtuyou.com/thinkphp/lang/zh-cn.php
[ info ] [ ROUTE ] array (
  'type' => 'module',
  'module' => 
  array (
    0 => 'admin',
    1 => 'login',
    2 => 'index',
  ),
)
[ info ] [ HEADER ] array (
  'connection' => 'keep-alive',
  'accept-encoding' => 'gzip, deflate',
  'accept-language' => 'zh-cn',
  'user-agent' => 'Mozilla/5.0 (Macintosh; Intel Mac OS X 10_14_6) AppleWebKit/605.1.15 (KHTML, like Gecko)',
  'accept' => 'text/html,application/xhtml+xml,application/xml;q=0.9,*/*;q=0.8',
  'upgrade-insecure-requests' => '1',
  'host' => 'admin.mangtuyou.com',
)
[ info ] [ PARAM ] array (
  '/admin/login/index_html' => '',
)
[ info ] [ RUN ] app\admin\controller\Login->index[ /www/wwwroot/admin.mangtuyou.com/application/admin/controller/Login.php ]
[ info ] [ VIEW ] ./themes/admin/login/index.html [ array (
) ]
[ info ] [ LOG ] INIT File

---------------------------------------------------------------
[ 2019-10-08T13:32:35+08:00 ] 172.31.18.39 123.168.84.45 GET /apple-touch-icon-precomposed.png
[ log ] admin.mangtuyou.com/apple-touch-icon-precomposed.png [运行时间：0.013040s][吞吐率：76.69req/s] [内存消耗：1,202.73kb] [文件加载：38]
[ info ] [ LANG ] /www/wwwroot/admin.mangtuyou.com/thinkphp/lang/zh-cn.php
[ info ] [ ROUTE ] array (
  'type' => 'module',
  'module' => 
  array (
    0 => 'apple-touch-icon-precomposed.png',
    1 => NULL,
    2 => NULL,
  ),
)
[ info ] [ HEADER ] array (
  'user-agent' => 'Safari%20%E6%B5%8F%E8%A7%88%E5%99%A8/14607.3.9 CFNetwork/978.0.7 Darwin/18.7.0 (x86_64)',
  'accept-encoding' => 'gzip, deflate',
  'connection' => 'keep-alive',
  'accept-language' => 'zh-cn',
  'accept' => '*/*',
  'host' => 'admin.mangtuyou.com',
)
[ info ] [ PARAM ] array (
  '/apple-touch-icon-precomposed_png' => '',
)
[ info ] [ LOG ] INIT File

---------------------------------------------------------------
[ 2019-10-08T13:32:35+08:00 ] 172.31.18.39 123.168.84.45 GET /apple-touch-icon.png
[ log ] admin.mangtuyou.com/apple-touch-icon.png [运行时间：0.011778s][吞吐率：84.90req/s] [内存消耗：1,202.67kb] [文件加载：38]
[ info ] [ LANG ] /www/wwwroot/admin.mangtuyou.com/thinkphp/lang/zh-cn.php
[ info ] [ ROUTE ] array (
  'type' => 'module',
  'module' => 
  array (
    0 => 'apple-touch-icon.png',
    1 => NULL,
    2 => NULL,
  ),
)
[ info ] [ HEADER ] array (
  'user-agent' => 'Safari%20%E6%B5%8F%E8%A7%88%E5%99%A8/14607.3.9 CFNetwork/978.0.7 Darwin/18.7.0 (x86_64)',
  'accept-encoding' => 'gzip, deflate',
  'connection' => 'keep-alive',
  'accept-language' => 'zh-cn',
  'accept' => '*/*',
  'host' => 'admin.mangtuyou.com',
)
[ info ] [ PARAM ] array (
  '/apple-touch-icon_png' => '',
)
[ info ] [ LOG ] INIT File

---------------------------------------------------------------
[ 2019-10-08T13:32:35+08:00 ] 172.31.18.39 123.168.84.45 GET /favicon.ico
[ log ] admin.mangtuyou.com/favicon.ico [运行时间：0.012741s][吞吐率：78.49req/s] [内存消耗：1,202.64kb] [文件加载：38]
[ info ] [ LANG ] /www/wwwroot/admin.mangtuyou.com/thinkphp/lang/zh-cn.php
[ info ] [ ROUTE ] array (
  'type' => 'module',
  'module' => 
  array (
    0 => 'favicon.ico',
    1 => NULL,
    2 => NULL,
  ),
)
[ info ] [ HEADER ] array (
  'user-agent' => 'Safari%20%E6%B5%8F%E8%A7%88%E5%99%A8/14607.3.9 CFNetwork/978.0.7 Darwin/18.7.0 (x86_64)',
  'accept-encoding' => 'gzip, deflate',
  'connection' => 'keep-alive',
  'accept-language' => 'zh-cn',
  'accept' => '*/*',
  'host' => 'admin.mangtuyou.com',
)
[ info ] [ PARAM ] array (
  '/favicon_ico' => '',
)
[ info ] [ LOG ] INIT File

---------------------------------------------------------------
[ 2019-10-08T13:32:35+08:00 ] 172.31.18.39 123.168.84.45 GET /apple-touch-icon-precomposed.png
[ log ] admin.mangtuyou.com/apple-touch-icon-precomposed.png [运行时间：0.011742s][吞吐率：85.16req/s] [内存消耗：1,202.73kb] [文件加载：38]
[ info ] [ LANG ] /www/wwwroot/admin.mangtuyou.com/thinkphp/lang/zh-cn.php
[ info ] [ ROUTE ] array (
  'type' => 'module',
  'module' => 
  array (
    0 => 'apple-touch-icon-precomposed.png',
    1 => NULL,
    2 => NULL,
  ),
)
[ info ] [ HEADER ] array (
  'user-agent' => 'Safari%20%E6%B5%8F%E8%A7%88%E5%99%A8/14607.3.9 CFNetwork/978.0.7 Darwin/18.7.0 (x86_64)',
  'accept-encoding' => 'gzip, deflate',
  'connection' => 'keep-alive',
  'accept-language' => 'zh-cn',
  'accept' => '*/*',
  'host' => 'admin.mangtuyou.com',
)
[ info ] [ PARAM ] array (
  '/apple-touch-icon-precomposed_png' => '',
)
[ info ] [ LOG ] INIT File

---------------------------------------------------------------
[ 2019-10-08T13:32:35+08:00 ] 172.31.18.39 123.168.84.45 GET /apple-touch-icon.png
[ log ] admin.mangtuyou.com/apple-touch-icon.png [运行时间：0.012849s][吞吐率：77.83req/s] [内存消耗：1,202.67kb] [文件加载：38]
[ info ] [ LANG ] /www/wwwroot/admin.mangtuyou.com/thinkphp/lang/zh-cn.php
[ info ] [ ROUTE ] array (
  'type' => 'module',
  'module' => 
  array (
    0 => 'apple-touch-icon.png',
    1 => NULL,
    2 => NULL,
  ),
)
[ info ] [ HEADER ] array (
  'user-agent' => 'Safari%20%E6%B5%8F%E8%A7%88%E5%99%A8/14607.3.9 CFNetwork/978.0.7 Darwin/18.7.0 (x86_64)',
  'accept-encoding' => 'gzip, deflate',
  'connection' => 'keep-alive',
  'accept-language' => 'zh-cn',
  'accept' => '*/*',
  'host' => 'admin.mangtuyou.com',
)
[ info ] [ PARAM ] array (
  '/apple-touch-icon_png' => '',
)
[ info ] [ LOG ] INIT File

---------------------------------------------------------------
[ 2019-10-08T13:32:35+08:00 ] 172.31.18.39 123.168.84.45 GET /favicon.ico
[ log ] admin.mangtuyou.com/favicon.ico [运行时间：0.012417s][吞吐率：80.53req/s] [内存消耗：1,202.64kb] [文件加载：38]
[ info ] [ LANG ] /www/wwwroot/admin.mangtuyou.com/thinkphp/lang/zh-cn.php
[ info ] [ ROUTE ] array (
  'type' => 'module',
  'module' => 
  array (
    0 => 'favicon.ico',
    1 => NULL,
    2 => NULL,
  ),
)
[ info ] [ HEADER ] array (
  'user-agent' => 'Safari%20%E6%B5%8F%E8%A7%88%E5%99%A8/14607.3.9 CFNetwork/978.0.7 Darwin/18.7.0 (x86_64)',
  'accept-encoding' => 'gzip, deflate',
  'connection' => 'keep-alive',
  'accept-language' => 'zh-cn',
  'accept' => '*/*',
  'host' => 'admin.mangtuyou.com',
)
[ info ] [ PARAM ] array (
  '/favicon_ico' => '',
)
[ info ] [ LOG ] INIT File

---------------------------------------------------------------
[ 2019-10-08T13:32:35+08:00 ] 172.31.18.39 123.168.84.45 GET /admin/scenic/index.html
[ log ] admin.mangtuyou.com/admin/scenic/index.html [运行时间：0.012284s][吞吐率：81.41req/s] [内存消耗：1,480.72kb] [文件加载：44]
[ info ] [ LANG ] /www/wwwroot/admin.mangtuyou.com/thinkphp/lang/zh-cn.php
[ info ] [ ROUTE ] array (
  'type' => 'module',
  'module' => 
  array (
    0 => 'admin',
    1 => 'scenic',
    2 => 'index',
  ),
)
[ info ] [ HEADER ] array (
  'connection' => 'keep-alive',
  'accept-encoding' => 'gzip, deflate',
  'accept-language' => 'zh-cn',
  'user-agent' => 'Mozilla/5.0 (iPhone; CPU iPhone OS 12_1_3 like Mac OS X) AppleWebKit/605.1.15 (KHTML, like Gecko) Version/12.0 Mobile/15E148 Safari/604.1',
  'accept' => 'text/html,application/xhtml+xml,application/xml;q=0.9,*/*;q=0.8',
  'upgrade-insecure-requests' => '1',
  'host' => 'admin.mangtuyou.com',
)
[ info ] [ PARAM ] array (
  '/admin/scenic/index_html' => '',
)
[ info ] [ SESSION ] INIT array (
  'id' => '',
  'var_session_id' => '',
  'prefix' => 'think',
  'type' => '',
  'auto_start' => true,
)
[ info ] [ LOG ] INIT File

---------------------------------------------------------------
[ 2019-10-08T13:32:35+08:00 ] 172.31.18.39 123.168.84.45 GET /admin/login/index.html
[ log ] admin.mangtuyou.com/admin/login/index.html [运行时间：0.013932s][吞吐率：71.78req/s] [内存消耗：1,504.17kb] [文件加载：45]
[ info ] [ LANG ] /www/wwwroot/admin.mangtuyou.com/thinkphp/lang/zh-cn.php
[ info ] [ ROUTE ] array (
  'type' => 'module',
  'module' => 
  array (
    0 => 'admin',
    1 => 'login',
    2 => 'index',
  ),
)
[ info ] [ HEADER ] array (
  'connection' => 'keep-alive',
  'accept-encoding' => 'gzip, deflate',
  'accept-language' => 'zh-cn',
  'user-agent' => 'Mozilla/5.0 (iPhone; CPU iPhone OS 12_1_3 like Mac OS X) AppleWebKit/605.1.15 (KHTML, like Gecko) Version/12.0 Mobile/15E148 Safari/604.1',
  'accept' => 'text/html,application/xhtml+xml,application/xml;q=0.9,*/*;q=0.8',
  'upgrade-insecure-requests' => '1',
  'host' => 'admin.mangtuyou.com',
)
[ info ] [ PARAM ] array (
  '/admin/login/index_html' => '',
)
[ info ] [ RUN ] app\admin\controller\Login->index[ /www/wwwroot/admin.mangtuyou.com/application/admin/controller/Login.php ]
[ info ] [ VIEW ] ./themes/admin/login/index.html [ array (
) ]
[ info ] [ LOG ] INIT File

---------------------------------------------------------------
[ 2019-10-08T13:32:36+08:00 ] 172.31.18.39 123.168.84.45 GET /apple-touch-icon-precomposed.png
[ log ] admin.mangtuyou.com/apple-touch-icon-precomposed.png [运行时间：0.011401s][吞吐率：87.71req/s] [内存消耗：1,202.73kb] [文件加载：38]
[ info ] [ LANG ] /www/wwwroot/admin.mangtuyou.com/thinkphp/lang/zh-cn.php
[ info ] [ ROUTE ] array (
  'type' => 'module',
  'module' => 
  array (
    0 => 'apple-touch-icon-precomposed.png',
    1 => NULL,
    2 => NULL,
  ),
)
[ info ] [ HEADER ] array (
  'user-agent' => 'Safari%20%E6%B5%8F%E8%A7%88%E5%99%A8/14607.3.9 CFNetwork/978.0.7 Darwin/18.7.0 (x86_64)',
  'accept-encoding' => 'gzip, deflate',
  'connection' => 'keep-alive',
  'accept-language' => 'zh-cn',
  'accept' => '*/*',
  'host' => 'admin.mangtuyou.com',
)
[ info ] [ PARAM ] array (
  '/apple-touch-icon-precomposed_png' => '',
)
[ info ] [ LOG ] INIT File

---------------------------------------------------------------
[ 2019-10-08T13:32:36+08:00 ] 172.31.18.39 123.168.84.45 GET /apple-touch-icon.png
[ log ] admin.mangtuyou.com/apple-touch-icon.png [运行时间：0.011729s][吞吐率：85.26req/s] [内存消耗：1,202.67kb] [文件加载：38]
[ info ] [ LANG ] /www/wwwroot/admin.mangtuyou.com/thinkphp/lang/zh-cn.php
[ info ] [ ROUTE ] array (
  'type' => 'module',
  'module' => 
  array (
    0 => 'apple-touch-icon.png',
    1 => NULL,
    2 => NULL,
  ),
)
[ info ] [ HEADER ] array (
  'user-agent' => 'Safari%20%E6%B5%8F%E8%A7%88%E5%99%A8/14607.3.9 CFNetwork/978.0.7 Darwin/18.7.0 (x86_64)',
  'accept-encoding' => 'gzip, deflate',
  'connection' => 'keep-alive',
  'accept-language' => 'zh-cn',
  'accept' => '*/*',
  'host' => 'admin.mangtuyou.com',
)
[ info ] [ PARAM ] array (
  '/apple-touch-icon_png' => '',
)
[ info ] [ LOG ] INIT File

---------------------------------------------------------------
[ 2019-10-08T13:32:36+08:00 ] 172.31.18.39 123.168.84.45 GET /favicon.ico
[ log ] admin.mangtuyou.com/favicon.ico [运行时间：0.011797s][吞吐率：84.77req/s] [内存消耗：1,202.64kb] [文件加载：38]
[ info ] [ LANG ] /www/wwwroot/admin.mangtuyou.com/thinkphp/lang/zh-cn.php
[ info ] [ ROUTE ] array (
  'type' => 'module',
  'module' => 
  array (
    0 => 'favicon.ico',
    1 => NULL,
    2 => NULL,
  ),
)
[ info ] [ HEADER ] array (
  'user-agent' => 'Safari%20%E6%B5%8F%E8%A7%88%E5%99%A8/14607.3.9 CFNetwork/978.0.7 Darwin/18.7.0 (x86_64)',
  'accept-encoding' => 'gzip, deflate',
  'connection' => 'keep-alive',
  'accept-language' => 'zh-cn',
  'accept' => '*/*',
  'host' => 'admin.mangtuyou.com',
)
[ info ] [ PARAM ] array (
  '/favicon_ico' => '',
)
[ info ] [ LOG ] INIT File

---------------------------------------------------------------
[ 2019-10-08T13:32:36+08:00 ] 172.31.18.39 123.168.84.45 GET /apple-touch-icon-precomposed.png
[ log ] admin.mangtuyou.com/apple-touch-icon-precomposed.png [运行时间：0.012493s][吞吐率：80.05req/s] [内存消耗：1,202.73kb] [文件加载：38]
[ info ] [ LANG ] /www/wwwroot/admin.mangtuyou.com/thinkphp/lang/zh-cn.php
[ info ] [ ROUTE ] array (
  'type' => 'module',
  'module' => 
  array (
    0 => 'apple-touch-icon-precomposed.png',
    1 => NULL,
    2 => NULL,
  ),
)
[ info ] [ HEADER ] array (
  'user-agent' => 'Safari%20%E6%B5%8F%E8%A7%88%E5%99%A8/14607.3.9 CFNetwork/978.0.7 Darwin/18.7.0 (x86_64)',
  'accept-encoding' => 'gzip, deflate',
  'connection' => 'keep-alive',
  'accept-language' => 'zh-cn',
  'accept' => '*/*',
  'host' => 'admin.mangtuyou.com',
)
[ info ] [ PARAM ] array (
  '/apple-touch-icon-precomposed_png' => '',
)
[ info ] [ LOG ] INIT File

---------------------------------------------------------------
[ 2019-10-08T13:32:36+08:00 ] 172.31.18.39 123.168.84.45 GET /apple-touch-icon.png
[ log ] admin.mangtuyou.com/apple-touch-icon.png [运行时间：0.011801s][吞吐率：84.74req/s] [内存消耗：1,202.67kb] [文件加载：38]
[ info ] [ LANG ] /www/wwwroot/admin.mangtuyou.com/thinkphp/lang/zh-cn.php
[ info ] [ ROUTE ] array (
  'type' => 'module',
  'module' => 
  array (
    0 => 'apple-touch-icon.png',
    1 => NULL,
    2 => NULL,
  ),
)
[ info ] [ HEADER ] array (
  'user-agent' => 'Safari%20%E6%B5%8F%E8%A7%88%E5%99%A8/14607.3.9 CFNetwork/978.0.7 Darwin/18.7.0 (x86_64)',
  'accept-encoding' => 'gzip, deflate',
  'connection' => 'keep-alive',
  'accept-language' => 'zh-cn',
  'accept' => '*/*',
  'host' => 'admin.mangtuyou.com',
)
[ info ] [ PARAM ] array (
  '/apple-touch-icon_png' => '',
)
[ info ] [ LOG ] INIT File

---------------------------------------------------------------
[ 2019-10-08T13:32:36+08:00 ] 172.31.18.39 123.168.84.45 GET /favicon.ico
[ log ] admin.mangtuyou.com/favicon.ico [运行时间：0.012938s][吞吐率：77.29req/s] [内存消耗：1,202.64kb] [文件加载：38]
[ info ] [ LANG ] /www/wwwroot/admin.mangtuyou.com/thinkphp/lang/zh-cn.php
[ info ] [ ROUTE ] array (
  'type' => 'module',
  'module' => 
  array (
    0 => 'favicon.ico',
    1 => NULL,
    2 => NULL,
  ),
)
[ info ] [ HEADER ] array (
  'user-agent' => 'Safari%20%E6%B5%8F%E8%A7%88%E5%99%A8/14607.3.9 CFNetwork/978.0.7 Darwin/18.7.0 (x86_64)',
  'accept-encoding' => 'gzip, deflate',
  'connection' => 'keep-alive',
  'accept-language' => 'zh-cn',
  'accept' => '*/*',
  'host' => 'admin.mangtuyou.com',
)
[ info ] [ PARAM ] array (
  '/favicon_ico' => '',
)
[ info ] [ LOG ] INIT File

---------------------------------------------------------------
[ 2019-10-08T20:29:12+08:00 ] 172.31.18.39 111.206.222.187 GET /index/spot/getScenic/cid/1/pid/1
[ log ] admin.mangtuyou.com/index/spot/getScenic/cid/1/pid/1 [运行时间：0.024335s][吞吐率：41.09req/s] [内存消耗：2,425.89kb] [文件加载：57]
[ info ] [ LANG ] /www/wwwroot/admin.mangtuyou.com/thinkphp/lang/zh-cn.php
[ info ] [ ROUTE ] array (
  'type' => 'module',
  'module' => 
  array (
    0 => 'index',
    1 => 'spot',
    2 => 'getScenic',
  ),
)
[ info ] [ HEADER ] array (
  'referer' => 'http://www.mangtuyou.com/',
  'resource-type' => '13',
  'x-devtools-emulate-network-conditions-client-id' => 'c065f74c-d88e-4ccd-8f7f-546635848a7a',
  'origin' => 'http://www.mangtuyou.com',
  'accept' => 'application/json, text/javascript, */*; q=0.01',
  'proxy-connection' => 'keep-alive',
  'user-agent' => 'Mozilla/5.0 (iPhone; CPU iPhone OS 9_1 like Mac OS X) AppleWebKit/601.1.46 (KHTML, like Gecko) Version/9.0 Mobile/13B143 Safari/601.1 (compatible; Baiduspider-render/2.0; +http://www.baidu.com/search/spider.html)',
  'host' => 'admin.mangtuyou.com',
  'content-type' => 'application/x-www-form-urlencoded',
)
[ info ] [ PARAM ] array (
  '/index/spot/getScenic/cid/1/pid/1' => '',
  'cid' => '1',
  'pid' => '1',
)
[ info ] [ CACHE ] INIT File
[ info ] [ DB ] INIT mysql
[ info ] [ RUN ] app\index\controller\Spot->getScenic[ /www/wwwroot/admin.mangtuyou.com/application/index/controller/Spot.php ]
[ info ] [ LOG ] INIT File
[ sql ] [ DB ] CONNECT:[ UseTime:0.000398s ] mysql:dbname=mangtoo;host=localhost;port=3306;charset=utf8
[ sql ] [ SQL ] SHOW COLUMNS FROM `os_nav` [ RunTime:0.000976s ]
[ sql ] [ SQL ] SELECT * FROM `os_nav` WHERE  `status` = 1 ORDER BY `sort`  ASC [ RunTime:0.000241s ]
[ sql ] [ SQL ] SHOW COLUMNS FROM `os_example` [ RunTime:0.000734s ]
[ sql ] [ SQL ] SELECT `img`,`name`,`url` FROM `os_example` WHERE  `id` = 1 LIMIT 1 [ RunTime:0.000143s ]
[ sql ] [ SQL ] SHOW COLUMNS FROM `os_scenic` [ RunTime:0.000740s ]
[ sql ] [ SQL ] SELECT `id`,`coordinate_left`,`coordinate_top`,`name` FROM `os_scenic` WHERE  `cid` = 1  AND `classid` = 1 [ RunTime:0.000261s ]
[ error ] [8]Use of undefined constant img - assumed 'img'[/www/wwwroot/admin.mangtuyou.com/application/index/controller/Spot.php:21]
[ error ] [8]Use of undefined constant name - assumed 'name'[/www/wwwroot/admin.mangtuyou.com/application/index/controller/Spot.php:21]
[ error ] [8]Use of undefined constant url - assumed 'url'[/www/wwwroot/admin.mangtuyou.com/application/index/controller/Spot.php:21]
[ error ] [8]Use of undefined constant id - assumed 'id'[/www/wwwroot/admin.mangtuyou.com/application/index/controller/Spot.php:25]
[ error ] [8]Use of undefined constant coordinate_left - assumed 'coordinate_left'[/www/wwwroot/admin.mangtuyou.com/application/index/controller/Spot.php:25]
[ error ] [8]Use of undefined constant coordinate_top - assumed 'coordinate_top'[/www/wwwroot/admin.mangtuyou.com/application/index/controller/Spot.php:25]
[ error ] [8]Use of undefined constant name - assumed 'name'[/www/wwwroot/admin.mangtuyou.com/application/index/controller/Spot.php:25]

---------------------------------------------------------------
[ 2019-10-08T21:02:32+08:00 ] 172.31.18.39 111.206.198.52 GET /index/spot/getScenic/cid/1/pid/1
[ log ] admin.mangtuyou.com/index/spot/getScenic/cid/1/pid/1 [运行时间：0.026864s][吞吐率：37.22req/s] [内存消耗：2,425.93kb] [文件加载：57]
[ info ] [ LANG ] /www/wwwroot/admin.mangtuyou.com/thinkphp/lang/zh-cn.php
[ info ] [ ROUTE ] array (
  'type' => 'module',
  'module' => 
  array (
    0 => 'index',
    1 => 'spot',
    2 => 'getScenic',
  ),
)
[ info ] [ HEADER ] array (
  'referer' => 'http://www.mangtuyou.com/',
  'resource-type' => '13',
  'x-devtools-emulate-network-conditions-client-id' => 'a669775b-7cfe-4d1d-b518-c823c335540a',
  'accept' => 'application/json, text/javascript, */*; q=0.01',
  'accept-language' => 'zh-CN,zh;q=0.8,en-US;q=0.5,en;q=0.3',
  'origin' => 'http://www.mangtuyou.com',
  'proxy-connection' => 'keep-alive',
  'user-agent' => 'Mozilla/5.0 (iPhone; CPU iPhone OS 9_1 like Mac OS X) AppleWebKit/601.1.46 (KHTML, like Gecko) Version/9.0 Mobile/13B143 Safari/601.1 (compatible; Baiduspider-render/2.0; +http://www.baidu.com/search/spider.html)',
  'host' => 'admin.mangtuyou.com',
  'content-type' => 'application/x-www-form-urlencoded',
)
[ info ] [ PARAM ] array (
  '/index/spot/getScenic/cid/1/pid/1' => '',
  'cid' => '1',
  'pid' => '1',
)
[ info ] [ CACHE ] INIT File
[ info ] [ DB ] INIT mysql
[ info ] [ RUN ] app\index\controller\Spot->getScenic[ /www/wwwroot/admin.mangtuyou.com/application/index/controller/Spot.php ]
[ info ] [ LOG ] INIT File
[ sql ] [ DB ] CONNECT:[ UseTime:0.000392s ] mysql:dbname=mangtoo;host=localhost;port=3306;charset=utf8
[ sql ] [ SQL ] SHOW COLUMNS FROM `os_nav` [ RunTime:0.000975s ]
[ sql ] [ SQL ] SELECT * FROM `os_nav` WHERE  `status` = 1 ORDER BY `sort`  ASC [ RunTime:0.000311s ]
[ sql ] [ SQL ] SHOW COLUMNS FROM `os_example` [ RunTime:0.000883s ]
[ sql ] [ SQL ] SELECT `img`,`name`,`url` FROM `os_example` WHERE  `id` = 1 LIMIT 1 [ RunTime:0.000300s ]
[ sql ] [ SQL ] SHOW COLUMNS FROM `os_scenic` [ RunTime:0.000584s ]
[ sql ] [ SQL ] SELECT `id`,`coordinate_left`,`coordinate_top`,`name` FROM `os_scenic` WHERE  `cid` = 1  AND `classid` = 1 [ RunTime:0.000163s ]
[ error ] [8]Use of undefined constant img - assumed 'img'[/www/wwwroot/admin.mangtuyou.com/application/index/controller/Spot.php:21]
[ error ] [8]Use of undefined constant name - assumed 'name'[/www/wwwroot/admin.mangtuyou.com/application/index/controller/Spot.php:21]
[ error ] [8]Use of undefined constant url - assumed 'url'[/www/wwwroot/admin.mangtuyou.com/application/index/controller/Spot.php:21]
[ error ] [8]Use of undefined constant id - assumed 'id'[/www/wwwroot/admin.mangtuyou.com/application/index/controller/Spot.php:25]
[ error ] [8]Use of undefined constant coordinate_left - assumed 'coordinate_left'[/www/wwwroot/admin.mangtuyou.com/application/index/controller/Spot.php:25]
[ error ] [8]Use of undefined constant coordinate_top - assumed 'coordinate_top'[/www/wwwroot/admin.mangtuyou.com/application/index/controller/Spot.php:25]
[ error ] [8]Use of undefined constant name - assumed 'name'[/www/wwwroot/admin.mangtuyou.com/application/index/controller/Spot.php:25]

---------------------------------------------------------------
[ 2019-10-08T21:35:53+08:00 ] 172.31.18.39 111.206.198.92 GET /index/spot/getScenic/cid/1/pid/1
[ log ] admin.mangtuyou.com/index/spot/getScenic/cid/1/pid/1 [运行时间：0.025042s][吞吐率：39.93req/s] [内存消耗：2,425.93kb] [文件加载：57]
[ info ] [ LANG ] /www/wwwroot/admin.mangtuyou.com/thinkphp/lang/zh-cn.php
[ info ] [ ROUTE ] array (
  'type' => 'module',
  'module' => 
  array (
    0 => 'index',
    1 => 'spot',
    2 => 'getScenic',
  ),
)
[ info ] [ HEADER ] array (
  'referer' => 'http://www.mangtuyou.com/pc.html',
  'resource-type' => '13',
  'x-devtools-emulate-network-conditions-client-id' => 'd5f86217-c789-4ba0-8532-8984ffb1ded9',
  'accept' => 'application/json, text/javascript, */*; q=0.01',
  'accept-language' => 'zh-CN,zh;q=0.8,en-US;q=0.5,en;q=0.3',
  'origin' => 'http://www.mangtuyou.com',
  'proxy-connection' => 'keep-alive',
  'user-agent' => 'Mozilla/5.0 (iPhone; CPU iPhone OS 9_1 like Mac OS X) AppleWebKit/601.1.46 (KHTML, like Gecko) Version/9.0 Mobile/13B143 Safari/601.1 (compatible; Baiduspider-render/2.0; +http://www.baidu.com/search/spider.html)',
  'host' => 'admin.mangtuyou.com',
  'content-type' => 'application/x-www-form-urlencoded',
)
[ info ] [ PARAM ] array (
  '/index/spot/getScenic/cid/1/pid/1' => '',
  'cid' => '1',
  'pid' => '1',
)
[ info ] [ CACHE ] INIT File
[ info ] [ DB ] INIT mysql
[ info ] [ RUN ] app\index\controller\Spot->getScenic[ /www/wwwroot/admin.mangtuyou.com/application/index/controller/Spot.php ]
[ info ] [ LOG ] INIT File
[ sql ] [ DB ] CONNECT:[ UseTime:0.000297s ] mysql:dbname=mangtoo;host=localhost;port=3306;charset=utf8
[ sql ] [ SQL ] SHOW COLUMNS FROM `os_nav` [ RunTime:0.000900s ]
[ sql ] [ SQL ] SELECT * FROM `os_nav` WHERE  `status` = 1 ORDER BY `sort`  ASC [ RunTime:0.000258s ]
[ sql ] [ SQL ] SHOW COLUMNS FROM `os_example` [ RunTime:0.000788s ]
[ sql ] [ SQL ] SELECT `img`,`name`,`url` FROM `os_example` WHERE  `id` = 1 LIMIT 1 [ RunTime:0.000167s ]
[ sql ] [ SQL ] SHOW COLUMNS FROM `os_scenic` [ RunTime:0.000534s ]
[ sql ] [ SQL ] SELECT `id`,`coordinate_left`,`coordinate_top`,`name` FROM `os_scenic` WHERE  `cid` = 1  AND `classid` = 1 [ RunTime:0.000173s ]
[ error ] [8]Use of undefined constant img - assumed 'img'[/www/wwwroot/admin.mangtuyou.com/application/index/controller/Spot.php:21]
[ error ] [8]Use of undefined constant name - assumed 'name'[/www/wwwroot/admin.mangtuyou.com/application/index/controller/Spot.php:21]
[ error ] [8]Use of undefined constant url - assumed 'url'[/www/wwwroot/admin.mangtuyou.com/application/index/controller/Spot.php:21]
[ error ] [8]Use of undefined constant id - assumed 'id'[/www/wwwroot/admin.mangtuyou.com/application/index/controller/Spot.php:25]
[ error ] [8]Use of undefined constant coordinate_left - assumed 'coordinate_left'[/www/wwwroot/admin.mangtuyou.com/application/index/controller/Spot.php:25]
[ error ] [8]Use of undefined constant coordinate_top - assumed 'coordinate_top'[/www/wwwroot/admin.mangtuyou.com/application/index/controller/Spot.php:25]
[ error ] [8]Use of undefined constant name - assumed 'name'[/www/wwwroot/admin.mangtuyou.com/application/index/controller/Spot.php:25]

---------------------------------------------------------------
[ 2019-10-08T22:09:12+08:00 ] 172.31.18.39 111.206.221.21 GET /index/spot/getScenic/cid/1/pid/1
[ log ] admin.mangtuyou.com/index/spot/getScenic/cid/1/pid/1 [运行时间：0.029707s][吞吐率：33.66req/s] [内存消耗：2,425.89kb] [文件加载：57]
[ info ] [ LANG ] /www/wwwroot/admin.mangtuyou.com/thinkphp/lang/zh-cn.php
[ info ] [ ROUTE ] array (
  'type' => 'module',
  'module' => 
  array (
    0 => 'index',
    1 => 'spot',
    2 => 'getScenic',
  ),
)
[ info ] [ HEADER ] array (
  'referer' => 'http://www.mangtuyou.com/',
  'resource-type' => '13',
  'x-devtools-emulate-network-conditions-client-id' => '81c53761-abae-4e1c-b99a-a0807c53a73f',
  'origin' => 'http://www.mangtuyou.com',
  'accept' => 'application/json, text/javascript, */*; q=0.01',
  'proxy-connection' => 'keep-alive',
  'user-agent' => 'Mozilla/5.0 (iPhone; CPU iPhone OS 9_1 like Mac OS X) AppleWebKit/601.1.46 (KHTML, like Gecko) Version/9.0 Mobile/13B143 Safari/601.1 (compatible; Baiduspider-render/2.0; +http://www.baidu.com/search/spider.html)',
  'host' => 'admin.mangtuyou.com',
  'content-type' => 'application/x-www-form-urlencoded',
)
[ info ] [ PARAM ] array (
  '/index/spot/getScenic/cid/1/pid/1' => '',
  'cid' => '1',
  'pid' => '1',
)
[ info ] [ CACHE ] INIT File
[ info ] [ DB ] INIT mysql
[ info ] [ RUN ] app\index\controller\Spot->getScenic[ /www/wwwroot/admin.mangtuyou.com/application/index/controller/Spot.php ]
[ info ] [ LOG ] INIT File
[ sql ] [ DB ] CONNECT:[ UseTime:0.000279s ] mysql:dbname=mangtoo;host=localhost;port=3306;charset=utf8
[ sql ] [ SQL ] SHOW COLUMNS FROM `os_nav` [ RunTime:0.005961s ]
[ sql ] [ SQL ] SELECT * FROM `os_nav` WHERE  `status` = 1 ORDER BY `sort`  ASC [ RunTime:0.000190s ]
[ sql ] [ SQL ] SHOW COLUMNS FROM `os_example` [ RunTime:0.000708s ]
[ sql ] [ SQL ] SELECT `img`,`name`,`url` FROM `os_example` WHERE  `id` = 1 LIMIT 1 [ RunTime:0.000283s ]
[ sql ] [ SQL ] SHOW COLUMNS FROM `os_scenic` [ RunTime:0.000842s ]
[ sql ] [ SQL ] SELECT `id`,`coordinate_left`,`coordinate_top`,`name` FROM `os_scenic` WHERE  `cid` = 1  AND `classid` = 1 [ RunTime:0.000228s ]
[ error ] [8]Use of undefined constant img - assumed 'img'[/www/wwwroot/admin.mangtuyou.com/application/index/controller/Spot.php:21]
[ error ] [8]Use of undefined constant name - assumed 'name'[/www/wwwroot/admin.mangtuyou.com/application/index/controller/Spot.php:21]
[ error ] [8]Use of undefined constant url - assumed 'url'[/www/wwwroot/admin.mangtuyou.com/application/index/controller/Spot.php:21]
[ error ] [8]Use of undefined constant id - assumed 'id'[/www/wwwroot/admin.mangtuyou.com/application/index/controller/Spot.php:25]
[ error ] [8]Use of undefined constant coordinate_left - assumed 'coordinate_left'[/www/wwwroot/admin.mangtuyou.com/application/index/controller/Spot.php:25]
[ error ] [8]Use of undefined constant coordinate_top - assumed 'coordinate_top'[/www/wwwroot/admin.mangtuyou.com/application/index/controller/Spot.php:25]
[ error ] [8]Use of undefined constant name - assumed 'name'[/www/wwwroot/admin.mangtuyou.com/application/index/controller/Spot.php:25]

---------------------------------------------------------------
[ 2019-10-08T22:42:32+08:00 ] 172.31.18.39 111.206.221.109 GET /index/spot/getScenic/cid/1/pid/1
[ log ] admin.mangtuyou.com/index/spot/getScenic/cid/1/pid/1 [运行时间：0.023240s][吞吐率：43.03req/s] [内存消耗：2,425.93kb] [文件加载：57]
[ info ] [ LANG ] /www/wwwroot/admin.mangtuyou.com/thinkphp/lang/zh-cn.php
[ info ] [ ROUTE ] array (
  'type' => 'module',
  'module' => 
  array (
    0 => 'index',
    1 => 'spot',
    2 => 'getScenic',
  ),
)
[ info ] [ HEADER ] array (
  'referer' => 'http://www.mangtuyou.com/',
  'resource-type' => '13',
  'x-devtools-emulate-network-conditions-client-id' => '5389b06c-b592-45d7-9c87-7fd33b210edb',
  'accept' => 'application/json, text/javascript, */*; q=0.01',
  'accept-language' => 'zh-CN,zh;q=0.8,en-US;q=0.5,en;q=0.3',
  'origin' => 'http://www.mangtuyou.com',
  'proxy-connection' => 'keep-alive',
  'user-agent' => 'Mozilla/5.0 (iPhone; CPU iPhone OS 9_1 like Mac OS X) AppleWebKit/601.1.46 (KHTML, like Gecko) Version/9.0 Mobile/13B143 Safari/601.1 (compatible; Baiduspider-render/2.0; +http://www.baidu.com/search/spider.html)',
  'host' => 'admin.mangtuyou.com',
  'content-type' => 'application/x-www-form-urlencoded',
)
[ info ] [ PARAM ] array (
  '/index/spot/getScenic/cid/1/pid/1' => '',
  'cid' => '1',
  'pid' => '1',
)
[ info ] [ CACHE ] INIT File
[ info ] [ DB ] INIT mysql
[ info ] [ RUN ] app\index\controller\Spot->getScenic[ /www/wwwroot/admin.mangtuyou.com/application/index/controller/Spot.php ]
[ info ] [ LOG ] INIT File
[ sql ] [ DB ] CONNECT:[ UseTime:0.000348s ] mysql:dbname=mangtoo;host=localhost;port=3306;charset=utf8
[ sql ] [ SQL ] SHOW COLUMNS FROM `os_nav` [ RunTime:0.000785s ]
[ sql ] [ SQL ] SELECT * FROM `os_nav` WHERE  `status` = 1 ORDER BY `sort`  ASC [ RunTime:0.000219s ]
[ sql ] [ SQL ] SHOW COLUMNS FROM `os_example` [ RunTime:0.000504s ]
[ sql ] [ SQL ] SELECT `img`,`name`,`url` FROM `os_example` WHERE  `id` = 1 LIMIT 1 [ RunTime:0.000138s ]
[ sql ] [ SQL ] SHOW COLUMNS FROM `os_scenic` [ RunTime:0.000536s ]
[ sql ] [ SQL ] SELECT `id`,`coordinate_left`,`coordinate_top`,`name` FROM `os_scenic` WHERE  `cid` = 1  AND `classid` = 1 [ RunTime:0.000191s ]
[ error ] [8]Use of undefined constant img - assumed 'img'[/www/wwwroot/admin.mangtuyou.com/application/index/controller/Spot.php:21]
[ error ] [8]Use of undefined constant name - assumed 'name'[/www/wwwroot/admin.mangtuyou.com/application/index/controller/Spot.php:21]
[ error ] [8]Use of undefined constant url - assumed 'url'[/www/wwwroot/admin.mangtuyou.com/application/index/controller/Spot.php:21]
[ error ] [8]Use of undefined constant id - assumed 'id'[/www/wwwroot/admin.mangtuyou.com/application/index/controller/Spot.php:25]
[ error ] [8]Use of undefined constant coordinate_left - assumed 'coordinate_left'[/www/wwwroot/admin.mangtuyou.com/application/index/controller/Spot.php:25]
[ error ] [8]Use of undefined constant coordinate_top - assumed 'coordinate_top'[/www/wwwroot/admin.mangtuyou.com/application/index/controller/Spot.php:25]
[ error ] [8]Use of undefined constant name - assumed 'name'[/www/wwwroot/admin.mangtuyou.com/application/index/controller/Spot.php:25]

---------------------------------------------------------------
[ 2019-10-08T23:15:53+08:00 ] 172.31.18.39 111.206.198.68 GET /index/spot/getScenic/cid/1/pid/1
[ log ] admin.mangtuyou.com/index/spot/getScenic/cid/1/pid/1 [运行时间：0.025022s][吞吐率：39.96req/s] [内存消耗：2,425.89kb] [文件加载：57]
[ info ] [ LANG ] /www/wwwroot/admin.mangtuyou.com/thinkphp/lang/zh-cn.php
[ info ] [ ROUTE ] array (
  'type' => 'module',
  'module' => 
  array (
    0 => 'index',
    1 => 'spot',
    2 => 'getScenic',
  ),
)
[ info ] [ HEADER ] array (
  'referer' => 'http://www.mangtuyou.com/',
  'resource-type' => '13',
  'x-devtools-emulate-network-conditions-client-id' => 'c7ae1ae3-311a-4c30-acc2-33f6f9a00dce',
  'origin' => 'http://www.mangtuyou.com',
  'accept' => 'application/json, text/javascript, */*; q=0.01',
  'proxy-connection' => 'keep-alive',
  'user-agent' => 'Mozilla/5.0 (iPhone; CPU iPhone OS 9_1 like Mac OS X) AppleWebKit/601.1.46 (KHTML, like Gecko) Version/9.0 Mobile/13B143 Safari/601.1 (compatible; Baiduspider-render/2.0; +http://www.baidu.com/search/spider.html)',
  'host' => 'admin.mangtuyou.com',
  'content-type' => 'application/x-www-form-urlencoded',
)
[ info ] [ PARAM ] array (
  '/index/spot/getScenic/cid/1/pid/1' => '',
  'cid' => '1',
  'pid' => '1',
)
[ info ] [ CACHE ] INIT File
[ info ] [ DB ] INIT mysql
[ info ] [ RUN ] app\index\controller\Spot->getScenic[ /www/wwwroot/admin.mangtuyou.com/application/index/controller/Spot.php ]
[ info ] [ LOG ] INIT File
[ sql ] [ DB ] CONNECT:[ UseTime:0.000297s ] mysql:dbname=mangtoo;host=localhost;port=3306;charset=utf8
[ sql ] [ SQL ] SHOW COLUMNS FROM `os_nav` [ RunTime:0.000747s ]
[ sql ] [ SQL ] SELECT * FROM `os_nav` WHERE  `status` = 1 ORDER BY `sort`  ASC [ RunTime:0.000170s ]
[ sql ] [ SQL ] SHOW COLUMNS FROM `os_example` [ RunTime:0.000491s ]
[ sql ] [ SQL ] SELECT `img`,`name`,`url` FROM `os_example` WHERE  `id` = 1 LIMIT 1 [ RunTime:0.000295s ]
[ sql ] [ SQL ] SHOW COLUMNS FROM `os_scenic` [ RunTime:0.000835s ]
[ sql ] [ SQL ] SELECT `id`,`coordinate_left`,`coordinate_top`,`name` FROM `os_scenic` WHERE  `cid` = 1  AND `classid` = 1 [ RunTime:0.000185s ]
[ error ] [8]Use of undefined constant img - assumed 'img'[/www/wwwroot/admin.mangtuyou.com/application/index/controller/Spot.php:21]
[ error ] [8]Use of undefined constant name - assumed 'name'[/www/wwwroot/admin.mangtuyou.com/application/index/controller/Spot.php:21]
[ error ] [8]Use of undefined constant url - assumed 'url'[/www/wwwroot/admin.mangtuyou.com/application/index/controller/Spot.php:21]
[ error ] [8]Use of undefined constant id - assumed 'id'[/www/wwwroot/admin.mangtuyou.com/application/index/controller/Spot.php:25]
[ error ] [8]Use of undefined constant coordinate_left - assumed 'coordinate_left'[/www/wwwroot/admin.mangtuyou.com/application/index/controller/Spot.php:25]
[ error ] [8]Use of undefined constant coordinate_top - assumed 'coordinate_top'[/www/wwwroot/admin.mangtuyou.com/application/index/controller/Spot.php:25]
[ error ] [8]Use of undefined constant name - assumed 'name'[/www/wwwroot/admin.mangtuyou.com/application/index/controller/Spot.php:25]

---------------------------------------------------------------
[ 2019-10-08T23:49:13+08:00 ] 172.31.18.39 111.206.198.85 GET /index/spot/getScenic/cid/1/pid/1
[ log ] admin.mangtuyou.com/index/spot/getScenic/cid/1/pid/1 [运行时间：0.029314s][吞吐率：34.11req/s] [内存消耗：2,425.93kb] [文件加载：57]
[ info ] [ LANG ] /www/wwwroot/admin.mangtuyou.com/thinkphp/lang/zh-cn.php
[ info ] [ ROUTE ] array (
  'type' => 'module',
  'module' => 
  array (
    0 => 'index',
    1 => 'spot',
    2 => 'getScenic',
  ),
)
[ info ] [ HEADER ] array (
  'referer' => 'http://www.mangtuyou.com/',
  'resource-type' => '13',
  'x-devtools-emulate-network-conditions-client-id' => '1f883130-8358-4873-b878-3a8253b42fc9',
  'accept' => 'application/json, text/javascript, */*; q=0.01',
  'accept-language' => 'zh-CN,zh;q=0.8,en-US;q=0.5,en;q=0.3',
  'origin' => 'http://www.mangtuyou.com',
  'proxy-connection' => 'keep-alive',
  'user-agent' => 'Mozilla/5.0 (iPhone; CPU iPhone OS 9_1 like Mac OS X) AppleWebKit/601.1.46 (KHTML, like Gecko) Version/9.0 Mobile/13B143 Safari/601.1 (compatible; Baiduspider-render/2.0; +http://www.baidu.com/search/spider.html)',
  'host' => 'admin.mangtuyou.com',
  'content-type' => 'application/x-www-form-urlencoded',
)
[ info ] [ PARAM ] array (
  '/index/spot/getScenic/cid/1/pid/1' => '',
  'cid' => '1',
  'pid' => '1',
)
[ info ] [ CACHE ] INIT File
[ info ] [ DB ] INIT mysql
[ info ] [ RUN ] app\index\controller\Spot->getScenic[ /www/wwwroot/admin.mangtuyou.com/application/index/controller/Spot.php ]
[ info ] [ LOG ] INIT File
[ sql ] [ DB ] CONNECT:[ UseTime:0.000324s ] mysql:dbname=mangtoo;host=localhost;port=3306;charset=utf8
[ sql ] [ SQL ] SHOW COLUMNS FROM `os_nav` [ RunTime:0.000866s ]
[ sql ] [ SQL ] SELECT * FROM `os_nav` WHERE  `status` = 1 ORDER BY `sort`  ASC [ RunTime:0.000255s ]
[ sql ] [ SQL ] SHOW COLUMNS FROM `os_example` [ RunTime:0.000623s ]
[ sql ] [ SQL ] SELECT `img`,`name`,`url` FROM `os_example` WHERE  `id` = 1 LIMIT 1 [ RunTime:0.000321s ]
[ sql ] [ SQL ] SHOW COLUMNS FROM `os_scenic` [ RunTime:0.000737s ]
[ sql ] [ SQL ] SELECT `id`,`coordinate_left`,`coordinate_top`,`name` FROM `os_scenic` WHERE  `cid` = 1  AND `classid` = 1 [ RunTime:0.000214s ]
[ error ] [8]Use of undefined constant img - assumed 'img'[/www/wwwroot/admin.mangtuyou.com/application/index/controller/Spot.php:21]
[ error ] [8]Use of undefined constant name - assumed 'name'[/www/wwwroot/admin.mangtuyou.com/application/index/controller/Spot.php:21]
[ error ] [8]Use of undefined constant url - assumed 'url'[/www/wwwroot/admin.mangtuyou.com/application/index/controller/Spot.php:21]
[ error ] [8]Use of undefined constant id - assumed 'id'[/www/wwwroot/admin.mangtuyou.com/application/index/controller/Spot.php:25]
[ error ] [8]Use of undefined constant coordinate_left - assumed 'coordinate_left'[/www/wwwroot/admin.mangtuyou.com/application/index/controller/Spot.php:25]
[ error ] [8]Use of undefined constant coordinate_top - assumed 'coordinate_top'[/www/wwwroot/admin.mangtuyou.com/application/index/controller/Spot.php:25]
[ error ] [8]Use of undefined constant name - assumed 'name'[/www/wwwroot/admin.mangtuyou.com/application/index/controller/Spot.php:25]

---------------------------------------------------------------
