[ 2019-10-13T04:32:00+08:00 ] 172.31.18.39 47.100.107.233 GET /
[ log ] admin.mangtuyou.com/ [运行时间：0.015689s][吞吐率：63.74req/s] [内存消耗：1,469.68kb] [文件加载：44]
[ info ] [ LANG ] /www/wwwroot/admin.mangtuyou.com/thinkphp/lang/zh-cn.php
[ info ] [ ROUTE ] array (
  'type' => 'module',
  'module' => 
  array (
    0 => '',
    1 => NULL,
    2 => NULL,
  ),
)
[ info ] [ HEADER ] array (
  'accept-encoding' => 'gzip',
  'connection' => 'Keep-Alive',
  'host' => 'admin.mangtuyou.com',
  'user-agent' => 'Mozilla/5.0 (X11; Ubuntu; Linux x86_64; rv:36.0) Gecko/20100101 Firefox/36.0',
)
[ info ] [ PARAM ] array (
)
[ info ] [ SESSION ] INIT array (
  'id' => '',
  'var_session_id' => '',
  'prefix' => 'think',
  'type' => '',
  'auto_start' => true,
)
[ info ] [ LOG ] INIT File

---------------------------------------------------------------
[ 2019-10-13T04:32:00+08:00 ] 172.31.18.39 47.100.107.233 GET /admin/login/index.html
[ log ] admin.mangtuyou.com/admin/login/index.html [运行时间：0.014434s][吞吐率：69.28req/s] [内存消耗：1,503.80kb] [文件加载：45]
[ info ] [ LANG ] /www/wwwroot/admin.mangtuyou.com/thinkphp/lang/zh-cn.php
[ info ] [ ROUTE ] array (
  'type' => 'module',
  'module' => 
  array (
    0 => 'admin',
    1 => 'login',
    2 => 'index',
  ),
)
[ info ] [ HEADER ] array (
  'accept-encoding' => 'gzip',
  'connection' => 'Keep-Alive',
  'host' => 'admin.mangtuyou.com',
  'user-agent' => 'Mozilla/5.0 (X11; Ubuntu; Linux x86_64; rv:36.0) Gecko/20100101 Firefox/36.0',
)
[ info ] [ PARAM ] array (
  '/admin/login/index_html' => '',
)
[ info ] [ RUN ] app\admin\controller\Login->index[ /www/wwwroot/admin.mangtuyou.com/application/admin/controller/Login.php ]
[ info ] [ VIEW ] ./themes/admin/login/index.html [ array (
) ]
[ info ] [ LOG ] INIT File

---------------------------------------------------------------
[ 2019-10-13T05:05:41+08:00 ] 172.31.18.39 111.206.221.73 GET /index/spot/getScenic/cid/1/pid/1
[ log ] admin.mangtuyou.com/index/spot/getScenic/cid/1/pid/1 [运行时间：0.024020s][吞吐率：41.63req/s] [内存消耗：2,425.89kb] [文件加载：57]
[ info ] [ LANG ] /www/wwwroot/admin.mangtuyou.com/thinkphp/lang/zh-cn.php
[ info ] [ ROUTE ] array (
  'type' => 'module',
  'module' => 
  array (
    0 => 'index',
    1 => 'spot',
    2 => 'getScenic',
  ),
)
[ info ] [ HEADER ] array (
  'referer' => 'http://www.mangtuyou.com/',
  'resource-type' => '13',
  'x-devtools-emulate-network-conditions-client-id' => 'c93a2d4a-c8de-4114-9827-726c857ba3fb',
  'origin' => 'http://www.mangtuyou.com',
  'accept' => 'application/json, text/javascript, */*; q=0.01',
  'proxy-connection' => 'keep-alive',
  'user-agent' => 'Mozilla/5.0 (iPhone; CPU iPhone OS 9_1 like Mac OS X) AppleWebKit/601.1.46 (KHTML, like Gecko) Version/9.0 Mobile/13B143 Safari/601.1 (compatible; Baiduspider-render/2.0; +http://www.baidu.com/search/spider.html)',
  'host' => 'admin.mangtuyou.com',
  'content-type' => 'application/x-www-form-urlencoded',
)
[ info ] [ PARAM ] array (
  '/index/spot/getScenic/cid/1/pid/1' => '',
  'cid' => '1',
  'pid' => '1',
)
[ info ] [ CACHE ] INIT File
[ info ] [ DB ] INIT mysql
[ info ] [ RUN ] app\index\controller\Spot->getScenic[ /www/wwwroot/admin.mangtuyou.com/application/index/controller/Spot.php ]
[ info ] [ LOG ] INIT File
[ sql ] [ DB ] CONNECT:[ UseTime:0.000393s ] mysql:dbname=mangtoo;host=localhost;port=3306;charset=utf8
[ sql ] [ SQL ] SHOW COLUMNS FROM `os_nav` [ RunTime:0.000832s ]
[ sql ] [ SQL ] SELECT * FROM `os_nav` WHERE  `status` = 1 ORDER BY `sort`  ASC [ RunTime:0.000267s ]
[ sql ] [ SQL ] SHOW COLUMNS FROM `os_example` [ RunTime:0.000590s ]
[ sql ] [ SQL ] SELECT `img`,`name`,`url` FROM `os_example` WHERE  `id` = 1 LIMIT 1 [ RunTime:0.000248s ]
[ sql ] [ SQL ] SHOW COLUMNS FROM `os_scenic` [ RunTime:0.000657s ]
[ sql ] [ SQL ] SELECT `id`,`coordinate_left`,`coordinate_top`,`name` FROM `os_scenic` WHERE  `cid` = 1  AND `classid` = 1 [ RunTime:0.000145s ]
[ error ] [8]Use of undefined constant img - assumed 'img'[/www/wwwroot/admin.mangtuyou.com/application/index/controller/Spot.php:21]
[ error ] [8]Use of undefined constant name - assumed 'name'[/www/wwwroot/admin.mangtuyou.com/application/index/controller/Spot.php:21]
[ error ] [8]Use of undefined constant url - assumed 'url'[/www/wwwroot/admin.mangtuyou.com/application/index/controller/Spot.php:21]
[ error ] [8]Use of undefined constant id - assumed 'id'[/www/wwwroot/admin.mangtuyou.com/application/index/controller/Spot.php:25]
[ error ] [8]Use of undefined constant coordinate_left - assumed 'coordinate_left'[/www/wwwroot/admin.mangtuyou.com/application/index/controller/Spot.php:25]
[ error ] [8]Use of undefined constant coordinate_top - assumed 'coordinate_top'[/www/wwwroot/admin.mangtuyou.com/application/index/controller/Spot.php:25]
[ error ] [8]Use of undefined constant name - assumed 'name'[/www/wwwroot/admin.mangtuyou.com/application/index/controller/Spot.php:25]

---------------------------------------------------------------
[ 2019-10-13T11:42:08+08:00 ] 172.31.18.39 182.40.157.109 GET /index/spot/getScenic/cid/1/pid/1
[ log ] admin.mangtuyou.com/index/spot/getScenic/cid/1/pid/1 [运行时间：0.026521s][吞吐率：37.71req/s] [内存消耗：2,425.72kb] [文件加载：57]
[ info ] [ LANG ] /www/wwwroot/admin.mangtuyou.com/thinkphp/lang/zh-cn.php
[ info ] [ ROUTE ] array (
  'type' => 'module',
  'module' => 
  array (
    0 => 'index',
    1 => 'spot',
    2 => 'getScenic',
  ),
)
[ info ] [ HEADER ] array (
  'accept-encoding' => 'gzip, deflate',
  'accept-language' => 'zh-cn',
  'referer' => 'http://www.mangtuyou.com/',
  'user-agent' => 'Mozilla/5.0 (iPhone; CPU iPhone OS 12_4_1 like Mac OS X) AppleWebKit/605.1.15 (KHTML, like Gecko) Mobile/15E148 MicroMessenger/7.0.8(0x17000820) NetType/WIFI Language/zh_CN',
  'accept' => 'application/json, text/javascript, */*; q=0.01',
  'connection' => 'keep-alive',
  'origin' => 'http://www.mangtuyou.com',
  'host' => 'admin.mangtuyou.com',
  'content-type' => 'application/x-www-form-urlencoded',
)
[ info ] [ PARAM ] array (
  '/index/spot/getScenic/cid/1/pid/1' => '',
  'cid' => '1',
  'pid' => '1',
)
[ info ] [ CACHE ] INIT File
[ info ] [ DB ] INIT mysql
[ info ] [ RUN ] app\index\controller\Spot->getScenic[ /www/wwwroot/admin.mangtuyou.com/application/index/controller/Spot.php ]
[ info ] [ LOG ] INIT File
[ sql ] [ DB ] CONNECT:[ UseTime:0.000484s ] mysql:dbname=mangtoo;host=localhost;port=3306;charset=utf8
[ sql ] [ SQL ] SHOW COLUMNS FROM `os_nav` [ RunTime:0.000887s ]
[ sql ] [ SQL ] SELECT * FROM `os_nav` WHERE  `status` = 1 ORDER BY `sort`  ASC [ RunTime:0.000212s ]
[ sql ] [ SQL ] SHOW COLUMNS FROM `os_example` [ RunTime:0.000792s ]
[ sql ] [ SQL ] SELECT `img`,`name`,`url` FROM `os_example` WHERE  `id` = 1 LIMIT 1 [ RunTime:0.000648s ]
[ sql ] [ SQL ] SHOW COLUMNS FROM `os_scenic` [ RunTime:0.000743s ]
[ sql ] [ SQL ] SELECT `id`,`coordinate_left`,`coordinate_top`,`name` FROM `os_scenic` WHERE  `cid` = 1  AND `classid` = 1 [ RunTime:0.000186s ]
[ error ] [8]Use of undefined constant img - assumed 'img'[/www/wwwroot/admin.mangtuyou.com/application/index/controller/Spot.php:21]
[ error ] [8]Use of undefined constant name - assumed 'name'[/www/wwwroot/admin.mangtuyou.com/application/index/controller/Spot.php:21]
[ error ] [8]Use of undefined constant url - assumed 'url'[/www/wwwroot/admin.mangtuyou.com/application/index/controller/Spot.php:21]
[ error ] [8]Use of undefined constant id - assumed 'id'[/www/wwwroot/admin.mangtuyou.com/application/index/controller/Spot.php:25]
[ error ] [8]Use of undefined constant coordinate_left - assumed 'coordinate_left'[/www/wwwroot/admin.mangtuyou.com/application/index/controller/Spot.php:25]
[ error ] [8]Use of undefined constant coordinate_top - assumed 'coordinate_top'[/www/wwwroot/admin.mangtuyou.com/application/index/controller/Spot.php:25]
[ error ] [8]Use of undefined constant name - assumed 'name'[/www/wwwroot/admin.mangtuyou.com/application/index/controller/Spot.php:25]

---------------------------------------------------------------
[ 2019-10-13T11:42:21+08:00 ] 172.31.18.39 182.40.157.109 GET /index/spot/getScenic/cid/1/pid/1
[ log ] admin.mangtuyou.com/index/spot/getScenic/cid/1/pid/1 [运行时间：0.026191s][吞吐率：38.18req/s] [内存消耗：2,425.72kb] [文件加载：57]
[ info ] [ LANG ] /www/wwwroot/admin.mangtuyou.com/thinkphp/lang/zh-cn.php
[ info ] [ ROUTE ] array (
  'type' => 'module',
  'module' => 
  array (
    0 => 'index',
    1 => 'spot',
    2 => 'getScenic',
  ),
)
[ info ] [ HEADER ] array (
  'accept-encoding' => 'gzip, deflate',
  'accept-language' => 'zh-cn',
  'referer' => 'http://www.mangtuyou.com/',
  'user-agent' => 'Mozilla/5.0 (iPhone; CPU iPhone OS 12_4_1 like Mac OS X) AppleWebKit/605.1.15 (KHTML, like Gecko) Mobile/15E148 MicroMessenger/7.0.8(0x17000820) NetType/WIFI Language/zh_CN',
  'accept' => 'application/json, text/javascript, */*; q=0.01',
  'connection' => 'keep-alive',
  'origin' => 'http://www.mangtuyou.com',
  'host' => 'admin.mangtuyou.com',
  'content-type' => 'application/x-www-form-urlencoded',
)
[ info ] [ PARAM ] array (
  '/index/spot/getScenic/cid/1/pid/1' => '',
  'cid' => '1',
  'pid' => '1',
)
[ info ] [ CACHE ] INIT File
[ info ] [ DB ] INIT mysql
[ info ] [ RUN ] app\index\controller\Spot->getScenic[ /www/wwwroot/admin.mangtuyou.com/application/index/controller/Spot.php ]
[ info ] [ LOG ] INIT File
[ sql ] [ DB ] CONNECT:[ UseTime:0.000409s ] mysql:dbname=mangtoo;host=localhost;port=3306;charset=utf8
[ sql ] [ SQL ] SHOW COLUMNS FROM `os_nav` [ RunTime:0.000816s ]
[ sql ] [ SQL ] SELECT * FROM `os_nav` WHERE  `status` = 1 ORDER BY `sort`  ASC [ RunTime:0.000318s ]
[ sql ] [ SQL ] SHOW COLUMNS FROM `os_example` [ RunTime:0.000697s ]
[ sql ] [ SQL ] SELECT `img`,`name`,`url` FROM `os_example` WHERE  `id` = 1 LIMIT 1 [ RunTime:0.000188s ]
[ sql ] [ SQL ] SHOW COLUMNS FROM `os_scenic` [ RunTime:0.000800s ]
[ sql ] [ SQL ] SELECT `id`,`coordinate_left`,`coordinate_top`,`name` FROM `os_scenic` WHERE  `cid` = 1  AND `classid` = 1 [ RunTime:0.000210s ]
[ error ] [8]Use of undefined constant img - assumed 'img'[/www/wwwroot/admin.mangtuyou.com/application/index/controller/Spot.php:21]
[ error ] [8]Use of undefined constant name - assumed 'name'[/www/wwwroot/admin.mangtuyou.com/application/index/controller/Spot.php:21]
[ error ] [8]Use of undefined constant url - assumed 'url'[/www/wwwroot/admin.mangtuyou.com/application/index/controller/Spot.php:21]
[ error ] [8]Use of undefined constant id - assumed 'id'[/www/wwwroot/admin.mangtuyou.com/application/index/controller/Spot.php:25]
[ error ] [8]Use of undefined constant coordinate_left - assumed 'coordinate_left'[/www/wwwroot/admin.mangtuyou.com/application/index/controller/Spot.php:25]
[ error ] [8]Use of undefined constant coordinate_top - assumed 'coordinate_top'[/www/wwwroot/admin.mangtuyou.com/application/index/controller/Spot.php:25]
[ error ] [8]Use of undefined constant name - assumed 'name'[/www/wwwroot/admin.mangtuyou.com/application/index/controller/Spot.php:25]

---------------------------------------------------------------
[ 2019-10-13T11:42:26+08:00 ] 172.31.18.39 182.40.157.109 GET /index/spot/getScenic/cid/1/pid/2
[ log ] admin.mangtuyou.com/index/spot/getScenic/cid/1/pid/2 [运行时间：0.023112s][吞吐率：43.27req/s] [内存消耗：2,425.63kb] [文件加载：57]
[ info ] [ LANG ] /www/wwwroot/admin.mangtuyou.com/thinkphp/lang/zh-cn.php
[ info ] [ ROUTE ] array (
  'type' => 'module',
  'module' => 
  array (
    0 => 'index',
    1 => 'spot',
    2 => 'getScenic',
  ),
)
[ info ] [ HEADER ] array (
  'accept-encoding' => 'gzip, deflate',
  'accept-language' => 'zh-cn',
  'referer' => 'http://www.mangtuyou.com/',
  'user-agent' => 'Mozilla/5.0 (iPhone; CPU iPhone OS 12_4_1 like Mac OS X) AppleWebKit/605.1.15 (KHTML, like Gecko) Mobile/15E148 MicroMessenger/7.0.8(0x17000820) NetType/WIFI Language/zh_CN',
  'accept' => 'application/json, text/javascript, */*; q=0.01',
  'connection' => 'keep-alive',
  'origin' => 'http://www.mangtuyou.com',
  'host' => 'admin.mangtuyou.com',
  'content-type' => 'application/x-www-form-urlencoded',
)
[ info ] [ PARAM ] array (
  '/index/spot/getScenic/cid/1/pid/2' => '',
  'cid' => '1',
  'pid' => '2',
)
[ info ] [ CACHE ] INIT File
[ info ] [ DB ] INIT mysql
[ info ] [ RUN ] app\index\controller\Spot->getScenic[ /www/wwwroot/admin.mangtuyou.com/application/index/controller/Spot.php ]
[ info ] [ LOG ] INIT File
[ sql ] [ DB ] CONNECT:[ UseTime:0.000234s ] mysql:dbname=mangtoo;host=localhost;port=3306;charset=utf8
[ sql ] [ SQL ] SHOW COLUMNS FROM `os_nav` [ RunTime:0.000770s ]
[ sql ] [ SQL ] SELECT * FROM `os_nav` WHERE  `status` = 1 ORDER BY `sort`  ASC [ RunTime:0.000177s ]
[ sql ] [ SQL ] SHOW COLUMNS FROM `os_example` [ RunTime:0.000560s ]
[ sql ] [ SQL ] SELECT `img`,`name`,`url` FROM `os_example` WHERE  `id` = 1 LIMIT 1 [ RunTime:0.000150s ]
[ sql ] [ SQL ] SHOW COLUMNS FROM `os_scenic` [ RunTime:0.000553s ]
[ sql ] [ SQL ] SELECT `id`,`coordinate_left`,`coordinate_top`,`name` FROM `os_scenic` WHERE  `cid` = 1  AND `classid` = 2 [ RunTime:0.000142s ]
[ error ] [8]Use of undefined constant img - assumed 'img'[/www/wwwroot/admin.mangtuyou.com/application/index/controller/Spot.php:21]
[ error ] [8]Use of undefined constant name - assumed 'name'[/www/wwwroot/admin.mangtuyou.com/application/index/controller/Spot.php:21]
[ error ] [8]Use of undefined constant url - assumed 'url'[/www/wwwroot/admin.mangtuyou.com/application/index/controller/Spot.php:21]
[ error ] [8]Use of undefined constant id - assumed 'id'[/www/wwwroot/admin.mangtuyou.com/application/index/controller/Spot.php:25]
[ error ] [8]Use of undefined constant coordinate_left - assumed 'coordinate_left'[/www/wwwroot/admin.mangtuyou.com/application/index/controller/Spot.php:25]
[ error ] [8]Use of undefined constant coordinate_top - assumed 'coordinate_top'[/www/wwwroot/admin.mangtuyou.com/application/index/controller/Spot.php:25]
[ error ] [8]Use of undefined constant name - assumed 'name'[/www/wwwroot/admin.mangtuyou.com/application/index/controller/Spot.php:25]

---------------------------------------------------------------
[ 2019-10-13T11:42:26+08:00 ] 172.31.18.39 182.40.157.109 GET /index/spot/getScenic/cid/1/pid/3
[ log ] admin.mangtuyou.com/index/spot/getScenic/cid/1/pid/3 [运行时间：0.026953s][吞吐率：37.10req/s] [内存消耗：2,423.96kb] [文件加载：57]
[ info ] [ LANG ] /www/wwwroot/admin.mangtuyou.com/thinkphp/lang/zh-cn.php
[ info ] [ ROUTE ] array (
  'type' => 'module',
  'module' => 
  array (
    0 => 'index',
    1 => 'spot',
    2 => 'getScenic',
  ),
)
[ info ] [ HEADER ] array (
  'accept-encoding' => 'gzip, deflate',
  'accept-language' => 'zh-cn',
  'referer' => 'http://www.mangtuyou.com/',
  'user-agent' => 'Mozilla/5.0 (iPhone; CPU iPhone OS 12_4_1 like Mac OS X) AppleWebKit/605.1.15 (KHTML, like Gecko) Mobile/15E148 MicroMessenger/7.0.8(0x17000820) NetType/WIFI Language/zh_CN',
  'accept' => 'application/json, text/javascript, */*; q=0.01',
  'connection' => 'keep-alive',
  'origin' => 'http://www.mangtuyou.com',
  'host' => 'admin.mangtuyou.com',
  'content-type' => 'application/x-www-form-urlencoded',
)
[ info ] [ PARAM ] array (
  '/index/spot/getScenic/cid/1/pid/3' => '',
  'cid' => '1',
  'pid' => '3',
)
[ info ] [ CACHE ] INIT File
[ info ] [ DB ] INIT mysql
[ info ] [ RUN ] app\index\controller\Spot->getScenic[ /www/wwwroot/admin.mangtuyou.com/application/index/controller/Spot.php ]
[ info ] [ LOG ] INIT File
[ sql ] [ DB ] CONNECT:[ UseTime:0.000167s ] mysql:dbname=mangtoo;host=localhost;port=3306;charset=utf8
[ sql ] [ SQL ] SHOW COLUMNS FROM `os_nav` [ RunTime:0.000613s ]
[ sql ] [ SQL ] SELECT * FROM `os_nav` WHERE  `status` = 1 ORDER BY `sort`  ASC [ RunTime:0.000290s ]
[ sql ] [ SQL ] SHOW COLUMNS FROM `os_example` [ RunTime:0.000535s ]
[ sql ] [ SQL ] SELECT `img`,`name`,`url` FROM `os_example` WHERE  `id` = 1 LIMIT 1 [ RunTime:0.000148s ]
[ sql ] [ SQL ] SHOW COLUMNS FROM `os_scenic` [ RunTime:0.000533s ]
[ sql ] [ SQL ] SELECT `id`,`coordinate_left`,`coordinate_top`,`name` FROM `os_scenic` WHERE  `cid` = 1  AND `classid` = 3 [ RunTime:0.000159s ]
[ error ] [8]Use of undefined constant img - assumed 'img'[/www/wwwroot/admin.mangtuyou.com/application/index/controller/Spot.php:21]
[ error ] [8]Use of undefined constant name - assumed 'name'[/www/wwwroot/admin.mangtuyou.com/application/index/controller/Spot.php:21]
[ error ] [8]Use of undefined constant url - assumed 'url'[/www/wwwroot/admin.mangtuyou.com/application/index/controller/Spot.php:21]
[ error ] [8]Use of undefined constant id - assumed 'id'[/www/wwwroot/admin.mangtuyou.com/application/index/controller/Spot.php:25]
[ error ] [8]Use of undefined constant coordinate_left - assumed 'coordinate_left'[/www/wwwroot/admin.mangtuyou.com/application/index/controller/Spot.php:25]
[ error ] [8]Use of undefined constant coordinate_top - assumed 'coordinate_top'[/www/wwwroot/admin.mangtuyou.com/application/index/controller/Spot.php:25]
[ error ] [8]Use of undefined constant name - assumed 'name'[/www/wwwroot/admin.mangtuyou.com/application/index/controller/Spot.php:25]

---------------------------------------------------------------
[ 2019-10-13T11:42:26+08:00 ] 172.31.18.39 182.40.157.109 GET /index/spot/getScenicDetails/id/34?{}
[ log ] admin.mangtuyou.com/index/spot/getScenicDetails/id/34?{} [运行时间：0.022174s][吞吐率：45.10req/s] [内存消耗：2,409.70kb] [文件加载：56]
[ info ] [ LANG ] /www/wwwroot/admin.mangtuyou.com/thinkphp/lang/zh-cn.php
[ info ] [ ROUTE ] array (
  'type' => 'module',
  'module' => 
  array (
    0 => 'index',
    1 => 'spot',
    2 => 'getScenicDetails',
  ),
)
[ info ] [ HEADER ] array (
  'accept-encoding' => 'gzip, deflate',
  'accept-language' => 'zh-cn',
  'referer' => 'http://www.mangtuyou.com/',
  'user-agent' => 'Mozilla/5.0 (iPhone; CPU iPhone OS 12_4_1 like Mac OS X) AppleWebKit/605.1.15 (KHTML, like Gecko) Mobile/15E148 MicroMessenger/7.0.8(0x17000820) NetType/WIFI Language/zh_CN',
  'accept' => 'application/json, text/javascript, */*; q=0.01',
  'connection' => 'keep-alive',
  'origin' => 'http://www.mangtuyou.com',
  'host' => 'admin.mangtuyou.com',
  'content-type' => 'application/x-www-form-urlencoded',
)
[ info ] [ PARAM ] array (
  '/index/spot/getScenicDetails/id/34' => '',
  '{}' => '',
  'id' => '34',
)
[ info ] [ CACHE ] INIT File
[ info ] [ DB ] INIT mysql
[ info ] [ RUN ] app\index\controller\Spot->getScenicDetails[ /www/wwwroot/admin.mangtuyou.com/application/index/controller/Spot.php ]
[ info ] [ LOG ] INIT File
[ sql ] [ DB ] CONNECT:[ UseTime:0.000322s ] mysql:dbname=mangtoo;host=localhost;port=3306;charset=utf8
[ sql ] [ SQL ] SHOW COLUMNS FROM `os_nav` [ RunTime:0.000712s ]
[ sql ] [ SQL ] SELECT * FROM `os_nav` WHERE  `status` = 1 ORDER BY `sort`  ASC [ RunTime:0.000201s ]
[ sql ] [ SQL ] SHOW COLUMNS FROM `os_scenic` [ RunTime:0.000675s ]
[ sql ] [ SQL ] SELECT `name`,`img`,`content` FROM `os_scenic` WHERE  `id` = 34 LIMIT 1 [ RunTime:0.000176s ]
[ error ] [8]Use of undefined constant name - assumed 'name'[/www/wwwroot/admin.mangtuyou.com/application/index/controller/Spot.php:35]
[ error ] [8]Use of undefined constant img - assumed 'img'[/www/wwwroot/admin.mangtuyou.com/application/index/controller/Spot.php:35]
[ error ] [8]Use of undefined constant content - assumed 'content'[/www/wwwroot/admin.mangtuyou.com/application/index/controller/Spot.php:35]
[ error ] [8]Use of undefined constant img - assumed 'img'[/www/wwwroot/admin.mangtuyou.com/application/index/controller/Spot.php:37]
[ error ] [8]Use of undefined constant img - assumed 'img'[/www/wwwroot/admin.mangtuyou.com/application/index/controller/Spot.php:37]

---------------------------------------------------------------
[ 2019-10-13T11:42:48+08:00 ] 172.31.18.39 182.40.157.109 GET /index/spot/getScenicDetails/id/65?{}
[ log ] admin.mangtuyou.com/index/spot/getScenicDetails/id/65?{} [运行时间：0.027109s][吞吐率：36.89req/s] [内存消耗：2,412.06kb] [文件加载：56]
[ info ] [ LANG ] /www/wwwroot/admin.mangtuyou.com/thinkphp/lang/zh-cn.php
[ info ] [ ROUTE ] array (
  'type' => 'module',
  'module' => 
  array (
    0 => 'index',
    1 => 'spot',
    2 => 'getScenicDetails',
  ),
)
[ info ] [ HEADER ] array (
  'accept-encoding' => 'gzip, deflate',
  'accept-language' => 'zh-cn',
  'referer' => 'http://www.mangtuyou.com/',
  'user-agent' => 'Mozilla/5.0 (iPhone; CPU iPhone OS 12_4_1 like Mac OS X) AppleWebKit/605.1.15 (KHTML, like Gecko) Mobile/15E148 MicroMessenger/7.0.8(0x17000820) NetType/WIFI Language/zh_CN',
  'accept' => 'application/json, text/javascript, */*; q=0.01',
  'connection' => 'keep-alive',
  'origin' => 'http://www.mangtuyou.com',
  'host' => 'admin.mangtuyou.com',
  'content-type' => 'application/x-www-form-urlencoded',
)
[ info ] [ PARAM ] array (
  '/index/spot/getScenicDetails/id/65' => '',
  '{}' => '',
  'id' => '65',
)
[ info ] [ CACHE ] INIT File
[ info ] [ DB ] INIT mysql
[ info ] [ RUN ] app\index\controller\Spot->getScenicDetails[ /www/wwwroot/admin.mangtuyou.com/application/index/controller/Spot.php ]
[ info ] [ LOG ] INIT File
[ sql ] [ DB ] CONNECT:[ UseTime:0.000309s ] mysql:dbname=mangtoo;host=localhost;port=3306;charset=utf8
[ sql ] [ SQL ] SHOW COLUMNS FROM `os_nav` [ RunTime:0.005464s ]
[ sql ] [ SQL ] SELECT * FROM `os_nav` WHERE  `status` = 1 ORDER BY `sort`  ASC [ RunTime:0.000233s ]
[ sql ] [ SQL ] SHOW COLUMNS FROM `os_scenic` [ RunTime:0.000780s ]
[ sql ] [ SQL ] SELECT `name`,`img`,`content` FROM `os_scenic` WHERE  `id` = 65 LIMIT 1 [ RunTime:0.000221s ]
[ error ] [8]Use of undefined constant name - assumed 'name'[/www/wwwroot/admin.mangtuyou.com/application/index/controller/Spot.php:35]
[ error ] [8]Use of undefined constant img - assumed 'img'[/www/wwwroot/admin.mangtuyou.com/application/index/controller/Spot.php:35]
[ error ] [8]Use of undefined constant content - assumed 'content'[/www/wwwroot/admin.mangtuyou.com/application/index/controller/Spot.php:35]
[ error ] [8]Use of undefined constant img - assumed 'img'[/www/wwwroot/admin.mangtuyou.com/application/index/controller/Spot.php:37]
[ error ] [8]Use of undefined constant img - assumed 'img'[/www/wwwroot/admin.mangtuyou.com/application/index/controller/Spot.php:37]

---------------------------------------------------------------
[ 2019-10-13T11:42:54+08:00 ] 172.31.18.39 182.40.157.109 GET /index/spot/getScenic/cid/3/pid/1
[ log ] admin.mangtuyou.com/index/spot/getScenic/cid/3/pid/1 [运行时间：0.024210s][吞吐率：41.31req/s] [内存消耗：2,424.46kb] [文件加载：57]
[ info ] [ LANG ] /www/wwwroot/admin.mangtuyou.com/thinkphp/lang/zh-cn.php
[ info ] [ ROUTE ] array (
  'type' => 'module',
  'module' => 
  array (
    0 => 'index',
    1 => 'spot',
    2 => 'getScenic',
  ),
)
[ info ] [ HEADER ] array (
  'accept-encoding' => 'gzip, deflate',
  'accept-language' => 'zh-cn',
  'referer' => 'http://www.mangtuyou.com/',
  'user-agent' => 'Mozilla/5.0 (iPhone; CPU iPhone OS 12_4_1 like Mac OS X) AppleWebKit/605.1.15 (KHTML, like Gecko) Mobile/15E148 MicroMessenger/7.0.8(0x17000820) NetType/WIFI Language/zh_CN',
  'accept' => 'application/json, text/javascript, */*; q=0.01',
  'connection' => 'keep-alive',
  'origin' => 'http://www.mangtuyou.com',
  'host' => 'admin.mangtuyou.com',
  'content-type' => 'application/x-www-form-urlencoded',
)
[ info ] [ PARAM ] array (
  '/index/spot/getScenic/cid/3/pid/1' => '',
  'cid' => '3',
  'pid' => '1',
)
[ info ] [ CACHE ] INIT File
[ info ] [ DB ] INIT mysql
[ info ] [ RUN ] app\index\controller\Spot->getScenic[ /www/wwwroot/admin.mangtuyou.com/application/index/controller/Spot.php ]
[ info ] [ LOG ] INIT File
[ sql ] [ DB ] CONNECT:[ UseTime:0.000563s ] mysql:dbname=mangtoo;host=localhost;port=3306;charset=utf8
[ sql ] [ SQL ] SHOW COLUMNS FROM `os_nav` [ RunTime:0.000787s ]
[ sql ] [ SQL ] SELECT * FROM `os_nav` WHERE  `status` = 1 ORDER BY `sort`  ASC [ RunTime:0.000269s ]
[ sql ] [ SQL ] SHOW COLUMNS FROM `os_example` [ RunTime:0.000720s ]
[ sql ] [ SQL ] SELECT `img`,`name`,`url` FROM `os_example` WHERE  `id` = 3 LIMIT 1 [ RunTime:0.000156s ]
[ sql ] [ SQL ] SHOW COLUMNS FROM `os_scenic` [ RunTime:0.000553s ]
[ sql ] [ SQL ] SELECT `id`,`coordinate_left`,`coordinate_top`,`name` FROM `os_scenic` WHERE  `cid` = 3  AND `classid` = 1 [ RunTime:0.000188s ]
[ error ] [8]Use of undefined constant img - assumed 'img'[/www/wwwroot/admin.mangtuyou.com/application/index/controller/Spot.php:21]
[ error ] [8]Use of undefined constant name - assumed 'name'[/www/wwwroot/admin.mangtuyou.com/application/index/controller/Spot.php:21]
[ error ] [8]Use of undefined constant url - assumed 'url'[/www/wwwroot/admin.mangtuyou.com/application/index/controller/Spot.php:21]
[ error ] [8]Use of undefined constant id - assumed 'id'[/www/wwwroot/admin.mangtuyou.com/application/index/controller/Spot.php:25]
[ error ] [8]Use of undefined constant coordinate_left - assumed 'coordinate_left'[/www/wwwroot/admin.mangtuyou.com/application/index/controller/Spot.php:25]
[ error ] [8]Use of undefined constant coordinate_top - assumed 'coordinate_top'[/www/wwwroot/admin.mangtuyou.com/application/index/controller/Spot.php:25]
[ error ] [8]Use of undefined constant name - assumed 'name'[/www/wwwroot/admin.mangtuyou.com/application/index/controller/Spot.php:25]

---------------------------------------------------------------
[ 2019-10-13T11:43:00+08:00 ] 172.31.18.39 182.40.157.109 GET /index/spot/getScenic/cid/3/pid/1
[ log ] admin.mangtuyou.com/index/spot/getScenic/cid/3/pid/1 [运行时间：0.022850s][吞吐率：43.76req/s] [内存消耗：2,424.46kb] [文件加载：57]
[ info ] [ LANG ] /www/wwwroot/admin.mangtuyou.com/thinkphp/lang/zh-cn.php
[ info ] [ ROUTE ] array (
  'type' => 'module',
  'module' => 
  array (
    0 => 'index',
    1 => 'spot',
    2 => 'getScenic',
  ),
)
[ info ] [ HEADER ] array (
  'accept-encoding' => 'gzip, deflate',
  'accept-language' => 'zh-cn',
  'referer' => 'http://www.mangtuyou.com/',
  'user-agent' => 'Mozilla/5.0 (iPhone; CPU iPhone OS 12_4_1 like Mac OS X) AppleWebKit/605.1.15 (KHTML, like Gecko) Mobile/15E148 MicroMessenger/7.0.8(0x17000820) NetType/WIFI Language/zh_CN',
  'accept' => 'application/json, text/javascript, */*; q=0.01',
  'connection' => 'keep-alive',
  'origin' => 'http://www.mangtuyou.com',
  'host' => 'admin.mangtuyou.com',
  'content-type' => 'application/x-www-form-urlencoded',
)
[ info ] [ PARAM ] array (
  '/index/spot/getScenic/cid/3/pid/1' => '',
  'cid' => '3',
  'pid' => '1',
)
[ info ] [ CACHE ] INIT File
[ info ] [ DB ] INIT mysql
[ info ] [ RUN ] app\index\controller\Spot->getScenic[ /www/wwwroot/admin.mangtuyou.com/application/index/controller/Spot.php ]
[ info ] [ LOG ] INIT File
[ sql ] [ DB ] CONNECT:[ UseTime:0.000284s ] mysql:dbname=mangtoo;host=localhost;port=3306;charset=utf8
[ sql ] [ SQL ] SHOW COLUMNS FROM `os_nav` [ RunTime:0.000872s ]
[ sql ] [ SQL ] SELECT * FROM `os_nav` WHERE  `status` = 1 ORDER BY `sort`  ASC [ RunTime:0.000226s ]
[ sql ] [ SQL ] SHOW COLUMNS FROM `os_example` [ RunTime:0.000640s ]
[ sql ] [ SQL ] SELECT `img`,`name`,`url` FROM `os_example` WHERE  `id` = 3 LIMIT 1 [ RunTime:0.000176s ]
[ sql ] [ SQL ] SHOW COLUMNS FROM `os_scenic` [ RunTime:0.000591s ]
[ sql ] [ SQL ] SELECT `id`,`coordinate_left`,`coordinate_top`,`name` FROM `os_scenic` WHERE  `cid` = 3  AND `classid` = 1 [ RunTime:0.000158s ]
[ error ] [8]Use of undefined constant img - assumed 'img'[/www/wwwroot/admin.mangtuyou.com/application/index/controller/Spot.php:21]
[ error ] [8]Use of undefined constant name - assumed 'name'[/www/wwwroot/admin.mangtuyou.com/application/index/controller/Spot.php:21]
[ error ] [8]Use of undefined constant url - assumed 'url'[/www/wwwroot/admin.mangtuyou.com/application/index/controller/Spot.php:21]
[ error ] [8]Use of undefined constant id - assumed 'id'[/www/wwwroot/admin.mangtuyou.com/application/index/controller/Spot.php:25]
[ error ] [8]Use of undefined constant coordinate_left - assumed 'coordinate_left'[/www/wwwroot/admin.mangtuyou.com/application/index/controller/Spot.php:25]
[ error ] [8]Use of undefined constant coordinate_top - assumed 'coordinate_top'[/www/wwwroot/admin.mangtuyou.com/application/index/controller/Spot.php:25]
[ error ] [8]Use of undefined constant name - assumed 'name'[/www/wwwroot/admin.mangtuyou.com/application/index/controller/Spot.php:25]

---------------------------------------------------------------
[ 2019-10-13T14:10:27+08:00 ] 172.31.18.39 111.206.221.89 GET /index/spot/getScenic/cid/1/pid/1
[ log ] admin.mangtuyou.com/index/spot/getScenic/cid/1/pid/1 [运行时间：0.024412s][吞吐率：40.96req/s] [内存消耗：2,425.93kb] [文件加载：57]
[ info ] [ LANG ] /www/wwwroot/admin.mangtuyou.com/thinkphp/lang/zh-cn.php
[ info ] [ ROUTE ] array (
  'type' => 'module',
  'module' => 
  array (
    0 => 'index',
    1 => 'spot',
    2 => 'getScenic',
  ),
)
[ info ] [ HEADER ] array (
  'referer' => 'http://www.mangtuyou.com/',
  'resource-type' => '13',
  'x-devtools-emulate-network-conditions-client-id' => '2b936505-1ce8-46ad-a732-1d01c3eb3448',
  'accept' => 'application/json, text/javascript, */*; q=0.01',
  'accept-language' => 'zh-CN,zh;q=0.8,en-US;q=0.5,en;q=0.3',
  'origin' => 'http://www.mangtuyou.com',
  'proxy-connection' => 'keep-alive',
  'user-agent' => 'Mozilla/5.0 (iPhone; CPU iPhone OS 9_1 like Mac OS X) AppleWebKit/601.1.46 (KHTML, like Gecko) Version/9.0 Mobile/13B143 Safari/601.1 (compatible; Baiduspider-render/2.0; +http://www.baidu.com/search/spider.html)',
  'host' => 'admin.mangtuyou.com',
  'content-type' => 'application/x-www-form-urlencoded',
)
[ info ] [ PARAM ] array (
  '/index/spot/getScenic/cid/1/pid/1' => '',
  'cid' => '1',
  'pid' => '1',
)
[ info ] [ CACHE ] INIT File
[ info ] [ DB ] INIT mysql
[ info ] [ RUN ] app\index\controller\Spot->getScenic[ /www/wwwroot/admin.mangtuyou.com/application/index/controller/Spot.php ]
[ info ] [ LOG ] INIT File
[ sql ] [ DB ] CONNECT:[ UseTime:0.000316s ] mysql:dbname=mangtoo;host=localhost;port=3306;charset=utf8
[ sql ] [ SQL ] SHOW COLUMNS FROM `os_nav` [ RunTime:0.000776s ]
[ sql ] [ SQL ] SELECT * FROM `os_nav` WHERE  `status` = 1 ORDER BY `sort`  ASC [ RunTime:0.000222s ]
[ sql ] [ SQL ] SHOW COLUMNS FROM `os_example` [ RunTime:0.000719s ]
[ sql ] [ SQL ] SELECT `img`,`name`,`url` FROM `os_example` WHERE  `id` = 1 LIMIT 1 [ RunTime:0.000188s ]
[ sql ] [ SQL ] SHOW COLUMNS FROM `os_scenic` [ RunTime:0.000527s ]
[ sql ] [ SQL ] SELECT `id`,`coordinate_left`,`coordinate_top`,`name` FROM `os_scenic` WHERE  `cid` = 1  AND `classid` = 1 [ RunTime:0.000192s ]
[ error ] [8]Use of undefined constant img - assumed 'img'[/www/wwwroot/admin.mangtuyou.com/application/index/controller/Spot.php:21]
[ error ] [8]Use of undefined constant name - assumed 'name'[/www/wwwroot/admin.mangtuyou.com/application/index/controller/Spot.php:21]
[ error ] [8]Use of undefined constant url - assumed 'url'[/www/wwwroot/admin.mangtuyou.com/application/index/controller/Spot.php:21]
[ error ] [8]Use of undefined constant id - assumed 'id'[/www/wwwroot/admin.mangtuyou.com/application/index/controller/Spot.php:25]
[ error ] [8]Use of undefined constant coordinate_left - assumed 'coordinate_left'[/www/wwwroot/admin.mangtuyou.com/application/index/controller/Spot.php:25]
[ error ] [8]Use of undefined constant coordinate_top - assumed 'coordinate_top'[/www/wwwroot/admin.mangtuyou.com/application/index/controller/Spot.php:25]
[ error ] [8]Use of undefined constant name - assumed 'name'[/www/wwwroot/admin.mangtuyou.com/application/index/controller/Spot.php:25]

---------------------------------------------------------------
[ 2019-10-13T15:36:54+08:00 ] 172.31.18.39 47.98.104.136 GET /
[ log ] admin.mangtuyou.com/ [运行时间：0.013563s][吞吐率：73.73req/s] [内存消耗：1,469.69kb] [文件加载：44]
[ info ] [ LANG ] /www/wwwroot/admin.mangtuyou.com/thinkphp/lang/zh-cn.php
[ info ] [ ROUTE ] array (
  'type' => 'module',
  'module' => 
  array (
    0 => '',
    1 => NULL,
    2 => NULL,
  ),
)
[ info ] [ HEADER ] array (
  'accept-encoding' => 'gzip',
  'connection' => 'Keep-Alive',
  'host' => 'admin.mangtuyou.com',
  'user-agent' => 'Mozilla/5.0 (X11; Ubuntu; Linux x86_64; rv:36.0) Gecko/20100101 Firefox/36.0',
)
[ info ] [ PARAM ] array (
)
[ info ] [ SESSION ] INIT array (
  'id' => '',
  'var_session_id' => '',
  'prefix' => 'think',
  'type' => '',
  'auto_start' => true,
)
[ info ] [ LOG ] INIT File

---------------------------------------------------------------
[ 2019-10-13T15:36:54+08:00 ] 172.31.18.39 47.98.104.136 GET /admin/login/index.html
[ log ] admin.mangtuyou.com/admin/login/index.html [运行时间：0.015123s][吞吐率：66.12req/s] [内存消耗：1,503.80kb] [文件加载：45]
[ info ] [ LANG ] /www/wwwroot/admin.mangtuyou.com/thinkphp/lang/zh-cn.php
[ info ] [ ROUTE ] array (
  'type' => 'module',
  'module' => 
  array (
    0 => 'admin',
    1 => 'login',
    2 => 'index',
  ),
)
[ info ] [ HEADER ] array (
  'accept-encoding' => 'gzip',
  'connection' => 'Keep-Alive',
  'host' => 'admin.mangtuyou.com',
  'user-agent' => 'Mozilla/5.0 (X11; Ubuntu; Linux x86_64; rv:36.0) Gecko/20100101 Firefox/36.0',
)
[ info ] [ PARAM ] array (
  '/admin/login/index_html' => '',
)
[ info ] [ RUN ] app\admin\controller\Login->index[ /www/wwwroot/admin.mangtuyou.com/application/admin/controller/Login.php ]
[ info ] [ VIEW ] ./themes/admin/login/index.html [ array (
) ]
[ info ] [ LOG ] INIT File

---------------------------------------------------------------
[ 2019-10-13T17:25:33+08:00 ] 172.31.18.39 111.206.221.115 GET /index/spot/getScenic/cid/1/pid/1
[ log ] admin.mangtuyou.com/index/spot/getScenic/cid/1/pid/1 [运行时间：0.024149s][吞吐率：41.41req/s] [内存消耗：2,425.93kb] [文件加载：57]
[ info ] [ LANG ] /www/wwwroot/admin.mangtuyou.com/thinkphp/lang/zh-cn.php
[ info ] [ ROUTE ] array (
  'type' => 'module',
  'module' => 
  array (
    0 => 'index',
    1 => 'spot',
    2 => 'getScenic',
  ),
)
[ info ] [ HEADER ] array (
  'referer' => 'http://www.mangtuyou.com/pc.html',
  'resource-type' => '13',
  'x-devtools-emulate-network-conditions-client-id' => '1976e1ef-eb79-4538-a2fc-120c00869456',
  'accept' => 'application/json, text/javascript, */*; q=0.01',
  'accept-language' => 'zh-CN,zh;q=0.8,en-US;q=0.5,en;q=0.3',
  'origin' => 'http://www.mangtuyou.com',
  'proxy-connection' => 'keep-alive',
  'user-agent' => 'Mozilla/5.0 (iPhone; CPU iPhone OS 9_1 like Mac OS X) AppleWebKit/601.1.46 (KHTML, like Gecko) Version/9.0 Mobile/13B143 Safari/601.1 (compatible; Baiduspider-render/2.0; +http://www.baidu.com/search/spider.html)',
  'host' => 'admin.mangtuyou.com',
  'content-type' => 'application/x-www-form-urlencoded',
)
[ info ] [ PARAM ] array (
  '/index/spot/getScenic/cid/1/pid/1' => '',
  'cid' => '1',
  'pid' => '1',
)
[ info ] [ CACHE ] INIT File
[ info ] [ DB ] INIT mysql
[ info ] [ RUN ] app\index\controller\Spot->getScenic[ /www/wwwroot/admin.mangtuyou.com/application/index/controller/Spot.php ]
[ info ] [ LOG ] INIT File
[ sql ] [ DB ] CONNECT:[ UseTime:0.000329s ] mysql:dbname=mangtoo;host=localhost;port=3306;charset=utf8
[ sql ] [ SQL ] SHOW COLUMNS FROM `os_nav` [ RunTime:0.000739s ]
[ sql ] [ SQL ] SELECT * FROM `os_nav` WHERE  `status` = 1 ORDER BY `sort`  ASC [ RunTime:0.000217s ]
[ sql ] [ SQL ] SHOW COLUMNS FROM `os_example` [ RunTime:0.000600s ]
[ sql ] [ SQL ] SELECT `img`,`name`,`url` FROM `os_example` WHERE  `id` = 1 LIMIT 1 [ RunTime:0.000133s ]
[ sql ] [ SQL ] SHOW COLUMNS FROM `os_scenic` [ RunTime:0.000639s ]
[ sql ] [ SQL ] SELECT `id`,`coordinate_left`,`coordinate_top`,`name` FROM `os_scenic` WHERE  `cid` = 1  AND `classid` = 1 [ RunTime:0.000261s ]
[ error ] [8]Use of undefined constant img - assumed 'img'[/www/wwwroot/admin.mangtuyou.com/application/index/controller/Spot.php:21]
[ error ] [8]Use of undefined constant name - assumed 'name'[/www/wwwroot/admin.mangtuyou.com/application/index/controller/Spot.php:21]
[ error ] [8]Use of undefined constant url - assumed 'url'[/www/wwwroot/admin.mangtuyou.com/application/index/controller/Spot.php:21]
[ error ] [8]Use of undefined constant id - assumed 'id'[/www/wwwroot/admin.mangtuyou.com/application/index/controller/Spot.php:25]
[ error ] [8]Use of undefined constant coordinate_left - assumed 'coordinate_left'[/www/wwwroot/admin.mangtuyou.com/application/index/controller/Spot.php:25]
[ error ] [8]Use of undefined constant coordinate_top - assumed 'coordinate_top'[/www/wwwroot/admin.mangtuyou.com/application/index/controller/Spot.php:25]
[ error ] [8]Use of undefined constant name - assumed 'name'[/www/wwwroot/admin.mangtuyou.com/application/index/controller/Spot.php:25]

---------------------------------------------------------------
[ 2019-10-13T20:00:12+08:00 ] 172.31.18.39 111.206.221.84 GET /index/spot/getScenic/cid/1/pid/1
[ log ] admin.mangtuyou.com/index/spot/getScenic/cid/1/pid/1 [运行时间：0.024263s][吞吐率：41.22req/s] [内存消耗：2,425.93kb] [文件加载：57]
[ info ] [ LANG ] /www/wwwroot/admin.mangtuyou.com/thinkphp/lang/zh-cn.php
[ info ] [ ROUTE ] array (
  'type' => 'module',
  'module' => 
  array (
    0 => 'index',
    1 => 'spot',
    2 => 'getScenic',
  ),
)
[ info ] [ HEADER ] array (
  'referer' => 'http://www.mangtuyou.com/pc.html',
  'resource-type' => '13',
  'x-devtools-emulate-network-conditions-client-id' => '74320b68-0b58-4f10-8ae2-811a97fd5f86',
  'accept' => 'application/json, text/javascript, */*; q=0.01',
  'accept-language' => 'zh-CN,zh;q=0.8,en-US;q=0.5,en;q=0.3',
  'origin' => 'http://www.mangtuyou.com',
  'proxy-connection' => 'keep-alive',
  'user-agent' => 'Mozilla/5.0 (iPhone; CPU iPhone OS 9_1 like Mac OS X) AppleWebKit/601.1.46 (KHTML, like Gecko) Version/9.0 Mobile/13B143 Safari/601.1 (compatible; Baiduspider-render/2.0; +http://www.baidu.com/search/spider.html)',
  'host' => 'admin.mangtuyou.com',
  'content-type' => 'application/x-www-form-urlencoded',
)
[ info ] [ PARAM ] array (
  '/index/spot/getScenic/cid/1/pid/1' => '',
  'cid' => '1',
  'pid' => '1',
)
[ info ] [ CACHE ] INIT File
[ info ] [ DB ] INIT mysql
[ info ] [ RUN ] app\index\controller\Spot->getScenic[ /www/wwwroot/admin.mangtuyou.com/application/index/controller/Spot.php ]
[ info ] [ LOG ] INIT File
[ sql ] [ DB ] CONNECT:[ UseTime:0.000426s ] mysql:dbname=mangtoo;host=localhost;port=3306;charset=utf8
[ sql ] [ SQL ] SHOW COLUMNS FROM `os_nav` [ RunTime:0.000778s ]
[ sql ] [ SQL ] SELECT * FROM `os_nav` WHERE  `status` = 1 ORDER BY `sort`  ASC [ RunTime:0.000202s ]
[ sql ] [ SQL ] SHOW COLUMNS FROM `os_example` [ RunTime:0.000545s ]
[ sql ] [ SQL ] SELECT `img`,`name`,`url` FROM `os_example` WHERE  `id` = 1 LIMIT 1 [ RunTime:0.000150s ]
[ sql ] [ SQL ] SHOW COLUMNS FROM `os_scenic` [ RunTime:0.000577s ]
[ sql ] [ SQL ] SELECT `id`,`coordinate_left`,`coordinate_top`,`name` FROM `os_scenic` WHERE  `cid` = 1  AND `classid` = 1 [ RunTime:0.000151s ]
[ error ] [8]Use of undefined constant img - assumed 'img'[/www/wwwroot/admin.mangtuyou.com/application/index/controller/Spot.php:21]
[ error ] [8]Use of undefined constant name - assumed 'name'[/www/wwwroot/admin.mangtuyou.com/application/index/controller/Spot.php:21]
[ error ] [8]Use of undefined constant url - assumed 'url'[/www/wwwroot/admin.mangtuyou.com/application/index/controller/Spot.php:21]
[ error ] [8]Use of undefined constant id - assumed 'id'[/www/wwwroot/admin.mangtuyou.com/application/index/controller/Spot.php:25]
[ error ] [8]Use of undefined constant coordinate_left - assumed 'coordinate_left'[/www/wwwroot/admin.mangtuyou.com/application/index/controller/Spot.php:25]
[ error ] [8]Use of undefined constant coordinate_top - assumed 'coordinate_top'[/www/wwwroot/admin.mangtuyou.com/application/index/controller/Spot.php:25]
[ error ] [8]Use of undefined constant name - assumed 'name'[/www/wwwroot/admin.mangtuyou.com/application/index/controller/Spot.php:25]

---------------------------------------------------------------
