[ 2020-02-02T04:55:32+08:00 ] 172.31.18.39 47.92.115.203 GET /pc.html
[ log ] www.mangtuyou.com/pc.html [运行时间：0.014038s][吞吐率：71.24req/s] [内存消耗：1,201.98kb] [文件加载：38]
[ info ] [ LANG ] /www/wwwroot/www.mangtuyou.com/thinkphp/lang/zh-cn.php
[ info ] [ ROUTE ] array (
  'type' => 'module',
  'module' => 
  array (
    0 => 'pc',
    1 => NULL,
    2 => NULL,
  ),
)
[ info ] [ HEADER ] array (
  'accept-encoding' => 'gzip',
  'connection' => 'Keep-Alive',
  'host' => 'www.mangtuyou.com',
  'user-agent' => 'Mozilla/5.0 (X11; Ubuntu; Linux x86_64; rv:36.0) Gecko/20100101 Firefox/36.0',
)
[ info ] [ PARAM ] array (
  '/pc_html' => '',
)
[ info ] [ LOG ] INIT File

---------------------------------------------------------------
