[ 2020-02-13T12:31:58+08:00 ] 172.31.18.39 210.22.245.226 GET /index
[ log ] www.mangtuyou.com/index [运行时间：0.025711s][吞吐率：38.89req/s] [内存消耗：2,463.55kb] [文件加载：57]
[ info ] [ LANG ] /www/wwwroot/www.mangtuyou.com/thinkphp/lang/zh-cn.php
[ info ] [ ROUTE ] array (
  'type' => 'module',
  'module' => 
  array (
    0 => 'index',
    1 => NULL,
    2 => NULL,
  ),
)
[ info ] [ HEADER ] array (
  'connection' => 'keep-alive',
  'host' => 'www.mangtuyou.com',
  'accept-language' => 'zh-CN,zh;q=0.8,en-US;q=0.6,en;q=0.4',
  'accept' => '*/*',
  'user-agent' => 'Mozilla/5.0 (Windows NT 6.1; WOW64; rv:50.0) Gecko/20100101 Firefox/50.0',
)
[ info ] [ PARAM ] array (
  '/index' => '',
)
[ info ] [ DB ] INIT mysql
[ info ] [ RUN ] app\index\controller\Index->index[ /www/wwwroot/www.mangtuyou.com/application/index/controller/Index.php ]
[ info ] [ LOG ] INIT File
[ sql ] [ DB ] CONNECT:[ UseTime:0.000396s ] mysql:dbname=mangtoo;host=localhost;port=3306;charset=utf8
[ sql ] [ SQL ] SHOW COLUMNS FROM `os_newscenic` [ RunTime:0.001005s ]
[ sql ] [ SQL ] SELECT * FROM `os_newscenic` [ RunTime:0.000311s ]
[ error ] [0]模板文件不存在:./themes/index/index/index.html[/www/wwwroot/www.mangtuyou.com/thinkphp/library/think/view/driver/Think.php:80]

---------------------------------------------------------------
[ 2020-02-13T13:11:23+08:00 ] 172.31.18.39 113.96.219.247 GET /index/index_copy
[ log ] www.mangtuyou.com/index/index_copy [运行时间：0.023043s][吞吐率：43.40req/s] [内存消耗：2,286.56kb] [文件加载：52]
[ info ] [ LANG ] /www/wwwroot/www.mangtuyou.com/thinkphp/lang/zh-cn.php
[ info ] [ ROUTE ] array (
  'type' => 'module',
  'module' => 
  array (
    0 => 'index',
    1 => 'index_copy',
    2 => NULL,
  ),
)
[ info ] [ HEADER ] array (
  'x-forwarded-for-pound' => '106.36.218.238',
  'x-forwarded-for' => '106.36.218.238',
  'user-agent' => 'Mozilla/5.0 (Linux; Android 9; V1829A Build/PKQ1.181030.001; wv) AppleWebKit/537.36 (KHTML, like Gecko) Version/4.0 Chrome/66.0.3359.126 MQQBrowser/6.2 TBS/045111 Mobile Safari/537.36 MMWEBID/8382 MicroMessenger/7.0.10.1580(0x27000AFD) Process/tools NetType/WIFI Language/zh_CN ABI/arm64',
  'upgrade-insecure-requests' => '1',
  'q-qimei' => 'c55bef84a21f7d60',
  'host' => 'www.mangtuyou.com',
  'cookie' => 'thinkphp_show_page_trace=0|0',
  'connection' => 'close',
  'accept-language' => 'zh-CN,en-US;q=0.9',
  'accept-encoding' => 'gzip',
  'accept' => 'text/html,application/xhtml+xml,application/xml;q=0.9,image/webp,image/apng,image/wxpic,image/sharpp,image/apng,image/tpg,*/*;q=0.8',
)
[ info ] [ PARAM ] array (
  '/index/index_copy' => '',
)
[ info ] [ DB ] INIT mysql
[ info ] [ RUN ] app\index\controller\IndexCopy->index[ /www/wwwroot/www.mangtuyou.com/application/index/controller/IndexCopy.php ]
[ info ] [ VIEW ] ./themes/index/index_copy/index.html [ array (
) ]
[ info ] [ LOG ] INIT File

---------------------------------------------------------------
[ 2020-02-13T13:11:23+08:00 ] 172.31.18.39 106.36.218.238 GET /favicon.ico
[ log ] www.mangtuyou.com/favicon.ico [运行时间：0.013836s][吞吐率：72.27req/s] [内存消耗：1,202.59kb] [文件加载：38]
[ info ] [ LANG ] /www/wwwroot/www.mangtuyou.com/thinkphp/lang/zh-cn.php
[ info ] [ ROUTE ] array (
  'type' => 'module',
  'module' => 
  array (
    0 => 'favicon.ico',
    1 => NULL,
    2 => NULL,
  ),
)
[ info ] [ HEADER ] array (
  'accept-language' => 'zh-CN,en-US;q=0.9',
  'accept-encoding' => 'gzip, deflate',
  'referer' => 'http://www.mangtuyou.com/index/index_copy',
  'accept' => 'image/webp,image/wxpic,image/sharpp,image/apng,image/tpg,image/*,*/*;q=0.8',
  'user-agent' => 'Mozilla/5.0 (Linux; Android 9; V1829A Build/PKQ1.181030.001; wv) AppleWebKit/537.36 (KHTML, like Gecko) Version/4.0 Chrome/66.0.3359.126 MQQBrowser/6.2 TBS/045111 Mobile Safari/537.36 MMWEBID/8382 MicroMessenger/7.0.10.1580(0x27000AFD) Process/tools NetType/WIFI Language/zh_CN ABI/arm64',
  'connection' => 'keep-alive',
  'host' => 'www.mangtuyou.com',
)
[ info ] [ PARAM ] array (
  '/favicon_ico' => '',
)
[ info ] [ LOG ] INIT File

---------------------------------------------------------------
[ 2020-02-13T13:54:07+08:00 ] 172.31.18.39 47.101.159.67 GET /
[ log ] www.mangtuyou.com/ [运行时间：0.028385s][吞吐率：35.23req/s] [内存消耗：2,460.27kb] [文件加载：57]
[ info ] [ LANG ] /www/wwwroot/www.mangtuyou.com/thinkphp/lang/zh-cn.php
[ info ] [ ROUTE ] array (
  'type' => 'module',
  'module' => 
  array (
    0 => '',
    1 => NULL,
    2 => NULL,
  ),
)
[ info ] [ HEADER ] array (
  'accept-encoding' => 'gzip',
  'connection' => 'Keep-Alive',
  'host' => 'www.mangtuyou.com',
  'user-agent' => 'Mozilla/5.0 (X11; Ubuntu; Linux x86_64; rv:36.0) Gecko/20100101 Firefox/36.0',
)
[ info ] [ PARAM ] array (
)
[ info ] [ DB ] INIT mysql
[ info ] [ RUN ] app\index\controller\Index->index[ /www/wwwroot/www.mangtuyou.com/application/index/controller/Index.php ]
[ info ] [ LOG ] INIT File
[ sql ] [ DB ] CONNECT:[ UseTime:0.000320s ] mysql:dbname=mangtoo;host=localhost;port=3306;charset=utf8
[ sql ] [ SQL ] SHOW COLUMNS FROM `os_newscenic` [ RunTime:0.000840s ]
[ sql ] [ SQL ] SELECT * FROM `os_newscenic` [ RunTime:0.000239s ]
[ error ] [0]模板文件不存在:./themes/index/index/index.html[/www/wwwroot/www.mangtuyou.com/thinkphp/library/think/view/driver/Think.php:80]

---------------------------------------------------------------
[ 2020-02-13T14:33:02+08:00 ] 172.31.18.39 64.246.161.42 GET /
[ log ] www.mangtuyou.com/ [运行时间：0.027203s][吞吐率：36.76req/s] [内存消耗：2,461.05kb] [文件加载：57]
[ info ] [ LANG ] /www/wwwroot/www.mangtuyou.com/thinkphp/lang/zh-cn.php
[ info ] [ ROUTE ] array (
  'type' => 'module',
  'module' => 
  array (
    0 => '',
    1 => NULL,
    2 => NULL,
  ),
)
[ info ] [ HEADER ] array (
  'wsip' => '47.104.239.241',
  'wshost' => 'www.mangtuyou.com',
  'user-agent' => 'Mozilla/5.0 (Macintosh; Intel Mac OS X 10.10; rv:59.0) Gecko/20100101 Firefox/59.0',
  'host' => 'www.mangtuyou.com',
  'from' => 'feedback@surveybot.com',
  'accept-language' => 'en-us,fr-be;q=0.5',
  'accept-encoding' => 'gzip, x-gzip, deflate',
  'accept' => '*/*',
  'pragma' => 'no-cache',
  'connection' => 'close, TE',
  'te' => 'deflate,gzip;q=0.3',
)
[ info ] [ PARAM ] array (
)
[ info ] [ DB ] INIT mysql
[ info ] [ RUN ] app\index\controller\Index->index[ /www/wwwroot/www.mangtuyou.com/application/index/controller/Index.php ]
[ info ] [ LOG ] INIT File
[ sql ] [ DB ] CONNECT:[ UseTime:0.000368s ] mysql:dbname=mangtoo;host=localhost;port=3306;charset=utf8
[ sql ] [ SQL ] SHOW COLUMNS FROM `os_newscenic` [ RunTime:0.000915s ]
[ sql ] [ SQL ] SELECT * FROM `os_newscenic` [ RunTime:0.000218s ]
[ error ] [0]模板文件不存在:./themes/index/index/index.html[/www/wwwroot/www.mangtuyou.com/thinkphp/library/think/view/driver/Think.php:80]

---------------------------------------------------------------
[ 2020-02-13T21:44:48+08:00 ] 172.31.18.39 220.181.108.141 GET /
[ log ] www.mangtuyou.com/ [运行时间：0.025792s][吞吐率：38.77req/s] [内存消耗：2,460.80kb] [文件加载：57]
[ info ] [ LANG ] /www/wwwroot/www.mangtuyou.com/thinkphp/lang/zh-cn.php
[ info ] [ ROUTE ] array (
  'type' => 'module',
  'module' => 
  array (
    0 => '',
    1 => NULL,
    2 => NULL,
  ),
)
[ info ] [ HEADER ] array (
  'accept' => '*/*',
  'accept-encoding' => 'gzip',
  'if-none-match' => '"21b9-593c19c9f880b-gzip"',
  'if-modified-since' => 'Mon, 30 Sep 2019 09:10:49 GMT',
  'accept-language' => 'zh-cn,zh-tw',
  'user-agent' => 'Mozilla/5.0 (Linux;u;Android 4.2.2;zh-cn;) AppleWebKit/534.46 (KHTML,like Gecko) Version/5.1 Mobile Safari/10600.6.3 (compatible; Baiduspider/2.0; +http://www.baidu.com/search/spider.html)',
  'connection' => 'close',
  'host' => 'www.mangtuyou.com',
)
[ info ] [ PARAM ] array (
)
[ info ] [ DB ] INIT mysql
[ info ] [ RUN ] app\index\controller\Index->index[ /www/wwwroot/www.mangtuyou.com/application/index/controller/Index.php ]
[ info ] [ LOG ] INIT File
[ sql ] [ DB ] CONNECT:[ UseTime:0.000518s ] mysql:dbname=mangtoo;host=localhost;port=3306;charset=utf8
[ sql ] [ SQL ] SHOW COLUMNS FROM `os_newscenic` [ RunTime:0.000975s ]
[ sql ] [ SQL ] SELECT * FROM `os_newscenic` [ RunTime:0.000240s ]
[ error ] [0]模板文件不存在:./themes/index/index/index.html[/www/wwwroot/www.mangtuyou.com/thinkphp/library/think/view/driver/Think.php:80]

---------------------------------------------------------------
