[ 2020-02-16T11:36:28+08:00 ] 172.31.18.39 106.11.159.111 GET /
[ log ] www.mangtuyou.com/ [运行时间：0.028637s][吞吐率：34.92req/s] [内存消耗：2,460.53kb] [文件加载：57]
[ info ] [ LANG ] /www/wwwroot/www.mangtuyou.com/thinkphp/lang/zh-cn.php
[ info ] [ ROUTE ] array (
  'type' => 'module',
  'module' => 
  array (
    0 => '',
    1 => NULL,
    2 => NULL,
  ),
)
[ info ] [ HEADER ] array (
  'connection' => 'close',
  'user-agent' => 'Mozilla/5.0 (Windows NT 6.1; Win64; x64) AppleWebKit/537.36 (KHTML, like Gecko) Chrome/69.0.3497.81 YisouSpider/5.0 Safari/537.36',
  'upgrade-insecure-requests' => '1',
  'host' => 'www.mangtuyou.com',
  'accept-encoding' => 'gzip, deflate',
  'accept' => 'text/html,application/xhtml+xml,application/xml;q=0.9,image/webp,image/apng,*/*;q=0.8',
)
[ info ] [ PARAM ] array (
)
[ info ] [ DB ] INIT mysql
[ info ] [ RUN ] app\index\controller\Index->index[ /www/wwwroot/www.mangtuyou.com/application/index/controller/Index.php ]
[ info ] [ LOG ] INIT File
[ sql ] [ DB ] CONNECT:[ UseTime:0.000501s ] mysql:dbname=mangtoo;host=localhost;port=3306;charset=utf8
[ sql ] [ SQL ] SHOW COLUMNS FROM `os_newscenic` [ RunTime:0.002080s ]
[ sql ] [ SQL ] SELECT * FROM `os_newscenic` [ RunTime:0.000358s ]
[ error ] [0]模板文件不存在:./themes/index/index/index.html[/www/wwwroot/www.mangtuyou.com/thinkphp/library/think/view/driver/Think.php:80]

---------------------------------------------------------------
[ 2020-02-16T12:51:35+08:00 ] 172.31.18.39 39.65.86.213 GET /favicon.ico
[ log ] www.mangtuyou.com/favicon.ico [运行时间：0.012499s][吞吐率：80.01req/s] [内存消耗：1,202.15kb] [文件加载：38]
[ info ] [ LANG ] /www/wwwroot/www.mangtuyou.com/thinkphp/lang/zh-cn.php
[ info ] [ ROUTE ] array (
  'type' => 'module',
  'module' => 
  array (
    0 => 'favicon.ico',
    1 => NULL,
    2 => NULL,
  ),
)
[ info ] [ HEADER ] array (
  'accept-language' => 'zh-CN,zh;q=0.9',
  'accept-encoding' => 'gzip, deflate',
  'user-agent' => 'Mozilla/5.0 (Windows NT 6.1; WOW64) AppleWebKit/537.36 (KHTML, like Gecko) Chrome/63.0.3239.132 Safari/537.36',
  'connection' => 'keep-alive',
  'host' => 'www.mangtuyou.com',
)
[ info ] [ PARAM ] array (
  '/favicon_ico' => '',
)
[ info ] [ LOG ] INIT File

---------------------------------------------------------------
[ 2020-02-16T17:49:23+08:00 ] 172.31.18.39 123.125.71.29 GET /
[ log ] www.mangtuyou.com/ [运行时间：0.028248s][吞吐率：35.40req/s] [内存消耗：2,460.80kb] [文件加载：57]
[ info ] [ LANG ] /www/wwwroot/www.mangtuyou.com/thinkphp/lang/zh-cn.php
[ info ] [ ROUTE ] array (
  'type' => 'module',
  'module' => 
  array (
    0 => '',
    1 => NULL,
    2 => NULL,
  ),
)
[ info ] [ HEADER ] array (
  'accept' => '*/*',
  'accept-encoding' => 'gzip',
  'if-none-match' => '"21b9-593c19c9f880b-gzip"',
  'if-modified-since' => 'Mon, 30 Sep 2019 09:10:49 GMT',
  'accept-language' => 'zh-cn,zh-tw',
  'user-agent' => 'Mozilla/5.0 (Linux;u;Android 4.2.2;zh-cn;) AppleWebKit/534.46 (KHTML,like Gecko) Version/5.1 Mobile Safari/10600.6.3 (compatible; Baiduspider/2.0; +http://www.baidu.com/search/spider.html)',
  'connection' => 'close',
  'host' => 'www.mangtuyou.com',
)
[ info ] [ PARAM ] array (
)
[ info ] [ DB ] INIT mysql
[ info ] [ RUN ] app\index\controller\Index->index[ /www/wwwroot/www.mangtuyou.com/application/index/controller/Index.php ]
[ info ] [ LOG ] INIT File
[ sql ] [ DB ] CONNECT:[ UseTime:0.000477s ] mysql:dbname=mangtoo;host=localhost;port=3306;charset=utf8
[ sql ] [ SQL ] SHOW COLUMNS FROM `os_newscenic` [ RunTime:0.001074s ]
[ sql ] [ SQL ] SELECT * FROM `os_newscenic` [ RunTime:0.000417s ]
[ error ] [0]模板文件不存在:./themes/index/index/index.html[/www/wwwroot/www.mangtuyou.com/thinkphp/library/think/view/driver/Think.php:80]

---------------------------------------------------------------
[ 2020-02-16T18:49:54+08:00 ] 172.31.18.39 101.132.159.74 GET /
[ log ] www.mangtuyou.com/ [运行时间：0.026471s][吞吐率：37.78req/s] [内存消耗：2,460.27kb] [文件加载：57]
[ info ] [ LANG ] /www/wwwroot/www.mangtuyou.com/thinkphp/lang/zh-cn.php
[ info ] [ ROUTE ] array (
  'type' => 'module',
  'module' => 
  array (
    0 => '',
    1 => NULL,
    2 => NULL,
  ),
)
[ info ] [ HEADER ] array (
  'accept-encoding' => 'gzip',
  'connection' => 'Keep-Alive',
  'host' => 'www.mangtuyou.com',
  'user-agent' => 'Mozilla/5.0 (X11; Ubuntu; Linux x86_64; rv:36.0) Gecko/20100101 Firefox/36.0',
)
[ info ] [ PARAM ] array (
)
[ info ] [ DB ] INIT mysql
[ info ] [ RUN ] app\index\controller\Index->index[ /www/wwwroot/www.mangtuyou.com/application/index/controller/Index.php ]
[ info ] [ LOG ] INIT File
[ sql ] [ DB ] CONNECT:[ UseTime:0.000407s ] mysql:dbname=mangtoo;host=localhost;port=3306;charset=utf8
[ sql ] [ SQL ] SHOW COLUMNS FROM `os_newscenic` [ RunTime:0.000880s ]
[ sql ] [ SQL ] SELECT * FROM `os_newscenic` [ RunTime:0.000522s ]
[ error ] [0]模板文件不存在:./themes/index/index/index.html[/www/wwwroot/www.mangtuyou.com/thinkphp/library/think/view/driver/Think.php:80]

---------------------------------------------------------------
