[ 2020-02-23T01:41:38+08:00 ] 172.31.18.39 119.177.89.237 GET /
[ log ] www.mangtuyou.com/ [运行时间：0.022553s][吞吐率：44.34req/s] [内存消耗：2,177.49kb] [文件加载：48]
[ info ] [ LANG ] /www/wwwroot/www.mangtuyou.com/thinkphp/lang/zh-cn.php
[ info ] [ ROUTE ] array (
  'type' => 'module',
  'module' => 
  array (
    0 => '',
    1 => NULL,
    2 => NULL,
  ),
)
[ info ] [ HEADER ] array (
  'cookie' => 'serverType=apache; order=id%20desc; memSize=3789; rank=a; uploadSize=1073741824; BatchPaste=2; BatchSelected=null; backup_path=/www/backup; PHPSESSID=6b83mmcgb5bam366353erobij7; BT_PANEL=c164523ba9b90a48ba8df4cbb2ec6a5b8a8121f1; memRealUsed=849; mem-before=849/3789%20%28MB%29; Path=/www/wwwroot/www.mangtuyou.com/application/index/controller',
  'accept-language' => 'zh-CN,zh;q=0.9',
  'accept-encoding' => 'gzip, deflate',
  'accept' => 'text/html,application/xhtml+xml,application/xml;q=0.9,image/webp,image/apng,*/*;q=0.8,application/signed-exchange;v=b3',
  'user-agent' => 'Mozilla/5.0 (Windows NT 6.1; WOW64) AppleWebKit/537.36 (KHTML, like Gecko) Chrome/78.0.3904.108 Safari/537.36',
  'upgrade-insecure-requests' => '1',
  'connection' => 'keep-alive',
  'host' => 'www.mangtuyou.com',
)
[ info ] [ PARAM ] array (
)
[ info ] [ DB ] INIT mysql
[ info ] [ RUN ] app\index\controller\Index->index[ /www/wwwroot/www.mangtuyou.com/application/index/controller/Index.php ]
[ info ] [ VIEW ] ./themes/index/index/index.html [ array (
) ]
[ info ] [ LOG ] INIT File

---------------------------------------------------------------
[ 2020-02-23T01:41:39+08:00 ] 172.31.18.39 119.177.89.237 GET /index/index/getlist?class=1&uid=19
[ log ] www.mangtuyou.com/index/index/getlist?class=1&uid=19 [运行时间：0.024756s][吞吐率：40.39req/s] [内存消耗：2,373.00kb] [文件加载：53]
[ info ] [ LANG ] /www/wwwroot/www.mangtuyou.com/thinkphp/lang/zh-cn.php
[ info ] [ ROUTE ] array (
  'type' => 'module',
  'module' => 
  array (
    0 => 'index',
    1 => 'index',
    2 => 'getlist',
  ),
)
[ info ] [ HEADER ] array (
  'cookie' => 'serverType=apache; order=id%20desc; memSize=3789; rank=a; uploadSize=1073741824; BatchPaste=2; BatchSelected=null; backup_path=/www/backup; PHPSESSID=6b83mmcgb5bam366353erobij7; BT_PANEL=c164523ba9b90a48ba8df4cbb2ec6a5b8a8121f1; memRealUsed=849; mem-before=849/3789%20%28MB%29; Path=/www/wwwroot/www.mangtuyou.com/application/index/controller',
  'accept-language' => 'zh-CN,zh;q=0.9',
  'accept-encoding' => 'gzip, deflate',
  'referer' => 'http://www.mangtuyou.com/',
  'user-agent' => 'Mozilla/5.0 (Windows NT 6.1; WOW64) AppleWebKit/537.36 (KHTML, like Gecko) Chrome/78.0.3904.108 Safari/537.36',
  'x-requested-with' => 'XMLHttpRequest',
  'accept' => 'application/json, text/javascript, */*; q=0.01',
  'connection' => 'keep-alive',
  'host' => 'www.mangtuyou.com',
)
[ info ] [ PARAM ] array (
  '/index/index/getlist' => '',
  'class' => '1',
  'uid' => '19',
)
[ info ] [ DB ] INIT mysql
[ info ] [ RUN ] app\index\controller\Index->getList[ /www/wwwroot/www.mangtuyou.com/application/index/controller/Index.php ]
[ info ] [ LOG ] INIT File
[ sql ] [ DB ] CONNECT:[ UseTime:0.000420s ] mysql:dbname=mangtoo;host=localhost;port=3306;charset=utf8
[ sql ] [ SQL ] SHOW COLUMNS FROM `os_newscenic` [ RunTime:0.001082s ]
[ sql ] [ SQL ] SELECT * FROM `os_newscenic` WHERE  `classid` = 1 [ RunTime:0.000286s ]
[ sql ] [ SQL ] SHOW COLUMNS FROM `os_collection_user` [ RunTime:0.000793s ]
[ sql ] [ SQL ] SELECT * FROM `os_collection_user` WHERE  `uid` = 19  AND `sid` = 29 LIMIT 1 [ RunTime:0.000237s ]
[ sql ] [ SQL ] SELECT * FROM `os_collection_user` WHERE  `uid` = 19  AND `sid` = 30 LIMIT 1 [ RunTime:0.000192s ]

---------------------------------------------------------------
[ 2020-02-23T01:41:46+08:00 ] 172.31.18.39 119.177.89.237 GET /
[ log ] www.mangtuyou.com/ [运行时间：0.021186s][吞吐率：47.20req/s] [内存消耗：2,177.98kb] [文件加载：48]
[ info ] [ LANG ] /www/wwwroot/www.mangtuyou.com/thinkphp/lang/zh-cn.php
[ info ] [ ROUTE ] array (
  'type' => 'module',
  'module' => 
  array (
    0 => '',
    1 => NULL,
    2 => NULL,
  ),
)
[ info ] [ HEADER ] array (
  'cookie' => 'serverType=apache; order=id%20desc; memSize=3789; rank=a; uploadSize=1073741824; BatchPaste=2; BatchSelected=null; backup_path=/www/backup; PHPSESSID=6b83mmcgb5bam366353erobij7; BT_PANEL=c164523ba9b90a48ba8df4cbb2ec6a5b8a8121f1; memRealUsed=849; mem-before=849/3789%20%28MB%29; Path=/www/wwwroot/www.mangtuyou.com/application/index/controller',
  'accept-language' => 'zh-CN,zh;q=0.9',
  'accept-encoding' => 'gzip, deflate',
  'accept' => 'text/html,application/xhtml+xml,application/xml;q=0.9,image/webp,image/apng,*/*;q=0.8,application/signed-exchange;v=b3',
  'user-agent' => 'Mozilla/5.0 (iPhone; CPU iPhone OS 11_0 like Mac OS X) AppleWebKit/604.1.38 (KHTML, like Gecko) Version/11.0 Mobile/15A372 Safari/604.1',
  'upgrade-insecure-requests' => '1',
  'cache-control' => 'max-age=0',
  'connection' => 'keep-alive',
  'host' => 'www.mangtuyou.com',
)
[ info ] [ PARAM ] array (
)
[ info ] [ DB ] INIT mysql
[ info ] [ RUN ] app\index\controller\Index->index[ /www/wwwroot/www.mangtuyou.com/application/index/controller/Index.php ]
[ info ] [ VIEW ] ./themes/index/index/index.html [ array (
) ]
[ info ] [ LOG ] INIT File

---------------------------------------------------------------
[ 2020-02-23T01:41:46+08:00 ] 172.31.18.39 119.177.89.237 GET /index/index/getlist?class=1&uid=19
[ log ] www.mangtuyou.com/index/index/getlist?class=1&uid=19 [运行时间：0.025628s][吞吐率：39.02req/s] [内存消耗：2,373.00kb] [文件加载：53]
[ info ] [ LANG ] /www/wwwroot/www.mangtuyou.com/thinkphp/lang/zh-cn.php
[ info ] [ ROUTE ] array (
  'type' => 'module',
  'module' => 
  array (
    0 => 'index',
    1 => 'index',
    2 => 'getlist',
  ),
)
[ info ] [ HEADER ] array (
  'cookie' => 'serverType=apache; order=id%20desc; memSize=3789; rank=a; uploadSize=1073741824; BatchPaste=2; BatchSelected=null; backup_path=/www/backup; PHPSESSID=6b83mmcgb5bam366353erobij7; BT_PANEL=c164523ba9b90a48ba8df4cbb2ec6a5b8a8121f1; memRealUsed=849; mem-before=849/3789%20%28MB%29; Path=/www/wwwroot/www.mangtuyou.com/application/index/controller',
  'accept-language' => 'zh-CN,zh;q=0.9',
  'accept-encoding' => 'gzip, deflate',
  'referer' => 'http://www.mangtuyou.com/',
  'user-agent' => 'Mozilla/5.0 (iPhone; CPU iPhone OS 11_0 like Mac OS X) AppleWebKit/604.1.38 (KHTML, like Gecko) Version/11.0 Mobile/15A372 Safari/604.1',
  'x-requested-with' => 'XMLHttpRequest',
  'accept' => 'application/json, text/javascript, */*; q=0.01',
  'connection' => 'keep-alive',
  'host' => 'www.mangtuyou.com',
)
[ info ] [ PARAM ] array (
  '/index/index/getlist' => '',
  'class' => '1',
  'uid' => '19',
)
[ info ] [ DB ] INIT mysql
[ info ] [ RUN ] app\index\controller\Index->getList[ /www/wwwroot/www.mangtuyou.com/application/index/controller/Index.php ]
[ info ] [ LOG ] INIT File
[ sql ] [ DB ] CONNECT:[ UseTime:0.000391s ] mysql:dbname=mangtoo;host=localhost;port=3306;charset=utf8
[ sql ] [ SQL ] SHOW COLUMNS FROM `os_newscenic` [ RunTime:0.002287s ]
[ sql ] [ SQL ] SELECT * FROM `os_newscenic` WHERE  `classid` = 1 [ RunTime:0.000267s ]
[ sql ] [ SQL ] SHOW COLUMNS FROM `os_collection_user` [ RunTime:0.000670s ]
[ sql ] [ SQL ] SELECT * FROM `os_collection_user` WHERE  `uid` = 19  AND `sid` = 29 LIMIT 1 [ RunTime:0.000154s ]
[ sql ] [ SQL ] SELECT * FROM `os_collection_user` WHERE  `uid` = 19  AND `sid` = 30 LIMIT 1 [ RunTime:0.000144s ]

---------------------------------------------------------------
[ 2020-02-23T01:42:18+08:00 ] 172.31.18.39 119.177.89.237 GET /index/index/getlist?class=1&uid=19
[ log ] www.mangtuyou.com/index/index/getlist?class=1&uid=19 [运行时间：0.022737s][吞吐率：43.98req/s] [内存消耗：2,373.00kb] [文件加载：53]
[ info ] [ LANG ] /www/wwwroot/www.mangtuyou.com/thinkphp/lang/zh-cn.php
[ info ] [ ROUTE ] array (
  'type' => 'module',
  'module' => 
  array (
    0 => 'index',
    1 => 'index',
    2 => 'getlist',
  ),
)
[ info ] [ HEADER ] array (
  'cookie' => 'serverType=apache; order=id%20desc; memSize=3789; rank=a; uploadSize=1073741824; BatchPaste=2; BatchSelected=null; backup_path=/www/backup; PHPSESSID=6b83mmcgb5bam366353erobij7; BT_PANEL=c164523ba9b90a48ba8df4cbb2ec6a5b8a8121f1; memRealUsed=849; mem-before=849/3789%20%28MB%29; Path=/www/wwwroot/www.mangtuyou.com/application/index/controller',
  'accept-language' => 'zh-CN,zh;q=0.9',
  'accept-encoding' => 'gzip, deflate',
  'referer' => 'http://www.mangtuyou.com/',
  'user-agent' => 'Mozilla/5.0 (iPhone; CPU iPhone OS 11_0 like Mac OS X) AppleWebKit/604.1.38 (KHTML, like Gecko) Version/11.0 Mobile/15A372 Safari/604.1',
  'x-requested-with' => 'XMLHttpRequest',
  'accept' => 'application/json, text/javascript, */*; q=0.01',
  'connection' => 'keep-alive',
  'host' => 'www.mangtuyou.com',
)
[ info ] [ PARAM ] array (
  '/index/index/getlist' => '',
  'class' => '1',
  'uid' => '19',
)
[ info ] [ DB ] INIT mysql
[ info ] [ RUN ] app\index\controller\Index->getList[ /www/wwwroot/www.mangtuyou.com/application/index/controller/Index.php ]
[ info ] [ LOG ] INIT File
[ sql ] [ DB ] CONNECT:[ UseTime:0.000285s ] mysql:dbname=mangtoo;host=localhost;port=3306;charset=utf8
[ sql ] [ SQL ] SHOW COLUMNS FROM `os_newscenic` [ RunTime:0.000841s ]
[ sql ] [ SQL ] SELECT * FROM `os_newscenic` WHERE  `classid` = 1 [ RunTime:0.000241s ]
[ sql ] [ SQL ] SHOW COLUMNS FROM `os_collection_user` [ RunTime:0.000601s ]
[ sql ] [ SQL ] SELECT * FROM `os_collection_user` WHERE  `uid` = 19  AND `sid` = 29 LIMIT 1 [ RunTime:0.000238s ]
[ sql ] [ SQL ] SELECT * FROM `os_collection_user` WHERE  `uid` = 19  AND `sid` = 30 LIMIT 1 [ RunTime:0.000126s ]

---------------------------------------------------------------
[ 2020-02-23T01:42:21+08:00 ] 172.31.18.39 119.177.89.237 GET /index/index/getlist?class=1&uid=19
[ log ] www.mangtuyou.com/index/index/getlist?class=1&uid=19 [运行时间：0.025225s][吞吐率：39.64req/s] [内存消耗：2,373.00kb] [文件加载：53]
[ info ] [ LANG ] /www/wwwroot/www.mangtuyou.com/thinkphp/lang/zh-cn.php
[ info ] [ ROUTE ] array (
  'type' => 'module',
  'module' => 
  array (
    0 => 'index',
    1 => 'index',
    2 => 'getlist',
  ),
)
[ info ] [ HEADER ] array (
  'cookie' => 'serverType=apache; order=id%20desc; memSize=3789; rank=a; uploadSize=1073741824; BatchPaste=2; BatchSelected=null; backup_path=/www/backup; PHPSESSID=6b83mmcgb5bam366353erobij7; BT_PANEL=c164523ba9b90a48ba8df4cbb2ec6a5b8a8121f1; memRealUsed=849; mem-before=849/3789%20%28MB%29; Path=/www/wwwroot/www.mangtuyou.com/application/index/controller',
  'accept-language' => 'zh-CN,zh;q=0.9',
  'accept-encoding' => 'gzip, deflate',
  'referer' => 'http://www.mangtuyou.com/',
  'user-agent' => 'Mozilla/5.0 (iPhone; CPU iPhone OS 11_0 like Mac OS X) AppleWebKit/604.1.38 (KHTML, like Gecko) Version/11.0 Mobile/15A372 Safari/604.1',
  'x-requested-with' => 'XMLHttpRequest',
  'accept' => 'application/json, text/javascript, */*; q=0.01',
  'connection' => 'keep-alive',
  'host' => 'www.mangtuyou.com',
)
[ info ] [ PARAM ] array (
  '/index/index/getlist' => '',
  'class' => '1',
  'uid' => '19',
)
[ info ] [ DB ] INIT mysql
[ info ] [ RUN ] app\index\controller\Index->getList[ /www/wwwroot/www.mangtuyou.com/application/index/controller/Index.php ]
[ info ] [ LOG ] INIT File
[ sql ] [ DB ] CONNECT:[ UseTime:0.000367s ] mysql:dbname=mangtoo;host=localhost;port=3306;charset=utf8
[ sql ] [ SQL ] SHOW COLUMNS FROM `os_newscenic` [ RunTime:0.000988s ]
[ sql ] [ SQL ] SELECT * FROM `os_newscenic` WHERE  `classid` = 1 [ RunTime:0.000268s ]
[ sql ] [ SQL ] SHOW COLUMNS FROM `os_collection_user` [ RunTime:0.000894s ]
[ sql ] [ SQL ] SELECT * FROM `os_collection_user` WHERE  `uid` = 19  AND `sid` = 29 LIMIT 1 [ RunTime:0.000211s ]
[ sql ] [ SQL ] SELECT * FROM `os_collection_user` WHERE  `uid` = 19  AND `sid` = 30 LIMIT 1 [ RunTime:0.000274s ]

---------------------------------------------------------------
[ 2020-02-23T01:42:22+08:00 ] 172.31.18.39 119.177.89.237 GET /index/index/getlist?class=2&uid=19
[ log ] www.mangtuyou.com/index/index/getlist?class=2&uid=19 [运行时间：0.023206s][吞吐率：43.09req/s] [内存消耗：2,373.03kb] [文件加载：53]
[ info ] [ LANG ] /www/wwwroot/www.mangtuyou.com/thinkphp/lang/zh-cn.php
[ info ] [ ROUTE ] array (
  'type' => 'module',
  'module' => 
  array (
    0 => 'index',
    1 => 'index',
    2 => 'getlist',
  ),
)
[ info ] [ HEADER ] array (
  'cookie' => 'serverType=apache; order=id%20desc; memSize=3789; rank=a; uploadSize=1073741824; BatchPaste=2; BatchSelected=null; backup_path=/www/backup; PHPSESSID=6b83mmcgb5bam366353erobij7; BT_PANEL=c164523ba9b90a48ba8df4cbb2ec6a5b8a8121f1; memRealUsed=849; mem-before=849/3789%20%28MB%29; Path=/www/wwwroot/www.mangtuyou.com/application/index/controller',
  'accept-language' => 'zh-CN,zh;q=0.9',
  'accept-encoding' => 'gzip, deflate',
  'referer' => 'http://www.mangtuyou.com/',
  'user-agent' => 'Mozilla/5.0 (iPhone; CPU iPhone OS 11_0 like Mac OS X) AppleWebKit/604.1.38 (KHTML, like Gecko) Version/11.0 Mobile/15A372 Safari/604.1',
  'x-requested-with' => 'XMLHttpRequest',
  'accept' => 'application/json, text/javascript, */*; q=0.01',
  'connection' => 'keep-alive',
  'host' => 'www.mangtuyou.com',
)
[ info ] [ PARAM ] array (
  '/index/index/getlist' => '',
  'class' => '2',
  'uid' => '19',
)
[ info ] [ DB ] INIT mysql
[ info ] [ RUN ] app\index\controller\Index->getList[ /www/wwwroot/www.mangtuyou.com/application/index/controller/Index.php ]
[ info ] [ LOG ] INIT File
[ sql ] [ DB ] CONNECT:[ UseTime:0.000316s ] mysql:dbname=mangtoo;host=localhost;port=3306;charset=utf8
[ sql ] [ SQL ] SHOW COLUMNS FROM `os_newscenic` [ RunTime:0.000812s ]
[ sql ] [ SQL ] SELECT * FROM `os_newscenic` WHERE  `classid` = 2 [ RunTime:0.000479s ]
[ sql ] [ SQL ] SHOW COLUMNS FROM `os_collection_user` [ RunTime:0.000774s ]
[ sql ] [ SQL ] SELECT * FROM `os_collection_user` WHERE  `uid` = 19  AND `sid` = 31 LIMIT 1 [ RunTime:0.000164s ]
[ sql ] [ SQL ] SELECT * FROM `os_collection_user` WHERE  `uid` = 19  AND `sid` = 32 LIMIT 1 [ RunTime:0.000267s ]

---------------------------------------------------------------
[ 2020-02-23T01:42:23+08:00 ] 172.31.18.39 119.177.89.237 GET /index/index/getlist?class=3&uid=19
[ log ] www.mangtuyou.com/index/index/getlist?class=3&uid=19 [运行时间：0.022472s][吞吐率：44.50req/s] [内存消耗：2,364.25kb] [文件加载：52]
[ info ] [ LANG ] /www/wwwroot/www.mangtuyou.com/thinkphp/lang/zh-cn.php
[ info ] [ ROUTE ] array (
  'type' => 'module',
  'module' => 
  array (
    0 => 'index',
    1 => 'index',
    2 => 'getlist',
  ),
)
[ info ] [ HEADER ] array (
  'cookie' => 'serverType=apache; order=id%20desc; memSize=3789; rank=a; uploadSize=1073741824; BatchPaste=2; BatchSelected=null; backup_path=/www/backup; PHPSESSID=6b83mmcgb5bam366353erobij7; BT_PANEL=c164523ba9b90a48ba8df4cbb2ec6a5b8a8121f1; memRealUsed=849; mem-before=849/3789%20%28MB%29; Path=/www/wwwroot/www.mangtuyou.com/application/index/controller',
  'accept-language' => 'zh-CN,zh;q=0.9',
  'accept-encoding' => 'gzip, deflate',
  'referer' => 'http://www.mangtuyou.com/',
  'user-agent' => 'Mozilla/5.0 (iPhone; CPU iPhone OS 11_0 like Mac OS X) AppleWebKit/604.1.38 (KHTML, like Gecko) Version/11.0 Mobile/15A372 Safari/604.1',
  'x-requested-with' => 'XMLHttpRequest',
  'accept' => 'application/json, text/javascript, */*; q=0.01',
  'connection' => 'keep-alive',
  'host' => 'www.mangtuyou.com',
)
[ info ] [ PARAM ] array (
  '/index/index/getlist' => '',
  'class' => '3',
  'uid' => '19',
)
[ info ] [ DB ] INIT mysql
[ info ] [ RUN ] app\index\controller\Index->getList[ /www/wwwroot/www.mangtuyou.com/application/index/controller/Index.php ]
[ info ] [ LOG ] INIT File
[ sql ] [ DB ] CONNECT:[ UseTime:0.000412s ] mysql:dbname=mangtoo;host=localhost;port=3306;charset=utf8
[ sql ] [ SQL ] SHOW COLUMNS FROM `os_newscenic` [ RunTime:0.000972s ]
[ sql ] [ SQL ] SELECT * FROM `os_newscenic` WHERE  `classid` = 3 [ RunTime:0.000307s ]

---------------------------------------------------------------
[ 2020-02-23T02:02:17+08:00 ] 172.31.18.39 101.133.223.224 GET /
[ log ] www.mangtuyou.com/ [运行时间：0.020258s][吞吐率：49.36req/s] [内存消耗：2,176.98kb] [文件加载：48]
[ info ] [ LANG ] /www/wwwroot/www.mangtuyou.com/thinkphp/lang/zh-cn.php
[ info ] [ ROUTE ] array (
  'type' => 'module',
  'module' => 
  array (
    0 => '',
    1 => NULL,
    2 => NULL,
  ),
)
[ info ] [ HEADER ] array (
  'accept-language' => 'zh-CN,zh;q=0.8',
  'connection' => 'keep-alive',
  'accept' => 'text/html,application/xhtml+xml,application/xml;q=0.9,image/webp,image/apng,*/*;q=0.8',
  'accept-encoding' => 'gzip, deflate',
  'user-agent' => 'Mozilla/5.0 (Windows NT 10.0; Win64; x64) AppleWebKit/537.36 (KHTML, like Gecko) Chrome/59.0.3071.115 Safari/537.36',
  'host' => 'www.mangtuyou.com',
)
[ info ] [ PARAM ] array (
)
[ info ] [ DB ] INIT mysql
[ info ] [ RUN ] app\index\controller\Index->index[ /www/wwwroot/www.mangtuyou.com/application/index/controller/Index.php ]
[ info ] [ VIEW ] ./themes/index/index/index.html [ array (
) ]
[ info ] [ LOG ] INIT File

---------------------------------------------------------------
[ 2020-02-23T02:02:18+08:00 ] 172.31.18.39 101.133.223.224 GET /explicit_not_exist_path
[ log ] www.mangtuyou.com/explicit_not_exist_path [运行时间：0.011378s][吞吐率：87.89req/s] [内存消耗：1,114.47kb] [文件加载：33]
[ info ] [ LANG ] /www/wwwroot/www.mangtuyou.com/thinkphp/lang/zh-cn.php
[ info ] [ ROUTE ] array (
  'type' => 'module',
  'module' => 
  array (
    0 => 'explicit_not_exist_path',
    1 => NULL,
    2 => NULL,
  ),
)
[ info ] [ HEADER ] array (
  'accept-language' => 'zh-CN,zh;q=0.8',
  'connection' => 'keep-alive',
  'accept' => 'text/html,application/xhtml+xml,application/xml;q=0.9,image/webp,image/apng,*/*;q=0.8',
  'accept-encoding' => 'gzip, deflate',
  'user-agent' => 'Mozilla/5.0 (Windows NT 10.0; Win64; x64) AppleWebKit/537.36 (KHTML, like Gecko) Chrome/59.0.3071.115 Safari/537.36',
  'host' => 'www.mangtuyou.com',
)
[ info ] [ PARAM ] array (
  '/explicit_not_exist_path' => '',
)
[ info ] [ LOG ] INIT File

---------------------------------------------------------------
[ 2020-02-23T02:02:18+08:00 ] 172.31.18.39 101.133.223.224 GET /index.html
[ log ] www.mangtuyou.com/index.html [运行时间：0.020489s][吞吐率：48.81req/s] [内存消耗：2,180.24kb] [文件加载：48]
[ info ] [ LANG ] /www/wwwroot/www.mangtuyou.com/thinkphp/lang/zh-cn.php
[ info ] [ ROUTE ] array (
  'type' => 'module',
  'module' => 
  array (
    0 => 'index',
    1 => NULL,
    2 => NULL,
  ),
)
[ info ] [ HEADER ] array (
  'accept-language' => 'zh-CN,zh;q=0.8',
  'connection' => 'keep-alive',
  'accept' => 'text/html,application/xhtml+xml,application/xml;q=0.9,image/webp,image/apng,*/*;q=0.8',
  'accept-encoding' => 'gzip, deflate',
  'user-agent' => 'Mozilla/5.0 (Windows NT 10.0; Win64; x64) AppleWebKit/537.36 (KHTML, like Gecko) Chrome/59.0.3071.115 Safari/537.36',
  'host' => 'www.mangtuyou.com',
)
[ info ] [ PARAM ] array (
  '/index_html' => '',
)
[ info ] [ DB ] INIT mysql
[ info ] [ RUN ] app\index\controller\Index->index[ /www/wwwroot/www.mangtuyou.com/application/index/controller/Index.php ]
[ info ] [ VIEW ] ./themes/index/index/index.html [ array (
) ]
[ info ] [ LOG ] INIT File

---------------------------------------------------------------
[ 2020-02-23T02:02:18+08:00 ] 172.31.18.39 101.133.223.224 GET /index.php
[ log ] www.mangtuyou.com/index.php [运行时间：0.020130s][吞吐率：49.68req/s] [内存消耗：2,176.99kb] [文件加载：48]
[ info ] [ LANG ] /www/wwwroot/www.mangtuyou.com/thinkphp/lang/zh-cn.php
[ info ] [ ROUTE ] array (
  'type' => 'module',
  'module' => 
  array (
    0 => '',
    1 => NULL,
    2 => NULL,
  ),
)
[ info ] [ HEADER ] array (
  'accept-language' => 'zh-CN,zh;q=0.8',
  'connection' => 'keep-alive',
  'accept' => 'text/html,application/xhtml+xml,application/xml;q=0.9,image/webp,image/apng,*/*;q=0.8',
  'accept-encoding' => 'gzip, deflate',
  'user-agent' => 'Mozilla/5.0 (Windows NT 10.0; Win64; x64) AppleWebKit/537.36 (KHTML, like Gecko) Chrome/59.0.3071.115 Safari/537.36',
  'host' => 'www.mangtuyou.com',
)
[ info ] [ PARAM ] array (
)
[ info ] [ DB ] INIT mysql
[ info ] [ RUN ] app\index\controller\Index->index[ /www/wwwroot/www.mangtuyou.com/application/index/controller/Index.php ]
[ info ] [ VIEW ] ./themes/index/index/index.html [ array (
) ]
[ info ] [ LOG ] INIT File

---------------------------------------------------------------
[ 2020-02-23T02:02:18+08:00 ] 172.31.18.39 101.133.223.224 GET /index.jsp
[ log ] www.mangtuyou.com/index.jsp [运行时间：0.011978s][吞吐率：83.49req/s] [内存消耗：1,114.41kb] [文件加载：33]
[ info ] [ LANG ] /www/wwwroot/www.mangtuyou.com/thinkphp/lang/zh-cn.php
[ info ] [ ROUTE ] array (
  'type' => 'module',
  'module' => 
  array (
    0 => 'index.jsp',
    1 => NULL,
    2 => NULL,
  ),
)
[ info ] [ HEADER ] array (
  'accept-language' => 'zh-CN,zh;q=0.8',
  'connection' => 'keep-alive',
  'accept' => 'text/html,application/xhtml+xml,application/xml;q=0.9,image/webp,image/apng,*/*;q=0.8',
  'accept-encoding' => 'gzip, deflate',
  'user-agent' => 'Mozilla/5.0 (Windows NT 10.0; Win64; x64) AppleWebKit/537.36 (KHTML, like Gecko) Chrome/59.0.3071.115 Safari/537.36',
  'host' => 'www.mangtuyou.com',
)
[ info ] [ PARAM ] array (
  '/index_jsp' => '',
)
[ info ] [ LOG ] INIT File

---------------------------------------------------------------
[ 2020-02-23T02:02:18+08:00 ] 172.31.18.39 101.133.223.224 GET /admin/
[ log ] www.mangtuyou.com/admin/ [运行时间：0.012704s][吞吐率：78.71req/s] [内存消耗：1,430.37kb] [文件加载：42]
[ info ] [ LANG ] /www/wwwroot/www.mangtuyou.com/thinkphp/lang/zh-cn.php
[ info ] [ ROUTE ] array (
  'type' => 'module',
  'module' => 
  array (
    0 => 'admin',
    1 => NULL,
    2 => NULL,
  ),
)
[ info ] [ HEADER ] array (
  'accept-language' => 'zh-CN,zh;q=0.8',
  'connection' => 'keep-alive',
  'accept' => 'text/html,application/xhtml+xml,application/xml;q=0.9,image/webp,image/apng,*/*;q=0.8',
  'accept-encoding' => 'gzip, deflate',
  'user-agent' => 'Mozilla/5.0 (Windows NT 10.0; Win64; x64) AppleWebKit/537.36 (KHTML, like Gecko) Chrome/59.0.3071.115 Safari/537.36',
  'host' => 'www.mangtuyou.com',
)
[ info ] [ PARAM ] array (
  '/admin/' => '',
)
[ info ] [ SESSION ] INIT array (
  'id' => '',
  'var_session_id' => '',
  'prefix' => 'think',
  'type' => '',
  'auto_start' => true,
)
[ info ] [ LOG ] INIT File

---------------------------------------------------------------
[ 2020-02-23T02:02:18+08:00 ] 172.31.18.39 101.133.223.224 GET /admin/login/index.html
[ log ] www.mangtuyou.com/admin/login/index.html [运行时间：0.013481s][吞吐率：74.18req/s] [内存消耗：1,351.32kb] [文件加载：40]
[ info ] [ LANG ] /www/wwwroot/www.mangtuyou.com/thinkphp/lang/zh-cn.php
[ info ] [ ROUTE ] array (
  'type' => 'module',
  'module' => 
  array (
    0 => 'admin',
    1 => 'login',
    2 => 'index',
  ),
)
[ info ] [ HEADER ] array (
  'cookie' => 'PHPSESSID=k6458oaj6lc052lsn6mo67nbg6',
  'accept-language' => 'zh-CN,zh;q=0.8',
  'connection' => 'keep-alive',
  'accept' => 'text/html,application/xhtml+xml,application/xml;q=0.9,image/webp,image/apng,*/*;q=0.8',
  'accept-encoding' => 'gzip, deflate',
  'user-agent' => 'Mozilla/5.0 (Windows NT 10.0; Win64; x64) AppleWebKit/537.36 (KHTML, like Gecko) Chrome/59.0.3071.115 Safari/537.36',
  'host' => 'www.mangtuyou.com',
)
[ info ] [ PARAM ] array (
  '/admin/login/index_html' => '',
)
[ info ] [ RUN ] app\admin\controller\Login->index[ /www/wwwroot/www.mangtuyou.com/application/admin/controller/Login.php ]
[ info ] [ VIEW ] ./themes/admin/login/index.html [ array (
) ]
[ info ] [ LOG ] INIT File

---------------------------------------------------------------
[ 2020-02-23T02:02:19+08:00 ] 172.31.18.39 101.133.223.224 GET /favicon.ico
[ log ] www.mangtuyou.com/favicon.ico [运行时间：0.011693s][吞吐率：85.52req/s] [内存消耗：1,114.50kb] [文件加载：33]
[ info ] [ LANG ] /www/wwwroot/www.mangtuyou.com/thinkphp/lang/zh-cn.php
[ info ] [ ROUTE ] array (
  'type' => 'module',
  'module' => 
  array (
    0 => 'favicon.ico',
    1 => NULL,
    2 => NULL,
  ),
)
[ info ] [ HEADER ] array (
  'cookie' => 'PHPSESSID=k6458oaj6lc052lsn6mo67nbg6',
  'accept-language' => 'zh-CN,zh;q=0.8',
  'connection' => 'keep-alive',
  'accept' => 'text/html,application/xhtml+xml,application/xml;q=0.9,image/webp,image/apng,*/*;q=0.8',
  'accept-encoding' => 'gzip, deflate',
  'user-agent' => 'Mozilla/5.0 (Windows NT 10.0; Win64; x64) AppleWebKit/537.36 (KHTML, like Gecko) Chrome/59.0.3071.115 Safari/537.36',
  'host' => 'www.mangtuyou.com',
)
[ info ] [ PARAM ] array (
  '/favicon_ico' => '',
)
[ info ] [ LOG ] INIT File

---------------------------------------------------------------
[ 2020-02-23T02:02:19+08:00 ] 172.31.18.39 101.133.223.224 GET /wp-login.php
[ log ] www.mangtuyou.com/wp-login.php [运行时间：0.011240s][吞吐率：88.97req/s] [内存消耗：1,114.50kb] [文件加载：33]
[ info ] [ LANG ] /www/wwwroot/www.mangtuyou.com/thinkphp/lang/zh-cn.php
[ info ] [ ROUTE ] array (
  'type' => 'module',
  'module' => 
  array (
    0 => 'wp-login.php',
    1 => NULL,
    2 => NULL,
  ),
)
[ info ] [ HEADER ] array (
  'cookie' => 'PHPSESSID=k6458oaj6lc052lsn6mo67nbg6',
  'accept-language' => 'zh-CN,zh;q=0.8',
  'connection' => 'keep-alive',
  'accept' => 'text/html,application/xhtml+xml,application/xml;q=0.9,image/webp,image/apng,*/*;q=0.8',
  'accept-encoding' => 'gzip, deflate',
  'user-agent' => 'Mozilla/5.0 (Windows NT 10.0; Win64; x64) AppleWebKit/537.36 (KHTML, like Gecko) Chrome/59.0.3071.115 Safari/537.36',
  'host' => 'www.mangtuyou.com',
)
[ info ] [ PARAM ] array (
  '/wp-login_php' => '',
)
[ info ] [ LOG ] INIT File

---------------------------------------------------------------
[ 2020-02-23T02:02:19+08:00 ] 172.31.18.39 101.133.223.224 GET /readme.html
[ log ] www.mangtuyou.com/readme.html [运行时间：0.011586s][吞吐率：86.31req/s] [内存消耗：1,114.54kb] [文件加载：33]
[ info ] [ LANG ] /www/wwwroot/www.mangtuyou.com/thinkphp/lang/zh-cn.php
[ info ] [ ROUTE ] array (
  'type' => 'module',
  'module' => 
  array (
    0 => 'readme',
    1 => NULL,
    2 => NULL,
  ),
)
[ info ] [ HEADER ] array (
  'cookie' => 'PHPSESSID=k6458oaj6lc052lsn6mo67nbg6',
  'accept-language' => 'zh-CN,zh;q=0.8',
  'connection' => 'keep-alive',
  'accept' => 'text/html,application/xhtml+xml,application/xml;q=0.9,image/webp,image/apng,*/*;q=0.8',
  'accept-encoding' => 'gzip, deflate',
  'user-agent' => 'Mozilla/5.0 (Windows NT 10.0; Win64; x64) AppleWebKit/537.36 (KHTML, like Gecko) Chrome/59.0.3071.115 Safari/537.36',
  'host' => 'www.mangtuyou.com',
)
[ info ] [ PARAM ] array (
  '/readme_html' => '',
)
[ info ] [ LOG ] INIT File

---------------------------------------------------------------
[ 2020-02-23T02:02:19+08:00 ] 172.31.18.39 101.133.223.224 GET /license.txt
[ log ] www.mangtuyou.com/license.txt [运行时间：0.011444s][吞吐率：87.38req/s] [内存消耗：1,114.50kb] [文件加载：33]
[ info ] [ LANG ] /www/wwwroot/www.mangtuyou.com/thinkphp/lang/zh-cn.php
[ info ] [ ROUTE ] array (
  'type' => 'module',
  'module' => 
  array (
    0 => 'license.txt',
    1 => NULL,
    2 => NULL,
  ),
)
[ info ] [ HEADER ] array (
  'cookie' => 'PHPSESSID=k6458oaj6lc052lsn6mo67nbg6',
  'accept-language' => 'zh-CN,zh;q=0.8',
  'connection' => 'keep-alive',
  'accept' => 'text/html,application/xhtml+xml,application/xml;q=0.9,image/webp,image/apng,*/*;q=0.8',
  'accept-encoding' => 'gzip, deflate',
  'user-agent' => 'Mozilla/5.0 (Windows NT 10.0; Win64; x64) AppleWebKit/537.36 (KHTML, like Gecko) Chrome/59.0.3071.115 Safari/537.36',
  'host' => 'www.mangtuyou.com',
)
[ info ] [ PARAM ] array (
  '/license_txt' => '',
)
[ info ] [ LOG ] INIT File

---------------------------------------------------------------
[ 2020-02-23T02:02:19+08:00 ] 172.31.18.39 101.133.223.224 GET /wp-includes/js/wplink.js
[ log ] www.mangtuyou.com/wp-includes/js/wplink.js [运行时间：0.012522s][吞吐率：79.86req/s] [内存消耗：1,114.66kb] [文件加载：33]
[ info ] [ LANG ] /www/wwwroot/www.mangtuyou.com/thinkphp/lang/zh-cn.php
[ info ] [ ROUTE ] array (
  'type' => 'module',
  'module' => 
  array (
    0 => 'wp-includes',
    1 => 'js',
    2 => 'wplink.js',
  ),
)
[ info ] [ HEADER ] array (
  'cookie' => 'PHPSESSID=k6458oaj6lc052lsn6mo67nbg6',
  'accept-language' => 'zh-CN,zh;q=0.8',
  'connection' => 'keep-alive',
  'accept' => 'text/html,application/xhtml+xml,application/xml;q=0.9,image/webp,image/apng,*/*;q=0.8',
  'accept-encoding' => 'gzip, deflate',
  'user-agent' => 'Mozilla/5.0 (Windows NT 10.0; Win64; x64) AppleWebKit/537.36 (KHTML, like Gecko) Chrome/59.0.3071.115 Safari/537.36',
  'host' => 'www.mangtuyou.com',
)
[ info ] [ PARAM ] array (
  '/wp-includes/js/wplink_js' => '',
)
[ info ] [ LOG ] INIT File

---------------------------------------------------------------
[ 2020-02-23T02:02:19+08:00 ] 172.31.18.39 101.133.223.224 GET /wp-admin/js/customize-controls.js
[ log ] www.mangtuyou.com/wp-admin/js/customize-controls.js [运行时间：0.011966s][吞吐率：83.57req/s] [内存消耗：1,114.71kb] [文件加载：33]
[ info ] [ LANG ] /www/wwwroot/www.mangtuyou.com/thinkphp/lang/zh-cn.php
[ info ] [ ROUTE ] array (
  'type' => 'module',
  'module' => 
  array (
    0 => 'wp-admin',
    1 => 'js',
    2 => 'customize-controls.js',
  ),
)
[ info ] [ HEADER ] array (
  'cookie' => 'PHPSESSID=k6458oaj6lc052lsn6mo67nbg6',
  'accept-language' => 'zh-CN,zh;q=0.8',
  'connection' => 'keep-alive',
  'accept' => 'text/html,application/xhtml+xml,application/xml;q=0.9,image/webp,image/apng,*/*;q=0.8',
  'accept-encoding' => 'gzip, deflate',
  'user-agent' => 'Mozilla/5.0 (Windows NT 10.0; Win64; x64) AppleWebKit/537.36 (KHTML, like Gecko) Chrome/59.0.3071.115 Safari/537.36',
  'host' => 'www.mangtuyou.com',
)
[ info ] [ PARAM ] array (
  '/wp-admin/js/customize-controls_js' => '',
)
[ info ] [ LOG ] INIT File

---------------------------------------------------------------
[ 2020-02-23T02:02:19+08:00 ] 172.31.18.39 101.133.223.224 GET /wp-admin/js/nav-menu.js
[ log ] www.mangtuyou.com/wp-admin/js/nav-menu.js [运行时间：0.011421s][吞吐率：87.56req/s] [内存消耗：1,114.64kb] [文件加载：33]
[ info ] [ LANG ] /www/wwwroot/www.mangtuyou.com/thinkphp/lang/zh-cn.php
[ info ] [ ROUTE ] array (
  'type' => 'module',
  'module' => 
  array (
    0 => 'wp-admin',
    1 => 'js',
    2 => 'nav-menu.js',
  ),
)
[ info ] [ HEADER ] array (
  'cookie' => 'PHPSESSID=k6458oaj6lc052lsn6mo67nbg6',
  'accept-language' => 'zh-CN,zh;q=0.8',
  'connection' => 'keep-alive',
  'accept' => 'text/html,application/xhtml+xml,application/xml;q=0.9,image/webp,image/apng,*/*;q=0.8',
  'accept-encoding' => 'gzip, deflate',
  'user-agent' => 'Mozilla/5.0 (Windows NT 10.0; Win64; x64) AppleWebKit/537.36 (KHTML, like Gecko) Chrome/59.0.3071.115 Safari/537.36',
  'host' => 'www.mangtuyou.com',
)
[ info ] [ PARAM ] array (
  '/wp-admin/js/nav-menu_js' => '',
)
[ info ] [ LOG ] INIT File

---------------------------------------------------------------
[ 2020-02-23T02:02:19+08:00 ] 172.31.18.39 101.133.223.224 GET /wp-includes/js/plupload/handlers.js
[ log ] www.mangtuyou.com/wp-includes/js/plupload/handlers.js [运行时间：0.011166s][吞吐率：89.56req/s] [内存消耗：1,114.67kb] [文件加载：33]
[ info ] [ LANG ] /www/wwwroot/www.mangtuyou.com/thinkphp/lang/zh-cn.php
[ info ] [ ROUTE ] array (
  'type' => 'module',
  'module' => 
  array (
    0 => 'wp-includes',
    1 => 'js',
    2 => 'plupload',
  ),
)
[ info ] [ HEADER ] array (
  'cookie' => 'PHPSESSID=k6458oaj6lc052lsn6mo67nbg6',
  'accept-language' => 'zh-CN,zh;q=0.8',
  'connection' => 'keep-alive',
  'accept' => 'text/html,application/xhtml+xml,application/xml;q=0.9,image/webp,image/apng,*/*;q=0.8',
  'accept-encoding' => 'gzip, deflate',
  'user-agent' => 'Mozilla/5.0 (Windows NT 10.0; Win64; x64) AppleWebKit/537.36 (KHTML, like Gecko) Chrome/59.0.3071.115 Safari/537.36',
  'host' => 'www.mangtuyou.com',
)
[ info ] [ PARAM ] array (
  '/wp-includes/js/plupload/handlers_js' => '',
)
[ info ] [ LOG ] INIT File

---------------------------------------------------------------
[ 2020-02-23T02:02:19+08:00 ] 172.31.18.39 101.133.223.224 GET /wp-includes/js/tinymce/wp-tinymce.js.gz
[ log ] www.mangtuyou.com/wp-includes/js/tinymce/wp-tinymce.js.gz [运行时间：0.011528s][吞吐率：86.75req/s] [内存消耗：1,114.68kb] [文件加载：33]
[ info ] [ LANG ] /www/wwwroot/www.mangtuyou.com/thinkphp/lang/zh-cn.php
[ info ] [ ROUTE ] array (
  'type' => 'module',
  'module' => 
  array (
    0 => 'wp-includes',
    1 => 'js',
    2 => 'tinymce',
  ),
)
[ info ] [ HEADER ] array (
  'cookie' => 'PHPSESSID=k6458oaj6lc052lsn6mo67nbg6',
  'accept-language' => 'zh-CN,zh;q=0.8',
  'connection' => 'keep-alive',
  'accept' => 'text/html,application/xhtml+xml,application/xml;q=0.9,image/webp,image/apng,*/*;q=0.8',
  'accept-encoding' => 'gzip, deflate',
  'user-agent' => 'Mozilla/5.0 (Windows NT 10.0; Win64; x64) AppleWebKit/537.36 (KHTML, like Gecko) Chrome/59.0.3071.115 Safari/537.36',
  'host' => 'www.mangtuyou.com',
)
[ info ] [ PARAM ] array (
  '/wp-includes/js/tinymce/wp-tinymce_js_gz' => '',
)
[ info ] [ LOG ] INIT File

---------------------------------------------------------------
[ 2020-02-23T02:02:19+08:00 ] 172.31.18.39 101.133.223.224 GET /index.php/explicit_not_exist_path
[ log ] www.mangtuyou.com/index.php/explicit_not_exist_path [运行时间：0.010845s][吞吐率：92.21req/s] [内存消耗：1,111.35kb] [文件加载：33]
[ info ] [ LANG ] /www/wwwroot/www.mangtuyou.com/thinkphp/lang/zh-cn.php
[ info ] [ ROUTE ] array (
  'type' => 'module',
  'module' => 
  array (
    0 => 'explicit_not_exist_path',
    1 => NULL,
    2 => NULL,
  ),
)
[ info ] [ HEADER ] array (
  'cookie' => 'PHPSESSID=k6458oaj6lc052lsn6mo67nbg6',
  'accept-language' => 'zh-CN,zh;q=0.8',
  'connection' => 'keep-alive',
  'accept' => 'text/html,application/xhtml+xml,application/xml;q=0.9,image/webp,image/apng,*/*;q=0.8',
  'accept-encoding' => 'gzip, deflate',
  'user-agent' => 'Mozilla/5.0 (Windows NT 10.0; Win64; x64) AppleWebKit/537.36 (KHTML, like Gecko) Chrome/59.0.3071.115 Safari/537.36',
  'host' => 'www.mangtuyou.com',
)
[ info ] [ PARAM ] array (
)
[ info ] [ LOG ] INIT File

---------------------------------------------------------------
[ 2020-02-23T02:02:19+08:00 ] 172.31.18.39 101.133.223.224 GET /static/.gitignore
[ log ] www.mangtuyou.com/static/.gitignore [运行时间：0.012091s][吞吐率：82.71req/s] [内存消耗：1,114.59kb] [文件加载：33]
[ info ] [ LANG ] /www/wwwroot/www.mangtuyou.com/thinkphp/lang/zh-cn.php
[ info ] [ ROUTE ] array (
  'type' => 'module',
  'module' => 
  array (
    0 => 'static',
    1 => '.gitignore',
    2 => NULL,
  ),
)
[ info ] [ HEADER ] array (
  'cookie' => 'PHPSESSID=k6458oaj6lc052lsn6mo67nbg6',
  'accept-language' => 'zh-CN,zh;q=0.8',
  'connection' => 'keep-alive',
  'accept' => 'text/html,application/xhtml+xml,application/xml;q=0.9,image/webp,image/apng,*/*;q=0.8',
  'accept-encoding' => 'gzip, deflate',
  'user-agent' => 'Mozilla/5.0 (Windows NT 10.0; Win64; x64) AppleWebKit/537.36 (KHTML, like Gecko) Chrome/59.0.3071.115 Safari/537.36',
  'host' => 'www.mangtuyou.com',
)
[ info ] [ PARAM ] array (
  '/static/_gitignore' => '',
)
[ info ] [ LOG ] INIT File

---------------------------------------------------------------
[ 2020-02-23T02:02:19+08:00 ] 172.31.18.39 101.133.223.224 GET /4e5e5d7364f443e28fbf0d3ae744a59a
[ log ] www.mangtuyou.com/4e5e5d7364f443e28fbf0d3ae744a59a [运行时间：0.011481s][吞吐率：87.10req/s] [内存消耗：1,114.59kb] [文件加载：33]
[ info ] [ LANG ] /www/wwwroot/www.mangtuyou.com/thinkphp/lang/zh-cn.php
[ info ] [ ROUTE ] array (
  'type' => 'module',
  'module' => 
  array (
    0 => '4e5e5d7364f443e28fbf0d3ae744a59a',
    1 => NULL,
    2 => NULL,
  ),
)
[ info ] [ HEADER ] array (
  'cookie' => 'PHPSESSID=k6458oaj6lc052lsn6mo67nbg6',
  'accept-language' => 'zh-CN,zh;q=0.8',
  'connection' => 'keep-alive',
  'accept' => 'text/html,application/xhtml+xml,application/xml;q=0.9,image/webp,image/apng,*/*;q=0.8',
  'accept-encoding' => 'gzip, deflate',
  'user-agent' => 'Mozilla/5.0 (Windows NT 10.0; Win64; x64) AppleWebKit/537.36 (KHTML, like Gecko) Chrome/59.0.3071.115 Safari/537.36',
  'host' => 'www.mangtuyou.com',
)
[ info ] [ PARAM ] array (
  '/4e5e5d7364f443e28fbf0d3ae744a59a' => '',
)
[ info ] [ LOG ] INIT File

---------------------------------------------------------------
[ 2020-02-23T02:02:19+08:00 ] 172.31.18.39 101.133.223.224 GET /?c=4e5e5d7364f443e28fbf0d3ae744a59a
[ log ] www.mangtuyou.com/?c=4e5e5d7364f443e28fbf0d3ae744a59a [运行时间：0.019778s][吞吐率：50.56req/s] [内存消耗：2,177.77kb] [文件加载：48]
[ info ] [ LANG ] /www/wwwroot/www.mangtuyou.com/thinkphp/lang/zh-cn.php
[ info ] [ ROUTE ] array (
  'type' => 'module',
  'module' => 
  array (
    0 => '',
    1 => NULL,
    2 => NULL,
  ),
)
[ info ] [ HEADER ] array (
  'cookie' => 'PHPSESSID=k6458oaj6lc052lsn6mo67nbg6',
  'accept-language' => 'zh-CN,zh;q=0.8',
  'connection' => 'keep-alive',
  'accept' => 'text/html,application/xhtml+xml,application/xml;q=0.9,image/webp,image/apng,*/*;q=0.8',
  'accept-encoding' => 'gzip, deflate',
  'user-agent' => 'Mozilla/5.0 (Windows NT 10.0; Win64; x64) AppleWebKit/537.36 (KHTML, like Gecko) Chrome/59.0.3071.115 Safari/537.36',
  'host' => 'www.mangtuyou.com',
)
[ info ] [ PARAM ] array (
  'c' => '4e5e5d7364f443e28fbf0d3ae744a59a',
)
[ info ] [ DB ] INIT mysql
[ info ] [ RUN ] app\index\controller\Index->index[ /www/wwwroot/www.mangtuyou.com/application/index/controller/Index.php ]
[ info ] [ VIEW ] ./themes/index/index/index.html [ array (
) ]
[ info ] [ LOG ] INIT File

---------------------------------------------------------------
[ 2020-02-23T02:02:19+08:00 ] 172.31.18.39 101.133.223.224 GET /static/js/xd.js
[ log ] www.mangtuyou.com/static/js/xd.js [运行时间：0.011990s][吞吐率：83.40req/s] [内存消耗：1,114.60kb] [文件加载：33]
[ info ] [ LANG ] /www/wwwroot/www.mangtuyou.com/thinkphp/lang/zh-cn.php
[ info ] [ ROUTE ] array (
  'type' => 'module',
  'module' => 
  array (
    0 => 'static',
    1 => 'js',
    2 => 'xd.js',
  ),
)
[ info ] [ HEADER ] array (
  'cookie' => 'PHPSESSID=k6458oaj6lc052lsn6mo67nbg6',
  'accept-language' => 'zh-CN,zh;q=0.8',
  'connection' => 'keep-alive',
  'accept' => 'text/html,application/xhtml+xml,application/xml;q=0.9,image/webp,image/apng,*/*;q=0.8',
  'accept-encoding' => 'gzip, deflate',
  'user-agent' => 'Mozilla/5.0 (Windows NT 10.0; Win64; x64) AppleWebKit/537.36 (KHTML, like Gecko) Chrome/59.0.3071.115 Safari/537.36',
  'host' => 'www.mangtuyou.com',
)
[ info ] [ PARAM ] array (
  '/static/js/xd_js' => '',
)
[ info ] [ LOG ] INIT File

---------------------------------------------------------------
[ 2020-02-23T02:02:19+08:00 ] 172.31.18.39 101.133.223.224 GET /static/images/headicon.png
[ log ] www.mangtuyou.com/static/images/headicon.png [运行时间：0.011634s][吞吐率：85.96req/s] [内存消耗：1,114.66kb] [文件加载：33]
[ info ] [ LANG ] /www/wwwroot/www.mangtuyou.com/thinkphp/lang/zh-cn.php
[ info ] [ ROUTE ] array (
  'type' => 'module',
  'module' => 
  array (
    0 => 'static',
    1 => 'images',
    2 => 'headicon.png',
  ),
)
[ info ] [ HEADER ] array (
  'cookie' => 'PHPSESSID=k6458oaj6lc052lsn6mo67nbg6',
  'accept-language' => 'zh-CN,zh;q=0.8',
  'connection' => 'keep-alive',
  'accept' => 'text/html,application/xhtml+xml,application/xml;q=0.9,image/webp,image/apng,*/*;q=0.8',
  'accept-encoding' => 'gzip, deflate',
  'user-agent' => 'Mozilla/5.0 (Windows NT 10.0; Win64; x64) AppleWebKit/537.36 (KHTML, like Gecko) Chrome/59.0.3071.115 Safari/537.36',
  'host' => 'www.mangtuyou.com',
)
[ info ] [ PARAM ] array (
  '/static/images/headicon_png' => '',
)
[ info ] [ LOG ] INIT File

---------------------------------------------------------------
[ 2020-02-23T02:02:19+08:00 ] 172.31.18.39 101.133.223.224 GET /public/exception.html
[ log ] www.mangtuyou.com/public/exception.html [运行时间：0.011079s][吞吐率：90.26req/s] [内存消耗：1,114.65kb] [文件加载：33]
[ info ] [ LANG ] /www/wwwroot/www.mangtuyou.com/thinkphp/lang/zh-cn.php
[ info ] [ ROUTE ] array (
  'type' => 'module',
  'module' => 
  array (
    0 => 'public',
    1 => 'exception',
    2 => NULL,
  ),
)
[ info ] [ HEADER ] array (
  'cookie' => 'PHPSESSID=k6458oaj6lc052lsn6mo67nbg6',
  'accept-language' => 'zh-CN,zh;q=0.8',
  'connection' => 'keep-alive',
  'accept' => 'text/html,application/xhtml+xml,application/xml;q=0.9,image/webp,image/apng,*/*;q=0.8',
  'accept-encoding' => 'gzip, deflate',
  'user-agent' => 'Mozilla/5.0 (Windows NT 10.0; Win64; x64) AppleWebKit/537.36 (KHTML, like Gecko) Chrome/59.0.3071.115 Safari/537.36',
  'host' => 'www.mangtuyou.com',
)
[ info ] [ PARAM ] array (
  '/public/exception_html' => '',
)
[ info ] [ LOG ] INIT File

---------------------------------------------------------------
[ 2020-02-23T02:02:20+08:00 ] 172.31.18.39 101.133.223.224 GET /public/images/headicon.png
[ log ] www.mangtuyou.com/public/images/headicon.png [运行时间：0.010975s][吞吐率：91.12req/s] [内存消耗：1,114.66kb] [文件加载：33]
[ info ] [ LANG ] /www/wwwroot/www.mangtuyou.com/thinkphp/lang/zh-cn.php
[ info ] [ ROUTE ] array (
  'type' => 'module',
  'module' => 
  array (
    0 => 'public',
    1 => 'images',
    2 => 'headicon.png',
  ),
)
[ info ] [ HEADER ] array (
  'cookie' => 'PHPSESSID=k6458oaj6lc052lsn6mo67nbg6',
  'accept-language' => 'zh-CN,zh;q=0.8',
  'connection' => 'keep-alive',
  'accept' => 'text/html,application/xhtml+xml,application/xml;q=0.9,image/webp,image/apng,*/*;q=0.8',
  'accept-encoding' => 'gzip, deflate',
  'user-agent' => 'Mozilla/5.0 (Windows NT 10.0; Win64; x64) AppleWebKit/537.36 (KHTML, like Gecko) Chrome/59.0.3071.115 Safari/537.36',
  'host' => 'www.mangtuyou.com',
)
[ info ] [ PARAM ] array (
  '/public/images/headicon_png' => '',
)
[ info ] [ LOG ] INIT File

---------------------------------------------------------------
[ 2020-02-23T02:02:20+08:00 ] 172.31.18.39 101.133.223.224 GET /user
[ log ] www.mangtuyou.com/user [运行时间：0.012165s][吞吐率：82.20req/s] [内存消耗：1,114.47kb] [文件加载：33]
[ info ] [ LANG ] /www/wwwroot/www.mangtuyou.com/thinkphp/lang/zh-cn.php
[ info ] [ ROUTE ] array (
  'type' => 'module',
  'module' => 
  array (
    0 => 'user',
    1 => NULL,
    2 => NULL,
  ),
)
[ info ] [ HEADER ] array (
  'cookie' => 'PHPSESSID=k6458oaj6lc052lsn6mo67nbg6',
  'accept-language' => 'zh-CN,zh;q=0.8',
  'connection' => 'keep-alive',
  'accept' => 'text/html,application/xhtml+xml,application/xml;q=0.9,image/webp,image/apng,*/*;q=0.8',
  'accept-encoding' => 'gzip, deflate',
  'user-agent' => 'Mozilla/5.0 (Windows NT 10.0; Win64; x64) AppleWebKit/537.36 (KHTML, like Gecko) Chrome/59.0.3071.115 Safari/537.36',
  'host' => 'www.mangtuyou.com',
)
[ info ] [ PARAM ] array (
  '/user' => '',
)
[ info ] [ LOG ] INIT File

---------------------------------------------------------------
[ 2020-02-23T02:02:20+08:00 ] 172.31.18.39 101.133.223.224 GET /wcm/
[ log ] www.mangtuyou.com/wcm/ [运行时间：0.011695s][吞吐率：85.51req/s] [内存消耗：1,114.50kb] [文件加载：33]
[ info ] [ LANG ] /www/wwwroot/www.mangtuyou.com/thinkphp/lang/zh-cn.php
[ info ] [ ROUTE ] array (
  'type' => 'module',
  'module' => 
  array (
    0 => 'wcm',
    1 => NULL,
    2 => NULL,
  ),
)
[ info ] [ HEADER ] array (
  'cookie' => 'PHPSESSID=k6458oaj6lc052lsn6mo67nbg6',
  'accept-language' => 'zh-CN,zh;q=0.8',
  'connection' => 'keep-alive',
  'accept' => 'text/html,application/xhtml+xml,application/xml;q=0.9,image/webp,image/apng,*/*;q=0.8',
  'accept-encoding' => 'gzip, deflate',
  'user-agent' => 'Mozilla/5.0 (Windows NT 10.0; Win64; x64) AppleWebKit/537.36 (KHTML, like Gecko) Chrome/59.0.3071.115 Safari/537.36',
  'host' => 'www.mangtuyou.com',
)
[ info ] [ PARAM ] array (
  '/wcm/' => '',
)
[ info ] [ LOG ] INIT File

---------------------------------------------------------------
[ 2020-02-23T02:02:20+08:00 ] 172.31.18.39 101.133.223.224 GET /phpMyAdmin/
[ log ] www.mangtuyou.com/phpMyAdmin/ [运行时间：0.011137s][吞吐率：89.79req/s] [内存消耗：1,114.54kb] [文件加载：33]
[ info ] [ LANG ] /www/wwwroot/www.mangtuyou.com/thinkphp/lang/zh-cn.php
[ info ] [ ROUTE ] array (
  'type' => 'module',
  'module' => 
  array (
    0 => 'phpMyAdmin',
    1 => NULL,
    2 => NULL,
  ),
)
[ info ] [ HEADER ] array (
  'cookie' => 'PHPSESSID=k6458oaj6lc052lsn6mo67nbg6',
  'accept-language' => 'zh-CN,zh;q=0.8',
  'connection' => 'keep-alive',
  'accept' => 'text/html,application/xhtml+xml,application/xml;q=0.9,image/webp,image/apng,*/*;q=0.8',
  'accept-encoding' => 'gzip, deflate',
  'user-agent' => 'Mozilla/5.0 (Windows NT 10.0; Win64; x64) AppleWebKit/537.36 (KHTML, like Gecko) Chrome/59.0.3071.115 Safari/537.36',
  'host' => 'www.mangtuyou.com',
)
[ info ] [ PARAM ] array (
  '/phpMyAdmin/' => '',
)
[ info ] [ LOG ] INIT File

---------------------------------------------------------------
[ 2020-02-23T02:02:20+08:00 ] 172.31.18.39 101.133.223.224 GET /phpmyadmin/
[ log ] www.mangtuyou.com/phpmyadmin/ [运行时间：0.011992s][吞吐率：83.39req/s] [内存消耗：1,114.54kb] [文件加载：33]
[ info ] [ LANG ] /www/wwwroot/www.mangtuyou.com/thinkphp/lang/zh-cn.php
[ info ] [ ROUTE ] array (
  'type' => 'module',
  'module' => 
  array (
    0 => 'phpmyadmin',
    1 => NULL,
    2 => NULL,
  ),
)
[ info ] [ HEADER ] array (
  'cookie' => 'PHPSESSID=k6458oaj6lc052lsn6mo67nbg6',
  'accept-language' => 'zh-CN,zh;q=0.8',
  'connection' => 'keep-alive',
  'accept' => 'text/html,application/xhtml+xml,application/xml;q=0.9,image/webp,image/apng,*/*;q=0.8',
  'accept-encoding' => 'gzip, deflate',
  'user-agent' => 'Mozilla/5.0 (Windows NT 10.0; Win64; x64) AppleWebKit/537.36 (KHTML, like Gecko) Chrome/59.0.3071.115 Safari/537.36',
  'host' => 'www.mangtuyou.com',
)
[ info ] [ PARAM ] array (
  '/phpmyadmin/' => '',
)
[ info ] [ LOG ] INIT File

---------------------------------------------------------------
[ 2020-02-23T02:05:06+08:00 ] 172.31.18.39 66.249.73.137 GET /zhoumo.png
[ log ] www.mangtuyou.com/zhoumo.png [运行时间：0.011783s][吞吐率：84.87req/s] [内存消耗：1,114.27kb] [文件加载：33]
[ info ] [ LANG ] /www/wwwroot/www.mangtuyou.com/thinkphp/lang/zh-cn.php
[ info ] [ ROUTE ] array (
  'type' => 'module',
  'module' => 
  array (
    0 => 'zhoumo.png',
    1 => NULL,
    2 => NULL,
  ),
)
[ info ] [ HEADER ] array (
  'accept-encoding' => 'gzip,deflate,br',
  'user-agent' => 'Googlebot-Image/1.0',
  'from' => 'googlebot(at)googlebot.com',
  'accept' => 'text/html,application/xhtml+xml,application/xml;q=0.9,*/*;q=0.8',
  'connection' => 'keep-alive',
  'host' => 'www.mangtuyou.com',
)
[ info ] [ PARAM ] array (
  '/zhoumo_png' => '',
)
[ info ] [ LOG ] INIT File

---------------------------------------------------------------
[ 2020-02-23T03:26:27+08:00 ] 172.31.18.39 39.158.218.108 GET /index/index_copy
[ log ] www.mangtuyou.com/index/index_copy [运行时间：0.019333s][吞吐率：51.73req/s] [内存消耗：2,147.68kb] [文件加载：48]
[ info ] [ LANG ] /www/wwwroot/www.mangtuyou.com/thinkphp/lang/zh-cn.php
[ info ] [ ROUTE ] array (
  'type' => 'module',
  'module' => 
  array (
    0 => 'index',
    1 => 'index_copy',
    2 => NULL,
  ),
)
[ info ] [ HEADER ] array (
  'connection' => 'keep-alive',
  'accept-encoding' => 'gzip, deflate',
  'accept-language' => 'zh-cn',
  'user-agent' => 'Mozilla/5.0 (iPhone; CPU iPhone OS 13_3_1 like Mac OS X) AppleWebKit/605.1.15 (KHTML, like Gecko) Mobile/15E148 MicroMessenger/7.0.10(0x17000a21) NetType/WIFI Language/zh_CN',
  'accept' => 'text/html,application/xhtml+xml,application/xml;q=0.9,*/*;q=0.8',
  'upgrade-insecure-requests' => '1',
  'host' => 'www.mangtuyou.com',
)
[ info ] [ PARAM ] array (
  '/index/index_copy' => '',
)
[ info ] [ DB ] INIT mysql
[ info ] [ RUN ] app\index\controller\IndexCopy->index[ /www/wwwroot/www.mangtuyou.com/application/index/controller/IndexCopy.php ]
[ info ] [ VIEW ] ./themes/index/index_copy/index.html [ array (
) ]
[ info ] [ LOG ] INIT File

---------------------------------------------------------------
[ 2020-02-23T03:59:18+08:00 ] 172.31.18.39 58.242.194.173 GET /
[ log ] www.mangtuyou.com/ [运行时间：0.020119s][吞吐率：49.70req/s] [内存消耗：2,176.81kb] [文件加载：48]
[ info ] [ LANG ] /www/wwwroot/www.mangtuyou.com/thinkphp/lang/zh-cn.php
[ info ] [ ROUTE ] array (
  'type' => 'module',
  'module' => 
  array (
    0 => '',
    1 => NULL,
    2 => NULL,
  ),
)
[ info ] [ HEADER ] array (
  'connection' => 'close',
  'accept-encoding' => 'gzip',
  'accept' => '*/*',
  'user-agent' => 'UCWEB/2.0 (Java; U; MIDP-2.0; Nokia203/20.37) U2/1.0.0 UCMini/11.1.2.1113 (SpeedMode; Proxy; Android 8.1.0; SM-J701F ) U2/1.0.0 Mobile',
  'host' => 'www.mangtuyou.com',
)
[ info ] [ PARAM ] array (
)
[ info ] [ DB ] INIT mysql
[ info ] [ RUN ] app\index\controller\Index->index[ /www/wwwroot/www.mangtuyou.com/application/index/controller/Index.php ]
[ info ] [ VIEW ] ./themes/index/index/index.html [ array (
) ]
[ info ] [ LOG ] INIT File

---------------------------------------------------------------
[ 2020-02-23T04:20:43+08:00 ] 172.31.18.39 117.85.12.4 GET /
[ log ] www.mangtuyou.com/ [运行时间：0.020871s][吞吐率：47.91req/s] [内存消耗：2,177.09kb] [文件加载：48]
[ info ] [ LANG ] /www/wwwroot/www.mangtuyou.com/thinkphp/lang/zh-cn.php
[ info ] [ ROUTE ] array (
  'type' => 'module',
  'module' => 
  array (
    0 => '',
    1 => NULL,
    2 => NULL,
  ),
)
[ info ] [ HEADER ] array (
  'connection' => 'keep-alive',
  'cache-control' => 'max-age=259200',
  'host' => 'www.mangtuyou.com',
  'accept-encoding' => 'gzip,deflate',
  'user-agent' => 'Mozilla/4.0 (compatible; MSIE 7.0; Windows NT 6.3; Win64; x64; Trident/7.0; .NET4.0E; .NET4.0C; .NET CLR 3.5.30729; .NET CLR 2.0.50727; .NET CLR 3.0.30729; Tablet PC 2.0)',
  'accept' => 'text/html,application/xhtml+xml,application/xml;q=0.9,*/*;q=0.8',
  'upgrade-insecure-requests' => '1',
)
[ info ] [ PARAM ] array (
)
[ info ] [ DB ] INIT mysql
[ info ] [ RUN ] app\index\controller\Index->index[ /www/wwwroot/www.mangtuyou.com/application/index/controller/Index.php ]
[ info ] [ VIEW ] ./themes/index/index/index.html [ array (
) ]
[ info ] [ LOG ] INIT File

---------------------------------------------------------------
[ 2020-02-23T06:02:26+08:00 ] 172.31.18.39 58.17.6.9 GET /
[ log ] www.mangtuyou.com/ [运行时间：0.020549s][吞吐率：48.66req/s] [内存消耗：2,176.81kb] [文件加载：48]
[ info ] [ LANG ] /www/wwwroot/www.mangtuyou.com/thinkphp/lang/zh-cn.php
[ info ] [ ROUTE ] array (
  'type' => 'module',
  'module' => 
  array (
    0 => '',
    1 => NULL,
    2 => NULL,
  ),
)
[ info ] [ HEADER ] array (
  'connection' => 'close',
  'accept-encoding' => 'gzip',
  'accept' => '*/*',
  'user-agent' => 'Mozilla/5.0 (Linux; Android 8.0.0; Nexus 10 Build/JVP15P) AppleWebKit/537.36 (KHTML, like Gecko) Chrome/69.0.3497.100 Safari/537.22',
  'host' => 'www.mangtuyou.com',
)
[ info ] [ PARAM ] array (
)
[ info ] [ DB ] INIT mysql
[ info ] [ RUN ] app\index\controller\Index->index[ /www/wwwroot/www.mangtuyou.com/application/index/controller/Index.php ]
[ info ] [ VIEW ] ./themes/index/index/index.html [ array (
) ]
[ info ] [ LOG ] INIT File

---------------------------------------------------------------
[ 2020-02-23T06:59:35+08:00 ] 172.31.18.39 120.76.41.9 GET /
[ log ] www.mangtuyou.com/ [运行时间：0.019488s][吞吐率：51.31req/s] [内存消耗：2,176.77kb] [文件加载：48]
[ info ] [ LANG ] /www/wwwroot/www.mangtuyou.com/thinkphp/lang/zh-cn.php
[ info ] [ ROUTE ] array (
  'type' => 'module',
  'module' => 
  array (
    0 => '',
    1 => NULL,
    2 => NULL,
  ),
)
[ info ] [ HEADER ] array (
  'accept-encoding' => 'gzip,deflate',
  'accept' => '*/*',
  'user-agent' => 'Mozilla/5.0 (Windows NT 10.0; Win64; x64) AppleWebKit/537.36 (KHTML, like Gecko) Chrome/53.0.2785.143 Safari/537.36',
  'host' => 'www.mangtuyou.com',
)
[ info ] [ PARAM ] array (
)
[ info ] [ DB ] INIT mysql
[ info ] [ RUN ] app\index\controller\Index->index[ /www/wwwroot/www.mangtuyou.com/application/index/controller/Index.php ]
[ info ] [ VIEW ] ./themes/index/index/index.html [ array (
) ]
[ info ] [ LOG ] INIT File

---------------------------------------------------------------
[ 2020-02-23T07:57:05+08:00 ] 172.31.18.39 101.132.193.36 GET /
[ log ] www.mangtuyou.com/ [运行时间：0.018227s][吞吐率：54.86req/s] [内存消耗：2,176.72kb] [文件加载：48]
[ info ] [ LANG ] /www/wwwroot/www.mangtuyou.com/thinkphp/lang/zh-cn.php
[ info ] [ ROUTE ] array (
  'type' => 'module',
  'module' => 
  array (
    0 => '',
    1 => NULL,
    2 => NULL,
  ),
)
[ info ] [ HEADER ] array (
  'accept-encoding' => 'gzip',
  'connection' => 'Keep-Alive',
  'host' => 'www.mangtuyou.com',
  'user-agent' => 'Mozilla/5.0 (X11; Ubuntu; Linux x86_64; rv:36.0) Gecko/20100101 Firefox/36.0',
)
[ info ] [ PARAM ] array (
)
[ info ] [ DB ] INIT mysql
[ info ] [ RUN ] app\index\controller\Index->index[ /www/wwwroot/www.mangtuyou.com/application/index/controller/Index.php ]
[ info ] [ VIEW ] ./themes/index/index/index.html [ array (
) ]
[ info ] [ LOG ] INIT File

---------------------------------------------------------------
[ 2020-02-23T07:57:07+08:00 ] 172.31.18.39 101.132.193.36 GET /index/index/drive.html
[ log ] www.mangtuyou.com/index/index/drive.html [运行时间：0.019858s][吞吐率：50.36req/s] [内存消耗：2,164.13kb] [文件加载：48]
[ info ] [ LANG ] /www/wwwroot/www.mangtuyou.com/thinkphp/lang/zh-cn.php
[ info ] [ ROUTE ] array (
  'type' => 'module',
  'module' => 
  array (
    0 => 'index',
    1 => 'index',
    2 => 'drive',
  ),
)
[ info ] [ HEADER ] array (
  'accept-encoding' => 'gzip',
  'connection' => 'Keep-Alive',
  'host' => 'www.mangtuyou.com',
  'user-agent' => 'Mozilla/5.0 (X11; Ubuntu; Linux x86_64; rv:36.0) Gecko/20100101 Firefox/36.0',
)
[ info ] [ PARAM ] array (
  '/index/index/drive_html' => '',
)
[ info ] [ DB ] INIT mysql
[ info ] [ RUN ] app\index\controller\Index->drive[ /www/wwwroot/www.mangtuyou.com/application/index/controller/Index.php ]
[ info ] [ VIEW ] ./themes/index/index/drive.html [ array (
) ]
[ info ] [ LOG ] INIT File

---------------------------------------------------------------
[ 2020-02-23T07:57:07+08:00 ] 172.31.18.39 101.132.193.36 GET /index/index/mark.html
[ log ] www.mangtuyou.com/index/index/mark.html [运行时间：0.019824s][吞吐率：50.44req/s] [内存消耗：2,164.12kb] [文件加载：48]
[ info ] [ LANG ] /www/wwwroot/www.mangtuyou.com/thinkphp/lang/zh-cn.php
[ info ] [ ROUTE ] array (
  'type' => 'module',
  'module' => 
  array (
    0 => 'index',
    1 => 'index',
    2 => 'mark',
  ),
)
[ info ] [ HEADER ] array (
  'accept-encoding' => 'gzip',
  'connection' => 'Keep-Alive',
  'host' => 'www.mangtuyou.com',
  'user-agent' => 'Mozilla/5.0 (X11; Ubuntu; Linux x86_64; rv:36.0) Gecko/20100101 Firefox/36.0',
)
[ info ] [ PARAM ] array (
  '/index/index/mark_html' => '',
)
[ info ] [ DB ] INIT mysql
[ info ] [ RUN ] app\index\controller\Index->mark[ /www/wwwroot/www.mangtuyou.com/application/index/controller/Index.php ]
[ info ] [ VIEW ] ./themes/index/index/mark.html [ array (
) ]
[ info ] [ LOG ] INIT File

---------------------------------------------------------------
[ 2020-02-23T09:22:30+08:00 ] 172.31.18.39 223.78.222.40 GET /index/index/getlist?class=1&uid=19
[ log ] www.mangtuyou.com/index/index/getlist?class=1&uid=19 [运行时间：0.024007s][吞吐率：41.65req/s] [内存消耗：2,372.17kb] [文件加载：53]
[ info ] [ LANG ] /www/wwwroot/www.mangtuyou.com/thinkphp/lang/zh-cn.php
[ info ] [ ROUTE ] array (
  'type' => 'module',
  'module' => 
  array (
    0 => 'index',
    1 => 'index',
    2 => 'getlist',
  ),
)
[ info ] [ HEADER ] array (
  'accept-language' => 'zh-CN,zh;q=0.9',
  'accept-encoding' => 'gzip, deflate',
  'origin' => 'null',
  'user-agent' => 'Mozilla/5.0 (Windows NT 6.3; WOW64) AppleWebKit/537.36 (KHTML, like Gecko) Chrome/81.0.4044.9 Safari/537.36',
  'accept' => 'application/json, text/javascript, */*; q=0.01',
  'connection' => 'keep-alive',
  'host' => 'www.mangtuyou.com',
)
[ info ] [ PARAM ] array (
  '/index/index/getlist' => '',
  'class' => '1',
  'uid' => '19',
)
[ info ] [ DB ] INIT mysql
[ info ] [ RUN ] app\index\controller\Index->getList[ /www/wwwroot/www.mangtuyou.com/application/index/controller/Index.php ]
[ info ] [ LOG ] INIT File
[ sql ] [ DB ] CONNECT:[ UseTime:0.000350s ] mysql:dbname=mangtoo;host=localhost;port=3306;charset=utf8
[ sql ] [ SQL ] SHOW COLUMNS FROM `os_newscenic` [ RunTime:0.000871s ]
[ sql ] [ SQL ] SELECT * FROM `os_newscenic` WHERE  `classid` = 1 [ RunTime:0.000433s ]
[ sql ] [ SQL ] SHOW COLUMNS FROM `os_collection_user` [ RunTime:0.000646s ]
[ sql ] [ SQL ] SELECT * FROM `os_collection_user` WHERE  `uid` = 19  AND `sid` = 29 LIMIT 1 [ RunTime:0.000236s ]
[ sql ] [ SQL ] SELECT * FROM `os_collection_user` WHERE  `uid` = 19  AND `sid` = 30 LIMIT 1 [ RunTime:0.000148s ]

---------------------------------------------------------------
[ 2020-02-23T09:46:23+08:00 ] 172.31.18.39 39.65.86.213 GET /favicon.ico
[ log ] www.mangtuyou.com/favicon.ico [运行时间：0.012010s][吞吐率：83.26req/s] [内存消耗：1,114.31kb] [文件加载：33]
[ info ] [ LANG ] /www/wwwroot/www.mangtuyou.com/thinkphp/lang/zh-cn.php
[ info ] [ ROUTE ] array (
  'type' => 'module',
  'module' => 
  array (
    0 => 'favicon.ico',
    1 => NULL,
    2 => NULL,
  ),
)
[ info ] [ HEADER ] array (
  'accept-language' => 'zh-CN,zh;q=0.9',
  'accept-encoding' => 'gzip, deflate',
  'user-agent' => 'Mozilla/5.0 (Windows NT 6.1; WOW64) AppleWebKit/537.36 (KHTML, like Gecko) Chrome/63.0.3239.132 Safari/537.36',
  'connection' => 'keep-alive',
  'host' => 'www.mangtuyou.com',
)
[ info ] [ PARAM ] array (
  '/favicon_ico' => '',
)
[ info ] [ LOG ] INIT File

---------------------------------------------------------------
[ 2020-02-23T15:18:35+08:00 ] 172.31.18.39 66.249.73.137 GET /
[ log ] www.mangtuyou.com/ [运行时间：0.020506s][吞吐率：48.77req/s] [内存消耗：2,177.20kb] [文件加载：48]
[ info ] [ LANG ] /www/wwwroot/www.mangtuyou.com/thinkphp/lang/zh-cn.php
[ info ] [ ROUTE ] array (
  'type' => 'module',
  'module' => 
  array (
    0 => '',
    1 => NULL,
    2 => NULL,
  ),
)
[ info ] [ HEADER ] array (
  'accept-encoding' => 'gzip,deflate,br',
  'user-agent' => 'Mozilla/5.0 (Linux; Android 6.0.1; Nexus 5X Build/MMB29P) AppleWebKit/537.36 (KHTML, like Gecko) Chrome/41.0.2272.96 Mobile Safari/537.36 (compatible; Googlebot/2.1; +http://www.google.com/bot.html)',
  'from' => 'googlebot(at)googlebot.com',
  'accept' => 'text/html,application/xhtml+xml,application/signed-exchange;v=b3,application/xml;q=0.9,*/*;q=0.8',
  'connection' => 'keep-alive',
  'amp-cache-transform' => 'google;v="1..3"',
  'host' => 'www.mangtuyou.com',
)
[ info ] [ PARAM ] array (
)
[ info ] [ DB ] INIT mysql
[ info ] [ RUN ] app\index\controller\Index->index[ /www/wwwroot/www.mangtuyou.com/application/index/controller/Index.php ]
[ info ] [ VIEW ] ./themes/index/index/index.html [ array (
) ]
[ info ] [ LOG ] INIT File

---------------------------------------------------------------
[ 2020-02-23T15:18:45+08:00 ] 172.31.18.39 66.249.73.137 GET /index/index/getlist?class=1&uid=19
[ log ] www.mangtuyou.com/index/index/getlist?class=1&uid=19 [运行时间：0.026196s][吞吐率：38.17req/s] [内存消耗：2,372.75kb] [文件加载：53]
[ info ] [ LANG ] /www/wwwroot/www.mangtuyou.com/thinkphp/lang/zh-cn.php
[ info ] [ ROUTE ] array (
  'type' => 'module',
  'module' => 
  array (
    0 => 'index',
    1 => 'index',
    2 => 'getlist',
  ),
)
[ info ] [ HEADER ] array (
  'accept-encoding' => 'gzip,deflate,br',
  'user-agent' => 'Mozilla/5.0 (Linux; Android 6.0.1; Nexus 5X Build/MMB29P) AppleWebKit/537.36 (KHTML, like Gecko) Chrome/79.0.3945.120 Mobile Safari/537.36 (compatible; Googlebot/2.1; +http://www.google.com/bot.html)',
  'from' => 'googlebot(at)googlebot.com',
  'accept' => 'application/json,text/javascript,*/*; q=0.01',
  'connection' => 'keep-alive',
  'x-requested-with' => 'XMLHttpRequest',
  'referer' => 'http://www.mangtuyou.com/',
  'accept-language' => 'en-US',
  'host' => 'www.mangtuyou.com',
)
[ info ] [ PARAM ] array (
  '/index/index/getlist' => '',
  'class' => '1',
  'uid' => '19',
)
[ info ] [ DB ] INIT mysql
[ info ] [ RUN ] app\index\controller\Index->getList[ /www/wwwroot/www.mangtuyou.com/application/index/controller/Index.php ]
[ info ] [ LOG ] INIT File
[ sql ] [ DB ] CONNECT:[ UseTime:0.000323s ] mysql:dbname=mangtoo;host=localhost;port=3306;charset=utf8
[ sql ] [ SQL ] SHOW COLUMNS FROM `os_newscenic` [ RunTime:0.000796s ]
[ sql ] [ SQL ] SELECT * FROM `os_newscenic` WHERE  `classid` = 1 [ RunTime:0.000382s ]
[ sql ] [ SQL ] SHOW COLUMNS FROM `os_collection_user` [ RunTime:0.000606s ]
[ sql ] [ SQL ] SELECT * FROM `os_collection_user` WHERE  `uid` = 19  AND `sid` = 29 LIMIT 1 [ RunTime:0.000193s ]
[ sql ] [ SQL ] SELECT * FROM `os_collection_user` WHERE  `uid` = 19  AND `sid` = 30 LIMIT 1 [ RunTime:0.000176s ]

---------------------------------------------------------------
[ 2020-02-23T15:20:56+08:00 ] 172.31.18.39 66.249.73.141 GET /index/index/getlist
[ log ] www.mangtuyou.com/index/index/getlist [运行时间：0.026155s][吞吐率：38.23req/s] [内存消耗：2,372.13kb] [文件加载：53]
[ info ] [ LANG ] /www/wwwroot/www.mangtuyou.com/thinkphp/lang/zh-cn.php
[ info ] [ ROUTE ] array (
  'type' => 'module',
  'module' => 
  array (
    0 => 'index',
    1 => 'index',
    2 => 'getlist',
  ),
)
[ info ] [ HEADER ] array (
  'accept-encoding' => 'gzip,deflate,br',
  'user-agent' => 'Mozilla/5.0 (Linux; Android 6.0.1; Nexus 5X Build/MMB29P) AppleWebKit/537.36 (KHTML, like Gecko) Chrome/41.0.2272.96 Mobile Safari/537.36 (compatible; Googlebot/2.1; +http://www.google.com/bot.html)',
  'from' => 'googlebot(at)googlebot.com',
  'accept' => 'text/html,application/xhtml+xml,application/signed-exchange;v=b3,application/xml;q=0.9,*/*;q=0.8',
  'connection' => 'keep-alive',
  'amp-cache-transform' => 'google;v="1..3"',
  'host' => 'www.mangtuyou.com',
)
[ info ] [ PARAM ] array (
  '/index/index/getlist' => '',
)
[ info ] [ DB ] INIT mysql
[ info ] [ RUN ] app\index\controller\Index->getList[ /www/wwwroot/www.mangtuyou.com/application/index/controller/Index.php ]
[ info ] [ LOG ] INIT File
[ sql ] [ DB ] CONNECT:[ UseTime:0.000664s ] mysql:dbname=mangtoo;host=localhost;port=3306;charset=utf8
[ sql ] [ SQL ] SHOW COLUMNS FROM `os_newscenic` [ RunTime:0.000955s ]
[ sql ] [ SQL ] SELECT * FROM `os_newscenic` WHERE  `classid` = 1 [ RunTime:0.000368s ]
[ sql ] [ SQL ] SHOW COLUMNS FROM `os_collection_user` [ RunTime:0.000621s ]
[ sql ] [ SQL ] SELECT * FROM `os_collection_user` WHERE  `uid` = 19  AND `sid` = 29 LIMIT 1 [ RunTime:0.000276s ]
[ sql ] [ SQL ] SELECT * FROM `os_collection_user` WHERE  `uid` = 19  AND `sid` = 30 LIMIT 1 [ RunTime:0.000229s ]

---------------------------------------------------------------
[ 2020-02-23T15:21:37+08:00 ] 172.31.18.39 66.249.73.139 GET /index/index/marks
[ log ] www.mangtuyou.com/index/index/marks [运行时间：0.019632s][吞吐率：50.94req/s] [内存消耗：2,155.93kb] [文件加载：47]
[ info ] [ LANG ] /www/wwwroot/www.mangtuyou.com/thinkphp/lang/zh-cn.php
[ info ] [ ROUTE ] array (
  'type' => 'module',
  'module' => 
  array (
    0 => 'index',
    1 => 'index',
    2 => 'marks',
  ),
)
[ info ] [ HEADER ] array (
  'accept-encoding' => 'gzip,deflate,br',
  'user-agent' => 'Mozilla/5.0 (Linux; Android 6.0.1; Nexus 5X Build/MMB29P) AppleWebKit/537.36 (KHTML, like Gecko) Chrome/41.0.2272.96 Mobile Safari/537.36 (compatible; Googlebot/2.1; +http://www.google.com/bot.html)',
  'from' => 'googlebot(at)googlebot.com',
  'accept' => 'text/html,application/xhtml+xml,application/signed-exchange;v=b3,application/xml;q=0.9,*/*;q=0.8',
  'connection' => 'keep-alive',
  'amp-cache-transform' => 'google;v="1..3"',
  'host' => 'www.mangtuyou.com',
)
[ info ] [ PARAM ] array (
  '/index/index/marks' => '',
)
[ info ] [ DB ] INIT mysql
[ info ] [ RUN ] app\index\controller\Index->marks[ /www/wwwroot/www.mangtuyou.com/application/index/controller/Index.php ]
[ info ] [ LOG ] INIT File

---------------------------------------------------------------
[ 2020-02-23T15:22:25+08:00 ] 172.31.18.39 66.249.73.139 GET /index/index/mark.html
[ log ] www.mangtuyou.com/index/index/mark.html [运行时间：0.021343s][吞吐率：46.85req/s] [内存消耗：2,164.60kb] [文件加载：48]
[ info ] [ LANG ] /www/wwwroot/www.mangtuyou.com/thinkphp/lang/zh-cn.php
[ info ] [ ROUTE ] array (
  'type' => 'module',
  'module' => 
  array (
    0 => 'index',
    1 => 'index',
    2 => 'mark',
  ),
)
[ info ] [ HEADER ] array (
  'accept-encoding' => 'gzip,deflate,br',
  'user-agent' => 'Mozilla/5.0 (Linux; Android 6.0.1; Nexus 5X Build/MMB29P) AppleWebKit/537.36 (KHTML, like Gecko) Chrome/41.0.2272.96 Mobile Safari/537.36 (compatible; Googlebot/2.1; +http://www.google.com/bot.html)',
  'from' => 'googlebot(at)googlebot.com',
  'accept' => 'text/html,application/xhtml+xml,application/signed-exchange;v=b3,application/xml;q=0.9,*/*;q=0.8',
  'connection' => 'keep-alive',
  'amp-cache-transform' => 'google;v="1..3"',
  'host' => 'www.mangtuyou.com',
)
[ info ] [ PARAM ] array (
  '/index/index/mark_html' => '',
)
[ info ] [ DB ] INIT mysql
[ info ] [ RUN ] app\index\controller\Index->mark[ /www/wwwroot/www.mangtuyou.com/application/index/controller/Index.php ]
[ info ] [ VIEW ] ./themes/index/index/mark.html [ array (
) ]
[ info ] [ LOG ] INIT File

---------------------------------------------------------------
[ 2020-02-23T15:22:35+08:00 ] 172.31.18.39 66.249.73.137 GET /index/index/getmark?uid=19
[ log ] www.mangtuyou.com/index/index/getmark?uid=19 [运行时间：0.022826s][吞吐率：43.81req/s] [内存消耗：2,355.88kb] [文件加载：52]
[ info ] [ LANG ] /www/wwwroot/www.mangtuyou.com/thinkphp/lang/zh-cn.php
[ info ] [ ROUTE ] array (
  'type' => 'module',
  'module' => 
  array (
    0 => 'index',
    1 => 'index',
    2 => 'getmark',
  ),
)
[ info ] [ HEADER ] array (
  'accept-encoding' => 'gzip,deflate,br',
  'user-agent' => 'Mozilla/5.0 (Linux; Android 6.0.1; Nexus 5X Build/MMB29P) AppleWebKit/537.36 (KHTML, like Gecko) Chrome/79.0.3945.120 Mobile Safari/537.36 (compatible; Googlebot/2.1; +http://www.google.com/bot.html)',
  'from' => 'googlebot(at)googlebot.com',
  'accept' => 'application/json,text/javascript,*/*; q=0.01',
  'connection' => 'keep-alive',
  'x-requested-with' => 'XMLHttpRequest',
  'referer' => 'http://www.mangtuyou.com/index/index/mark.html',
  'accept-language' => 'en-US',
  'host' => 'www.mangtuyou.com',
)
[ info ] [ PARAM ] array (
  '/index/index/getmark' => '',
  'uid' => '19',
)
[ info ] [ DB ] INIT mysql
[ info ] [ RUN ] app\index\controller\Index->getmark[ /www/wwwroot/www.mangtuyou.com/application/index/controller/Index.php ]
[ info ] [ LOG ] INIT File
[ sql ] [ DB ] CONNECT:[ UseTime:0.000385s ] mysql:dbname=mangtoo;host=localhost;port=3306;charset=utf8
[ sql ] [ SQL ] SHOW COLUMNS FROM `os_collection_user` [ RunTime:0.001077s ]
[ sql ] [ SQL ] SELECT `C`.`id`,`C`.`sid`,`C`.`note`,`n`.`name_cn`,`n`.`name_kr`,`n`.`img` FROM `os_collection_user` `C` INNER JOIN `os_newscenic` `n` ON `n`.`id`=`C`.`sid` WHERE  `C`.`uid` = '19' [ RunTime:0.000501s ]

---------------------------------------------------------------
[ 2020-02-23T15:23:26+08:00 ] 172.31.18.39 66.249.73.139 GET /index/index/drive.html
[ log ] www.mangtuyou.com/index/index/drive.html [运行时间：0.019496s][吞吐率：51.29req/s] [内存消耗：2,164.62kb] [文件加载：48]
[ info ] [ LANG ] /www/wwwroot/www.mangtuyou.com/thinkphp/lang/zh-cn.php
[ info ] [ ROUTE ] array (
  'type' => 'module',
  'module' => 
  array (
    0 => 'index',
    1 => 'index',
    2 => 'drive',
  ),
)
[ info ] [ HEADER ] array (
  'accept-encoding' => 'gzip,deflate,br',
  'user-agent' => 'Mozilla/5.0 (Linux; Android 6.0.1; Nexus 5X Build/MMB29P) AppleWebKit/537.36 (KHTML, like Gecko) Chrome/41.0.2272.96 Mobile Safari/537.36 (compatible; Googlebot/2.1; +http://www.google.com/bot.html)',
  'from' => 'googlebot(at)googlebot.com',
  'accept' => 'text/html,application/xhtml+xml,application/signed-exchange;v=b3,application/xml;q=0.9,*/*;q=0.8',
  'connection' => 'keep-alive',
  'amp-cache-transform' => 'google;v="1..3"',
  'host' => 'www.mangtuyou.com',
)
[ info ] [ PARAM ] array (
  '/index/index/drive_html' => '',
)
[ info ] [ DB ] INIT mysql
[ info ] [ RUN ] app\index\controller\Index->drive[ /www/wwwroot/www.mangtuyou.com/application/index/controller/Index.php ]
[ info ] [ VIEW ] ./themes/index/index/drive.html [ array (
) ]
[ info ] [ LOG ] INIT File

---------------------------------------------------------------
[ 2020-02-23T15:23:33+08:00 ] 172.31.18.39 66.249.73.139 GET /index/index/getcity
[ log ] www.mangtuyou.com/index/index/getcity [运行时间：0.022584s][吞吐率：44.28req/s] [内存消耗：2,353.38kb] [文件加载：52]
[ info ] [ LANG ] /www/wwwroot/www.mangtuyou.com/thinkphp/lang/zh-cn.php
[ info ] [ ROUTE ] array (
  'type' => 'module',
  'module' => 
  array (
    0 => 'index',
    1 => 'index',
    2 => 'getcity',
  ),
)
[ info ] [ HEADER ] array (
  'accept-encoding' => 'gzip,deflate,br',
  'user-agent' => 'Mozilla/5.0 (Linux; Android 6.0.1; Nexus 5X Build/MMB29P) AppleWebKit/537.36 (KHTML, like Gecko) Chrome/79.0.3945.120 Mobile Safari/537.36 (compatible; Googlebot/2.1; +http://www.google.com/bot.html)',
  'from' => 'googlebot(at)googlebot.com',
  'accept' => 'application/json,text/javascript,*/*; q=0.01',
  'connection' => 'keep-alive',
  'x-requested-with' => 'XMLHttpRequest',
  'referer' => 'http://www.mangtuyou.com/index/index/drive.html',
  'accept-language' => 'en-US',
  'host' => 'www.mangtuyou.com',
)
[ info ] [ PARAM ] array (
  '/index/index/getcity' => '',
)
[ info ] [ DB ] INIT mysql
[ info ] [ RUN ] app\index\controller\Index->getCity[ /www/wwwroot/www.mangtuyou.com/application/index/controller/Index.php ]
[ info ] [ LOG ] INIT File
[ sql ] [ DB ] CONNECT:[ UseTime:0.000424s ] mysql:dbname=mangtoo;host=localhost;port=3306;charset=utf8
[ sql ] [ SQL ] SHOW COLUMNS FROM `os_newscenic` [ RunTime:0.001024s ]
[ sql ] [ SQL ] SELECT DISTINCT  `city` FROM `os_newscenic` ORDER BY city desc [ RunTime:0.000167s ]

---------------------------------------------------------------
[ 2020-02-23T15:23:54+08:00 ] 172.31.18.39 66.249.73.137 GET /index/index/getmark
[ log ] www.mangtuyou.com/index/index/getmark [运行时间：0.023874s][吞吐率：41.89req/s] [内存消耗：2,390.98kb] [文件加载：55]
[ info ] [ LANG ] /www/wwwroot/www.mangtuyou.com/thinkphp/lang/zh-cn.php
[ info ] [ ROUTE ] array (
  'type' => 'module',
  'module' => 
  array (
    0 => 'index',
    1 => 'index',
    2 => 'getmark',
  ),
)
[ info ] [ HEADER ] array (
  'accept-encoding' => 'gzip,deflate,br',
  'user-agent' => 'Mozilla/5.0 (Linux; Android 6.0.1; Nexus 5X Build/MMB29P) AppleWebKit/537.36 (KHTML, like Gecko) Chrome/41.0.2272.96 Mobile Safari/537.36 (compatible; Googlebot/2.1; +http://www.google.com/bot.html)',
  'from' => 'googlebot(at)googlebot.com',
  'accept' => 'text/html,application/xhtml+xml,application/signed-exchange;v=b3,application/xml;q=0.9,*/*;q=0.8',
  'connection' => 'keep-alive',
  'amp-cache-transform' => 'google;v="1..3"',
  'host' => 'www.mangtuyou.com',
)
[ info ] [ PARAM ] array (
  '/index/index/getmark' => '',
)
[ info ] [ DB ] INIT mysql
[ info ] [ RUN ] app\index\controller\Index->getmark[ /www/wwwroot/www.mangtuyou.com/application/index/controller/Index.php ]
[ info ] [ LOG ] INIT File
[ error ] [8]Undefined property: app\index\controller\Index::$openID[/www/wwwroot/www.mangtuyou.com/application/index/controller/Index.php:48]
[ error ] [8]Trying to get property of non-object[/www/wwwroot/www.mangtuyou.com/application/index/controller/Index.php:50]
[ sql ] [ DB ] CONNECT:[ UseTime:0.000400s ] mysql:dbname=mangtoo;host=localhost;port=3306;charset=utf8
[ sql ] [ SQL ] SHOW COLUMNS FROM `os_user` [ RunTime:0.000900s ]
[ sql ] [ SQL ] SELECT * FROM `os_user` WHERE  `openid` = null LIMIT 1 [ RunTime:0.000355s ]
[ sql ] [ SQL ] SHOW COLUMNS FROM `os_collection_user` [ RunTime:0.000852s ]
[ sql ] [ SQL ] SELECT `C`.`id`,`C`.`sid`,`C`.`note`,`n`.`name_cn`,`n`.`name_kr`,`n`.`img` FROM `os_collection_user` `C` INNER JOIN `os_newscenic` `n` ON `n`.`id`=`C`.`sid` WHERE  `C`.`uid` = null [ RunTime:0.000323s ]

---------------------------------------------------------------
[ 2020-02-23T15:24:28+08:00 ] 172.31.18.39 66.249.73.137 GET /index/index/delmarks
[ log ] www.mangtuyou.com/index/index/delmarks [运行时间：0.018861s][吞吐率：53.02req/s] [内存消耗：2,155.95kb] [文件加载：47]
[ info ] [ LANG ] /www/wwwroot/www.mangtuyou.com/thinkphp/lang/zh-cn.php
[ info ] [ ROUTE ] array (
  'type' => 'module',
  'module' => 
  array (
    0 => 'index',
    1 => 'index',
    2 => 'delmarks',
  ),
)
[ info ] [ HEADER ] array (
  'accept-encoding' => 'gzip,deflate,br',
  'user-agent' => 'Mozilla/5.0 (Linux; Android 6.0.1; Nexus 5X Build/MMB29P) AppleWebKit/537.36 (KHTML, like Gecko) Chrome/41.0.2272.96 Mobile Safari/537.36 (compatible; Googlebot/2.1; +http://www.google.com/bot.html)',
  'from' => 'googlebot(at)googlebot.com',
  'accept' => 'text/html,application/xhtml+xml,application/signed-exchange;v=b3,application/xml;q=0.9,*/*;q=0.8',
  'connection' => 'keep-alive',
  'amp-cache-transform' => 'google;v="1..3"',
  'host' => 'www.mangtuyou.com',
)
[ info ] [ PARAM ] array (
  '/index/index/delmarks' => '',
)
[ info ] [ DB ] INIT mysql
[ info ] [ RUN ] app\index\controller\Index->delmarks[ /www/wwwroot/www.mangtuyou.com/application/index/controller/Index.php ]
[ info ] [ LOG ] INIT File

---------------------------------------------------------------
[ 2020-02-23T15:41:05+08:00 ] 172.31.18.39 223.78.222.40 GET /index/index/index.html
[ log ] www.mangtuyou.com/index/index/index.html [运行时间：0.019209s][吞吐率：52.06req/s] [内存消耗：2,180.30kb] [文件加载：48]
[ info ] [ LANG ] /www/wwwroot/www.mangtuyou.com/thinkphp/lang/zh-cn.php
[ info ] [ ROUTE ] array (
  'type' => 'module',
  'module' => 
  array (
    0 => 'index',
    1 => 'index',
    2 => 'index',
  ),
)
[ info ] [ HEADER ] array (
  'connection' => 'keep-alive',
  'accept' => 'text/html, image/gif, image/jpeg, *; q=.2, */*; q=.2',
  'host' => 'www.mangtuyou.com',
  'pragma' => 'no-cache',
  'cache-control' => 'no-cache',
  'accept-encoding' => 'gzip',
  'user-agent' => 'WebStorm/193.5662.54',
)
[ info ] [ PARAM ] array (
  '/index/index/index_html' => '',
)
[ info ] [ DB ] INIT mysql
[ info ] [ RUN ] app\index\controller\Index->index[ /www/wwwroot/www.mangtuyou.com/application/index/controller/Index.php ]
[ info ] [ VIEW ] ./themes/index/index/index.html [ array (
) ]
[ info ] [ LOG ] INIT File

---------------------------------------------------------------
[ 2020-02-23T16:15:20+08:00 ] 172.31.18.39 34.228.216.167 GET /
[ log ] www.mangtuyou.com/ [运行时间：0.020664s][吞吐率：48.39req/s] [内存消耗：2,176.88kb] [文件加载：48]
[ info ] [ LANG ] /www/wwwroot/www.mangtuyou.com/thinkphp/lang/zh-cn.php
[ info ] [ ROUTE ] array (
  'type' => 'module',
  'module' => 
  array (
    0 => '',
    1 => NULL,
    2 => NULL,
  ),
)
[ info ] [ HEADER ] array (
  'host' => 'www.mangtuyou.com',
  'accept-encoding' => 'utf-8',
  'accept-language' => 'en-US,en;q=0.5',
  'accept' => 'text/html,application/xhtml+xml,application/xml;q=0.9,*/*;q=0.8',
  'user-agent' => 'Mozilla/5.0 (X11; Linux x86_64) AppleWebKit/537.36 (KHTML, like Gecko) Chrome/58.0.3029.110 Safari/537.36',
)
[ info ] [ PARAM ] array (
)
[ info ] [ DB ] INIT mysql
[ info ] [ RUN ] app\index\controller\Index->index[ /www/wwwroot/www.mangtuyou.com/application/index/controller/Index.php ]
[ info ] [ VIEW ] ./themes/index/index/index.html [ array (
) ]
[ info ] [ LOG ] INIT File

---------------------------------------------------------------
[ 2020-02-23T18:40:01+08:00 ] 172.31.18.39 66.249.73.139 GET /
[ log ] www.mangtuyou.com/ [运行时间：0.021263s][吞吐率：47.03req/s] [内存消耗：2,176.91kb] [文件加载：48]
[ info ] [ LANG ] /www/wwwroot/www.mangtuyou.com/thinkphp/lang/zh-cn.php
[ info ] [ ROUTE ] array (
  'type' => 'module',
  'module' => 
  array (
    0 => '',
    1 => NULL,
    2 => NULL,
  ),
)
[ info ] [ HEADER ] array (
  'accept-encoding' => 'gzip,deflate,br',
  'user-agent' => 'Mozilla/5.0 (compatible; Googlebot/2.1; +http://www.google.com/bot.html)',
  'from' => 'googlebot(at)googlebot.com',
  'accept' => 'text/html,application/xhtml+xml,application/xml;q=0.9,*/*;q=0.8',
  'connection' => 'keep-alive',
  'host' => 'www.mangtuyou.com',
)
[ info ] [ PARAM ] array (
)
[ info ] [ DB ] INIT mysql
[ info ] [ RUN ] app\index\controller\Index->index[ /www/wwwroot/www.mangtuyou.com/application/index/controller/Index.php ]
[ info ] [ VIEW ] ./themes/index/index/index.html [ array (
) ]
[ info ] [ LOG ] INIT File

---------------------------------------------------------------
[ 2020-02-23T18:40:14+08:00 ] 172.31.18.39 66.249.73.137 GET /index/index/getlist?class=1&uid=19
[ log ] www.mangtuyou.com/index/index/getlist?class=1&uid=19 [运行时间：0.024915s][吞吐率：40.14req/s] [内存消耗：2,372.75kb] [文件加载：53]
[ info ] [ LANG ] /www/wwwroot/www.mangtuyou.com/thinkphp/lang/zh-cn.php
[ info ] [ ROUTE ] array (
  'type' => 'module',
  'module' => 
  array (
    0 => 'index',
    1 => 'index',
    2 => 'getlist',
  ),
)
[ info ] [ HEADER ] array (
  'accept-encoding' => 'gzip,deflate,br',
  'user-agent' => 'Mozilla/5.0 AppleWebKit/537.36 (KHTML, like Gecko; compatible; Googlebot/2.1; +http://www.google.com/bot.html) Chrome/79.0.3945.120 Safari/537.36',
  'from' => 'googlebot(at)googlebot.com',
  'accept' => 'application/json,text/javascript,*/*; q=0.01',
  'connection' => 'keep-alive',
  'x-requested-with' => 'XMLHttpRequest',
  'referer' => 'http://www.mangtuyou.com/',
  'accept-language' => 'en-US',
  'host' => 'www.mangtuyou.com',
)
[ info ] [ PARAM ] array (
  '/index/index/getlist' => '',
  'class' => '1',
  'uid' => '19',
)
[ info ] [ DB ] INIT mysql
[ info ] [ RUN ] app\index\controller\Index->getList[ /www/wwwroot/www.mangtuyou.com/application/index/controller/Index.php ]
[ info ] [ LOG ] INIT File
[ sql ] [ DB ] CONNECT:[ UseTime:0.000451s ] mysql:dbname=mangtoo;host=localhost;port=3306;charset=utf8
[ sql ] [ SQL ] SHOW COLUMNS FROM `os_newscenic` [ RunTime:0.001009s ]
[ sql ] [ SQL ] SELECT * FROM `os_newscenic` WHERE  `classid` = 1 [ RunTime:0.000285s ]
[ sql ] [ SQL ] SHOW COLUMNS FROM `os_collection_user` [ RunTime:0.000693s ]
[ sql ] [ SQL ] SELECT * FROM `os_collection_user` WHERE  `uid` = 19  AND `sid` = 29 LIMIT 1 [ RunTime:0.000234s ]
[ sql ] [ SQL ] SELECT * FROM `os_collection_user` WHERE  `uid` = 19  AND `sid` = 30 LIMIT 1 [ RunTime:0.000309s ]

---------------------------------------------------------------
[ 2020-02-23T20:19:54+08:00 ] 172.31.18.39 223.78.222.40 GET /index/index/index.html
[ log ] www.mangtuyou.com/index/index/index.html [运行时间：0.019945s][吞吐率：50.14req/s] [内存消耗：2,181.04kb] [文件加载：48]
[ info ] [ LANG ] /www/wwwroot/www.mangtuyou.com/thinkphp/lang/zh-cn.php
[ info ] [ ROUTE ] array (
  'type' => 'module',
  'module' => 
  array (
    0 => 'index',
    1 => 'index',
    2 => 'index',
  ),
)
[ info ] [ HEADER ] array (
  'cookie' => 'serverType=apache; order=id%20desc; memSize=3789; uploadSize=1073741824; copyFileName=/www/wwwroot/www.mangtuyou.com; cutFileName=null; SetId=dfile; ChangePath=24; SetName=www.mangtuyou.com.tar.gz; conterError=; BatchSelected=1; BatchPaste=1; rank=a; fifteen=0.05; one=0; five=0.01; Path=/www/wwwroot/www.mangtuyou.com/themes/index/index; memRealUsed=866; mem-before=866/3789%20%28MB%29; downNet=0; upNet=0; BT_PANEL=29f851b3d8ad333ac6d9a1d3119c8e4ef94c66ba',
  'accept-language' => 'zh-CN,zh;q=0.9',
  'accept-encoding' => 'gzip, deflate',
  'accept' => 'text/html,application/xhtml+xml,application/xml;q=0.9,image/webp,image/apng,*/*;q=0.8,application/signed-exchange;v=b3;q=0.9',
  'user-agent' => 'Mozilla/5.0 (Windows NT 6.3; WOW64) AppleWebKit/537.36 (KHTML, like Gecko) Chrome/81.0.4044.9 Safari/537.36',
  'upgrade-insecure-requests' => '1',
  'connection' => 'keep-alive',
  'host' => 'www.mangtuyou.com',
)
[ info ] [ PARAM ] array (
  '/index/index/index_html' => '',
)
[ info ] [ DB ] INIT mysql
[ info ] [ RUN ] app\index\controller\Index->index[ /www/wwwroot/www.mangtuyou.com/application/index/controller/Index.php ]
[ info ] [ VIEW ] ./themes/index/index/index.html [ array (
) ]
[ info ] [ LOG ] INIT File

---------------------------------------------------------------
[ 2020-02-23T20:19:55+08:00 ] 172.31.18.39 223.78.222.40 GET /index/index/getlist?class=1&uid=19
[ log ] www.mangtuyou.com/index/index/getlist?class=1&uid=19 [运行时间：0.023527s][吞吐率：42.50req/s] [内存消耗：2,373.13kb] [文件加载：53]
[ info ] [ LANG ] /www/wwwroot/www.mangtuyou.com/thinkphp/lang/zh-cn.php
[ info ] [ ROUTE ] array (
  'type' => 'module',
  'module' => 
  array (
    0 => 'index',
    1 => 'index',
    2 => 'getlist',
  ),
)
[ info ] [ HEADER ] array (
  'cookie' => 'serverType=apache; order=id%20desc; memSize=3789; uploadSize=1073741824; copyFileName=/www/wwwroot/www.mangtuyou.com; cutFileName=null; SetId=dfile; ChangePath=24; SetName=www.mangtuyou.com.tar.gz; conterError=; BatchSelected=1; BatchPaste=1; rank=a; fifteen=0.05; one=0; five=0.01; Path=/www/wwwroot/www.mangtuyou.com/themes/index/index; memRealUsed=866; mem-before=866/3789%20%28MB%29; downNet=0; upNet=0; BT_PANEL=974a7a2beacd566479ff77a14a29505b7eb13cb3',
  'accept-language' => 'zh-CN,zh;q=0.9',
  'accept-encoding' => 'gzip, deflate',
  'referer' => 'http://www.mangtuyou.com/index/index/index.html',
  'x-requested-with' => 'XMLHttpRequest',
  'user-agent' => 'Mozilla/5.0 (Windows NT 6.3; WOW64) AppleWebKit/537.36 (KHTML, like Gecko) Chrome/81.0.4044.9 Safari/537.36',
  'accept' => 'application/json, text/javascript, */*; q=0.01',
  'connection' => 'keep-alive',
  'host' => 'www.mangtuyou.com',
)
[ info ] [ PARAM ] array (
  '/index/index/getlist' => '',
  'class' => '1',
  'uid' => '19',
)
[ info ] [ DB ] INIT mysql
[ info ] [ RUN ] app\index\controller\Index->getList[ /www/wwwroot/www.mangtuyou.com/application/index/controller/Index.php ]
[ info ] [ LOG ] INIT File
[ sql ] [ DB ] CONNECT:[ UseTime:0.000423s ] mysql:dbname=mangtoo;host=localhost;port=3306;charset=utf8
[ sql ] [ SQL ] SHOW COLUMNS FROM `os_newscenic` [ RunTime:0.000945s ]
[ sql ] [ SQL ] SELECT * FROM `os_newscenic` WHERE  `classid` = 1 [ RunTime:0.000299s ]
[ sql ] [ SQL ] SHOW COLUMNS FROM `os_collection_user` [ RunTime:0.000579s ]
[ sql ] [ SQL ] SELECT * FROM `os_collection_user` WHERE  `uid` = 19  AND `sid` = 29 LIMIT 1 [ RunTime:0.000206s ]
[ sql ] [ SQL ] SELECT * FROM `os_collection_user` WHERE  `uid` = 19  AND `sid` = 30 LIMIT 1 [ RunTime:0.000165s ]

---------------------------------------------------------------
[ 2020-02-23T20:19:55+08:00 ] 172.31.18.39 223.78.222.40 GET /index/index_copy/index
[ log ] www.mangtuyou.com/index/index_copy/index [运行时间：0.019368s][吞吐率：51.63req/s] [内存消耗：2,148.26kb] [文件加载：48]
[ info ] [ LANG ] /www/wwwroot/www.mangtuyou.com/thinkphp/lang/zh-cn.php
[ info ] [ ROUTE ] array (
  'type' => 'module',
  'module' => 
  array (
    0 => 'index',
    1 => 'index_copy',
    2 => 'index',
  ),
)
[ info ] [ HEADER ] array (
  'cookie' => 'serverType=apache; order=id%20desc; memSize=3789; uploadSize=1073741824; copyFileName=/www/wwwroot/www.mangtuyou.com; cutFileName=null; SetId=dfile; ChangePath=24; SetName=www.mangtuyou.com.tar.gz; conterError=; BatchSelected=1; BatchPaste=1; rank=a; fifteen=0.05; one=0; five=0.01; Path=/www/wwwroot/www.mangtuyou.com/themes/index/index; memRealUsed=866; mem-before=866/3789%20%28MB%29; downNet=0; upNet=0; BT_PANEL=974a7a2beacd566479ff77a14a29505b7eb13cb3',
  'accept-language' => 'zh-CN,zh;q=0.9',
  'accept-encoding' => 'gzip, deflate',
  'accept' => 'text/html,application/xhtml+xml,application/xml;q=0.9,image/webp,image/apng,*/*;q=0.8,application/signed-exchange;v=b3;q=0.9',
  'user-agent' => 'Mozilla/5.0 (Windows NT 6.3; WOW64) AppleWebKit/537.36 (KHTML, like Gecko) Chrome/81.0.4044.9 Safari/537.36',
  'upgrade-insecure-requests' => '1',
  'connection' => 'keep-alive',
  'host' => 'www.mangtuyou.com',
)
[ info ] [ PARAM ] array (
  '/index/index_copy/index' => '',
)
[ info ] [ DB ] INIT mysql
[ info ] [ RUN ] app\index\controller\IndexCopy->index[ /www/wwwroot/www.mangtuyou.com/application/index/controller/IndexCopy.php ]
[ info ] [ VIEW ] ./themes/index/index_copy/index.html [ array (
) ]
[ info ] [ LOG ] INIT File

---------------------------------------------------------------
[ 2020-02-23T20:19:56+08:00 ] 172.31.18.39 223.78.222.40 GET /favicon.ico
[ log ] www.mangtuyou.com/favicon.ico [运行时间：0.012688s][吞吐率：78.82req/s] [内存消耗：1,115.03kb] [文件加载：33]
[ info ] [ LANG ] /www/wwwroot/www.mangtuyou.com/thinkphp/lang/zh-cn.php
[ info ] [ ROUTE ] array (
  'type' => 'module',
  'module' => 
  array (
    0 => 'favicon.ico',
    1 => NULL,
    2 => NULL,
  ),
)
[ info ] [ HEADER ] array (
  'cookie' => 'serverType=apache; order=id%20desc; memSize=3789; uploadSize=1073741824; copyFileName=/www/wwwroot/www.mangtuyou.com; cutFileName=null; SetId=dfile; ChangePath=24; SetName=www.mangtuyou.com.tar.gz; conterError=; BatchSelected=1; BatchPaste=1; rank=a; fifteen=0.05; one=0; five=0.01; Path=/www/wwwroot/www.mangtuyou.com/themes/index/index; memRealUsed=866; mem-before=866/3789%20%28MB%29; downNet=0; upNet=0; BT_PANEL=974a7a2beacd566479ff77a14a29505b7eb13cb3',
  'accept-language' => 'zh-CN,zh;q=0.9',
  'accept-encoding' => 'gzip, deflate',
  'referer' => 'http://www.mangtuyou.com/index/index/index.html',
  'accept' => 'image/webp,image/apng,image/*,*/*;q=0.8',
  'user-agent' => 'Mozilla/5.0 (Windows NT 6.3; WOW64) AppleWebKit/537.36 (KHTML, like Gecko) Chrome/81.0.4044.9 Safari/537.36',
  'connection' => 'keep-alive',
  'host' => 'www.mangtuyou.com',
)
[ info ] [ PARAM ] array (
  '/favicon_ico' => '',
)
[ info ] [ LOG ] INIT File

---------------------------------------------------------------
[ 2020-02-23T21:08:02+08:00 ] 172.31.18.39 123.125.71.20 GET /
[ log ] www.mangtuyou.com/ [运行时间：0.029227s][吞吐率：34.21req/s] [内存消耗：2,177.06kb] [文件加载：48]
[ info ] [ LANG ] /www/wwwroot/www.mangtuyou.com/thinkphp/lang/zh-cn.php
[ info ] [ ROUTE ] array (
  'type' => 'module',
  'module' => 
  array (
    0 => '',
    1 => NULL,
    2 => NULL,
  ),
)
[ info ] [ HEADER ] array (
  'accept' => '*/*',
  'accept-encoding' => 'gzip',
  'if-none-match' => '"21b9-593c19c9f880b-gzip"',
  'if-modified-since' => 'Mon, 30 Sep 2019 09:10:49 GMT',
  'accept-language' => 'zh-cn,zh-tw',
  'user-agent' => 'Mozilla/5.0 (compatible; Baiduspider/2.0; +http://www.baidu.com/search/spider.html)',
  'connection' => 'close',
  'host' => 'www.mangtuyou.com',
)
[ info ] [ PARAM ] array (
)
[ info ] [ DB ] INIT mysql
[ info ] [ RUN ] app\index\controller\Index->index[ /www/wwwroot/www.mangtuyou.com/application/index/controller/Index.php ]
[ info ] [ VIEW ] ./themes/index/index/index.html [ array (
) ]
[ info ] [ LOG ] INIT File

---------------------------------------------------------------
[ 2020-02-23T21:08:27+08:00 ] 172.31.18.39 111.206.221.75 GET /index/index/getlist?class=1
[ log ] www.mangtuyou.com/index/index/getlist?class=1 [运行时间：0.024673s][吞吐率：40.53req/s] [内存消耗：2,372.73kb] [文件加载：53]
[ info ] [ LANG ] /www/wwwroot/www.mangtuyou.com/thinkphp/lang/zh-cn.php
[ info ] [ ROUTE ] array (
  'type' => 'module',
  'module' => 
  array (
    0 => 'index',
    1 => 'index',
    2 => 'getlist',
  ),
)
[ info ] [ HEADER ] array (
  'referer' => 'http://www.mangtuyou.com/',
  'resource-type' => '13',
  'accept-language' => 'zh-CN,zh;q=0.8,en-US;q=0.5,en;q=0.3',
  'x-requested-with' => 'XMLHttpRequest',
  'x-devtools-emulate-network-conditions-client-id' => 'e273e97f-98e5-4c1f-8391-840f19c713d0',
  'accept' => 'application/json, text/javascript, */*; q=0.01',
  'proxy-connection' => 'keep-alive',
  'user-agent' => 'Mozilla/5.0 (iPhone; CPU iPhone OS 9_1 like Mac OS X) AppleWebKit/601.1.46 (KHTML, like Gecko) Version/9.0 Mobile/13B143 Safari/601.1 (compatible; Baiduspider-render/2.0; +http://www.baidu.com/search/spider.html)',
  'host' => 'www.mangtuyou.com',
)
[ info ] [ PARAM ] array (
  '/index/index/getlist' => '',
  'class' => '1',
)
[ info ] [ DB ] INIT mysql
[ info ] [ RUN ] app\index\controller\Index->getList[ /www/wwwroot/www.mangtuyou.com/application/index/controller/Index.php ]
[ info ] [ LOG ] INIT File
[ sql ] [ DB ] CONNECT:[ UseTime:0.000488s ] mysql:dbname=mangtoo;host=localhost;port=3306;charset=utf8
[ sql ] [ SQL ] SHOW COLUMNS FROM `os_newscenic` [ RunTime:0.001043s ]
[ sql ] [ SQL ] SELECT * FROM `os_newscenic` WHERE  `classid` = 1 [ RunTime:0.000283s ]
[ sql ] [ SQL ] SHOW COLUMNS FROM `os_collection_user` [ RunTime:0.000670s ]
[ sql ] [ SQL ] SELECT * FROM `os_collection_user` WHERE  `uid` = 19  AND `sid` = 29 LIMIT 1 [ RunTime:0.000276s ]
[ sql ] [ SQL ] SELECT * FROM `os_collection_user` WHERE  `uid` = 19  AND `sid` = 30 LIMIT 1 [ RunTime:0.000254s ]

---------------------------------------------------------------
