[ 2020-03-01T17:21:04+08:00 ] 172.31.18.39 123.126.113.248 GET /
[ log ] www.mangtuyou.com/ [运行时间：0.020428s][吞吐率：48.95req/s] [内存消耗：2,176.80kb] [文件加载：48]
[ info ] [ LANG ] /www/wwwroot/www.mangtuyou.com/thinkphp/lang/zh-cn.php
[ info ] [ ROUTE ] array (
  'type' => 'module',
  'module' => 
  array (
    0 => '',
    1 => NULL,
    2 => NULL,
  ),
)
[ info ] [ HEADER ] array (
  'accept-encoding' => 'gzip,deflate',
  'connection' => 'Keep-Alive',
  'host' => 'www.mangtuyou.com',
  'user-agent' => 'Mozilla/5.0 (Windows NT 10.0; WOW64) AppleWebKit/537.36 (KHTML, like Gecko) Chrome/62.0.3202.94 Safari/537.36',
)
[ info ] [ PARAM ] array (
)
[ info ] [ DB ] INIT mysql
[ info ] [ RUN ] app\index\controller\Index->index[ /www/wwwroot/www.mangtuyou.com/application/index/controller/Index.php ]
[ info ] [ VIEW ] ./themes/index/index/index.html [ array (
) ]
[ info ] [ LOG ] INIT File

---------------------------------------------------------------
[ 2020-03-01T18:50:35+08:00 ] 172.31.18.39 47.92.29.149 GET /
[ log ] www.mangtuyou.com/ [运行时间：0.019377s][吞吐率：51.61req/s] [内存消耗：2,176.72kb] [文件加载：48]
[ info ] [ LANG ] /www/wwwroot/www.mangtuyou.com/thinkphp/lang/zh-cn.php
[ info ] [ ROUTE ] array (
  'type' => 'module',
  'module' => 
  array (
    0 => '',
    1 => NULL,
    2 => NULL,
  ),
)
[ info ] [ HEADER ] array (
  'accept-encoding' => 'gzip',
  'connection' => 'Keep-Alive',
  'host' => 'www.mangtuyou.com',
  'user-agent' => 'Mozilla/5.0 (X11; Ubuntu; Linux x86_64; rv:36.0) Gecko/20100101 Firefox/36.0',
)
[ info ] [ PARAM ] array (
)
[ info ] [ DB ] INIT mysql
[ info ] [ RUN ] app\index\controller\Index->index[ /www/wwwroot/www.mangtuyou.com/application/index/controller/Index.php ]
[ info ] [ VIEW ] ./themes/index/index/index.html [ array (
) ]
[ info ] [ LOG ] INIT File

---------------------------------------------------------------
[ 2020-03-01T18:50:36+08:00 ] 172.31.18.39 47.92.29.149 GET /index/index/mark.html
[ log ] www.mangtuyou.com/index/index/mark.html [运行时间：0.020213s][吞吐率：49.47req/s] [内存消耗：2,164.12kb] [文件加载：48]
[ info ] [ LANG ] /www/wwwroot/www.mangtuyou.com/thinkphp/lang/zh-cn.php
[ info ] [ ROUTE ] array (
  'type' => 'module',
  'module' => 
  array (
    0 => 'index',
    1 => 'index',
    2 => 'mark',
  ),
)
[ info ] [ HEADER ] array (
  'accept-encoding' => 'gzip',
  'connection' => 'Keep-Alive',
  'host' => 'www.mangtuyou.com',
  'user-agent' => 'Mozilla/5.0 (X11; Ubuntu; Linux x86_64; rv:36.0) Gecko/20100101 Firefox/36.0',
)
[ info ] [ PARAM ] array (
  '/index/index/mark_html' => '',
)
[ info ] [ DB ] INIT mysql
[ info ] [ RUN ] app\index\controller\Index->mark[ /www/wwwroot/www.mangtuyou.com/application/index/controller/Index.php ]
[ info ] [ VIEW ] ./themes/index/index/mark.html [ array (
) ]
[ info ] [ LOG ] INIT File

---------------------------------------------------------------
[ 2020-03-01T18:50:36+08:00 ] 172.31.18.39 47.92.29.149 GET /index/index/drive.html
[ log ] www.mangtuyou.com/index/index/drive.html [运行时间：0.019299s][吞吐率：51.82req/s] [内存消耗：2,164.13kb] [文件加载：48]
[ info ] [ LANG ] /www/wwwroot/www.mangtuyou.com/thinkphp/lang/zh-cn.php
[ info ] [ ROUTE ] array (
  'type' => 'module',
  'module' => 
  array (
    0 => 'index',
    1 => 'index',
    2 => 'drive',
  ),
)
[ info ] [ HEADER ] array (
  'accept-encoding' => 'gzip',
  'connection' => 'Keep-Alive',
  'host' => 'www.mangtuyou.com',
  'user-agent' => 'Mozilla/5.0 (X11; Ubuntu; Linux x86_64; rv:36.0) Gecko/20100101 Firefox/36.0',
)
[ info ] [ PARAM ] array (
  '/index/index/drive_html' => '',
)
[ info ] [ DB ] INIT mysql
[ info ] [ RUN ] app\index\controller\Index->drive[ /www/wwwroot/www.mangtuyou.com/application/index/controller/Index.php ]
[ info ] [ VIEW ] ./themes/index/index/drive.html [ array (
) ]
[ info ] [ LOG ] INIT File

---------------------------------------------------------------
[ 2020-03-01T19:17:55+08:00 ] 172.31.18.39 123.125.71.71 GET /
[ log ] www.mangtuyou.com/ [运行时间：0.020596s][吞吐率：48.55req/s] [内存消耗：2,177.25kb] [文件加载：48]
[ info ] [ LANG ] /www/wwwroot/www.mangtuyou.com/thinkphp/lang/zh-cn.php
[ info ] [ ROUTE ] array (
  'type' => 'module',
  'module' => 
  array (
    0 => '',
    1 => NULL,
    2 => NULL,
  ),
)
[ info ] [ HEADER ] array (
  'accept' => '*/*',
  'accept-encoding' => 'gzip',
  'if-none-match' => '"21b9-593c19c9f880b-gzip"',
  'if-modified-since' => 'Mon, 30 Sep 2019 09:10:49 GMT',
  'accept-language' => 'zh-cn,zh-tw',
  'user-agent' => 'Mozilla/5.0 (Linux;u;Android 4.2.2;zh-cn;) AppleWebKit/534.46 (KHTML,like Gecko) Version/5.1 Mobile Safari/10600.6.3 (compatible; Baiduspider/2.0; +http://www.baidu.com/search/spider.html)',
  'connection' => 'close',
  'host' => 'www.mangtuyou.com',
)
[ info ] [ PARAM ] array (
)
[ info ] [ DB ] INIT mysql
[ info ] [ RUN ] app\index\controller\Index->index[ /www/wwwroot/www.mangtuyou.com/application/index/controller/Index.php ]
[ info ] [ VIEW ] ./themes/index/index/index.html [ array (
) ]
[ info ] [ LOG ] INIT File

---------------------------------------------------------------
[ 2020-03-01T19:18:30+08:00 ] 172.31.18.39 111.206.221.33 GET /index/index/getlist?class=1
[ log ] www.mangtuyou.com/index/index/getlist?class=1 [运行时间：0.025389s][吞吐率：39.39req/s] [内存消耗：2,372.73kb] [文件加载：53]
[ info ] [ LANG ] /www/wwwroot/www.mangtuyou.com/thinkphp/lang/zh-cn.php
[ info ] [ ROUTE ] array (
  'type' => 'module',
  'module' => 
  array (
    0 => 'index',
    1 => 'index',
    2 => 'getlist',
  ),
)
[ info ] [ HEADER ] array (
  'referer' => 'http://www.mangtuyou.com/',
  'resource-type' => '13',
  'accept-language' => 'zh-CN,zh;q=0.8,en-US;q=0.5,en;q=0.3',
  'x-requested-with' => 'XMLHttpRequest',
  'x-devtools-emulate-network-conditions-client-id' => '6433cd94-cd64-4d51-85e2-c0d485686960',
  'accept' => 'application/json, text/javascript, */*; q=0.01',
  'proxy-connection' => 'keep-alive',
  'user-agent' => 'Mozilla/5.0 (iPhone; CPU iPhone OS 9_1 like Mac OS X) AppleWebKit/601.1.46 (KHTML, like Gecko) Version/9.0 Mobile/13B143 Safari/601.1 (compatible; Baiduspider-render/2.0; +http://www.baidu.com/search/spider.html)',
  'host' => 'www.mangtuyou.com',
)
[ info ] [ PARAM ] array (
  '/index/index/getlist' => '',
  'class' => '1',
)
[ info ] [ DB ] INIT mysql
[ info ] [ RUN ] app\index\controller\Index->getList[ /www/wwwroot/www.mangtuyou.com/application/index/controller/Index.php ]
[ info ] [ LOG ] INIT File
[ sql ] [ DB ] CONNECT:[ UseTime:0.000419s ] mysql:dbname=mangtoo;host=localhost;port=3306;charset=utf8
[ sql ] [ SQL ] SHOW COLUMNS FROM `os_newscenic` [ RunTime:0.000987s ]
[ sql ] [ SQL ] SELECT * FROM `os_newscenic` WHERE  `classid` = 1 [ RunTime:0.000234s ]
[ sql ] [ SQL ] SHOW COLUMNS FROM `os_collection_user` [ RunTime:0.000583s ]
[ sql ] [ SQL ] SELECT * FROM `os_collection_user` WHERE  `uid` = 19  AND `sid` = 29 LIMIT 1 [ RunTime:0.000264s ]
[ sql ] [ SQL ] SELECT * FROM `os_collection_user` WHERE  `uid` = 19  AND `sid` = 30 LIMIT 1 [ RunTime:0.000123s ]

---------------------------------------------------------------
[ 2020-03-01T19:18:46+08:00 ] 172.31.18.39 111.206.198.102 GET /index/index/getlist?class=1
[ log ] www.mangtuyou.com/index/index/getlist?class=1 [运行时间：0.026021s][吞吐率：38.43req/s] [内存消耗：2,372.73kb] [文件加载：53]
[ info ] [ LANG ] /www/wwwroot/www.mangtuyou.com/thinkphp/lang/zh-cn.php
[ info ] [ ROUTE ] array (
  'type' => 'module',
  'module' => 
  array (
    0 => 'index',
    1 => 'index',
    2 => 'getlist',
  ),
)
[ info ] [ HEADER ] array (
  'referer' => 'http://www.mangtuyou.com/',
  'resource-type' => '13',
  'accept-language' => 'zh-CN,zh;q=0.8,en-US;q=0.5,en;q=0.3',
  'x-requested-with' => 'XMLHttpRequest',
  'x-devtools-emulate-network-conditions-client-id' => '13e1b666-57cf-458f-b3d9-1c897340ed6f',
  'accept' => 'application/json, text/javascript, */*; q=0.01',
  'proxy-connection' => 'keep-alive',
  'user-agent' => 'Mozilla/5.0 (iPhone; CPU iPhone OS 9_1 like Mac OS X) AppleWebKit/601.1.46 (KHTML, like Gecko) Version/9.0 Mobile/13B143 Safari/601.1 (compatible; Baiduspider-render/2.0; +http://www.baidu.com/search/spider.html)',
  'host' => 'www.mangtuyou.com',
)
[ info ] [ PARAM ] array (
  '/index/index/getlist' => '',
  'class' => '1',
)
[ info ] [ DB ] INIT mysql
[ info ] [ RUN ] app\index\controller\Index->getList[ /www/wwwroot/www.mangtuyou.com/application/index/controller/Index.php ]
[ info ] [ LOG ] INIT File
[ sql ] [ DB ] CONNECT:[ UseTime:0.000500s ] mysql:dbname=mangtoo;host=localhost;port=3306;charset=utf8
[ sql ] [ SQL ] SHOW COLUMNS FROM `os_newscenic` [ RunTime:0.000938s ]
[ sql ] [ SQL ] SELECT * FROM `os_newscenic` WHERE  `classid` = 1 [ RunTime:0.000326s ]
[ sql ] [ SQL ] SHOW COLUMNS FROM `os_collection_user` [ RunTime:0.000880s ]
[ sql ] [ SQL ] SELECT * FROM `os_collection_user` WHERE  `uid` = 19  AND `sid` = 29 LIMIT 1 [ RunTime:0.000341s ]
[ sql ] [ SQL ] SELECT * FROM `os_collection_user` WHERE  `uid` = 19  AND `sid` = 30 LIMIT 1 [ RunTime:0.000237s ]

---------------------------------------------------------------
[ 2020-03-01T22:45:15+08:00 ] 172.31.18.39 47.116.22.123 GET /
[ log ] www.mangtuyou.com/ [运行时间：0.020859s][吞吐率：47.94req/s] [内存消耗：2,176.98kb] [文件加载：48]
[ info ] [ LANG ] /www/wwwroot/www.mangtuyou.com/thinkphp/lang/zh-cn.php
[ info ] [ ROUTE ] array (
  'type' => 'module',
  'module' => 
  array (
    0 => '',
    1 => NULL,
    2 => NULL,
  ),
)
[ info ] [ HEADER ] array (
  'accept-language' => 'zh-CN,zh;q=0.8',
  'connection' => 'keep-alive',
  'accept' => 'text/html,application/xhtml+xml,application/xml;q=0.9,image/webp,image/apng,*/*;q=0.8',
  'accept-encoding' => 'gzip, deflate',
  'user-agent' => 'Mozilla/5.0 (Windows NT 10.0; Win64; x64) AppleWebKit/537.36 (KHTML, like Gecko) Chrome/59.0.3071.115 Safari/537.36',
  'host' => 'www.mangtuyou.com',
)
[ info ] [ PARAM ] array (
)
[ info ] [ DB ] INIT mysql
[ info ] [ RUN ] app\index\controller\Index->index[ /www/wwwroot/www.mangtuyou.com/application/index/controller/Index.php ]
[ info ] [ VIEW ] ./themes/index/index/index.html [ array (
) ]
[ info ] [ LOG ] INIT File

---------------------------------------------------------------
[ 2020-03-01T22:45:15+08:00 ] 172.31.18.39 47.116.22.123 GET /explicit_not_exist_path
[ log ] www.mangtuyou.com/explicit_not_exist_path [运行时间：0.012030s][吞吐率：83.13req/s] [内存消耗：1,114.47kb] [文件加载：33]
[ info ] [ LANG ] /www/wwwroot/www.mangtuyou.com/thinkphp/lang/zh-cn.php
[ info ] [ ROUTE ] array (
  'type' => 'module',
  'module' => 
  array (
    0 => 'explicit_not_exist_path',
    1 => NULL,
    2 => NULL,
  ),
)
[ info ] [ HEADER ] array (
  'accept-language' => 'zh-CN,zh;q=0.8',
  'connection' => 'keep-alive',
  'accept' => 'text/html,application/xhtml+xml,application/xml;q=0.9,image/webp,image/apng,*/*;q=0.8',
  'accept-encoding' => 'gzip, deflate',
  'user-agent' => 'Mozilla/5.0 (Windows NT 10.0; Win64; x64) AppleWebKit/537.36 (KHTML, like Gecko) Chrome/59.0.3071.115 Safari/537.36',
  'host' => 'www.mangtuyou.com',
)
[ info ] [ PARAM ] array (
  '/explicit_not_exist_path' => '',
)
[ info ] [ LOG ] INIT File

---------------------------------------------------------------
[ 2020-03-01T22:45:15+08:00 ] 172.31.18.39 47.116.22.123 GET /index.html
[ log ] www.mangtuyou.com/index.html [运行时间：0.020609s][吞吐率：48.52req/s] [内存消耗：2,180.24kb] [文件加载：48]
[ info ] [ LANG ] /www/wwwroot/www.mangtuyou.com/thinkphp/lang/zh-cn.php
[ info ] [ ROUTE ] array (
  'type' => 'module',
  'module' => 
  array (
    0 => 'index',
    1 => NULL,
    2 => NULL,
  ),
)
[ info ] [ HEADER ] array (
  'accept-language' => 'zh-CN,zh;q=0.8',
  'connection' => 'keep-alive',
  'accept' => 'text/html,application/xhtml+xml,application/xml;q=0.9,image/webp,image/apng,*/*;q=0.8',
  'accept-encoding' => 'gzip, deflate',
  'user-agent' => 'Mozilla/5.0 (Windows NT 10.0; Win64; x64) AppleWebKit/537.36 (KHTML, like Gecko) Chrome/59.0.3071.115 Safari/537.36',
  'host' => 'www.mangtuyou.com',
)
[ info ] [ PARAM ] array (
  '/index_html' => '',
)
[ info ] [ DB ] INIT mysql
[ info ] [ RUN ] app\index\controller\Index->index[ /www/wwwroot/www.mangtuyou.com/application/index/controller/Index.php ]
[ info ] [ VIEW ] ./themes/index/index/index.html [ array (
) ]
[ info ] [ LOG ] INIT File

---------------------------------------------------------------
[ 2020-03-01T22:45:15+08:00 ] 172.31.18.39 47.116.22.123 GET /index.php
[ log ] www.mangtuyou.com/index.php [运行时间：0.020044s][吞吐率：49.89req/s] [内存消耗：2,176.99kb] [文件加载：48]
[ info ] [ LANG ] /www/wwwroot/www.mangtuyou.com/thinkphp/lang/zh-cn.php
[ info ] [ ROUTE ] array (
  'type' => 'module',
  'module' => 
  array (
    0 => '',
    1 => NULL,
    2 => NULL,
  ),
)
[ info ] [ HEADER ] array (
  'accept-language' => 'zh-CN,zh;q=0.8',
  'connection' => 'keep-alive',
  'accept' => 'text/html,application/xhtml+xml,application/xml;q=0.9,image/webp,image/apng,*/*;q=0.8',
  'accept-encoding' => 'gzip, deflate',
  'user-agent' => 'Mozilla/5.0 (Windows NT 10.0; Win64; x64) AppleWebKit/537.36 (KHTML, like Gecko) Chrome/59.0.3071.115 Safari/537.36',
  'host' => 'www.mangtuyou.com',
)
[ info ] [ PARAM ] array (
)
[ info ] [ DB ] INIT mysql
[ info ] [ RUN ] app\index\controller\Index->index[ /www/wwwroot/www.mangtuyou.com/application/index/controller/Index.php ]
[ info ] [ VIEW ] ./themes/index/index/index.html [ array (
) ]
[ info ] [ LOG ] INIT File

---------------------------------------------------------------
[ 2020-03-01T22:45:15+08:00 ] 172.31.18.39 47.116.22.123 GET /index.jsp
[ log ] www.mangtuyou.com/index.jsp [运行时间：0.011177s][吞吐率：89.47req/s] [内存消耗：1,114.41kb] [文件加载：33]
[ info ] [ LANG ] /www/wwwroot/www.mangtuyou.com/thinkphp/lang/zh-cn.php
[ info ] [ ROUTE ] array (
  'type' => 'module',
  'module' => 
  array (
    0 => 'index.jsp',
    1 => NULL,
    2 => NULL,
  ),
)
[ info ] [ HEADER ] array (
  'accept-language' => 'zh-CN,zh;q=0.8',
  'connection' => 'keep-alive',
  'accept' => 'text/html,application/xhtml+xml,application/xml;q=0.9,image/webp,image/apng,*/*;q=0.8',
  'accept-encoding' => 'gzip, deflate',
  'user-agent' => 'Mozilla/5.0 (Windows NT 10.0; Win64; x64) AppleWebKit/537.36 (KHTML, like Gecko) Chrome/59.0.3071.115 Safari/537.36',
  'host' => 'www.mangtuyou.com',
)
[ info ] [ PARAM ] array (
  '/index_jsp' => '',
)
[ info ] [ LOG ] INIT File

---------------------------------------------------------------
[ 2020-03-01T22:45:15+08:00 ] 172.31.18.39 47.116.22.123 GET /admin/
[ log ] www.mangtuyou.com/admin/ [运行时间：0.012592s][吞吐率：79.42req/s] [内存消耗：1,430.37kb] [文件加载：42]
[ info ] [ LANG ] /www/wwwroot/www.mangtuyou.com/thinkphp/lang/zh-cn.php
[ info ] [ ROUTE ] array (
  'type' => 'module',
  'module' => 
  array (
    0 => 'admin',
    1 => NULL,
    2 => NULL,
  ),
)
[ info ] [ HEADER ] array (
  'accept-language' => 'zh-CN,zh;q=0.8',
  'connection' => 'keep-alive',
  'accept' => 'text/html,application/xhtml+xml,application/xml;q=0.9,image/webp,image/apng,*/*;q=0.8',
  'accept-encoding' => 'gzip, deflate',
  'user-agent' => 'Mozilla/5.0 (Windows NT 10.0; Win64; x64) AppleWebKit/537.36 (KHTML, like Gecko) Chrome/59.0.3071.115 Safari/537.36',
  'host' => 'www.mangtuyou.com',
)
[ info ] [ PARAM ] array (
  '/admin/' => '',
)
[ info ] [ SESSION ] INIT array (
  'id' => '',
  'var_session_id' => '',
  'prefix' => 'think',
  'type' => '',
  'auto_start' => true,
)
[ info ] [ LOG ] INIT File

---------------------------------------------------------------
[ 2020-03-01T22:45:15+08:00 ] 172.31.18.39 47.116.22.123 GET /admin/login/index.html
[ log ] www.mangtuyou.com/admin/login/index.html [运行时间：0.012580s][吞吐率：79.49req/s] [内存消耗：1,351.32kb] [文件加载：40]
[ info ] [ LANG ] /www/wwwroot/www.mangtuyou.com/thinkphp/lang/zh-cn.php
[ info ] [ ROUTE ] array (
  'type' => 'module',
  'module' => 
  array (
    0 => 'admin',
    1 => 'login',
    2 => 'index',
  ),
)
[ info ] [ HEADER ] array (
  'cookie' => 'PHPSESSID=2dhj8i4h9vfo2m429gp56fc6k2',
  'accept-language' => 'zh-CN,zh;q=0.8',
  'connection' => 'keep-alive',
  'accept' => 'text/html,application/xhtml+xml,application/xml;q=0.9,image/webp,image/apng,*/*;q=0.8',
  'accept-encoding' => 'gzip, deflate',
  'user-agent' => 'Mozilla/5.0 (Windows NT 10.0; Win64; x64) AppleWebKit/537.36 (KHTML, like Gecko) Chrome/59.0.3071.115 Safari/537.36',
  'host' => 'www.mangtuyou.com',
)
[ info ] [ PARAM ] array (
  '/admin/login/index_html' => '',
)
[ info ] [ RUN ] app\admin\controller\Login->index[ /www/wwwroot/www.mangtuyou.com/application/admin/controller/Login.php ]
[ info ] [ VIEW ] ./themes/admin/login/index.html [ array (
) ]
[ info ] [ LOG ] INIT File

---------------------------------------------------------------
[ 2020-03-01T22:45:16+08:00 ] 172.31.18.39 47.116.22.123 GET /favicon.ico
[ log ] www.mangtuyou.com/favicon.ico [运行时间：0.011602s][吞吐率：86.19req/s] [内存消耗：1,114.50kb] [文件加载：33]
[ info ] [ LANG ] /www/wwwroot/www.mangtuyou.com/thinkphp/lang/zh-cn.php
[ info ] [ ROUTE ] array (
  'type' => 'module',
  'module' => 
  array (
    0 => 'favicon.ico',
    1 => NULL,
    2 => NULL,
  ),
)
[ info ] [ HEADER ] array (
  'cookie' => 'PHPSESSID=2dhj8i4h9vfo2m429gp56fc6k2',
  'accept-language' => 'zh-CN,zh;q=0.8',
  'connection' => 'keep-alive',
  'accept' => 'text/html,application/xhtml+xml,application/xml;q=0.9,image/webp,image/apng,*/*;q=0.8',
  'accept-encoding' => 'gzip, deflate',
  'user-agent' => 'Mozilla/5.0 (Windows NT 10.0; Win64; x64) AppleWebKit/537.36 (KHTML, like Gecko) Chrome/59.0.3071.115 Safari/537.36',
  'host' => 'www.mangtuyou.com',
)
[ info ] [ PARAM ] array (
  '/favicon_ico' => '',
)
[ info ] [ LOG ] INIT File

---------------------------------------------------------------
[ 2020-03-01T22:45:16+08:00 ] 172.31.18.39 47.116.22.123 GET /wp-login.php
[ log ] www.mangtuyou.com/wp-login.php [运行时间：0.011563s][吞吐率：86.48req/s] [内存消耗：1,114.50kb] [文件加载：33]
[ info ] [ LANG ] /www/wwwroot/www.mangtuyou.com/thinkphp/lang/zh-cn.php
[ info ] [ ROUTE ] array (
  'type' => 'module',
  'module' => 
  array (
    0 => 'wp-login.php',
    1 => NULL,
    2 => NULL,
  ),
)
[ info ] [ HEADER ] array (
  'cookie' => 'PHPSESSID=2dhj8i4h9vfo2m429gp56fc6k2',
  'accept-language' => 'zh-CN,zh;q=0.8',
  'connection' => 'keep-alive',
  'accept' => 'text/html,application/xhtml+xml,application/xml;q=0.9,image/webp,image/apng,*/*;q=0.8',
  'accept-encoding' => 'gzip, deflate',
  'user-agent' => 'Mozilla/5.0 (Windows NT 10.0; Win64; x64) AppleWebKit/537.36 (KHTML, like Gecko) Chrome/59.0.3071.115 Safari/537.36',
  'host' => 'www.mangtuyou.com',
)
[ info ] [ PARAM ] array (
  '/wp-login_php' => '',
)
[ info ] [ LOG ] INIT File

---------------------------------------------------------------
[ 2020-03-01T22:45:16+08:00 ] 172.31.18.39 47.116.22.123 GET /readme.html
[ log ] www.mangtuyou.com/readme.html [运行时间：0.011497s][吞吐率：86.98req/s] [内存消耗：1,114.54kb] [文件加载：33]
[ info ] [ LANG ] /www/wwwroot/www.mangtuyou.com/thinkphp/lang/zh-cn.php
[ info ] [ ROUTE ] array (
  'type' => 'module',
  'module' => 
  array (
    0 => 'readme',
    1 => NULL,
    2 => NULL,
  ),
)
[ info ] [ HEADER ] array (
  'cookie' => 'PHPSESSID=2dhj8i4h9vfo2m429gp56fc6k2',
  'accept-language' => 'zh-CN,zh;q=0.8',
  'connection' => 'keep-alive',
  'accept' => 'text/html,application/xhtml+xml,application/xml;q=0.9,image/webp,image/apng,*/*;q=0.8',
  'accept-encoding' => 'gzip, deflate',
  'user-agent' => 'Mozilla/5.0 (Windows NT 10.0; Win64; x64) AppleWebKit/537.36 (KHTML, like Gecko) Chrome/59.0.3071.115 Safari/537.36',
  'host' => 'www.mangtuyou.com',
)
[ info ] [ PARAM ] array (
  '/readme_html' => '',
)
[ info ] [ LOG ] INIT File

---------------------------------------------------------------
[ 2020-03-01T22:45:16+08:00 ] 172.31.18.39 47.116.22.123 GET /license.txt
[ log ] www.mangtuyou.com/license.txt [运行时间：0.011527s][吞吐率：86.75req/s] [内存消耗：1,114.50kb] [文件加载：33]
[ info ] [ LANG ] /www/wwwroot/www.mangtuyou.com/thinkphp/lang/zh-cn.php
[ info ] [ ROUTE ] array (
  'type' => 'module',
  'module' => 
  array (
    0 => 'license.txt',
    1 => NULL,
    2 => NULL,
  ),
)
[ info ] [ HEADER ] array (
  'cookie' => 'PHPSESSID=2dhj8i4h9vfo2m429gp56fc6k2',
  'accept-language' => 'zh-CN,zh;q=0.8',
  'connection' => 'keep-alive',
  'accept' => 'text/html,application/xhtml+xml,application/xml;q=0.9,image/webp,image/apng,*/*;q=0.8',
  'accept-encoding' => 'gzip, deflate',
  'user-agent' => 'Mozilla/5.0 (Windows NT 10.0; Win64; x64) AppleWebKit/537.36 (KHTML, like Gecko) Chrome/59.0.3071.115 Safari/537.36',
  'host' => 'www.mangtuyou.com',
)
[ info ] [ PARAM ] array (
  '/license_txt' => '',
)
[ info ] [ LOG ] INIT File

---------------------------------------------------------------
[ 2020-03-01T22:45:16+08:00 ] 172.31.18.39 47.116.22.123 GET /wp-includes/js/wplink.js
[ log ] www.mangtuyou.com/wp-includes/js/wplink.js [运行时间：0.011892s][吞吐率：84.09req/s] [内存消耗：1,114.66kb] [文件加载：33]
[ info ] [ LANG ] /www/wwwroot/www.mangtuyou.com/thinkphp/lang/zh-cn.php
[ info ] [ ROUTE ] array (
  'type' => 'module',
  'module' => 
  array (
    0 => 'wp-includes',
    1 => 'js',
    2 => 'wplink.js',
  ),
)
[ info ] [ HEADER ] array (
  'cookie' => 'PHPSESSID=2dhj8i4h9vfo2m429gp56fc6k2',
  'accept-language' => 'zh-CN,zh;q=0.8',
  'connection' => 'keep-alive',
  'accept' => 'text/html,application/xhtml+xml,application/xml;q=0.9,image/webp,image/apng,*/*;q=0.8',
  'accept-encoding' => 'gzip, deflate',
  'user-agent' => 'Mozilla/5.0 (Windows NT 10.0; Win64; x64) AppleWebKit/537.36 (KHTML, like Gecko) Chrome/59.0.3071.115 Safari/537.36',
  'host' => 'www.mangtuyou.com',
)
[ info ] [ PARAM ] array (
  '/wp-includes/js/wplink_js' => '',
)
[ info ] [ LOG ] INIT File

---------------------------------------------------------------
[ 2020-03-01T22:45:16+08:00 ] 172.31.18.39 47.116.22.123 GET /wp-admin/js/customize-controls.js
[ log ] www.mangtuyou.com/wp-admin/js/customize-controls.js [运行时间：0.012553s][吞吐率：79.66req/s] [内存消耗：1,114.71kb] [文件加载：33]
[ info ] [ LANG ] /www/wwwroot/www.mangtuyou.com/thinkphp/lang/zh-cn.php
[ info ] [ ROUTE ] array (
  'type' => 'module',
  'module' => 
  array (
    0 => 'wp-admin',
    1 => 'js',
    2 => 'customize-controls.js',
  ),
)
[ info ] [ HEADER ] array (
  'cookie' => 'PHPSESSID=2dhj8i4h9vfo2m429gp56fc6k2',
  'accept-language' => 'zh-CN,zh;q=0.8',
  'connection' => 'keep-alive',
  'accept' => 'text/html,application/xhtml+xml,application/xml;q=0.9,image/webp,image/apng,*/*;q=0.8',
  'accept-encoding' => 'gzip, deflate',
  'user-agent' => 'Mozilla/5.0 (Windows NT 10.0; Win64; x64) AppleWebKit/537.36 (KHTML, like Gecko) Chrome/59.0.3071.115 Safari/537.36',
  'host' => 'www.mangtuyou.com',
)
[ info ] [ PARAM ] array (
  '/wp-admin/js/customize-controls_js' => '',
)
[ info ] [ LOG ] INIT File

---------------------------------------------------------------
[ 2020-03-01T22:45:16+08:00 ] 172.31.18.39 47.116.22.123 GET /wp-admin/js/nav-menu.js
[ log ] www.mangtuyou.com/wp-admin/js/nav-menu.js [运行时间：0.012471s][吞吐率：80.19req/s] [内存消耗：1,114.64kb] [文件加载：33]
[ info ] [ LANG ] /www/wwwroot/www.mangtuyou.com/thinkphp/lang/zh-cn.php
[ info ] [ ROUTE ] array (
  'type' => 'module',
  'module' => 
  array (
    0 => 'wp-admin',
    1 => 'js',
    2 => 'nav-menu.js',
  ),
)
[ info ] [ HEADER ] array (
  'cookie' => 'PHPSESSID=2dhj8i4h9vfo2m429gp56fc6k2',
  'accept-language' => 'zh-CN,zh;q=0.8',
  'connection' => 'keep-alive',
  'accept' => 'text/html,application/xhtml+xml,application/xml;q=0.9,image/webp,image/apng,*/*;q=0.8',
  'accept-encoding' => 'gzip, deflate',
  'user-agent' => 'Mozilla/5.0 (Windows NT 10.0; Win64; x64) AppleWebKit/537.36 (KHTML, like Gecko) Chrome/59.0.3071.115 Safari/537.36',
  'host' => 'www.mangtuyou.com',
)
[ info ] [ PARAM ] array (
  '/wp-admin/js/nav-menu_js' => '',
)
[ info ] [ LOG ] INIT File

---------------------------------------------------------------
[ 2020-03-01T22:45:16+08:00 ] 172.31.18.39 47.116.22.123 GET /wp-includes/js/plupload/handlers.js
[ log ] www.mangtuyou.com/wp-includes/js/plupload/handlers.js [运行时间：0.011833s][吞吐率：84.51req/s] [内存消耗：1,114.67kb] [文件加载：33]
[ info ] [ LANG ] /www/wwwroot/www.mangtuyou.com/thinkphp/lang/zh-cn.php
[ info ] [ ROUTE ] array (
  'type' => 'module',
  'module' => 
  array (
    0 => 'wp-includes',
    1 => 'js',
    2 => 'plupload',
  ),
)
[ info ] [ HEADER ] array (
  'cookie' => 'PHPSESSID=2dhj8i4h9vfo2m429gp56fc6k2',
  'accept-language' => 'zh-CN,zh;q=0.8',
  'connection' => 'keep-alive',
  'accept' => 'text/html,application/xhtml+xml,application/xml;q=0.9,image/webp,image/apng,*/*;q=0.8',
  'accept-encoding' => 'gzip, deflate',
  'user-agent' => 'Mozilla/5.0 (Windows NT 10.0; Win64; x64) AppleWebKit/537.36 (KHTML, like Gecko) Chrome/59.0.3071.115 Safari/537.36',
  'host' => 'www.mangtuyou.com',
)
[ info ] [ PARAM ] array (
  '/wp-includes/js/plupload/handlers_js' => '',
)
[ info ] [ LOG ] INIT File

---------------------------------------------------------------
[ 2020-03-01T22:45:16+08:00 ] 172.31.18.39 47.116.22.123 GET /wp-includes/js/tinymce/wp-tinymce.js.gz
[ log ] www.mangtuyou.com/wp-includes/js/tinymce/wp-tinymce.js.gz [运行时间：0.011342s][吞吐率：88.17req/s] [内存消耗：1,114.68kb] [文件加载：33]
[ info ] [ LANG ] /www/wwwroot/www.mangtuyou.com/thinkphp/lang/zh-cn.php
[ info ] [ ROUTE ] array (
  'type' => 'module',
  'module' => 
  array (
    0 => 'wp-includes',
    1 => 'js',
    2 => 'tinymce',
  ),
)
[ info ] [ HEADER ] array (
  'cookie' => 'PHPSESSID=2dhj8i4h9vfo2m429gp56fc6k2',
  'accept-language' => 'zh-CN,zh;q=0.8',
  'connection' => 'keep-alive',
  'accept' => 'text/html,application/xhtml+xml,application/xml;q=0.9,image/webp,image/apng,*/*;q=0.8',
  'accept-encoding' => 'gzip, deflate',
  'user-agent' => 'Mozilla/5.0 (Windows NT 10.0; Win64; x64) AppleWebKit/537.36 (KHTML, like Gecko) Chrome/59.0.3071.115 Safari/537.36',
  'host' => 'www.mangtuyou.com',
)
[ info ] [ PARAM ] array (
  '/wp-includes/js/tinymce/wp-tinymce_js_gz' => '',
)
[ info ] [ LOG ] INIT File

---------------------------------------------------------------
[ 2020-03-01T22:45:16+08:00 ] 172.31.18.39 47.116.22.123 GET /index.php/explicit_not_exist_path
[ log ] www.mangtuyou.com/index.php/explicit_not_exist_path [运行时间：0.011988s][吞吐率：83.42req/s] [内存消耗：1,111.35kb] [文件加载：33]
[ info ] [ LANG ] /www/wwwroot/www.mangtuyou.com/thinkphp/lang/zh-cn.php
[ info ] [ ROUTE ] array (
  'type' => 'module',
  'module' => 
  array (
    0 => 'explicit_not_exist_path',
    1 => NULL,
    2 => NULL,
  ),
)
[ info ] [ HEADER ] array (
  'cookie' => 'PHPSESSID=2dhj8i4h9vfo2m429gp56fc6k2',
  'accept-language' => 'zh-CN,zh;q=0.8',
  'connection' => 'keep-alive',
  'accept' => 'text/html,application/xhtml+xml,application/xml;q=0.9,image/webp,image/apng,*/*;q=0.8',
  'accept-encoding' => 'gzip, deflate',
  'user-agent' => 'Mozilla/5.0 (Windows NT 10.0; Win64; x64) AppleWebKit/537.36 (KHTML, like Gecko) Chrome/59.0.3071.115 Safari/537.36',
  'host' => 'www.mangtuyou.com',
)
[ info ] [ PARAM ] array (
)
[ info ] [ LOG ] INIT File

---------------------------------------------------------------
[ 2020-03-01T22:45:16+08:00 ] 172.31.18.39 47.116.22.123 GET /static/.gitignore
[ log ] www.mangtuyou.com/static/.gitignore [运行时间：0.011480s][吞吐率：87.11req/s] [内存消耗：1,114.59kb] [文件加载：33]
[ info ] [ LANG ] /www/wwwroot/www.mangtuyou.com/thinkphp/lang/zh-cn.php
[ info ] [ ROUTE ] array (
  'type' => 'module',
  'module' => 
  array (
    0 => 'static',
    1 => '.gitignore',
    2 => NULL,
  ),
)
[ info ] [ HEADER ] array (
  'cookie' => 'PHPSESSID=2dhj8i4h9vfo2m429gp56fc6k2',
  'accept-language' => 'zh-CN,zh;q=0.8',
  'connection' => 'keep-alive',
  'accept' => 'text/html,application/xhtml+xml,application/xml;q=0.9,image/webp,image/apng,*/*;q=0.8',
  'accept-encoding' => 'gzip, deflate',
  'user-agent' => 'Mozilla/5.0 (Windows NT 10.0; Win64; x64) AppleWebKit/537.36 (KHTML, like Gecko) Chrome/59.0.3071.115 Safari/537.36',
  'host' => 'www.mangtuyou.com',
)
[ info ] [ PARAM ] array (
  '/static/_gitignore' => '',
)
[ info ] [ LOG ] INIT File

---------------------------------------------------------------
[ 2020-03-01T22:45:16+08:00 ] 172.31.18.39 47.116.22.123 GET /4e5e5d7364f443e28fbf0d3ae744a59a
[ log ] www.mangtuyou.com/4e5e5d7364f443e28fbf0d3ae744a59a [运行时间：0.011746s][吞吐率：85.14req/s] [内存消耗：1,114.59kb] [文件加载：33]
[ info ] [ LANG ] /www/wwwroot/www.mangtuyou.com/thinkphp/lang/zh-cn.php
[ info ] [ ROUTE ] array (
  'type' => 'module',
  'module' => 
  array (
    0 => '4e5e5d7364f443e28fbf0d3ae744a59a',
    1 => NULL,
    2 => NULL,
  ),
)
[ info ] [ HEADER ] array (
  'cookie' => 'PHPSESSID=2dhj8i4h9vfo2m429gp56fc6k2',
  'accept-language' => 'zh-CN,zh;q=0.8',
  'connection' => 'keep-alive',
  'accept' => 'text/html,application/xhtml+xml,application/xml;q=0.9,image/webp,image/apng,*/*;q=0.8',
  'accept-encoding' => 'gzip, deflate',
  'user-agent' => 'Mozilla/5.0 (Windows NT 10.0; Win64; x64) AppleWebKit/537.36 (KHTML, like Gecko) Chrome/59.0.3071.115 Safari/537.36',
  'host' => 'www.mangtuyou.com',
)
[ info ] [ PARAM ] array (
  '/4e5e5d7364f443e28fbf0d3ae744a59a' => '',
)
[ info ] [ LOG ] INIT File

---------------------------------------------------------------
[ 2020-03-01T22:45:16+08:00 ] 172.31.18.39 47.116.22.123 GET /?c=4e5e5d7364f443e28fbf0d3ae744a59a
[ log ] www.mangtuyou.com/?c=4e5e5d7364f443e28fbf0d3ae744a59a [运行时间：0.021939s][吞吐率：45.58req/s] [内存消耗：2,177.77kb] [文件加载：48]
[ info ] [ LANG ] /www/wwwroot/www.mangtuyou.com/thinkphp/lang/zh-cn.php
[ info ] [ ROUTE ] array (
  'type' => 'module',
  'module' => 
  array (
    0 => '',
    1 => NULL,
    2 => NULL,
  ),
)
[ info ] [ HEADER ] array (
  'cookie' => 'PHPSESSID=2dhj8i4h9vfo2m429gp56fc6k2',
  'accept-language' => 'zh-CN,zh;q=0.8',
  'connection' => 'keep-alive',
  'accept' => 'text/html,application/xhtml+xml,application/xml;q=0.9,image/webp,image/apng,*/*;q=0.8',
  'accept-encoding' => 'gzip, deflate',
  'user-agent' => 'Mozilla/5.0 (Windows NT 10.0; Win64; x64) AppleWebKit/537.36 (KHTML, like Gecko) Chrome/59.0.3071.115 Safari/537.36',
  'host' => 'www.mangtuyou.com',
)
[ info ] [ PARAM ] array (
  'c' => '4e5e5d7364f443e28fbf0d3ae744a59a',
)
[ info ] [ DB ] INIT mysql
[ info ] [ RUN ] app\index\controller\Index->index[ /www/wwwroot/www.mangtuyou.com/application/index/controller/Index.php ]
[ info ] [ VIEW ] ./themes/index/index/index.html [ array (
) ]
[ info ] [ LOG ] INIT File

---------------------------------------------------------------
[ 2020-03-01T22:45:16+08:00 ] 172.31.18.39 47.116.22.123 GET /static/js/xd.js
[ log ] www.mangtuyou.com/static/js/xd.js [运行时间：0.011031s][吞吐率：90.65req/s] [内存消耗：1,114.60kb] [文件加载：33]
[ info ] [ LANG ] /www/wwwroot/www.mangtuyou.com/thinkphp/lang/zh-cn.php
[ info ] [ ROUTE ] array (
  'type' => 'module',
  'module' => 
  array (
    0 => 'static',
    1 => 'js',
    2 => 'xd.js',
  ),
)
[ info ] [ HEADER ] array (
  'cookie' => 'PHPSESSID=2dhj8i4h9vfo2m429gp56fc6k2',
  'accept-language' => 'zh-CN,zh;q=0.8',
  'connection' => 'keep-alive',
  'accept' => 'text/html,application/xhtml+xml,application/xml;q=0.9,image/webp,image/apng,*/*;q=0.8',
  'accept-encoding' => 'gzip, deflate',
  'user-agent' => 'Mozilla/5.0 (Windows NT 10.0; Win64; x64) AppleWebKit/537.36 (KHTML, like Gecko) Chrome/59.0.3071.115 Safari/537.36',
  'host' => 'www.mangtuyou.com',
)
[ info ] [ PARAM ] array (
  '/static/js/xd_js' => '',
)
[ info ] [ LOG ] INIT File

---------------------------------------------------------------
[ 2020-03-01T22:45:16+08:00 ] 172.31.18.39 47.116.22.123 GET /static/images/headicon.png
[ log ] www.mangtuyou.com/static/images/headicon.png [运行时间：0.011301s][吞吐率：88.49req/s] [内存消耗：1,114.66kb] [文件加载：33]
[ info ] [ LANG ] /www/wwwroot/www.mangtuyou.com/thinkphp/lang/zh-cn.php
[ info ] [ ROUTE ] array (
  'type' => 'module',
  'module' => 
  array (
    0 => 'static',
    1 => 'images',
    2 => 'headicon.png',
  ),
)
[ info ] [ HEADER ] array (
  'cookie' => 'PHPSESSID=2dhj8i4h9vfo2m429gp56fc6k2',
  'accept-language' => 'zh-CN,zh;q=0.8',
  'connection' => 'keep-alive',
  'accept' => 'text/html,application/xhtml+xml,application/xml;q=0.9,image/webp,image/apng,*/*;q=0.8',
  'accept-encoding' => 'gzip, deflate',
  'user-agent' => 'Mozilla/5.0 (Windows NT 10.0; Win64; x64) AppleWebKit/537.36 (KHTML, like Gecko) Chrome/59.0.3071.115 Safari/537.36',
  'host' => 'www.mangtuyou.com',
)
[ info ] [ PARAM ] array (
  '/static/images/headicon_png' => '',
)
[ info ] [ LOG ] INIT File

---------------------------------------------------------------
[ 2020-03-01T22:45:16+08:00 ] 172.31.18.39 47.116.22.123 GET /public/exception.html
[ log ] www.mangtuyou.com/public/exception.html [运行时间：0.011033s][吞吐率：90.64req/s] [内存消耗：1,114.65kb] [文件加载：33]
[ info ] [ LANG ] /www/wwwroot/www.mangtuyou.com/thinkphp/lang/zh-cn.php
[ info ] [ ROUTE ] array (
  'type' => 'module',
  'module' => 
  array (
    0 => 'public',
    1 => 'exception',
    2 => NULL,
  ),
)
[ info ] [ HEADER ] array (
  'cookie' => 'PHPSESSID=2dhj8i4h9vfo2m429gp56fc6k2',
  'accept-language' => 'zh-CN,zh;q=0.8',
  'connection' => 'keep-alive',
  'accept' => 'text/html,application/xhtml+xml,application/xml;q=0.9,image/webp,image/apng,*/*;q=0.8',
  'accept-encoding' => 'gzip, deflate',
  'user-agent' => 'Mozilla/5.0 (Windows NT 10.0; Win64; x64) AppleWebKit/537.36 (KHTML, like Gecko) Chrome/59.0.3071.115 Safari/537.36',
  'host' => 'www.mangtuyou.com',
)
[ info ] [ PARAM ] array (
  '/public/exception_html' => '',
)
[ info ] [ LOG ] INIT File

---------------------------------------------------------------
[ 2020-03-01T22:45:16+08:00 ] 172.31.18.39 47.116.22.123 GET /public/images/headicon.png
[ log ] www.mangtuyou.com/public/images/headicon.png [运行时间：0.011940s][吞吐率：83.75req/s] [内存消耗：1,114.66kb] [文件加载：33]
[ info ] [ LANG ] /www/wwwroot/www.mangtuyou.com/thinkphp/lang/zh-cn.php
[ info ] [ ROUTE ] array (
  'type' => 'module',
  'module' => 
  array (
    0 => 'public',
    1 => 'images',
    2 => 'headicon.png',
  ),
)
[ info ] [ HEADER ] array (
  'cookie' => 'PHPSESSID=2dhj8i4h9vfo2m429gp56fc6k2',
  'accept-language' => 'zh-CN,zh;q=0.8',
  'connection' => 'keep-alive',
  'accept' => 'text/html,application/xhtml+xml,application/xml;q=0.9,image/webp,image/apng,*/*;q=0.8',
  'accept-encoding' => 'gzip, deflate',
  'user-agent' => 'Mozilla/5.0 (Windows NT 10.0; Win64; x64) AppleWebKit/537.36 (KHTML, like Gecko) Chrome/59.0.3071.115 Safari/537.36',
  'host' => 'www.mangtuyou.com',
)
[ info ] [ PARAM ] array (
  '/public/images/headicon_png' => '',
)
[ info ] [ LOG ] INIT File

---------------------------------------------------------------
[ 2020-03-01T22:45:17+08:00 ] 172.31.18.39 47.116.22.123 GET /user
[ log ] www.mangtuyou.com/user [运行时间：0.011580s][吞吐率：86.36req/s] [内存消耗：1,114.47kb] [文件加载：33]
[ info ] [ LANG ] /www/wwwroot/www.mangtuyou.com/thinkphp/lang/zh-cn.php
[ info ] [ ROUTE ] array (
  'type' => 'module',
  'module' => 
  array (
    0 => 'user',
    1 => NULL,
    2 => NULL,
  ),
)
[ info ] [ HEADER ] array (
  'cookie' => 'PHPSESSID=2dhj8i4h9vfo2m429gp56fc6k2',
  'accept-language' => 'zh-CN,zh;q=0.8',
  'connection' => 'keep-alive',
  'accept' => 'text/html,application/xhtml+xml,application/xml;q=0.9,image/webp,image/apng,*/*;q=0.8',
  'accept-encoding' => 'gzip, deflate',
  'user-agent' => 'Mozilla/5.0 (Windows NT 10.0; Win64; x64) AppleWebKit/537.36 (KHTML, like Gecko) Chrome/59.0.3071.115 Safari/537.36',
  'host' => 'www.mangtuyou.com',
)
[ info ] [ PARAM ] array (
  '/user' => '',
)
[ info ] [ LOG ] INIT File

---------------------------------------------------------------
[ 2020-03-01T22:45:17+08:00 ] 172.31.18.39 47.116.22.123 GET /wcm/
[ log ] www.mangtuyou.com/wcm/ [运行时间：0.011317s][吞吐率：88.36req/s] [内存消耗：1,114.50kb] [文件加载：33]
[ info ] [ LANG ] /www/wwwroot/www.mangtuyou.com/thinkphp/lang/zh-cn.php
[ info ] [ ROUTE ] array (
  'type' => 'module',
  'module' => 
  array (
    0 => 'wcm',
    1 => NULL,
    2 => NULL,
  ),
)
[ info ] [ HEADER ] array (
  'cookie' => 'PHPSESSID=2dhj8i4h9vfo2m429gp56fc6k2',
  'accept-language' => 'zh-CN,zh;q=0.8',
  'connection' => 'keep-alive',
  'accept' => 'text/html,application/xhtml+xml,application/xml;q=0.9,image/webp,image/apng,*/*;q=0.8',
  'accept-encoding' => 'gzip, deflate',
  'user-agent' => 'Mozilla/5.0 (Windows NT 10.0; Win64; x64) AppleWebKit/537.36 (KHTML, like Gecko) Chrome/59.0.3071.115 Safari/537.36',
  'host' => 'www.mangtuyou.com',
)
[ info ] [ PARAM ] array (
  '/wcm/' => '',
)
[ info ] [ LOG ] INIT File

---------------------------------------------------------------
[ 2020-03-01T22:45:17+08:00 ] 172.31.18.39 47.116.22.123 GET /phpMyAdmin/
[ log ] www.mangtuyou.com/phpMyAdmin/ [运行时间：0.011377s][吞吐率：87.90req/s] [内存消耗：1,114.54kb] [文件加载：33]
[ info ] [ LANG ] /www/wwwroot/www.mangtuyou.com/thinkphp/lang/zh-cn.php
[ info ] [ ROUTE ] array (
  'type' => 'module',
  'module' => 
  array (
    0 => 'phpMyAdmin',
    1 => NULL,
    2 => NULL,
  ),
)
[ info ] [ HEADER ] array (
  'cookie' => 'PHPSESSID=2dhj8i4h9vfo2m429gp56fc6k2',
  'accept-language' => 'zh-CN,zh;q=0.8',
  'connection' => 'keep-alive',
  'accept' => 'text/html,application/xhtml+xml,application/xml;q=0.9,image/webp,image/apng,*/*;q=0.8',
  'accept-encoding' => 'gzip, deflate',
  'user-agent' => 'Mozilla/5.0 (Windows NT 10.0; Win64; x64) AppleWebKit/537.36 (KHTML, like Gecko) Chrome/59.0.3071.115 Safari/537.36',
  'host' => 'www.mangtuyou.com',
)
[ info ] [ PARAM ] array (
  '/phpMyAdmin/' => '',
)
[ info ] [ LOG ] INIT File

---------------------------------------------------------------
[ 2020-03-01T22:45:17+08:00 ] 172.31.18.39 47.116.22.123 GET /phpmyadmin/
[ log ] www.mangtuyou.com/phpmyadmin/ [运行时间：0.010642s][吞吐率：93.97req/s] [内存消耗：1,114.54kb] [文件加载：33]
[ info ] [ LANG ] /www/wwwroot/www.mangtuyou.com/thinkphp/lang/zh-cn.php
[ info ] [ ROUTE ] array (
  'type' => 'module',
  'module' => 
  array (
    0 => 'phpmyadmin',
    1 => NULL,
    2 => NULL,
  ),
)
[ info ] [ HEADER ] array (
  'cookie' => 'PHPSESSID=2dhj8i4h9vfo2m429gp56fc6k2',
  'accept-language' => 'zh-CN,zh;q=0.8',
  'connection' => 'keep-alive',
  'accept' => 'text/html,application/xhtml+xml,application/xml;q=0.9,image/webp,image/apng,*/*;q=0.8',
  'accept-encoding' => 'gzip, deflate',
  'user-agent' => 'Mozilla/5.0 (Windows NT 10.0; Win64; x64) AppleWebKit/537.36 (KHTML, like Gecko) Chrome/59.0.3071.115 Safari/537.36',
  'host' => 'www.mangtuyou.com',
)
[ info ] [ PARAM ] array (
  '/phpmyadmin/' => '',
)
[ info ] [ LOG ] INIT File

---------------------------------------------------------------
