[ 2020-03-06T07:13:43+08:00 ] 172.31.18.39 220.181.108.149 GET /
[ log ] www.mangtuyou.com/ [运行时间：0.021189s][吞吐率：47.19req/s] [内存消耗：2,177.05kb] [文件加载：48]
[ info ] [ LANG ] /www/wwwroot/www.mangtuyou.com/thinkphp/lang/zh-cn.php
[ info ] [ ROUTE ] array (
  'type' => 'module',
  'module' => 
  array (
    0 => '',
    1 => NULL,
    2 => NULL,
  ),
)
[ info ] [ HEADER ] array (
  'accept' => '*/*',
  'accept-encoding' => 'gzip',
  'if-none-match' => '"21b9-593c19c9f880b-gzip"',
  'if-modified-since' => 'Mon, 30 Sep 2019 09:10:49 GMT',
  'accept-language' => 'zh-cn,zh-tw',
  'user-agent' => 'Mozilla/5.0 (compatible; Baiduspider/2.0; +http://www.baidu.com/search/spider.html)',
  'connection' => 'close',
  'host' => 'www.mangtuyou.com',
)
[ info ] [ PARAM ] array (
)
[ info ] [ DB ] INIT mysql
[ info ] [ RUN ] app\index\controller\Index->index[ /www/wwwroot/www.mangtuyou.com/application/index/controller/Index.php ]
[ info ] [ VIEW ] ./themes/index/index/index.html [ array (
) ]
[ info ] [ LOG ] INIT File

---------------------------------------------------------------
[ 2020-03-06T07:13:44+08:00 ] 172.31.18.39 111.206.221.96 GET /index/index/getlist?class=1
[ log ] www.mangtuyou.com/index/index/getlist?class=1 [运行时间：0.024510s][吞吐率：40.80req/s] [内存消耗：2,372.60kb] [文件加载：53]
[ info ] [ LANG ] /www/wwwroot/www.mangtuyou.com/thinkphp/lang/zh-cn.php
[ info ] [ ROUTE ] array (
  'type' => 'module',
  'module' => 
  array (
    0 => 'index',
    1 => 'index',
    2 => 'getlist',
  ),
)
[ info ] [ HEADER ] array (
  'referer' => 'http://www.mangtuyou.com/',
  'resource-type' => '13',
  'accept-language' => 'zh-CN,zh;q=0.8,en-US;q=0.5,en;q=0.3',
  'x-requested-with' => 'XMLHttpRequest',
  'x-devtools-emulate-network-conditions-client-id' => '1b524083-f298-48b1-9ec0-12b1eadda16f',
  'accept' => 'application/json, text/javascript, */*; q=0.01',
  'proxy-connection' => 'keep-alive',
  'user-agent' => 'Mozilla/5.0 (compatible; Baiduspider-render/2.0; +http://www.baidu.com/search/spider.html)',
  'host' => 'www.mangtuyou.com',
)
[ info ] [ PARAM ] array (
  '/index/index/getlist' => '',
  'class' => '1',
)
[ info ] [ DB ] INIT mysql
[ info ] [ RUN ] app\index\controller\Index->getList[ /www/wwwroot/www.mangtuyou.com/application/index/controller/Index.php ]
[ info ] [ LOG ] INIT File
[ sql ] [ DB ] CONNECT:[ UseTime:0.000417s ] mysql:dbname=mangtoo;host=localhost;port=3306;charset=utf8
[ sql ] [ SQL ] SHOW COLUMNS FROM `os_newscenic` [ RunTime:0.000960s ]
[ sql ] [ SQL ] SELECT * FROM `os_newscenic` WHERE  `classid` = 1 [ RunTime:0.000290s ]
[ sql ] [ SQL ] SHOW COLUMNS FROM `os_collection_user` [ RunTime:0.000591s ]
[ sql ] [ SQL ] SELECT * FROM `os_collection_user` WHERE  `uid` = 19  AND `sid` = 29 LIMIT 1 [ RunTime:0.000197s ]
[ sql ] [ SQL ] SELECT * FROM `os_collection_user` WHERE  `uid` = 19  AND `sid` = 30 LIMIT 1 [ RunTime:0.000191s ]

---------------------------------------------------------------
[ 2020-03-06T07:13:47+08:00 ] 172.31.18.39 111.206.221.38 GET /index/index/getlist?class=1
[ log ] www.mangtuyou.com/index/index/getlist?class=1 [运行时间：0.026218s][吞吐率：38.14req/s] [内存消耗：2,372.73kb] [文件加载：53]
[ info ] [ LANG ] /www/wwwroot/www.mangtuyou.com/thinkphp/lang/zh-cn.php
[ info ] [ ROUTE ] array (
  'type' => 'module',
  'module' => 
  array (
    0 => 'index',
    1 => 'index',
    2 => 'getlist',
  ),
)
[ info ] [ HEADER ] array (
  'referer' => 'http://www.mangtuyou.com/',
  'resource-type' => '13',
  'accept-language' => 'zh-CN,zh;q=0.8,en-US;q=0.5,en;q=0.3',
  'x-requested-with' => 'XMLHttpRequest',
  'x-devtools-emulate-network-conditions-client-id' => 'ca951fcf-5250-43dc-924e-7d64e8cfa071',
  'accept' => 'application/json, text/javascript, */*; q=0.01',
  'proxy-connection' => 'keep-alive',
  'user-agent' => 'Mozilla/5.0 (iPhone; CPU iPhone OS 9_1 like Mac OS X) AppleWebKit/601.1.46 (KHTML, like Gecko) Version/9.0 Mobile/13B143 Safari/601.1 (compatible; Baiduspider-render/2.0; +http://www.baidu.com/search/spider.html)',
  'host' => 'www.mangtuyou.com',
)
[ info ] [ PARAM ] array (
  '/index/index/getlist' => '',
  'class' => '1',
)
[ info ] [ DB ] INIT mysql
[ info ] [ RUN ] app\index\controller\Index->getList[ /www/wwwroot/www.mangtuyou.com/application/index/controller/Index.php ]
[ info ] [ LOG ] INIT File
[ sql ] [ DB ] CONNECT:[ UseTime:0.000469s ] mysql:dbname=mangtoo;host=localhost;port=3306;charset=utf8
[ sql ] [ SQL ] SHOW COLUMNS FROM `os_newscenic` [ RunTime:0.001209s ]
[ sql ] [ SQL ] SELECT * FROM `os_newscenic` WHERE  `classid` = 1 [ RunTime:0.000282s ]
[ sql ] [ SQL ] SHOW COLUMNS FROM `os_collection_user` [ RunTime:0.000776s ]
[ sql ] [ SQL ] SELECT * FROM `os_collection_user` WHERE  `uid` = 19  AND `sid` = 29 LIMIT 1 [ RunTime:0.000240s ]
[ sql ] [ SQL ] SELECT * FROM `os_collection_user` WHERE  `uid` = 19  AND `sid` = 30 LIMIT 1 [ RunTime:0.000188s ]

---------------------------------------------------------------
[ 2020-03-06T16:51:18+08:00 ] 172.31.18.39 123.125.71.19 GET /
[ log ] www.mangtuyou.com/ [运行时间：0.026034s][吞吐率：38.41req/s] [内存消耗：2,177.25kb] [文件加载：48]
[ info ] [ LANG ] /www/wwwroot/www.mangtuyou.com/thinkphp/lang/zh-cn.php
[ info ] [ ROUTE ] array (
  'type' => 'module',
  'module' => 
  array (
    0 => '',
    1 => NULL,
    2 => NULL,
  ),
)
[ info ] [ HEADER ] array (
  'accept' => '*/*',
  'accept-encoding' => 'gzip',
  'if-none-match' => '"21b9-593c19c9f880b-gzip"',
  'if-modified-since' => 'Mon, 30 Sep 2019 09:10:49 GMT',
  'accept-language' => 'zh-cn,zh-tw',
  'user-agent' => 'Mozilla/5.0 (Linux;u;Android 4.2.2;zh-cn;) AppleWebKit/534.46 (KHTML,like Gecko) Version/5.1 Mobile Safari/10600.6.3 (compatible; Baiduspider/2.0; +http://www.baidu.com/search/spider.html)',
  'connection' => 'close',
  'host' => 'www.mangtuyou.com',
)
[ info ] [ PARAM ] array (
)
[ info ] [ DB ] INIT mysql
[ info ] [ RUN ] app\index\controller\Index->index[ /www/wwwroot/www.mangtuyou.com/application/index/controller/Index.php ]
[ info ] [ VIEW ] ./themes/index/index/index.html [ array (
) ]
[ info ] [ LOG ] INIT File

---------------------------------------------------------------
[ 2020-03-06T16:51:20+08:00 ] 172.31.18.39 124.166.232.52 GET /index/index/getlist?class=1
[ log ] www.mangtuyou.com/index/index/getlist?class=1 [运行时间：0.026959s][吞吐率：37.09req/s] [内存消耗：2,372.73kb] [文件加载：53]
[ info ] [ LANG ] /www/wwwroot/www.mangtuyou.com/thinkphp/lang/zh-cn.php
[ info ] [ ROUTE ] array (
  'type' => 'module',
  'module' => 
  array (
    0 => 'index',
    1 => 'index',
    2 => 'getlist',
  ),
)
[ info ] [ HEADER ] array (
  'referer' => 'http://www.mangtuyou.com/',
  'resource-type' => '13',
  'accept-language' => 'zh-CN,zh;q=0.8,en-US;q=0.5,en;q=0.3',
  'x-requested-with' => 'XMLHttpRequest',
  'x-devtools-emulate-network-conditions-client-id' => 'e4b389d1-21ea-4266-980a-a576ab67c8f6',
  'accept' => 'application/json, text/javascript, */*; q=0.01',
  'proxy-connection' => 'keep-alive',
  'user-agent' => 'Mozilla/5.0 (iPhone; CPU iPhone OS 9_1 like Mac OS X) AppleWebKit/601.1.46 (KHTML, like Gecko) Version/9.0 Mobile/13B143 Safari/601.1 (compatible; Baiduspider-render/2.0; +http://www.baidu.com/search/spider.html)',
  'host' => 'www.mangtuyou.com',
)
[ info ] [ PARAM ] array (
  '/index/index/getlist' => '',
  'class' => '1',
)
[ info ] [ DB ] INIT mysql
[ info ] [ RUN ] app\index\controller\Index->getList[ /www/wwwroot/www.mangtuyou.com/application/index/controller/Index.php ]
[ info ] [ LOG ] INIT File
[ sql ] [ DB ] CONNECT:[ UseTime:0.000512s ] mysql:dbname=mangtoo;host=localhost;port=3306;charset=utf8
[ sql ] [ SQL ] SHOW COLUMNS FROM `os_newscenic` [ RunTime:0.001050s ]
[ sql ] [ SQL ] SELECT * FROM `os_newscenic` WHERE  `classid` = 1 [ RunTime:0.000320s ]
[ sql ] [ SQL ] SHOW COLUMNS FROM `os_collection_user` [ RunTime:0.001078s ]
[ sql ] [ SQL ] SELECT * FROM `os_collection_user` WHERE  `uid` = 19  AND `sid` = 29 LIMIT 1 [ RunTime:0.000284s ]
[ sql ] [ SQL ] SELECT * FROM `os_collection_user` WHERE  `uid` = 19  AND `sid` = 30 LIMIT 1 [ RunTime:0.000191s ]

---------------------------------------------------------------
[ 2020-03-06T16:51:40+08:00 ] 172.31.18.39 111.206.221.2 GET /index/index/getlist?class=1
[ log ] www.mangtuyou.com/index/index/getlist?class=1 [运行时间：0.025260s][吞吐率：39.59req/s] [内存消耗：2,372.73kb] [文件加载：53]
[ info ] [ LANG ] /www/wwwroot/www.mangtuyou.com/thinkphp/lang/zh-cn.php
[ info ] [ ROUTE ] array (
  'type' => 'module',
  'module' => 
  array (
    0 => 'index',
    1 => 'index',
    2 => 'getlist',
  ),
)
[ info ] [ HEADER ] array (
  'referer' => 'http://www.mangtuyou.com/',
  'resource-type' => '13',
  'accept-language' => 'zh-CN,zh;q=0.8,en-US;q=0.5,en;q=0.3',
  'x-requested-with' => 'XMLHttpRequest',
  'x-devtools-emulate-network-conditions-client-id' => 'eb68317e-d68b-4da8-951b-c4e5398fae7b',
  'accept' => 'application/json, text/javascript, */*; q=0.01',
  'proxy-connection' => 'keep-alive',
  'user-agent' => 'Mozilla/5.0 (iPhone; CPU iPhone OS 9_1 like Mac OS X) AppleWebKit/601.1.46 (KHTML, like Gecko) Version/9.0 Mobile/13B143 Safari/601.1 (compatible; Baiduspider-render/2.0; +http://www.baidu.com/search/spider.html)',
  'host' => 'www.mangtuyou.com',
)
[ info ] [ PARAM ] array (
  '/index/index/getlist' => '',
  'class' => '1',
)
[ info ] [ DB ] INIT mysql
[ info ] [ RUN ] app\index\controller\Index->getList[ /www/wwwroot/www.mangtuyou.com/application/index/controller/Index.php ]
[ info ] [ LOG ] INIT File
[ sql ] [ DB ] CONNECT:[ UseTime:0.000507s ] mysql:dbname=mangtoo;host=localhost;port=3306;charset=utf8
[ sql ] [ SQL ] SHOW COLUMNS FROM `os_newscenic` [ RunTime:0.001026s ]
[ sql ] [ SQL ] SELECT * FROM `os_newscenic` WHERE  `classid` = 1 [ RunTime:0.000290s ]
[ sql ] [ SQL ] SHOW COLUMNS FROM `os_collection_user` [ RunTime:0.000563s ]
[ sql ] [ SQL ] SELECT * FROM `os_collection_user` WHERE  `uid` = 19  AND `sid` = 29 LIMIT 1 [ RunTime:0.000275s ]
[ sql ] [ SQL ] SELECT * FROM `os_collection_user` WHERE  `uid` = 19  AND `sid` = 30 LIMIT 1 [ RunTime:0.000232s ]

---------------------------------------------------------------
[ 2020-03-06T19:34:10+08:00 ] 172.31.18.39 66.249.64.107 GET /zhoumo.png
[ log ] www.mangtuyou.com/zhoumo.png [运行时间：0.013204s][吞吐率：75.74req/s] [内存消耗：1,114.27kb] [文件加载：33]
[ info ] [ LANG ] /www/wwwroot/www.mangtuyou.com/thinkphp/lang/zh-cn.php
[ info ] [ ROUTE ] array (
  'type' => 'module',
  'module' => 
  array (
    0 => 'zhoumo.png',
    1 => NULL,
    2 => NULL,
  ),
)
[ info ] [ HEADER ] array (
  'accept-encoding' => 'gzip,deflate,br',
  'user-agent' => 'Googlebot-Image/1.0',
  'from' => 'googlebot(at)googlebot.com',
  'accept' => 'text/html,application/xhtml+xml,application/xml;q=0.9,*/*;q=0.8',
  'connection' => 'keep-alive',
  'host' => 'www.mangtuyou.com',
)
[ info ] [ PARAM ] array (
  '/zhoumo_png' => '',
)
[ info ] [ LOG ] INIT File

---------------------------------------------------------------
