[ 2020-03-08T00:05:53+08:00 ] 172.31.18.39 223.78.221.38 GET /index/index/index
[ log ] www.mangtuyou.com/index/index/index [运行时间：0.022446s][吞吐率：44.55req/s] [内存消耗：2,412.08kb] [文件加载：50]
[ info ] [ LANG ] /www/wwwroot/www.mangtuyou.com/thinkphp/lang/zh-cn.php
[ info ] [ ROUTE ] array (
  'type' => 'module',
  'module' => 
  array (
    0 => 'index',
    1 => 'index',
    2 => 'index',
  ),
)
[ info ] [ HEADER ] array (
  'cookie' => 'serverType=apache; order=id%20desc; uploadSize=1073741824; copyFileName=/www/wwwroot/www.mangtuyou.com; cutFileName=null; SetId=dfile; ChangePath=24; SetName=www.mangtuyou.com.tar.gz; conterError=; BatchSelected=1; BatchPaste=1; rank=a; fifteen=0.05; one=0; five=0.01; BT_PANEL=10bf9931f1b1fe57670fac5ae56123b909900863; memRealUsed=841; mem-before=841/3789%20%28MB%29; memSize=3789; upNet=0.76; downNet=0.63; Path=/www/wwwroot/www.mangtuyou.com/themes/index/index',
  'accept-language' => 'zh-CN,zh;q=0.9',
  'accept-encoding' => 'gzip, deflate',
  'accept' => 'text/html,application/xhtml+xml,application/xml;q=0.9,image/webp,image/apng,*/*;q=0.8,application/signed-exchange;v=b3;q=0.9',
  'user-agent' => 'Mozilla/5.0 (iPhone; CPU iPhone OS 13_2_3 like Mac OS X) AppleWebKit/605.1.15 (KHTML, like Gecko) Version/13.0.3 Mobile/15E148 Safari/604.1',
  'upgrade-insecure-requests' => '1',
  'cache-control' => 'max-age=0',
  'connection' => 'keep-alive',
  'host' => 'www.mangtuyou.com',
)
[ info ] [ PARAM ] array (
  '/index/index/index' => '',
)
[ info ] [ DB ] INIT mysql
[ info ] [ RUN ] app\index\controller\Index->index[ /www/wwwroot/www.mangtuyou.com/application/index/controller/Index.php ]
[ info ] [ VIEW ] ./themes/index/index/index.html [ array (
) ]
[ info ] [ LOG ] INIT File

---------------------------------------------------------------
[ 2020-03-08T00:05:55+08:00 ] 172.31.18.39 223.78.221.38 GET /index/index/getlist?class=1&uid=19
[ log ] www.mangtuyou.com/index/index/getlist?class=1&uid=19 [运行时间：0.025361s][吞吐率：39.43req/s] [内存消耗：2,373.13kb] [文件加载：53]
[ info ] [ LANG ] /www/wwwroot/www.mangtuyou.com/thinkphp/lang/zh-cn.php
[ info ] [ ROUTE ] array (
  'type' => 'module',
  'module' => 
  array (
    0 => 'index',
    1 => 'index',
    2 => 'getlist',
  ),
)
[ info ] [ HEADER ] array (
  'cookie' => 'serverType=apache; order=id%20desc; uploadSize=1073741824; copyFileName=/www/wwwroot/www.mangtuyou.com; cutFileName=null; SetId=dfile; ChangePath=24; SetName=www.mangtuyou.com.tar.gz; conterError=; BatchSelected=1; BatchPaste=1; rank=a; fifteen=0.05; one=0; five=0.01; BT_PANEL=10bf9931f1b1fe57670fac5ae56123b909900863; memRealUsed=841; mem-before=841/3789%20%28MB%29; memSize=3789; upNet=0.76; downNet=0.63; Path=/www/wwwroot/www.mangtuyou.com/themes/index/index',
  'accept-language' => 'zh-CN,zh;q=0.9',
  'accept-encoding' => 'gzip, deflate',
  'referer' => 'http://www.mangtuyou.com/index/index/index',
  'x-requested-with' => 'XMLHttpRequest',
  'user-agent' => 'Mozilla/5.0 (iPhone; CPU iPhone OS 13_2_3 like Mac OS X) AppleWebKit/605.1.15 (KHTML, like Gecko) Version/13.0.3 Mobile/15E148 Safari/604.1',
  'accept' => 'application/json, text/javascript, */*; q=0.01',
  'connection' => 'keep-alive',
  'host' => 'www.mangtuyou.com',
)
[ info ] [ PARAM ] array (
  '/index/index/getlist' => '',
  'class' => '1',
  'uid' => '19',
)
[ info ] [ DB ] INIT mysql
[ info ] [ RUN ] app\index\controller\Index->getList[ /www/wwwroot/www.mangtuyou.com/application/index/controller/Index.php ]
[ info ] [ LOG ] INIT File
[ sql ] [ DB ] CONNECT:[ UseTime:0.000493s ] mysql:dbname=mangtoo;host=localhost;port=3306;charset=utf8
[ sql ] [ SQL ] SHOW COLUMNS FROM `os_newscenic` [ RunTime:0.001059s ]
[ sql ] [ SQL ] SELECT * FROM `os_newscenic` WHERE  `classid` = 1 [ RunTime:0.000474s ]
[ sql ] [ SQL ] SHOW COLUMNS FROM `os_collection_user` [ RunTime:0.000655s ]
[ sql ] [ SQL ] SELECT * FROM `os_collection_user` WHERE  `uid` = 19  AND `sid` = 29 LIMIT 1 [ RunTime:0.000179s ]
[ sql ] [ SQL ] SELECT * FROM `os_collection_user` WHERE  `uid` = 19  AND `sid` = 30 LIMIT 1 [ RunTime:0.000175s ]

---------------------------------------------------------------
[ 2020-03-08T00:06:08+08:00 ] 172.31.18.39 223.78.221.38 GET /index/index/index
[ log ] www.mangtuyou.com/index/index/index [运行时间：0.021321s][吞吐率：46.90req/s] [内存消耗：2,412.09kb] [文件加载：50]
[ info ] [ LANG ] /www/wwwroot/www.mangtuyou.com/thinkphp/lang/zh-cn.php
[ info ] [ ROUTE ] array (
  'type' => 'module',
  'module' => 
  array (
    0 => 'index',
    1 => 'index',
    2 => 'index',
  ),
)
[ info ] [ HEADER ] array (
  'cookie' => 'serverType=apache; order=id%20desc; uploadSize=1073741824; copyFileName=/www/wwwroot/www.mangtuyou.com; cutFileName=null; SetId=dfile; ChangePath=24; SetName=www.mangtuyou.com.tar.gz; conterError=; BatchSelected=1; BatchPaste=1; rank=a; fifteen=0.05; one=0; five=0.01; BT_PANEL=10bf9931f1b1fe57670fac5ae56123b909900863; memRealUsed=841; mem-before=841/3789%20%28MB%29; memSize=3789; upNet=0.76; downNet=0.63; Path=/www/wwwroot/www.mangtuyou.com/themes/index/index',
  'accept-language' => 'zh-CN,zh;q=0.9',
  'accept-encoding' => 'gzip, deflate',
  'accept' => 'text/html,application/xhtml+xml,application/xml;q=0.9,image/webp,image/apng,*/*;q=0.8,application/signed-exchange;v=b3;q=0.9',
  'user-agent' => 'Mozilla/5.0 (iPhone; CPU iPhone OS 13_2_3 like Mac OS X) AppleWebKit/605.1.15 (KHTML, like Gecko) Version/13.0.3 Mobile/15E148 Safari/604.1',
  'upgrade-insecure-requests' => '1',
  'cache-control' => 'max-age=0',
  'connection' => 'keep-alive',
  'host' => 'www.mangtuyou.com',
)
[ info ] [ PARAM ] array (
  '/index/index/index' => '',
)
[ info ] [ DB ] INIT mysql
[ info ] [ RUN ] app\index\controller\Index->index[ /www/wwwroot/www.mangtuyou.com/application/index/controller/Index.php ]
[ info ] [ VIEW ] ./themes/index/index/index.html [ array (
) ]
[ info ] [ LOG ] INIT File

---------------------------------------------------------------
[ 2020-03-08T00:06:09+08:00 ] 172.31.18.39 223.78.221.38 GET /index/index/getlist?class=1&uid=19
[ log ] www.mangtuyou.com/index/index/getlist?class=1&uid=19 [运行时间：0.023116s][吞吐率：43.26req/s] [内存消耗：2,373.13kb] [文件加载：53]
[ info ] [ LANG ] /www/wwwroot/www.mangtuyou.com/thinkphp/lang/zh-cn.php
[ info ] [ ROUTE ] array (
  'type' => 'module',
  'module' => 
  array (
    0 => 'index',
    1 => 'index',
    2 => 'getlist',
  ),
)
[ info ] [ HEADER ] array (
  'cookie' => 'serverType=apache; order=id%20desc; uploadSize=1073741824; copyFileName=/www/wwwroot/www.mangtuyou.com; cutFileName=null; SetId=dfile; ChangePath=24; SetName=www.mangtuyou.com.tar.gz; conterError=; BatchSelected=1; BatchPaste=1; rank=a; fifteen=0.05; one=0; five=0.01; BT_PANEL=10bf9931f1b1fe57670fac5ae56123b909900863; memRealUsed=841; mem-before=841/3789%20%28MB%29; memSize=3789; upNet=0.76; downNet=0.63; Path=/www/wwwroot/www.mangtuyou.com/themes/index/index',
  'accept-language' => 'zh-CN,zh;q=0.9',
  'accept-encoding' => 'gzip, deflate',
  'referer' => 'http://www.mangtuyou.com/index/index/index',
  'x-requested-with' => 'XMLHttpRequest',
  'user-agent' => 'Mozilla/5.0 (iPhone; CPU iPhone OS 13_2_3 like Mac OS X) AppleWebKit/605.1.15 (KHTML, like Gecko) Version/13.0.3 Mobile/15E148 Safari/604.1',
  'accept' => 'application/json, text/javascript, */*; q=0.01',
  'connection' => 'keep-alive',
  'host' => 'www.mangtuyou.com',
)
[ info ] [ PARAM ] array (
  '/index/index/getlist' => '',
  'class' => '1',
  'uid' => '19',
)
[ info ] [ DB ] INIT mysql
[ info ] [ RUN ] app\index\controller\Index->getList[ /www/wwwroot/www.mangtuyou.com/application/index/controller/Index.php ]
[ info ] [ LOG ] INIT File
[ sql ] [ DB ] CONNECT:[ UseTime:0.000444s ] mysql:dbname=mangtoo;host=localhost;port=3306;charset=utf8
[ sql ] [ SQL ] SHOW COLUMNS FROM `os_newscenic` [ RunTime:0.000979s ]
[ sql ] [ SQL ] SELECT * FROM `os_newscenic` WHERE  `classid` = 1 [ RunTime:0.000341s ]
[ sql ] [ SQL ] SHOW COLUMNS FROM `os_collection_user` [ RunTime:0.000613s ]
[ sql ] [ SQL ] SELECT * FROM `os_collection_user` WHERE  `uid` = 19  AND `sid` = 29 LIMIT 1 [ RunTime:0.000140s ]
[ sql ] [ SQL ] SELECT * FROM `os_collection_user` WHERE  `uid` = 19  AND `sid` = 30 LIMIT 1 [ RunTime:0.000156s ]

---------------------------------------------------------------
[ 2020-03-08T00:08:11+08:00 ] 172.31.18.39 223.78.221.38 GET /index/index/index
[ log ] www.mangtuyou.com/index/index/index [运行时间：0.021889s][吞吐率：45.69req/s] [内存消耗：2,412.09kb] [文件加载：50]
[ info ] [ LANG ] /www/wwwroot/www.mangtuyou.com/thinkphp/lang/zh-cn.php
[ info ] [ ROUTE ] array (
  'type' => 'module',
  'module' => 
  array (
    0 => 'index',
    1 => 'index',
    2 => 'index',
  ),
)
[ info ] [ HEADER ] array (
  'cookie' => 'serverType=apache; order=id%20desc; uploadSize=1073741824; copyFileName=/www/wwwroot/www.mangtuyou.com; cutFileName=null; SetId=dfile; ChangePath=24; SetName=www.mangtuyou.com.tar.gz; conterError=; BatchSelected=1; BatchPaste=1; rank=a; fifteen=0.05; one=0; five=0.01; BT_PANEL=10bf9931f1b1fe57670fac5ae56123b909900863; memRealUsed=841; mem-before=841/3789%20%28MB%29; memSize=3789; upNet=0.76; downNet=0.63; Path=/www/wwwroot/www.mangtuyou.com/themes/index/index',
  'accept-language' => 'zh-CN,zh;q=0.9',
  'accept-encoding' => 'gzip, deflate',
  'accept' => 'text/html,application/xhtml+xml,application/xml;q=0.9,image/webp,image/apng,*/*;q=0.8,application/signed-exchange;v=b3;q=0.9',
  'user-agent' => 'Mozilla/5.0 (iPhone; CPU iPhone OS 13_2_3 like Mac OS X) AppleWebKit/605.1.15 (KHTML, like Gecko) Version/13.0.3 Mobile/15E148 Safari/604.1',
  'upgrade-insecure-requests' => '1',
  'cache-control' => 'max-age=0',
  'connection' => 'keep-alive',
  'host' => 'www.mangtuyou.com',
)
[ info ] [ PARAM ] array (
  '/index/index/index' => '',
)
[ info ] [ DB ] INIT mysql
[ info ] [ RUN ] app\index\controller\Index->index[ /www/wwwroot/www.mangtuyou.com/application/index/controller/Index.php ]
[ info ] [ VIEW ] ./themes/index/index/index.html [ array (
) ]
[ info ] [ LOG ] INIT File

---------------------------------------------------------------
[ 2020-03-08T00:08:11+08:00 ] 172.31.18.39 223.78.221.38 GET /index/index/getlist?class=1&uid=19
[ log ] www.mangtuyou.com/index/index/getlist?class=1&uid=19 [运行时间：0.025409s][吞吐率：39.36req/s] [内存消耗：2,373.13kb] [文件加载：53]
[ info ] [ LANG ] /www/wwwroot/www.mangtuyou.com/thinkphp/lang/zh-cn.php
[ info ] [ ROUTE ] array (
  'type' => 'module',
  'module' => 
  array (
    0 => 'index',
    1 => 'index',
    2 => 'getlist',
  ),
)
[ info ] [ HEADER ] array (
  'cookie' => 'serverType=apache; order=id%20desc; uploadSize=1073741824; copyFileName=/www/wwwroot/www.mangtuyou.com; cutFileName=null; SetId=dfile; ChangePath=24; SetName=www.mangtuyou.com.tar.gz; conterError=; BatchSelected=1; BatchPaste=1; rank=a; fifteen=0.05; one=0; five=0.01; BT_PANEL=10bf9931f1b1fe57670fac5ae56123b909900863; memRealUsed=841; mem-before=841/3789%20%28MB%29; memSize=3789; upNet=0.76; downNet=0.63; Path=/www/wwwroot/www.mangtuyou.com/themes/index/index',
  'accept-language' => 'zh-CN,zh;q=0.9',
  'accept-encoding' => 'gzip, deflate',
  'referer' => 'http://www.mangtuyou.com/index/index/index',
  'x-requested-with' => 'XMLHttpRequest',
  'user-agent' => 'Mozilla/5.0 (iPhone; CPU iPhone OS 13_2_3 like Mac OS X) AppleWebKit/605.1.15 (KHTML, like Gecko) Version/13.0.3 Mobile/15E148 Safari/604.1',
  'accept' => 'application/json, text/javascript, */*; q=0.01',
  'connection' => 'keep-alive',
  'host' => 'www.mangtuyou.com',
)
[ info ] [ PARAM ] array (
  '/index/index/getlist' => '',
  'class' => '1',
  'uid' => '19',
)
[ info ] [ DB ] INIT mysql
[ info ] [ RUN ] app\index\controller\Index->getList[ /www/wwwroot/www.mangtuyou.com/application/index/controller/Index.php ]
[ info ] [ LOG ] INIT File
[ sql ] [ DB ] CONNECT:[ UseTime:0.000329s ] mysql:dbname=mangtoo;host=localhost;port=3306;charset=utf8
[ sql ] [ SQL ] SHOW COLUMNS FROM `os_newscenic` [ RunTime:0.001097s ]
[ sql ] [ SQL ] SELECT * FROM `os_newscenic` WHERE  `classid` = 1 [ RunTime:0.000445s ]
[ sql ] [ SQL ] SHOW COLUMNS FROM `os_collection_user` [ RunTime:0.000697s ]
[ sql ] [ SQL ] SELECT * FROM `os_collection_user` WHERE  `uid` = 19  AND `sid` = 29 LIMIT 1 [ RunTime:0.000261s ]
[ sql ] [ SQL ] SELECT * FROM `os_collection_user` WHERE  `uid` = 19  AND `sid` = 30 LIMIT 1 [ RunTime:0.000343s ]

---------------------------------------------------------------
[ 2020-03-08T00:08:44+08:00 ] 172.31.18.39 223.78.221.38 GET /index/index/index
[ log ] www.mangtuyou.com/index/index/index [运行时间：0.021897s][吞吐率：45.67req/s] [内存消耗：2,412.09kb] [文件加载：50]
[ info ] [ LANG ] /www/wwwroot/www.mangtuyou.com/thinkphp/lang/zh-cn.php
[ info ] [ ROUTE ] array (
  'type' => 'module',
  'module' => 
  array (
    0 => 'index',
    1 => 'index',
    2 => 'index',
  ),
)
[ info ] [ HEADER ] array (
  'cookie' => 'serverType=apache; order=id%20desc; uploadSize=1073741824; copyFileName=/www/wwwroot/www.mangtuyou.com; cutFileName=null; SetId=dfile; ChangePath=24; SetName=www.mangtuyou.com.tar.gz; conterError=; BatchSelected=1; BatchPaste=1; rank=a; fifteen=0.05; one=0; five=0.01; BT_PANEL=10bf9931f1b1fe57670fac5ae56123b909900863; memRealUsed=841; mem-before=841/3789%20%28MB%29; memSize=3789; upNet=0.76; downNet=0.63; Path=/www/wwwroot/www.mangtuyou.com/themes/index/index',
  'accept-language' => 'zh-CN,zh;q=0.9',
  'accept-encoding' => 'gzip, deflate',
  'accept' => 'text/html,application/xhtml+xml,application/xml;q=0.9,image/webp,image/apng,*/*;q=0.8,application/signed-exchange;v=b3;q=0.9',
  'user-agent' => 'Mozilla/5.0 (iPhone; CPU iPhone OS 13_2_3 like Mac OS X) AppleWebKit/605.1.15 (KHTML, like Gecko) Version/13.0.3 Mobile/15E148 Safari/604.1',
  'upgrade-insecure-requests' => '1',
  'cache-control' => 'max-age=0',
  'connection' => 'keep-alive',
  'host' => 'www.mangtuyou.com',
)
[ info ] [ PARAM ] array (
  '/index/index/index' => '',
)
[ info ] [ DB ] INIT mysql
[ info ] [ RUN ] app\index\controller\Index->index[ /www/wwwroot/www.mangtuyou.com/application/index/controller/Index.php ]
[ info ] [ VIEW ] ./themes/index/index/index.html [ array (
) ]
[ info ] [ LOG ] INIT File

---------------------------------------------------------------
[ 2020-03-08T00:08:44+08:00 ] 172.31.18.39 223.78.221.38 GET /index/index/getlist?class=1&uid=19
[ log ] www.mangtuyou.com/index/index/getlist?class=1&uid=19 [运行时间：0.022961s][吞吐率：43.55req/s] [内存消耗：2,373.13kb] [文件加载：53]
[ info ] [ LANG ] /www/wwwroot/www.mangtuyou.com/thinkphp/lang/zh-cn.php
[ info ] [ ROUTE ] array (
  'type' => 'module',
  'module' => 
  array (
    0 => 'index',
    1 => 'index',
    2 => 'getlist',
  ),
)
[ info ] [ HEADER ] array (
  'cookie' => 'serverType=apache; order=id%20desc; uploadSize=1073741824; copyFileName=/www/wwwroot/www.mangtuyou.com; cutFileName=null; SetId=dfile; ChangePath=24; SetName=www.mangtuyou.com.tar.gz; conterError=; BatchSelected=1; BatchPaste=1; rank=a; fifteen=0.05; one=0; five=0.01; BT_PANEL=10bf9931f1b1fe57670fac5ae56123b909900863; memRealUsed=841; mem-before=841/3789%20%28MB%29; memSize=3789; upNet=0.76; downNet=0.63; Path=/www/wwwroot/www.mangtuyou.com/themes/index/index',
  'accept-language' => 'zh-CN,zh;q=0.9',
  'accept-encoding' => 'gzip, deflate',
  'referer' => 'http://www.mangtuyou.com/index/index/index',
  'x-requested-with' => 'XMLHttpRequest',
  'user-agent' => 'Mozilla/5.0 (iPhone; CPU iPhone OS 13_2_3 like Mac OS X) AppleWebKit/605.1.15 (KHTML, like Gecko) Version/13.0.3 Mobile/15E148 Safari/604.1',
  'accept' => 'application/json, text/javascript, */*; q=0.01',
  'connection' => 'keep-alive',
  'host' => 'www.mangtuyou.com',
)
[ info ] [ PARAM ] array (
  '/index/index/getlist' => '',
  'class' => '1',
  'uid' => '19',
)
[ info ] [ DB ] INIT mysql
[ info ] [ RUN ] app\index\controller\Index->getList[ /www/wwwroot/www.mangtuyou.com/application/index/controller/Index.php ]
[ info ] [ LOG ] INIT File
[ sql ] [ DB ] CONNECT:[ UseTime:0.000377s ] mysql:dbname=mangtoo;host=localhost;port=3306;charset=utf8
[ sql ] [ SQL ] SHOW COLUMNS FROM `os_newscenic` [ RunTime:0.000841s ]
[ sql ] [ SQL ] SELECT * FROM `os_newscenic` WHERE  `classid` = 1 [ RunTime:0.000253s ]
[ sql ] [ SQL ] SHOW COLUMNS FROM `os_collection_user` [ RunTime:0.000790s ]
[ sql ] [ SQL ] SELECT * FROM `os_collection_user` WHERE  `uid` = 19  AND `sid` = 29 LIMIT 1 [ RunTime:0.000233s ]
[ sql ] [ SQL ] SELECT * FROM `os_collection_user` WHERE  `uid` = 19  AND `sid` = 30 LIMIT 1 [ RunTime:0.000191s ]

---------------------------------------------------------------
[ 2020-03-08T00:10:08+08:00 ] 172.31.18.39 223.78.221.38 GET /index/index/index
[ log ] www.mangtuyou.com/index/index/index [运行时间：0.020231s][吞吐率：49.43req/s] [内存消耗：2,412.09kb] [文件加载：50]
[ info ] [ LANG ] /www/wwwroot/www.mangtuyou.com/thinkphp/lang/zh-cn.php
[ info ] [ ROUTE ] array (
  'type' => 'module',
  'module' => 
  array (
    0 => 'index',
    1 => 'index',
    2 => 'index',
  ),
)
[ info ] [ HEADER ] array (
  'cookie' => 'serverType=apache; order=id%20desc; uploadSize=1073741824; copyFileName=/www/wwwroot/www.mangtuyou.com; cutFileName=null; SetId=dfile; ChangePath=24; SetName=www.mangtuyou.com.tar.gz; conterError=; BatchSelected=1; BatchPaste=1; rank=a; fifteen=0.05; one=0; five=0.01; BT_PANEL=10bf9931f1b1fe57670fac5ae56123b909900863; memRealUsed=841; mem-before=841/3789%20%28MB%29; memSize=3789; upNet=0.76; downNet=0.63; Path=/www/wwwroot/www.mangtuyou.com/themes/index/index',
  'accept-language' => 'zh-CN,zh;q=0.9',
  'accept-encoding' => 'gzip, deflate',
  'accept' => 'text/html,application/xhtml+xml,application/xml;q=0.9,image/webp,image/apng,*/*;q=0.8,application/signed-exchange;v=b3;q=0.9',
  'user-agent' => 'Mozilla/5.0 (iPhone; CPU iPhone OS 13_2_3 like Mac OS X) AppleWebKit/605.1.15 (KHTML, like Gecko) Version/13.0.3 Mobile/15E148 Safari/604.1',
  'upgrade-insecure-requests' => '1',
  'cache-control' => 'max-age=0',
  'connection' => 'keep-alive',
  'host' => 'www.mangtuyou.com',
)
[ info ] [ PARAM ] array (
  '/index/index/index' => '',
)
[ info ] [ DB ] INIT mysql
[ info ] [ RUN ] app\index\controller\Index->index[ /www/wwwroot/www.mangtuyou.com/application/index/controller/Index.php ]
[ info ] [ VIEW ] ./themes/index/index/index.html [ array (
) ]
[ info ] [ LOG ] INIT File

---------------------------------------------------------------
[ 2020-03-08T00:10:09+08:00 ] 172.31.18.39 223.78.221.38 GET /index/index/getlist?class=1
[ log ] www.mangtuyou.com/index/index/getlist?class=1 [运行时间：0.027029s][吞吐率：37.00req/s] [内存消耗：2,372.92kb] [文件加载：53]
[ info ] [ LANG ] /www/wwwroot/www.mangtuyou.com/thinkphp/lang/zh-cn.php
[ info ] [ ROUTE ] array (
  'type' => 'module',
  'module' => 
  array (
    0 => 'index',
    1 => 'index',
    2 => 'getlist',
  ),
)
[ info ] [ HEADER ] array (
  'cookie' => 'serverType=apache; order=id%20desc; uploadSize=1073741824; copyFileName=/www/wwwroot/www.mangtuyou.com; cutFileName=null; SetId=dfile; ChangePath=24; SetName=www.mangtuyou.com.tar.gz; conterError=; BatchSelected=1; BatchPaste=1; rank=a; fifteen=0.05; one=0; five=0.01; BT_PANEL=10bf9931f1b1fe57670fac5ae56123b909900863; memRealUsed=841; mem-before=841/3789%20%28MB%29; memSize=3789; upNet=0.76; downNet=0.63; Path=/www/wwwroot/www.mangtuyou.com/themes/index/index',
  'accept-language' => 'zh-CN,zh;q=0.9',
  'accept-encoding' => 'gzip, deflate',
  'referer' => 'http://www.mangtuyou.com/index/index/index',
  'x-requested-with' => 'XMLHttpRequest',
  'user-agent' => 'Mozilla/5.0 (iPhone; CPU iPhone OS 13_2_3 like Mac OS X) AppleWebKit/605.1.15 (KHTML, like Gecko) Version/13.0.3 Mobile/15E148 Safari/604.1',
  'accept' => 'application/json, text/javascript, */*; q=0.01',
  'connection' => 'keep-alive',
  'host' => 'www.mangtuyou.com',
)
[ info ] [ PARAM ] array (
  '/index/index/getlist' => '',
  'class' => '1',
)
[ info ] [ DB ] INIT mysql
[ info ] [ RUN ] app\index\controller\Index->getList[ /www/wwwroot/www.mangtuyou.com/application/index/controller/Index.php ]
[ info ] [ LOG ] INIT File
[ sql ] [ DB ] CONNECT:[ UseTime:0.000358s ] mysql:dbname=mangtoo;host=localhost;port=3306;charset=utf8
[ sql ] [ SQL ] SHOW COLUMNS FROM `os_newscenic` [ RunTime:0.000990s ]
[ sql ] [ SQL ] SELECT * FROM `os_newscenic` WHERE  `classid` = 1 [ RunTime:0.000441s ]
[ sql ] [ SQL ] SHOW COLUMNS FROM `os_collection_user` [ RunTime:0.000925s ]
[ sql ] [ SQL ] SELECT * FROM `os_collection_user` WHERE  `uid` = 19  AND `sid` = 29 LIMIT 1 [ RunTime:0.000223s ]
[ sql ] [ SQL ] SELECT * FROM `os_collection_user` WHERE  `uid` = 19  AND `sid` = 30 LIMIT 1 [ RunTime:0.000419s ]

---------------------------------------------------------------
[ 2020-03-08T00:10:42+08:00 ] 172.31.18.39 223.78.221.38 GET /index/index/index
[ log ] www.mangtuyou.com/index/index/index [运行时间：0.020974s][吞吐率：47.68req/s] [内存消耗：2,177.56kb] [文件加载：48]
[ info ] [ LANG ] /www/wwwroot/www.mangtuyou.com/thinkphp/lang/zh-cn.php
[ info ] [ ROUTE ] array (
  'type' => 'module',
  'module' => 
  array (
    0 => 'index',
    1 => 'index',
    2 => 'index',
  ),
)
[ info ] [ HEADER ] array (
  'cookie' => 'serverType=apache; order=id%20desc; uploadSize=1073741824; copyFileName=/www/wwwroot/www.mangtuyou.com; cutFileName=null; SetId=dfile; ChangePath=24; SetName=www.mangtuyou.com.tar.gz; conterError=; BatchSelected=1; BatchPaste=1; rank=a; fifteen=0.05; one=0; five=0.01; BT_PANEL=10bf9931f1b1fe57670fac5ae56123b909900863; memRealUsed=841; mem-before=841/3789%20%28MB%29; memSize=3789; upNet=0.76; downNet=0.63; Path=/www/wwwroot/www.mangtuyou.com/themes/index/index',
  'accept-language' => 'zh-CN,zh;q=0.9',
  'accept-encoding' => 'gzip, deflate',
  'accept' => 'text/html,application/xhtml+xml,application/xml;q=0.9,image/webp,image/apng,*/*;q=0.8,application/signed-exchange;v=b3;q=0.9',
  'user-agent' => 'Mozilla/5.0 (iPhone; CPU iPhone OS 13_2_3 like Mac OS X) AppleWebKit/605.1.15 (KHTML, like Gecko) Version/13.0.3 Mobile/15E148 Safari/604.1',
  'upgrade-insecure-requests' => '1',
  'cache-control' => 'max-age=0',
  'connection' => 'keep-alive',
  'host' => 'www.mangtuyou.com',
)
[ info ] [ PARAM ] array (
  '/index/index/index' => '',
)
[ info ] [ DB ] INIT mysql
[ info ] [ RUN ] app\index\controller\Index->index[ /www/wwwroot/www.mangtuyou.com/application/index/controller/Index.php ]
[ info ] [ VIEW ] ./themes/index/index/index.html [ array (
) ]
[ info ] [ LOG ] INIT File

---------------------------------------------------------------
[ 2020-03-08T00:10:43+08:00 ] 172.31.18.39 223.78.221.38 GET /index/index/getlist?class=1
[ log ] www.mangtuyou.com/index/index/getlist?class=1 [运行时间：0.025909s][吞吐率：38.60req/s] [内存消耗：2,372.92kb] [文件加载：53]
[ info ] [ LANG ] /www/wwwroot/www.mangtuyou.com/thinkphp/lang/zh-cn.php
[ info ] [ ROUTE ] array (
  'type' => 'module',
  'module' => 
  array (
    0 => 'index',
    1 => 'index',
    2 => 'getlist',
  ),
)
[ info ] [ HEADER ] array (
  'cookie' => 'serverType=apache; order=id%20desc; uploadSize=1073741824; copyFileName=/www/wwwroot/www.mangtuyou.com; cutFileName=null; SetId=dfile; ChangePath=24; SetName=www.mangtuyou.com.tar.gz; conterError=; BatchSelected=1; BatchPaste=1; rank=a; fifteen=0.05; one=0; five=0.01; BT_PANEL=10bf9931f1b1fe57670fac5ae56123b909900863; memRealUsed=841; mem-before=841/3789%20%28MB%29; memSize=3789; upNet=0.76; downNet=0.63; Path=/www/wwwroot/www.mangtuyou.com/themes/index/index',
  'accept-language' => 'zh-CN,zh;q=0.9',
  'accept-encoding' => 'gzip, deflate',
  'referer' => 'http://www.mangtuyou.com/index/index/index',
  'x-requested-with' => 'XMLHttpRequest',
  'user-agent' => 'Mozilla/5.0 (iPhone; CPU iPhone OS 13_2_3 like Mac OS X) AppleWebKit/605.1.15 (KHTML, like Gecko) Version/13.0.3 Mobile/15E148 Safari/604.1',
  'accept' => 'application/json, text/javascript, */*; q=0.01',
  'connection' => 'keep-alive',
  'host' => 'www.mangtuyou.com',
)
[ info ] [ PARAM ] array (
  '/index/index/getlist' => '',
  'class' => '1',
)
[ info ] [ DB ] INIT mysql
[ info ] [ RUN ] app\index\controller\Index->getList[ /www/wwwroot/www.mangtuyou.com/application/index/controller/Index.php ]
[ info ] [ LOG ] INIT File
[ sql ] [ DB ] CONNECT:[ UseTime:0.000354s ] mysql:dbname=mangtoo;host=localhost;port=3306;charset=utf8
[ sql ] [ SQL ] SHOW COLUMNS FROM `os_newscenic` [ RunTime:0.001192s ]
[ sql ] [ SQL ] SELECT * FROM `os_newscenic` WHERE  `classid` = 1 [ RunTime:0.000461s ]
[ sql ] [ SQL ] SHOW COLUMNS FROM `os_collection_user` [ RunTime:0.000811s ]
[ sql ] [ SQL ] SELECT * FROM `os_collection_user` WHERE  `uid` = 19  AND `sid` = 29 LIMIT 1 [ RunTime:0.000193s ]
[ sql ] [ SQL ] SELECT * FROM `os_collection_user` WHERE  `uid` = 19  AND `sid` = 30 LIMIT 1 [ RunTime:0.000271s ]

---------------------------------------------------------------
[ 2020-03-08T00:11:31+08:00 ] 172.31.18.39 223.78.221.38 GET /index/index/index
[ log ] www.mangtuyou.com/index/index/index [运行时间：0.019307s][吞吐率：51.79req/s] [内存消耗：2,412.09kb] [文件加载：50]
[ info ] [ LANG ] /www/wwwroot/www.mangtuyou.com/thinkphp/lang/zh-cn.php
[ info ] [ ROUTE ] array (
  'type' => 'module',
  'module' => 
  array (
    0 => 'index',
    1 => 'index',
    2 => 'index',
  ),
)
[ info ] [ HEADER ] array (
  'cookie' => 'serverType=apache; order=id%20desc; uploadSize=1073741824; copyFileName=/www/wwwroot/www.mangtuyou.com; cutFileName=null; SetId=dfile; ChangePath=24; SetName=www.mangtuyou.com.tar.gz; conterError=; BatchSelected=1; BatchPaste=1; rank=a; fifteen=0.05; one=0; five=0.01; BT_PANEL=10bf9931f1b1fe57670fac5ae56123b909900863; memRealUsed=841; mem-before=841/3789%20%28MB%29; memSize=3789; upNet=0.76; downNet=0.63; Path=/www/wwwroot/www.mangtuyou.com/themes/index/index',
  'accept-language' => 'zh-CN,zh;q=0.9',
  'accept-encoding' => 'gzip, deflate',
  'accept' => 'text/html,application/xhtml+xml,application/xml;q=0.9,image/webp,image/apng,*/*;q=0.8,application/signed-exchange;v=b3;q=0.9',
  'user-agent' => 'Mozilla/5.0 (iPhone; CPU iPhone OS 13_2_3 like Mac OS X) AppleWebKit/605.1.15 (KHTML, like Gecko) Version/13.0.3 Mobile/15E148 Safari/604.1',
  'upgrade-insecure-requests' => '1',
  'cache-control' => 'max-age=0',
  'connection' => 'keep-alive',
  'host' => 'www.mangtuyou.com',
)
[ info ] [ PARAM ] array (
  '/index/index/index' => '',
)
[ info ] [ DB ] INIT mysql
[ info ] [ RUN ] app\index\controller\Index->index[ /www/wwwroot/www.mangtuyou.com/application/index/controller/Index.php ]
[ info ] [ VIEW ] ./themes/index/index/index.html [ array (
) ]
[ info ] [ LOG ] INIT File

---------------------------------------------------------------
[ 2020-03-08T00:11:32+08:00 ] 172.31.18.39 223.78.221.38 GET /index/index/getlist?class=1
[ log ] www.mangtuyou.com/index/index/getlist?class=1 [运行时间：0.030786s][吞吐率：32.48req/s] [内存消耗：2,372.92kb] [文件加载：53]
[ info ] [ LANG ] /www/wwwroot/www.mangtuyou.com/thinkphp/lang/zh-cn.php
[ info ] [ ROUTE ] array (
  'type' => 'module',
  'module' => 
  array (
    0 => 'index',
    1 => 'index',
    2 => 'getlist',
  ),
)
[ info ] [ HEADER ] array (
  'cookie' => 'serverType=apache; order=id%20desc; uploadSize=1073741824; copyFileName=/www/wwwroot/www.mangtuyou.com; cutFileName=null; SetId=dfile; ChangePath=24; SetName=www.mangtuyou.com.tar.gz; conterError=; BatchSelected=1; BatchPaste=1; rank=a; fifteen=0.05; one=0; five=0.01; BT_PANEL=10bf9931f1b1fe57670fac5ae56123b909900863; memRealUsed=841; mem-before=841/3789%20%28MB%29; memSize=3789; upNet=0.76; downNet=0.63; Path=/www/wwwroot/www.mangtuyou.com/themes/index/index',
  'accept-language' => 'zh-CN,zh;q=0.9',
  'accept-encoding' => 'gzip, deflate',
  'referer' => 'http://www.mangtuyou.com/index/index/index',
  'x-requested-with' => 'XMLHttpRequest',
  'user-agent' => 'Mozilla/5.0 (iPhone; CPU iPhone OS 13_2_3 like Mac OS X) AppleWebKit/605.1.15 (KHTML, like Gecko) Version/13.0.3 Mobile/15E148 Safari/604.1',
  'accept' => 'application/json, text/javascript, */*; q=0.01',
  'connection' => 'keep-alive',
  'host' => 'www.mangtuyou.com',
)
[ info ] [ PARAM ] array (
  '/index/index/getlist' => '',
  'class' => '1',
)
[ info ] [ DB ] INIT mysql
[ info ] [ RUN ] app\index\controller\Index->getList[ /www/wwwroot/www.mangtuyou.com/application/index/controller/Index.php ]
[ info ] [ LOG ] INIT File
[ sql ] [ DB ] CONNECT:[ UseTime:0.000369s ] mysql:dbname=mangtoo;host=localhost;port=3306;charset=utf8
[ sql ] [ SQL ] SHOW COLUMNS FROM `os_newscenic` [ RunTime:0.001026s ]
[ sql ] [ SQL ] SELECT * FROM `os_newscenic` WHERE  `classid` = 1 [ RunTime:0.000271s ]
[ sql ] [ SQL ] SHOW COLUMNS FROM `os_collection_user` [ RunTime:0.000612s ]
[ sql ] [ SQL ] SELECT * FROM `os_collection_user` WHERE  `uid` = 19  AND `sid` = 29 LIMIT 1 [ RunTime:0.000215s ]
[ sql ] [ SQL ] SELECT * FROM `os_collection_user` WHERE  `uid` = 19  AND `sid` = 30 LIMIT 1 [ RunTime:0.000245s ]

---------------------------------------------------------------
[ 2020-03-08T00:12:12+08:00 ] 172.31.18.39 223.78.221.38 GET /index/index/index
[ log ] www.mangtuyou.com/index/index/index [运行时间：0.021457s][吞吐率：46.60req/s] [内存消耗：2,412.09kb] [文件加载：50]
[ info ] [ LANG ] /www/wwwroot/www.mangtuyou.com/thinkphp/lang/zh-cn.php
[ info ] [ ROUTE ] array (
  'type' => 'module',
  'module' => 
  array (
    0 => 'index',
    1 => 'index',
    2 => 'index',
  ),
)
[ info ] [ HEADER ] array (
  'cookie' => 'serverType=apache; order=id%20desc; uploadSize=1073741824; copyFileName=/www/wwwroot/www.mangtuyou.com; cutFileName=null; SetId=dfile; ChangePath=24; SetName=www.mangtuyou.com.tar.gz; conterError=; BatchSelected=1; BatchPaste=1; rank=a; fifteen=0.05; one=0; five=0.01; BT_PANEL=10bf9931f1b1fe57670fac5ae56123b909900863; memRealUsed=841; mem-before=841/3789%20%28MB%29; memSize=3789; upNet=0.76; downNet=0.63; Path=/www/wwwroot/www.mangtuyou.com/themes/index/index',
  'accept-language' => 'zh-CN,zh;q=0.9',
  'accept-encoding' => 'gzip, deflate',
  'accept' => 'text/html,application/xhtml+xml,application/xml;q=0.9,image/webp,image/apng,*/*;q=0.8,application/signed-exchange;v=b3;q=0.9',
  'user-agent' => 'Mozilla/5.0 (iPhone; CPU iPhone OS 13_2_3 like Mac OS X) AppleWebKit/605.1.15 (KHTML, like Gecko) Version/13.0.3 Mobile/15E148 Safari/604.1',
  'upgrade-insecure-requests' => '1',
  'cache-control' => 'max-age=0',
  'connection' => 'keep-alive',
  'host' => 'www.mangtuyou.com',
)
[ info ] [ PARAM ] array (
  '/index/index/index' => '',
)
[ info ] [ DB ] INIT mysql
[ info ] [ RUN ] app\index\controller\Index->index[ /www/wwwroot/www.mangtuyou.com/application/index/controller/Index.php ]
[ info ] [ VIEW ] ./themes/index/index/index.html [ array (
) ]
[ info ] [ LOG ] INIT File

---------------------------------------------------------------
[ 2020-03-08T00:12:13+08:00 ] 172.31.18.39 223.78.221.38 GET /index/index/getlist?class=1
[ log ] www.mangtuyou.com/index/index/getlist?class=1 [运行时间：0.023556s][吞吐率：42.45req/s] [内存消耗：2,372.92kb] [文件加载：53]
[ info ] [ LANG ] /www/wwwroot/www.mangtuyou.com/thinkphp/lang/zh-cn.php
[ info ] [ ROUTE ] array (
  'type' => 'module',
  'module' => 
  array (
    0 => 'index',
    1 => 'index',
    2 => 'getlist',
  ),
)
[ info ] [ HEADER ] array (
  'cookie' => 'serverType=apache; order=id%20desc; uploadSize=1073741824; copyFileName=/www/wwwroot/www.mangtuyou.com; cutFileName=null; SetId=dfile; ChangePath=24; SetName=www.mangtuyou.com.tar.gz; conterError=; BatchSelected=1; BatchPaste=1; rank=a; fifteen=0.05; one=0; five=0.01; BT_PANEL=10bf9931f1b1fe57670fac5ae56123b909900863; memRealUsed=841; mem-before=841/3789%20%28MB%29; memSize=3789; upNet=0.76; downNet=0.63; Path=/www/wwwroot/www.mangtuyou.com/themes/index/index',
  'accept-language' => 'zh-CN,zh;q=0.9',
  'accept-encoding' => 'gzip, deflate',
  'referer' => 'http://www.mangtuyou.com/index/index/index',
  'x-requested-with' => 'XMLHttpRequest',
  'user-agent' => 'Mozilla/5.0 (iPhone; CPU iPhone OS 13_2_3 like Mac OS X) AppleWebKit/605.1.15 (KHTML, like Gecko) Version/13.0.3 Mobile/15E148 Safari/604.1',
  'accept' => 'application/json, text/javascript, */*; q=0.01',
  'connection' => 'keep-alive',
  'host' => 'www.mangtuyou.com',
)
[ info ] [ PARAM ] array (
  '/index/index/getlist' => '',
  'class' => '1',
)
[ info ] [ DB ] INIT mysql
[ info ] [ RUN ] app\index\controller\Index->getList[ /www/wwwroot/www.mangtuyou.com/application/index/controller/Index.php ]
[ info ] [ LOG ] INIT File
[ sql ] [ DB ] CONNECT:[ UseTime:0.000326s ] mysql:dbname=mangtoo;host=localhost;port=3306;charset=utf8
[ sql ] [ SQL ] SHOW COLUMNS FROM `os_newscenic` [ RunTime:0.001039s ]
[ sql ] [ SQL ] SELECT * FROM `os_newscenic` WHERE  `classid` = 1 [ RunTime:0.000404s ]
[ sql ] [ SQL ] SHOW COLUMNS FROM `os_collection_user` [ RunTime:0.000897s ]
[ sql ] [ SQL ] SELECT * FROM `os_collection_user` WHERE  `uid` = 19  AND `sid` = 29 LIMIT 1 [ RunTime:0.000261s ]
[ sql ] [ SQL ] SELECT * FROM `os_collection_user` WHERE  `uid` = 19  AND `sid` = 30 LIMIT 1 [ RunTime:0.000220s ]

---------------------------------------------------------------
[ 2020-03-08T00:13:54+08:00 ] 172.31.18.39 223.78.221.38 GET /index/index/index
[ log ] www.mangtuyou.com/index/index/index [运行时间：0.023248s][吞吐率：43.01req/s] [内存消耗：2,412.09kb] [文件加载：50]
[ info ] [ LANG ] /www/wwwroot/www.mangtuyou.com/thinkphp/lang/zh-cn.php
[ info ] [ ROUTE ] array (
  'type' => 'module',
  'module' => 
  array (
    0 => 'index',
    1 => 'index',
    2 => 'index',
  ),
)
[ info ] [ HEADER ] array (
  'cookie' => 'serverType=apache; order=id%20desc; uploadSize=1073741824; copyFileName=/www/wwwroot/www.mangtuyou.com; cutFileName=null; SetId=dfile; ChangePath=24; SetName=www.mangtuyou.com.tar.gz; conterError=; BatchSelected=1; BatchPaste=1; rank=a; fifteen=0.05; one=0; five=0.01; BT_PANEL=10bf9931f1b1fe57670fac5ae56123b909900863; memRealUsed=841; mem-before=841/3789%20%28MB%29; memSize=3789; upNet=0.76; downNet=0.63; Path=/www/wwwroot/www.mangtuyou.com/themes/index/index',
  'accept-language' => 'zh-CN,zh;q=0.9',
  'accept-encoding' => 'gzip, deflate',
  'accept' => 'text/html,application/xhtml+xml,application/xml;q=0.9,image/webp,image/apng,*/*;q=0.8,application/signed-exchange;v=b3;q=0.9',
  'user-agent' => 'Mozilla/5.0 (iPhone; CPU iPhone OS 13_2_3 like Mac OS X) AppleWebKit/605.1.15 (KHTML, like Gecko) Version/13.0.3 Mobile/15E148 Safari/604.1',
  'upgrade-insecure-requests' => '1',
  'cache-control' => 'max-age=0',
  'connection' => 'keep-alive',
  'host' => 'www.mangtuyou.com',
)
[ info ] [ PARAM ] array (
  '/index/index/index' => '',
)
[ info ] [ DB ] INIT mysql
[ info ] [ RUN ] app\index\controller\Index->index[ /www/wwwroot/www.mangtuyou.com/application/index/controller/Index.php ]
[ info ] [ VIEW ] ./themes/index/index/index.html [ array (
) ]
[ info ] [ LOG ] INIT File

---------------------------------------------------------------
[ 2020-03-08T00:13:55+08:00 ] 172.31.18.39 223.78.221.38 GET /index/index/getlist?class=1&uid=19
[ log ] www.mangtuyou.com/index/index/getlist?class=1&uid=19 [运行时间：0.024049s][吞吐率：41.58req/s] [内存消耗：2,373.13kb] [文件加载：53]
[ info ] [ LANG ] /www/wwwroot/www.mangtuyou.com/thinkphp/lang/zh-cn.php
[ info ] [ ROUTE ] array (
  'type' => 'module',
  'module' => 
  array (
    0 => 'index',
    1 => 'index',
    2 => 'getlist',
  ),
)
[ info ] [ HEADER ] array (
  'cookie' => 'serverType=apache; order=id%20desc; uploadSize=1073741824; copyFileName=/www/wwwroot/www.mangtuyou.com; cutFileName=null; SetId=dfile; ChangePath=24; SetName=www.mangtuyou.com.tar.gz; conterError=; BatchSelected=1; BatchPaste=1; rank=a; fifteen=0.05; one=0; five=0.01; BT_PANEL=10bf9931f1b1fe57670fac5ae56123b909900863; memRealUsed=841; mem-before=841/3789%20%28MB%29; memSize=3789; upNet=0.76; downNet=0.63; Path=/www/wwwroot/www.mangtuyou.com/themes/index/index',
  'accept-language' => 'zh-CN,zh;q=0.9',
  'accept-encoding' => 'gzip, deflate',
  'referer' => 'http://www.mangtuyou.com/index/index/index',
  'x-requested-with' => 'XMLHttpRequest',
  'user-agent' => 'Mozilla/5.0 (iPhone; CPU iPhone OS 13_2_3 like Mac OS X) AppleWebKit/605.1.15 (KHTML, like Gecko) Version/13.0.3 Mobile/15E148 Safari/604.1',
  'accept' => 'application/json, text/javascript, */*; q=0.01',
  'connection' => 'keep-alive',
  'host' => 'www.mangtuyou.com',
)
[ info ] [ PARAM ] array (
  '/index/index/getlist' => '',
  'class' => '1',
  'uid' => '19',
)
[ info ] [ DB ] INIT mysql
[ info ] [ RUN ] app\index\controller\Index->getList[ /www/wwwroot/www.mangtuyou.com/application/index/controller/Index.php ]
[ info ] [ LOG ] INIT File
[ sql ] [ DB ] CONNECT:[ UseTime:0.000284s ] mysql:dbname=mangtoo;host=localhost;port=3306;charset=utf8
[ sql ] [ SQL ] SHOW COLUMNS FROM `os_newscenic` [ RunTime:0.000953s ]
[ sql ] [ SQL ] SELECT * FROM `os_newscenic` WHERE  `classid` = 1 [ RunTime:0.000382s ]
[ sql ] [ SQL ] SHOW COLUMNS FROM `os_collection_user` [ RunTime:0.000890s ]
[ sql ] [ SQL ] SELECT * FROM `os_collection_user` WHERE  `uid` = 19  AND `sid` = 29 LIMIT 1 [ RunTime:0.000228s ]
[ sql ] [ SQL ] SELECT * FROM `os_collection_user` WHERE  `uid` = 19  AND `sid` = 30 LIMIT 1 [ RunTime:0.000210s ]

---------------------------------------------------------------
[ 2020-03-08T00:15:38+08:00 ] 172.31.18.39 223.78.221.38 GET /index/index/index
[ log ] www.mangtuyou.com/index/index/index [运行时间：0.021649s][吞吐率：46.19req/s] [内存消耗：2,412.09kb] [文件加载：50]
[ info ] [ LANG ] /www/wwwroot/www.mangtuyou.com/thinkphp/lang/zh-cn.php
[ info ] [ ROUTE ] array (
  'type' => 'module',
  'module' => 
  array (
    0 => 'index',
    1 => 'index',
    2 => 'index',
  ),
)
[ info ] [ HEADER ] array (
  'cookie' => 'serverType=apache; order=id%20desc; uploadSize=1073741824; copyFileName=/www/wwwroot/www.mangtuyou.com; cutFileName=null; SetId=dfile; ChangePath=24; SetName=www.mangtuyou.com.tar.gz; conterError=; BatchSelected=1; BatchPaste=1; rank=a; fifteen=0.05; one=0; five=0.01; BT_PANEL=10bf9931f1b1fe57670fac5ae56123b909900863; memRealUsed=841; mem-before=841/3789%20%28MB%29; memSize=3789; upNet=0.76; downNet=0.63; Path=/www/wwwroot/www.mangtuyou.com/themes/index/index',
  'accept-language' => 'zh-CN,zh;q=0.9',
  'accept-encoding' => 'gzip, deflate',
  'accept' => 'text/html,application/xhtml+xml,application/xml;q=0.9,image/webp,image/apng,*/*;q=0.8,application/signed-exchange;v=b3;q=0.9',
  'user-agent' => 'Mozilla/5.0 (iPhone; CPU iPhone OS 13_2_3 like Mac OS X) AppleWebKit/605.1.15 (KHTML, like Gecko) Version/13.0.3 Mobile/15E148 Safari/604.1',
  'upgrade-insecure-requests' => '1',
  'cache-control' => 'max-age=0',
  'connection' => 'keep-alive',
  'host' => 'www.mangtuyou.com',
)
[ info ] [ PARAM ] array (
  '/index/index/index' => '',
)
[ info ] [ DB ] INIT mysql
[ info ] [ RUN ] app\index\controller\Index->index[ /www/wwwroot/www.mangtuyou.com/application/index/controller/Index.php ]
[ info ] [ VIEW ] ./themes/index/index/index.html [ array (
) ]
[ info ] [ LOG ] INIT File

---------------------------------------------------------------
[ 2020-03-08T00:15:38+08:00 ] 172.31.18.39 223.78.221.38 GET /index/index/getlist?class=1&uid=19
[ log ] www.mangtuyou.com/index/index/getlist?class=1&uid=19 [运行时间：0.025955s][吞吐率：38.53req/s] [内存消耗：2,373.13kb] [文件加载：53]
[ info ] [ LANG ] /www/wwwroot/www.mangtuyou.com/thinkphp/lang/zh-cn.php
[ info ] [ ROUTE ] array (
  'type' => 'module',
  'module' => 
  array (
    0 => 'index',
    1 => 'index',
    2 => 'getlist',
  ),
)
[ info ] [ HEADER ] array (
  'cookie' => 'serverType=apache; order=id%20desc; uploadSize=1073741824; copyFileName=/www/wwwroot/www.mangtuyou.com; cutFileName=null; SetId=dfile; ChangePath=24; SetName=www.mangtuyou.com.tar.gz; conterError=; BatchSelected=1; BatchPaste=1; rank=a; fifteen=0.05; one=0; five=0.01; BT_PANEL=10bf9931f1b1fe57670fac5ae56123b909900863; memRealUsed=841; mem-before=841/3789%20%28MB%29; memSize=3789; upNet=0.76; downNet=0.63; Path=/www/wwwroot/www.mangtuyou.com/themes/index/index',
  'accept-language' => 'zh-CN,zh;q=0.9',
  'accept-encoding' => 'gzip, deflate',
  'referer' => 'http://www.mangtuyou.com/index/index/index',
  'x-requested-with' => 'XMLHttpRequest',
  'user-agent' => 'Mozilla/5.0 (iPhone; CPU iPhone OS 13_2_3 like Mac OS X) AppleWebKit/605.1.15 (KHTML, like Gecko) Version/13.0.3 Mobile/15E148 Safari/604.1',
  'accept' => 'application/json, text/javascript, */*; q=0.01',
  'connection' => 'keep-alive',
  'host' => 'www.mangtuyou.com',
)
[ info ] [ PARAM ] array (
  '/index/index/getlist' => '',
  'class' => '1',
  'uid' => '19',
)
[ info ] [ DB ] INIT mysql
[ info ] [ RUN ] app\index\controller\Index->getList[ /www/wwwroot/www.mangtuyou.com/application/index/controller/Index.php ]
[ info ] [ LOG ] INIT File
[ sql ] [ DB ] CONNECT:[ UseTime:0.000401s ] mysql:dbname=mangtoo;host=localhost;port=3306;charset=utf8
[ sql ] [ SQL ] SHOW COLUMNS FROM `os_newscenic` [ RunTime:0.001009s ]
[ sql ] [ SQL ] SELECT * FROM `os_newscenic` WHERE  `classid` = 1 [ RunTime:0.000280s ]
[ sql ] [ SQL ] SHOW COLUMNS FROM `os_collection_user` [ RunTime:0.000860s ]
[ sql ] [ SQL ] SELECT * FROM `os_collection_user` WHERE  `uid` = 19  AND `sid` = 29 LIMIT 1 [ RunTime:0.000389s ]
[ sql ] [ SQL ] SELECT * FROM `os_collection_user` WHERE  `uid` = 19  AND `sid` = 30 LIMIT 1 [ RunTime:0.000253s ]

---------------------------------------------------------------
[ 2020-03-08T00:16:20+08:00 ] 172.31.18.39 223.78.221.38 GET /index/index/index
[ log ] www.mangtuyou.com/index/index/index [运行时间：0.022520s][吞吐率：44.40req/s] [内存消耗：2,412.09kb] [文件加载：50]
[ info ] [ LANG ] /www/wwwroot/www.mangtuyou.com/thinkphp/lang/zh-cn.php
[ info ] [ ROUTE ] array (
  'type' => 'module',
  'module' => 
  array (
    0 => 'index',
    1 => 'index',
    2 => 'index',
  ),
)
[ info ] [ HEADER ] array (
  'cookie' => 'serverType=apache; order=id%20desc; uploadSize=1073741824; copyFileName=/www/wwwroot/www.mangtuyou.com; cutFileName=null; SetId=dfile; ChangePath=24; SetName=www.mangtuyou.com.tar.gz; conterError=; BatchSelected=1; BatchPaste=1; rank=a; fifteen=0.05; one=0; five=0.01; BT_PANEL=10bf9931f1b1fe57670fac5ae56123b909900863; memRealUsed=841; mem-before=841/3789%20%28MB%29; memSize=3789; upNet=0.76; downNet=0.63; Path=/www/wwwroot/www.mangtuyou.com/themes/index/index',
  'accept-language' => 'zh-CN,zh;q=0.9',
  'accept-encoding' => 'gzip, deflate',
  'accept' => 'text/html,application/xhtml+xml,application/xml;q=0.9,image/webp,image/apng,*/*;q=0.8,application/signed-exchange;v=b3;q=0.9',
  'user-agent' => 'Mozilla/5.0 (iPhone; CPU iPhone OS 13_2_3 like Mac OS X) AppleWebKit/605.1.15 (KHTML, like Gecko) Version/13.0.3 Mobile/15E148 Safari/604.1',
  'upgrade-insecure-requests' => '1',
  'cache-control' => 'max-age=0',
  'connection' => 'keep-alive',
  'host' => 'www.mangtuyou.com',
)
[ info ] [ PARAM ] array (
  '/index/index/index' => '',
)
[ info ] [ DB ] INIT mysql
[ info ] [ RUN ] app\index\controller\Index->index[ /www/wwwroot/www.mangtuyou.com/application/index/controller/Index.php ]
[ info ] [ VIEW ] ./themes/index/index/index.html [ array (
) ]
[ info ] [ LOG ] INIT File

---------------------------------------------------------------
[ 2020-03-08T00:16:21+08:00 ] 172.31.18.39 223.78.221.38 GET /index/index/getlist?class=1&uid=19
[ log ] www.mangtuyou.com/index/index/getlist?class=1&uid=19 [运行时间：0.025178s][吞吐率：39.72req/s] [内存消耗：2,373.13kb] [文件加载：53]
[ info ] [ LANG ] /www/wwwroot/www.mangtuyou.com/thinkphp/lang/zh-cn.php
[ info ] [ ROUTE ] array (
  'type' => 'module',
  'module' => 
  array (
    0 => 'index',
    1 => 'index',
    2 => 'getlist',
  ),
)
[ info ] [ HEADER ] array (
  'cookie' => 'serverType=apache; order=id%20desc; uploadSize=1073741824; copyFileName=/www/wwwroot/www.mangtuyou.com; cutFileName=null; SetId=dfile; ChangePath=24; SetName=www.mangtuyou.com.tar.gz; conterError=; BatchSelected=1; BatchPaste=1; rank=a; fifteen=0.05; one=0; five=0.01; BT_PANEL=10bf9931f1b1fe57670fac5ae56123b909900863; memRealUsed=841; mem-before=841/3789%20%28MB%29; memSize=3789; upNet=0.76; downNet=0.63; Path=/www/wwwroot/www.mangtuyou.com/themes/index/index',
  'accept-language' => 'zh-CN,zh;q=0.9',
  'accept-encoding' => 'gzip, deflate',
  'referer' => 'http://www.mangtuyou.com/index/index/index',
  'x-requested-with' => 'XMLHttpRequest',
  'user-agent' => 'Mozilla/5.0 (iPhone; CPU iPhone OS 13_2_3 like Mac OS X) AppleWebKit/605.1.15 (KHTML, like Gecko) Version/13.0.3 Mobile/15E148 Safari/604.1',
  'accept' => 'application/json, text/javascript, */*; q=0.01',
  'connection' => 'keep-alive',
  'host' => 'www.mangtuyou.com',
)
[ info ] [ PARAM ] array (
  '/index/index/getlist' => '',
  'class' => '1',
  'uid' => '19',
)
[ info ] [ DB ] INIT mysql
[ info ] [ RUN ] app\index\controller\Index->getList[ /www/wwwroot/www.mangtuyou.com/application/index/controller/Index.php ]
[ info ] [ LOG ] INIT File
[ sql ] [ DB ] CONNECT:[ UseTime:0.000533s ] mysql:dbname=mangtoo;host=localhost;port=3306;charset=utf8
[ sql ] [ SQL ] SHOW COLUMNS FROM `os_newscenic` [ RunTime:0.001079s ]
[ sql ] [ SQL ] SELECT * FROM `os_newscenic` WHERE  `classid` = 1 [ RunTime:0.000568s ]
[ sql ] [ SQL ] SHOW COLUMNS FROM `os_collection_user` [ RunTime:0.000617s ]
[ sql ] [ SQL ] SELECT * FROM `os_collection_user` WHERE  `uid` = 19  AND `sid` = 29 LIMIT 1 [ RunTime:0.000577s ]
[ sql ] [ SQL ] SELECT * FROM `os_collection_user` WHERE  `uid` = 19  AND `sid` = 30 LIMIT 1 [ RunTime:0.000318s ]

---------------------------------------------------------------
[ 2020-03-08T00:16:50+08:00 ] 172.31.18.39 223.78.221.38 GET /index/index/index
[ log ] www.mangtuyou.com/index/index/index [运行时间：0.020613s][吞吐率：48.51req/s] [内存消耗：2,412.09kb] [文件加载：50]
[ info ] [ LANG ] /www/wwwroot/www.mangtuyou.com/thinkphp/lang/zh-cn.php
[ info ] [ ROUTE ] array (
  'type' => 'module',
  'module' => 
  array (
    0 => 'index',
    1 => 'index',
    2 => 'index',
  ),
)
[ info ] [ HEADER ] array (
  'cookie' => 'serverType=apache; order=id%20desc; uploadSize=1073741824; copyFileName=/www/wwwroot/www.mangtuyou.com; cutFileName=null; SetId=dfile; ChangePath=24; SetName=www.mangtuyou.com.tar.gz; conterError=; BatchSelected=1; BatchPaste=1; rank=a; fifteen=0.05; one=0; five=0.01; BT_PANEL=10bf9931f1b1fe57670fac5ae56123b909900863; memRealUsed=841; mem-before=841/3789%20%28MB%29; memSize=3789; upNet=0.76; downNet=0.63; Path=/www/wwwroot/www.mangtuyou.com/themes/index/index',
  'accept-language' => 'zh-CN,zh;q=0.9',
  'accept-encoding' => 'gzip, deflate',
  'accept' => 'text/html,application/xhtml+xml,application/xml;q=0.9,image/webp,image/apng,*/*;q=0.8,application/signed-exchange;v=b3;q=0.9',
  'user-agent' => 'Mozilla/5.0 (iPhone; CPU iPhone OS 13_2_3 like Mac OS X) AppleWebKit/605.1.15 (KHTML, like Gecko) Version/13.0.3 Mobile/15E148 Safari/604.1',
  'upgrade-insecure-requests' => '1',
  'cache-control' => 'max-age=0',
  'connection' => 'keep-alive',
  'host' => 'www.mangtuyou.com',
)
[ info ] [ PARAM ] array (
  '/index/index/index' => '',
)
[ info ] [ DB ] INIT mysql
[ info ] [ RUN ] app\index\controller\Index->index[ /www/wwwroot/www.mangtuyou.com/application/index/controller/Index.php ]
[ info ] [ VIEW ] ./themes/index/index/index.html [ array (
) ]
[ info ] [ LOG ] INIT File

---------------------------------------------------------------
[ 2020-03-08T00:16:51+08:00 ] 172.31.18.39 223.78.221.38 GET /index/index/getlist?class=1&uid=19
[ log ] www.mangtuyou.com/index/index/getlist?class=1&uid=19 [运行时间：0.025884s][吞吐率：38.63req/s] [内存消耗：2,373.13kb] [文件加载：53]
[ info ] [ LANG ] /www/wwwroot/www.mangtuyou.com/thinkphp/lang/zh-cn.php
[ info ] [ ROUTE ] array (
  'type' => 'module',
  'module' => 
  array (
    0 => 'index',
    1 => 'index',
    2 => 'getlist',
  ),
)
[ info ] [ HEADER ] array (
  'cookie' => 'serverType=apache; order=id%20desc; uploadSize=1073741824; copyFileName=/www/wwwroot/www.mangtuyou.com; cutFileName=null; SetId=dfile; ChangePath=24; SetName=www.mangtuyou.com.tar.gz; conterError=; BatchSelected=1; BatchPaste=1; rank=a; fifteen=0.05; one=0; five=0.01; BT_PANEL=10bf9931f1b1fe57670fac5ae56123b909900863; memRealUsed=841; mem-before=841/3789%20%28MB%29; memSize=3789; upNet=0.76; downNet=0.63; Path=/www/wwwroot/www.mangtuyou.com/themes/index/index',
  'accept-language' => 'zh-CN,zh;q=0.9',
  'accept-encoding' => 'gzip, deflate',
  'referer' => 'http://www.mangtuyou.com/index/index/index',
  'x-requested-with' => 'XMLHttpRequest',
  'user-agent' => 'Mozilla/5.0 (iPhone; CPU iPhone OS 13_2_3 like Mac OS X) AppleWebKit/605.1.15 (KHTML, like Gecko) Version/13.0.3 Mobile/15E148 Safari/604.1',
  'accept' => 'application/json, text/javascript, */*; q=0.01',
  'connection' => 'keep-alive',
  'host' => 'www.mangtuyou.com',
)
[ info ] [ PARAM ] array (
  '/index/index/getlist' => '',
  'class' => '1',
  'uid' => '19',
)
[ info ] [ DB ] INIT mysql
[ info ] [ RUN ] app\index\controller\Index->getList[ /www/wwwroot/www.mangtuyou.com/application/index/controller/Index.php ]
[ info ] [ LOG ] INIT File
[ sql ] [ DB ] CONNECT:[ UseTime:0.000570s ] mysql:dbname=mangtoo;host=localhost;port=3306;charset=utf8
[ sql ] [ SQL ] SHOW COLUMNS FROM `os_newscenic` [ RunTime:0.001229s ]
[ sql ] [ SQL ] SELECT * FROM `os_newscenic` WHERE  `classid` = 1 [ RunTime:0.000388s ]
[ sql ] [ SQL ] SHOW COLUMNS FROM `os_collection_user` [ RunTime:0.001135s ]
[ sql ] [ SQL ] SELECT * FROM `os_collection_user` WHERE  `uid` = 19  AND `sid` = 29 LIMIT 1 [ RunTime:0.000214s ]
[ sql ] [ SQL ] SELECT * FROM `os_collection_user` WHERE  `uid` = 19  AND `sid` = 30 LIMIT 1 [ RunTime:0.000185s ]

---------------------------------------------------------------
[ 2020-03-08T00:16:58+08:00 ] 172.31.18.39 223.78.221.38 GET /index/index/getlist?class=2&uid=19
[ log ] www.mangtuyou.com/index/index/getlist?class=2&uid=19 [运行时间：0.024394s][吞吐率：40.99req/s] [内存消耗：2,373.16kb] [文件加载：53]
[ info ] [ LANG ] /www/wwwroot/www.mangtuyou.com/thinkphp/lang/zh-cn.php
[ info ] [ ROUTE ] array (
  'type' => 'module',
  'module' => 
  array (
    0 => 'index',
    1 => 'index',
    2 => 'getlist',
  ),
)
[ info ] [ HEADER ] array (
  'cookie' => 'serverType=apache; order=id%20desc; uploadSize=1073741824; copyFileName=/www/wwwroot/www.mangtuyou.com; cutFileName=null; SetId=dfile; ChangePath=24; SetName=www.mangtuyou.com.tar.gz; conterError=; BatchSelected=1; BatchPaste=1; rank=a; fifteen=0.05; one=0; five=0.01; BT_PANEL=10bf9931f1b1fe57670fac5ae56123b909900863; memRealUsed=841; mem-before=841/3789%20%28MB%29; memSize=3789; upNet=0.76; downNet=0.63; Path=/www/wwwroot/www.mangtuyou.com/themes/index/index',
  'accept-language' => 'zh-CN,zh;q=0.9',
  'accept-encoding' => 'gzip, deflate',
  'referer' => 'http://www.mangtuyou.com/index/index/index',
  'x-requested-with' => 'XMLHttpRequest',
  'user-agent' => 'Mozilla/5.0 (iPhone; CPU iPhone OS 13_2_3 like Mac OS X) AppleWebKit/605.1.15 (KHTML, like Gecko) Version/13.0.3 Mobile/15E148 Safari/604.1',
  'accept' => 'application/json, text/javascript, */*; q=0.01',
  'connection' => 'keep-alive',
  'host' => 'www.mangtuyou.com',
)
[ info ] [ PARAM ] array (
  '/index/index/getlist' => '',
  'class' => '2',
  'uid' => '19',
)
[ info ] [ DB ] INIT mysql
[ info ] [ RUN ] app\index\controller\Index->getList[ /www/wwwroot/www.mangtuyou.com/application/index/controller/Index.php ]
[ info ] [ LOG ] INIT File
[ sql ] [ DB ] CONNECT:[ UseTime:0.000437s ] mysql:dbname=mangtoo;host=localhost;port=3306;charset=utf8
[ sql ] [ SQL ] SHOW COLUMNS FROM `os_newscenic` [ RunTime:0.001013s ]
[ sql ] [ SQL ] SELECT * FROM `os_newscenic` WHERE  `classid` = 2 [ RunTime:0.000267s ]
[ sql ] [ SQL ] SHOW COLUMNS FROM `os_collection_user` [ RunTime:0.000607s ]
[ sql ] [ SQL ] SELECT * FROM `os_collection_user` WHERE  `uid` = 19  AND `sid` = 31 LIMIT 1 [ RunTime:0.000197s ]
[ sql ] [ SQL ] SELECT * FROM `os_collection_user` WHERE  `uid` = 19  AND `sid` = 32 LIMIT 1 [ RunTime:0.000148s ]

---------------------------------------------------------------
[ 2020-03-08T00:17:37+08:00 ] 172.31.18.39 223.78.221.38 GET /index/index/index
[ log ] www.mangtuyou.com/index/index/index [运行时间：0.021768s][吞吐率：45.94req/s] [内存消耗：2,412.09kb] [文件加载：50]
[ info ] [ LANG ] /www/wwwroot/www.mangtuyou.com/thinkphp/lang/zh-cn.php
[ info ] [ ROUTE ] array (
  'type' => 'module',
  'module' => 
  array (
    0 => 'index',
    1 => 'index',
    2 => 'index',
  ),
)
[ info ] [ HEADER ] array (
  'cookie' => 'serverType=apache; order=id%20desc; uploadSize=1073741824; copyFileName=/www/wwwroot/www.mangtuyou.com; cutFileName=null; SetId=dfile; ChangePath=24; SetName=www.mangtuyou.com.tar.gz; conterError=; BatchSelected=1; BatchPaste=1; rank=a; fifteen=0.05; one=0; five=0.01; BT_PANEL=10bf9931f1b1fe57670fac5ae56123b909900863; memRealUsed=841; mem-before=841/3789%20%28MB%29; memSize=3789; upNet=0.76; downNet=0.63; Path=/www/wwwroot/www.mangtuyou.com/themes/index/index',
  'accept-language' => 'zh-CN,zh;q=0.9',
  'accept-encoding' => 'gzip, deflate',
  'accept' => 'text/html,application/xhtml+xml,application/xml;q=0.9,image/webp,image/apng,*/*;q=0.8,application/signed-exchange;v=b3;q=0.9',
  'user-agent' => 'Mozilla/5.0 (iPhone; CPU iPhone OS 13_2_3 like Mac OS X) AppleWebKit/605.1.15 (KHTML, like Gecko) Version/13.0.3 Mobile/15E148 Safari/604.1',
  'upgrade-insecure-requests' => '1',
  'cache-control' => 'max-age=0',
  'connection' => 'keep-alive',
  'host' => 'www.mangtuyou.com',
)
[ info ] [ PARAM ] array (
  '/index/index/index' => '',
)
[ info ] [ DB ] INIT mysql
[ info ] [ RUN ] app\index\controller\Index->index[ /www/wwwroot/www.mangtuyou.com/application/index/controller/Index.php ]
[ info ] [ VIEW ] ./themes/index/index/index.html [ array (
) ]
[ info ] [ LOG ] INIT File

---------------------------------------------------------------
[ 2020-03-08T00:17:37+08:00 ] 172.31.18.39 223.78.221.38 GET /index/index/getlist?class=1&uid=19
[ log ] www.mangtuyou.com/index/index/getlist?class=1&uid=19 [运行时间：0.024959s][吞吐率：40.07req/s] [内存消耗：2,373.13kb] [文件加载：53]
[ info ] [ LANG ] /www/wwwroot/www.mangtuyou.com/thinkphp/lang/zh-cn.php
[ info ] [ ROUTE ] array (
  'type' => 'module',
  'module' => 
  array (
    0 => 'index',
    1 => 'index',
    2 => 'getlist',
  ),
)
[ info ] [ HEADER ] array (
  'cookie' => 'serverType=apache; order=id%20desc; uploadSize=1073741824; copyFileName=/www/wwwroot/www.mangtuyou.com; cutFileName=null; SetId=dfile; ChangePath=24; SetName=www.mangtuyou.com.tar.gz; conterError=; BatchSelected=1; BatchPaste=1; rank=a; fifteen=0.05; one=0; five=0.01; BT_PANEL=10bf9931f1b1fe57670fac5ae56123b909900863; memRealUsed=841; mem-before=841/3789%20%28MB%29; memSize=3789; upNet=0.76; downNet=0.63; Path=/www/wwwroot/www.mangtuyou.com/themes/index/index',
  'accept-language' => 'zh-CN,zh;q=0.9',
  'accept-encoding' => 'gzip, deflate',
  'referer' => 'http://www.mangtuyou.com/index/index/index',
  'x-requested-with' => 'XMLHttpRequest',
  'user-agent' => 'Mozilla/5.0 (iPhone; CPU iPhone OS 13_2_3 like Mac OS X) AppleWebKit/605.1.15 (KHTML, like Gecko) Version/13.0.3 Mobile/15E148 Safari/604.1',
  'accept' => 'application/json, text/javascript, */*; q=0.01',
  'connection' => 'keep-alive',
  'host' => 'www.mangtuyou.com',
)
[ info ] [ PARAM ] array (
  '/index/index/getlist' => '',
  'class' => '1',
  'uid' => '19',
)
[ info ] [ DB ] INIT mysql
[ info ] [ RUN ] app\index\controller\Index->getList[ /www/wwwroot/www.mangtuyou.com/application/index/controller/Index.php ]
[ info ] [ LOG ] INIT File
[ sql ] [ DB ] CONNECT:[ UseTime:0.000373s ] mysql:dbname=mangtoo;host=localhost;port=3306;charset=utf8
[ sql ] [ SQL ] SHOW COLUMNS FROM `os_newscenic` [ RunTime:0.001029s ]
[ sql ] [ SQL ] SELECT * FROM `os_newscenic` WHERE  `classid` = 1 [ RunTime:0.000250s ]
[ sql ] [ SQL ] SHOW COLUMNS FROM `os_collection_user` [ RunTime:0.000805s ]
[ sql ] [ SQL ] SELECT * FROM `os_collection_user` WHERE  `uid` = 19  AND `sid` = 29 LIMIT 1 [ RunTime:0.000285s ]
[ sql ] [ SQL ] SELECT * FROM `os_collection_user` WHERE  `uid` = 19  AND `sid` = 30 LIMIT 1 [ RunTime:0.000314s ]

---------------------------------------------------------------
[ 2020-03-08T00:17:39+08:00 ] 172.31.18.39 223.78.221.38 GET /index/index/getlist?class=3&uid=19
[ log ] www.mangtuyou.com/index/index/getlist?class=3&uid=19 [运行时间：0.022339s][吞吐率：44.76req/s] [内存消耗：2,364.38kb] [文件加载：52]
[ info ] [ LANG ] /www/wwwroot/www.mangtuyou.com/thinkphp/lang/zh-cn.php
[ info ] [ ROUTE ] array (
  'type' => 'module',
  'module' => 
  array (
    0 => 'index',
    1 => 'index',
    2 => 'getlist',
  ),
)
[ info ] [ HEADER ] array (
  'cookie' => 'serverType=apache; order=id%20desc; uploadSize=1073741824; copyFileName=/www/wwwroot/www.mangtuyou.com; cutFileName=null; SetId=dfile; ChangePath=24; SetName=www.mangtuyou.com.tar.gz; conterError=; BatchSelected=1; BatchPaste=1; rank=a; fifteen=0.05; one=0; five=0.01; BT_PANEL=10bf9931f1b1fe57670fac5ae56123b909900863; memRealUsed=841; mem-before=841/3789%20%28MB%29; memSize=3789; upNet=0.76; downNet=0.63; Path=/www/wwwroot/www.mangtuyou.com/themes/index/index',
  'accept-language' => 'zh-CN,zh;q=0.9',
  'accept-encoding' => 'gzip, deflate',
  'referer' => 'http://www.mangtuyou.com/index/index/index',
  'x-requested-with' => 'XMLHttpRequest',
  'user-agent' => 'Mozilla/5.0 (iPhone; CPU iPhone OS 13_2_3 like Mac OS X) AppleWebKit/605.1.15 (KHTML, like Gecko) Version/13.0.3 Mobile/15E148 Safari/604.1',
  'accept' => 'application/json, text/javascript, */*; q=0.01',
  'connection' => 'keep-alive',
  'host' => 'www.mangtuyou.com',
)
[ info ] [ PARAM ] array (
  '/index/index/getlist' => '',
  'class' => '3',
  'uid' => '19',
)
[ info ] [ DB ] INIT mysql
[ info ] [ RUN ] app\index\controller\Index->getList[ /www/wwwroot/www.mangtuyou.com/application/index/controller/Index.php ]
[ info ] [ LOG ] INIT File
[ sql ] [ DB ] CONNECT:[ UseTime:0.000405s ] mysql:dbname=mangtoo;host=localhost;port=3306;charset=utf8
[ sql ] [ SQL ] SHOW COLUMNS FROM `os_newscenic` [ RunTime:0.000916s ]
[ sql ] [ SQL ] SELECT * FROM `os_newscenic` WHERE  `classid` = 3 [ RunTime:0.000240s ]

---------------------------------------------------------------
[ 2020-03-08T00:17:42+08:00 ] 172.31.18.39 223.78.221.38 GET /index/index/getlist?class=2&uid=19
[ log ] www.mangtuyou.com/index/index/getlist?class=2&uid=19 [运行时间：0.025059s][吞吐率：39.91req/s] [内存消耗：2,373.16kb] [文件加载：53]
[ info ] [ LANG ] /www/wwwroot/www.mangtuyou.com/thinkphp/lang/zh-cn.php
[ info ] [ ROUTE ] array (
  'type' => 'module',
  'module' => 
  array (
    0 => 'index',
    1 => 'index',
    2 => 'getlist',
  ),
)
[ info ] [ HEADER ] array (
  'cookie' => 'serverType=apache; order=id%20desc; uploadSize=1073741824; copyFileName=/www/wwwroot/www.mangtuyou.com; cutFileName=null; SetId=dfile; ChangePath=24; SetName=www.mangtuyou.com.tar.gz; conterError=; BatchSelected=1; BatchPaste=1; rank=a; fifteen=0.05; one=0; five=0.01; BT_PANEL=10bf9931f1b1fe57670fac5ae56123b909900863; memRealUsed=841; mem-before=841/3789%20%28MB%29; memSize=3789; upNet=0.76; downNet=0.63; Path=/www/wwwroot/www.mangtuyou.com/themes/index/index',
  'accept-language' => 'zh-CN,zh;q=0.9',
  'accept-encoding' => 'gzip, deflate',
  'referer' => 'http://www.mangtuyou.com/index/index/index',
  'x-requested-with' => 'XMLHttpRequest',
  'user-agent' => 'Mozilla/5.0 (iPhone; CPU iPhone OS 13_2_3 like Mac OS X) AppleWebKit/605.1.15 (KHTML, like Gecko) Version/13.0.3 Mobile/15E148 Safari/604.1',
  'accept' => 'application/json, text/javascript, */*; q=0.01',
  'connection' => 'keep-alive',
  'host' => 'www.mangtuyou.com',
)
[ info ] [ PARAM ] array (
  '/index/index/getlist' => '',
  'class' => '2',
  'uid' => '19',
)
[ info ] [ DB ] INIT mysql
[ info ] [ RUN ] app\index\controller\Index->getList[ /www/wwwroot/www.mangtuyou.com/application/index/controller/Index.php ]
[ info ] [ LOG ] INIT File
[ sql ] [ DB ] CONNECT:[ UseTime:0.000440s ] mysql:dbname=mangtoo;host=localhost;port=3306;charset=utf8
[ sql ] [ SQL ] SHOW COLUMNS FROM `os_newscenic` [ RunTime:0.000920s ]
[ sql ] [ SQL ] SELECT * FROM `os_newscenic` WHERE  `classid` = 2 [ RunTime:0.000279s ]
[ sql ] [ SQL ] SHOW COLUMNS FROM `os_collection_user` [ RunTime:0.000587s ]
[ sql ] [ SQL ] SELECT * FROM `os_collection_user` WHERE  `uid` = 19  AND `sid` = 31 LIMIT 1 [ RunTime:0.000268s ]
[ sql ] [ SQL ] SELECT * FROM `os_collection_user` WHERE  `uid` = 19  AND `sid` = 32 LIMIT 1 [ RunTime:0.000222s ]

---------------------------------------------------------------
[ 2020-03-08T00:18:45+08:00 ] 172.31.18.39 106.11.155.193 GET /
[ log ] www.mangtuyou.com/ [运行时间：0.022227s][吞吐率：44.99req/s] [内存消耗：2,408.01kb] [文件加载：50]
[ info ] [ LANG ] /www/wwwroot/www.mangtuyou.com/thinkphp/lang/zh-cn.php
[ info ] [ ROUTE ] array (
  'type' => 'module',
  'module' => 
  array (
    0 => '',
    1 => NULL,
    2 => NULL,
  ),
)
[ info ] [ HEADER ] array (
  'user-agent' => 'YisouSpider',
  'connection' => 'Keep-Alive',
  'thumbwidth' => '512',
  'accept-encoding' => 'gzip',
  'accept-language' => 'zh-CN,zh-TW;q=0.9,zh;q=0.8,en;q=0.7',
  'totaltimeout' => '12000',
  'thumbquality' => '60',
  'thumbhight' => '512',
  'accept' => '*/*',
  'screenwidth' => '1200',
  'host' => 'www.mangtuyou.com',
)
[ info ] [ PARAM ] array (
)
[ info ] [ DB ] INIT mysql
[ info ] [ RUN ] app\index\controller\Index->index[ /www/wwwroot/www.mangtuyou.com/application/index/controller/Index.php ]
[ info ] [ VIEW ] ./themes/index/index/index.html [ array (
) ]
[ info ] [ LOG ] INIT File

---------------------------------------------------------------
[ 2020-03-08T00:47:37+08:00 ] 172.31.18.39 106.11.153.114 GET /index/index/getlist?class=1&uid=19
[ log ] www.mangtuyou.com/index/index/getlist?class=1&uid=19 [运行时间：0.022442s][吞吐率：44.56req/s] [内存消耗：2,372.18kb] [文件加载：53]
[ info ] [ LANG ] /www/wwwroot/www.mangtuyou.com/thinkphp/lang/zh-cn.php
[ info ] [ ROUTE ] array (
  'type' => 'module',
  'module' => 
  array (
    0 => 'index',
    1 => 'index',
    2 => 'getlist',
  ),
)
[ info ] [ HEADER ] array (
  'connection' => 'close',
  'x-requested-with' => 'XMLHttpRequest',
  'user-agent' => 'Mozilla/5.0 (Windows NT 6.1; Win64; x64) AppleWebKit/537.36 (KHTML, like Gecko) Chrome/69.0.3497.81 YisouSpider/5.0 Safari/537.36',
  'referer' => 'http://www.mangtuyou.com/',
  'host' => 'www.mangtuyou.com',
  'accept-encoding' => 'gzip, deflate',
  'accept' => 'application/json, text/javascript, */*; q=0.01',
)
[ info ] [ PARAM ] array (
  '/index/index/getlist' => '',
  'class' => '1',
  'uid' => '19',
)
[ info ] [ DB ] INIT mysql
[ info ] [ RUN ] app\index\controller\Index->getList[ /www/wwwroot/www.mangtuyou.com/application/index/controller/Index.php ]
[ info ] [ LOG ] INIT File
[ sql ] [ DB ] CONNECT:[ UseTime:0.000297s ] mysql:dbname=mangtoo;host=localhost;port=3306;charset=utf8
[ sql ] [ SQL ] SHOW COLUMNS FROM `os_newscenic` [ RunTime:0.000932s ]
[ sql ] [ SQL ] SELECT * FROM `os_newscenic` WHERE  `classid` = 1 [ RunTime:0.000446s ]
[ sql ] [ SQL ] SHOW COLUMNS FROM `os_collection_user` [ RunTime:0.000864s ]
[ sql ] [ SQL ] SELECT * FROM `os_collection_user` WHERE  `uid` = 19  AND `sid` = 29 LIMIT 1 [ RunTime:0.000211s ]
[ sql ] [ SQL ] SELECT * FROM `os_collection_user` WHERE  `uid` = 19  AND `sid` = 30 LIMIT 1 [ RunTime:0.000161s ]

---------------------------------------------------------------
[ 2020-03-08T04:22:25+08:00 ] 172.31.18.39 66.249.79.203 GET /
[ log ] www.mangtuyou.com/ [运行时间：0.021058s][吞吐率：47.49req/s] [内存消耗：2,173.25kb] [文件加载：48]
[ info ] [ LANG ] /www/wwwroot/www.mangtuyou.com/thinkphp/lang/zh-cn.php
[ info ] [ ROUTE ] array (
  'type' => 'module',
  'module' => 
  array (
    0 => '',
    1 => NULL,
    2 => NULL,
  ),
)
[ info ] [ HEADER ] array (
  'if-modified-since' => 'Sun, 23 Feb 2020 07:18:35 GMT',
  'accept-encoding' => 'gzip,deflate,br',
  'user-agent' => 'Mozilla/5.0 (Linux; Android 6.0.1; Nexus 5X Build/MMB29P) AppleWebKit/537.36 (KHTML, like Gecko) Chrome/41.0.2272.96 Mobile Safari/537.36 (compatible; Googlebot/2.1; +http://www.google.com/bot.html)',
  'from' => 'googlebot(at)googlebot.com',
  'accept' => 'text/html,application/xhtml+xml,application/signed-exchange;v=b3,application/xml;q=0.9,*/*;q=0.8',
  'connection' => 'keep-alive',
  'amp-cache-transform' => 'google;v="1..3"',
  'host' => 'www.mangtuyou.com',
)
[ info ] [ PARAM ] array (
)
[ info ] [ DB ] INIT mysql
[ info ] [ RUN ] app\index\controller\Index->index[ /www/wwwroot/www.mangtuyou.com/application/index/controller/Index.php ]
[ info ] [ VIEW ] ./themes/index/index/index.html [ array (
) ]
[ info ] [ LOG ] INIT File

---------------------------------------------------------------
[ 2020-03-08T09:29:19+08:00 ] 172.31.18.39 39.65.86.213 GET /favicon.ico
[ log ] www.mangtuyou.com/favicon.ico [运行时间：0.012801s][吞吐率：78.12req/s] [内存消耗：1,114.31kb] [文件加载：33]
[ info ] [ LANG ] /www/wwwroot/www.mangtuyou.com/thinkphp/lang/zh-cn.php
[ info ] [ ROUTE ] array (
  'type' => 'module',
  'module' => 
  array (
    0 => 'favicon.ico',
    1 => NULL,
    2 => NULL,
  ),
)
[ info ] [ HEADER ] array (
  'accept-language' => 'zh-CN,zh;q=0.9',
  'accept-encoding' => 'gzip, deflate',
  'user-agent' => 'Mozilla/5.0 (Windows NT 6.1; WOW64) AppleWebKit/537.36 (KHTML, like Gecko) Chrome/63.0.3239.132 Safari/537.36',
  'connection' => 'keep-alive',
  'host' => 'www.mangtuyou.com',
)
[ info ] [ PARAM ] array (
  '/favicon_ico' => '',
)
[ info ] [ LOG ] INIT File

---------------------------------------------------------------
[ 2020-03-08T12:14:16+08:00 ] 172.31.18.39 113.57.114.222 GET /
[ log ] www.mangtuyou.com/ [运行时间：0.020224s][吞吐率：49.45req/s] [内存消耗：2,173.60kb] [文件加载：48]
[ info ] [ LANG ] /www/wwwroot/www.mangtuyou.com/thinkphp/lang/zh-cn.php
[ info ] [ ROUTE ] array (
  'type' => 'module',
  'module' => 
  array (
    0 => '',
    1 => NULL,
    2 => NULL,
  ),
)
[ info ] [ HEADER ] array (
  'connection' => 'keep-alive',
  'host' => 'www.mangtuyou.com',
  'upgrade-insecure-requests' => '1',
  'pragma' => 'no-cache',
  'cache-control' => 'no-cache',
  'accept-language' => 'zh-CN,zh;q=0.8,en-US;q=0.6,en;q=0.4',
  'accept-encoding' => 'gzip, deflate, sdch',
  'accept' => 'text/html,application/xhtml+xml,application/xml;q=0.9,image/webp,*/*;q=0.8',
  'user-agent' => 'Mozilla/5.0 (X11; Linux x86_64) AppleWebKit/535.21 (KHTML, like Gecko) Chrome/19.0.1042.0 Safari/535.21',
)
[ info ] [ PARAM ] array (
)
[ info ] [ DB ] INIT mysql
[ info ] [ RUN ] app\index\controller\Index->index[ /www/wwwroot/www.mangtuyou.com/application/index/controller/Index.php ]
[ info ] [ VIEW ] ./themes/index/index/index.html [ array (
) ]
[ info ] [ LOG ] INIT File

---------------------------------------------------------------
[ 2020-03-08T14:37:06+08:00 ] 172.31.18.39 119.177.89.237 GET /
[ log ] www.mangtuyou.com/ [运行时间：0.020417s][吞吐率：48.98req/s] [内存消耗：2,173.09kb] [文件加载：48]
[ info ] [ LANG ] /www/wwwroot/www.mangtuyou.com/thinkphp/lang/zh-cn.php
[ info ] [ ROUTE ] array (
  'type' => 'module',
  'module' => 
  array (
    0 => '',
    1 => NULL,
    2 => NULL,
  ),
)
[ info ] [ HEADER ] array (
  'accept-language' => 'zh-CN,zh;q=0.9',
  'accept-encoding' => 'gzip, deflate',
  'accept' => 'text/html,application/xhtml+xml,application/xml;q=0.9,image/webp,image/apng,*/*;q=0.8,application/signed-exchange;v=b3',
  'user-agent' => 'Mozilla/5.0 (Windows NT 6.1; WOW64) AppleWebKit/537.36 (KHTML, like Gecko) Chrome/78.0.3904.108 Safari/537.36',
  'upgrade-insecure-requests' => '1',
  'connection' => 'keep-alive',
  'host' => 'www.mangtuyou.com',
)
[ info ] [ PARAM ] array (
)
[ info ] [ DB ] INIT mysql
[ info ] [ RUN ] app\index\controller\Index->index[ /www/wwwroot/www.mangtuyou.com/application/index/controller/Index.php ]
[ info ] [ VIEW ] ./themes/index/index/index.html [ array (
) ]
[ info ] [ LOG ] INIT File

---------------------------------------------------------------
[ 2020-03-08T14:37:07+08:00 ] 172.31.18.39 119.177.89.237 GET /index/index/getlist?class=1&uid=19
[ log ] www.mangtuyou.com/index/index/getlist?class=1&uid=19 [运行时间：0.024254s][吞吐率：41.23req/s] [内存消耗：2,372.28kb] [文件加载：53]
[ info ] [ LANG ] /www/wwwroot/www.mangtuyou.com/thinkphp/lang/zh-cn.php
[ info ] [ ROUTE ] array (
  'type' => 'module',
  'module' => 
  array (
    0 => 'index',
    1 => 'index',
    2 => 'getlist',
  ),
)
[ info ] [ HEADER ] array (
  'accept-language' => 'zh-CN,zh;q=0.9',
  'accept-encoding' => 'gzip, deflate',
  'referer' => 'http://www.mangtuyou.com/',
  'user-agent' => 'Mozilla/5.0 (Windows NT 6.1; WOW64) AppleWebKit/537.36 (KHTML, like Gecko) Chrome/78.0.3904.108 Safari/537.36',
  'x-requested-with' => 'XMLHttpRequest',
  'accept' => 'application/json, text/javascript, */*; q=0.01',
  'connection' => 'keep-alive',
  'host' => 'www.mangtuyou.com',
)
[ info ] [ PARAM ] array (
  '/index/index/getlist' => '',
  'class' => '1',
  'uid' => '19',
)
[ info ] [ DB ] INIT mysql
[ info ] [ RUN ] app\index\controller\Index->getList[ /www/wwwroot/www.mangtuyou.com/application/index/controller/Index.php ]
[ info ] [ LOG ] INIT File
[ sql ] [ DB ] CONNECT:[ UseTime:0.000431s ] mysql:dbname=mangtoo;host=localhost;port=3306;charset=utf8
[ sql ] [ SQL ] SHOW COLUMNS FROM `os_newscenic` [ RunTime:0.001100s ]
[ sql ] [ SQL ] SELECT * FROM `os_newscenic` WHERE  `classid` = 1 [ RunTime:0.000276s ]
[ sql ] [ SQL ] SHOW COLUMNS FROM `os_collection_user` [ RunTime:0.000600s ]
[ sql ] [ SQL ] SELECT * FROM `os_collection_user` WHERE  `uid` = 19  AND `sid` = 29 LIMIT 1 [ RunTime:0.000175s ]
[ sql ] [ SQL ] SELECT * FROM `os_collection_user` WHERE  `uid` = 19  AND `sid` = 30 LIMIT 1 [ RunTime:0.000233s ]

---------------------------------------------------------------
[ 2020-03-08T14:37:09+08:00 ] 172.31.18.39 119.177.89.237 GET /favicon.ico
[ log ] www.mangtuyou.com/favicon.ico [运行时间：0.010578s][吞吐率：94.53req/s] [内存消耗：1,114.44kb] [文件加载：33]
[ info ] [ LANG ] /www/wwwroot/www.mangtuyou.com/thinkphp/lang/zh-cn.php
[ info ] [ ROUTE ] array (
  'type' => 'module',
  'module' => 
  array (
    0 => 'favicon.ico',
    1 => NULL,
    2 => NULL,
  ),
)
[ info ] [ HEADER ] array (
  'accept-language' => 'zh-CN,zh;q=0.9',
  'accept-encoding' => 'gzip, deflate',
  'referer' => 'http://www.mangtuyou.com/',
  'accept' => 'image/webp,image/apng,image/*,*/*;q=0.8',
  'user-agent' => 'Mozilla/5.0 (Windows NT 6.1; WOW64) AppleWebKit/537.36 (KHTML, like Gecko) Chrome/78.0.3904.108 Safari/537.36',
  'connection' => 'keep-alive',
  'host' => 'www.mangtuyou.com',
)
[ info ] [ PARAM ] array (
  '/favicon_ico' => '',
)
[ info ] [ LOG ] INIT File

---------------------------------------------------------------
[ 2020-03-08T15:57:43+08:00 ] 172.31.18.39 223.78.221.38 GET /index/index/index
[ log ] www.mangtuyou.com/index/index/index [运行时间：0.020799s][吞吐率：48.08req/s] [内存消耗：2,176.96kb] [文件加载：48]
[ info ] [ LANG ] /www/wwwroot/www.mangtuyou.com/thinkphp/lang/zh-cn.php
[ info ] [ ROUTE ] array (
  'type' => 'module',
  'module' => 
  array (
    0 => 'index',
    1 => 'index',
    2 => 'index',
  ),
)
[ info ] [ HEADER ] array (
  'cookie' => 'serverType=apache; order=id%20desc; uploadSize=1073741824; copyFileName=/www/wwwroot/www.mangtuyou.com; cutFileName=null; SetId=dfile; ChangePath=24; SetName=www.mangtuyou.com.tar.gz; conterError=; BatchSelected=1; BatchPaste=1; rank=a; fifteen=0.05; one=0; five=0.01; memRealUsed=841; mem-before=841/3789%20%28MB%29; memSize=3789; downNet=0.63; upNet=0.76; Path=/www/wwwroot/www.mangtuyou.com/themes/index/index; BT_PANEL=dcfd0ecaf17b214d43ee28638cbdc3b5d9ff5eef',
  'accept-language' => 'zh-CN,zh;q=0.9',
  'accept-encoding' => 'gzip, deflate',
  'accept' => 'text/html,application/xhtml+xml,application/xml;q=0.9,image/webp,image/apng,*/*;q=0.8,application/signed-exchange;v=b3;q=0.9',
  'user-agent' => 'Mozilla/5.0 (Windows NT 6.3; WOW64) AppleWebKit/537.36 (KHTML, like Gecko) Chrome/81.0.4044.9 Safari/537.36',
  'upgrade-insecure-requests' => '1',
  'connection' => 'keep-alive',
  'host' => 'www.mangtuyou.com',
)
[ info ] [ PARAM ] array (
  '/index/index/index' => '',
)
[ info ] [ DB ] INIT mysql
[ info ] [ RUN ] app\index\controller\Index->index[ /www/wwwroot/www.mangtuyou.com/application/index/controller/Index.php ]
[ info ] [ VIEW ] ./themes/index/index/index.html [ array (
) ]
[ info ] [ LOG ] INIT File

---------------------------------------------------------------
[ 2020-03-08T15:57:45+08:00 ] 172.31.18.39 223.78.221.38 GET /index/index/getlist?class=1&uid=19
[ log ] www.mangtuyou.com/index/index/getlist?class=1&uid=19 [运行时间：0.024090s][吞吐率：41.51req/s] [内存消耗：2,373.13kb] [文件加载：53]
[ info ] [ LANG ] /www/wwwroot/www.mangtuyou.com/thinkphp/lang/zh-cn.php
[ info ] [ ROUTE ] array (
  'type' => 'module',
  'module' => 
  array (
    0 => 'index',
    1 => 'index',
    2 => 'getlist',
  ),
)
[ info ] [ HEADER ] array (
  'cookie' => 'serverType=apache; order=id%20desc; uploadSize=1073741824; copyFileName=/www/wwwroot/www.mangtuyou.com; cutFileName=null; SetId=dfile; ChangePath=24; SetName=www.mangtuyou.com.tar.gz; conterError=; BatchSelected=1; BatchPaste=1; rank=a; fifteen=0.05; one=0; five=0.01; memRealUsed=841; mem-before=841/3789%20%28MB%29; memSize=3789; downNet=0.63; upNet=0.76; Path=/www/wwwroot/www.mangtuyou.com/themes/index/index; BT_PANEL=dcfd0ecaf17b214d43ee28638cbdc3b5d9ff5eef',
  'accept-language' => 'zh-CN,zh;q=0.9',
  'accept-encoding' => 'gzip, deflate',
  'referer' => 'http://www.mangtuyou.com/index/index/index',
  'x-requested-with' => 'XMLHttpRequest',
  'user-agent' => 'Mozilla/5.0 (Windows NT 6.3; WOW64) AppleWebKit/537.36 (KHTML, like Gecko) Chrome/81.0.4044.9 Safari/537.36',
  'accept' => 'application/json, text/javascript, */*; q=0.01',
  'connection' => 'keep-alive',
  'host' => 'www.mangtuyou.com',
)
[ info ] [ PARAM ] array (
  '/index/index/getlist' => '',
  'class' => '1',
  'uid' => '19',
)
[ info ] [ DB ] INIT mysql
[ info ] [ RUN ] app\index\controller\Index->getList[ /www/wwwroot/www.mangtuyou.com/application/index/controller/Index.php ]
[ info ] [ LOG ] INIT File
[ sql ] [ DB ] CONNECT:[ UseTime:0.000406s ] mysql:dbname=mangtoo;host=localhost;port=3306;charset=utf8
[ sql ] [ SQL ] SHOW COLUMNS FROM `os_newscenic` [ RunTime:0.000836s ]
[ sql ] [ SQL ] SELECT * FROM `os_newscenic` WHERE  `classid` = 1 [ RunTime:0.000336s ]
[ sql ] [ SQL ] SHOW COLUMNS FROM `os_collection_user` [ RunTime:0.000935s ]
[ sql ] [ SQL ] SELECT * FROM `os_collection_user` WHERE  `uid` = 19  AND `sid` = 29 LIMIT 1 [ RunTime:0.000216s ]
[ sql ] [ SQL ] SELECT * FROM `os_collection_user` WHERE  `uid` = 19  AND `sid` = 30 LIMIT 1 [ RunTime:0.000218s ]

---------------------------------------------------------------
[ 2020-03-08T15:57:45+08:00 ] 172.31.18.39 223.78.221.38 GET /favicon.ico
[ log ] www.mangtuyou.com/favicon.ico [运行时间：0.013909s][吞吐率：71.90req/s] [内存消耗：1,115.03kb] [文件加载：33]
[ info ] [ LANG ] /www/wwwroot/www.mangtuyou.com/thinkphp/lang/zh-cn.php
[ info ] [ ROUTE ] array (
  'type' => 'module',
  'module' => 
  array (
    0 => 'favicon.ico',
    1 => NULL,
    2 => NULL,
  ),
)
[ info ] [ HEADER ] array (
  'cookie' => 'serverType=apache; order=id%20desc; uploadSize=1073741824; copyFileName=/www/wwwroot/www.mangtuyou.com; cutFileName=null; SetId=dfile; ChangePath=24; SetName=www.mangtuyou.com.tar.gz; conterError=; BatchSelected=1; BatchPaste=1; rank=a; fifteen=0.05; one=0; five=0.01; memRealUsed=841; mem-before=841/3789%20%28MB%29; memSize=3789; downNet=0.63; upNet=0.76; Path=/www/wwwroot/www.mangtuyou.com/themes/index/index; BT_PANEL=dcfd0ecaf17b214d43ee28638cbdc3b5d9ff5eef',
  'accept-language' => 'zh-CN,zh;q=0.9',
  'accept-encoding' => 'gzip, deflate',
  'referer' => 'http://www.mangtuyou.com/index/index/index',
  'accept' => 'image/webp,image/apng,image/*,*/*;q=0.8',
  'user-agent' => 'Mozilla/5.0 (Windows NT 6.3; WOW64) AppleWebKit/537.36 (KHTML, like Gecko) Chrome/81.0.4044.9 Safari/537.36',
  'connection' => 'keep-alive',
  'host' => 'www.mangtuyou.com',
)
[ info ] [ PARAM ] array (
  '/favicon_ico' => '',
)
[ info ] [ LOG ] INIT File

---------------------------------------------------------------
[ 2020-03-08T20:31:12+08:00 ] 172.31.18.39 66.249.79.201 GET /
[ log ] www.mangtuyou.com/ [运行时间：0.019115s][吞吐率：52.32req/s] [内存消耗：2,173.02kb] [文件加载：48]
[ info ] [ LANG ] /www/wwwroot/www.mangtuyou.com/thinkphp/lang/zh-cn.php
[ info ] [ ROUTE ] array (
  'type' => 'module',
  'module' => 
  array (
    0 => '',
    1 => NULL,
    2 => NULL,
  ),
)
[ info ] [ HEADER ] array (
  'if-modified-since' => 'Sun, 23 Feb 2020 10:40:01 GMT',
  'accept-encoding' => 'gzip,deflate,br',
  'user-agent' => 'Mozilla/5.0 (compatible; Googlebot/2.1; +http://www.google.com/bot.html)',
  'from' => 'googlebot(at)googlebot.com',
  'accept' => 'text/html,application/xhtml+xml,application/xml;q=0.9,*/*;q=0.8',
  'connection' => 'keep-alive',
  'host' => 'www.mangtuyou.com',
)
[ info ] [ PARAM ] array (
)
[ info ] [ DB ] INIT mysql
[ info ] [ RUN ] app\index\controller\Index->index[ /www/wwwroot/www.mangtuyou.com/application/index/controller/Index.php ]
[ info ] [ VIEW ] ./themes/index/index/index.html [ array (
) ]
[ info ] [ LOG ] INIT File

---------------------------------------------------------------
[ 2020-03-08T21:24:55+08:00 ] 172.31.18.39 58.242.194.173 GET /
[ log ] www.mangtuyou.com/ [运行时间：0.019854s][吞吐率：50.37req/s] [内存消耗：2,172.81kb] [文件加载：48]
[ info ] [ LANG ] /www/wwwroot/www.mangtuyou.com/thinkphp/lang/zh-cn.php
[ info ] [ ROUTE ] array (
  'type' => 'module',
  'module' => 
  array (
    0 => '',
    1 => NULL,
    2 => NULL,
  ),
)
[ info ] [ HEADER ] array (
  'connection' => 'close',
  'accept-encoding' => 'gzip',
  'accept' => '*/*',
  'user-agent' => 'Mozilla/5.0 (Linux; Android 8.1.0; Nexus 10 Build/JVP15P) AppleWebKit/537.36 (KHTML, like Gecko) Chrome/49.0.2623.112 Safari/537.31',
  'host' => 'www.mangtuyou.com',
)
[ info ] [ PARAM ] array (
)
[ info ] [ DB ] INIT mysql
[ info ] [ RUN ] app\index\controller\Index->index[ /www/wwwroot/www.mangtuyou.com/application/index/controller/Index.php ]
[ info ] [ VIEW ] ./themes/index/index/index.html [ array (
) ]
[ info ] [ LOG ] INIT File

---------------------------------------------------------------
[ 2020-03-08T21:48:35+08:00 ] 172.31.18.39 58.17.6.9 GET /
[ log ] www.mangtuyou.com/ [运行时间：0.020186s][吞吐率：49.54req/s] [内存消耗：2,172.81kb] [文件加载：48]
[ info ] [ LANG ] /www/wwwroot/www.mangtuyou.com/thinkphp/lang/zh-cn.php
[ info ] [ ROUTE ] array (
  'type' => 'module',
  'module' => 
  array (
    0 => '',
    1 => NULL,
    2 => NULL,
  ),
)
[ info ] [ HEADER ] array (
  'connection' => 'close',
  'accept-encoding' => 'gzip',
  'accept' => '*/*',
  'user-agent' => 'UCWEB/2.0 (Java; U; MIDP-2.0; Nokia203/20.37) U2/1.0.0 UCMini/11.3.0.1130 (SpeedMode; Proxy; Android 5.0; SM-J727T1 ) U2/1.0.0 Mobile',
  'host' => 'www.mangtuyou.com',
)
[ info ] [ PARAM ] array (
)
[ info ] [ DB ] INIT mysql
[ info ] [ RUN ] app\index\controller\Index->index[ /www/wwwroot/www.mangtuyou.com/application/index/controller/Index.php ]
[ info ] [ VIEW ] ./themes/index/index/index.html [ array (
) ]
[ info ] [ LOG ] INIT File

---------------------------------------------------------------
