[ 2020-03-14T02:37:52+08:00 ] 172.31.18.39 47.101.45.59 GET /pc.html
[ log ] www.mangtuyou.com/pc.html [运行时间：0.011446s][吞吐率：87.37req/s] [内存消耗：1,114.15kb] [文件加载：33]
[ info ] [ LANG ] /www/wwwroot/www.mangtuyou.com/thinkphp/lang/zh-cn.php
[ info ] [ ROUTE ] array (
  'type' => 'module',
  'module' => 
  array (
    0 => 'pc',
    1 => NULL,
    2 => NULL,
  ),
)
[ info ] [ HEADER ] array (
  'accept-encoding' => 'gzip',
  'connection' => 'Keep-Alive',
  'host' => 'www.mangtuyou.com',
  'user-agent' => 'Mozilla/5.0 (X11; Ubuntu; Linux x86_64; rv:36.0) Gecko/20100101 Firefox/36.0',
)
[ info ] [ PARAM ] array (
  '/pc_html' => '',
)
[ info ] [ LOG ] INIT File

---------------------------------------------------------------
[ 2020-03-14T03:56:52+08:00 ] 172.31.18.39 66.249.69.173 GET /
[ log ] www.mangtuyou.com/ [运行时间：0.018706s][吞吐率：53.46req/s] [内存消耗：2,173.02kb] [文件加载：48]
[ info ] [ LANG ] /www/wwwroot/www.mangtuyou.com/thinkphp/lang/zh-cn.php
[ info ] [ ROUTE ] array (
  'type' => 'module',
  'module' => 
  array (
    0 => '',
    1 => NULL,
    2 => NULL,
  ),
)
[ info ] [ HEADER ] array (
  'if-modified-since' => 'Sun, 23 Feb 2020 10:40:01 GMT',
  'accept-encoding' => 'gzip,deflate,br',
  'user-agent' => 'Mozilla/5.0 (compatible; Googlebot/2.1; +http://www.google.com/bot.html)',
  'from' => 'googlebot(at)googlebot.com',
  'accept' => 'text/html,application/xhtml+xml,application/xml;q=0.9,*/*;q=0.8',
  'connection' => 'keep-alive',
  'host' => 'www.mangtuyou.com',
)
[ info ] [ PARAM ] array (
)
[ info ] [ DB ] INIT mysql
[ info ] [ RUN ] app\index\controller\Index->index[ /www/wwwroot/www.mangtuyou.com/application/index/controller/Index.php ]
[ info ] [ VIEW ] ./themes/index/index/index.html [ array (
) ]
[ info ] [ LOG ] INIT File

---------------------------------------------------------------
[ 2020-03-14T06:53:40+08:00 ] 172.31.18.39 47.100.107.233 GET /
[ log ] www.mangtuyou.com/ [运行时间：0.020424s][吞吐率：48.96req/s] [内存消耗：2,172.72kb] [文件加载：48]
[ info ] [ LANG ] /www/wwwroot/www.mangtuyou.com/thinkphp/lang/zh-cn.php
[ info ] [ ROUTE ] array (
  'type' => 'module',
  'module' => 
  array (
    0 => '',
    1 => NULL,
    2 => NULL,
  ),
)
[ info ] [ HEADER ] array (
  'accept-encoding' => 'gzip',
  'connection' => 'Keep-Alive',
  'host' => 'www.mangtuyou.com',
  'user-agent' => 'Mozilla/5.0 (X11; Ubuntu; Linux x86_64; rv:36.0) Gecko/20100101 Firefox/36.0',
)
[ info ] [ PARAM ] array (
)
[ info ] [ DB ] INIT mysql
[ info ] [ RUN ] app\index\controller\Index->index[ /www/wwwroot/www.mangtuyou.com/application/index/controller/Index.php ]
[ info ] [ VIEW ] ./themes/index/index/index.html [ array (
) ]
[ info ] [ LOG ] INIT File

---------------------------------------------------------------
[ 2020-03-14T06:53:41+08:00 ] 172.31.18.39 47.100.107.233 GET /index/index/drive.html
[ log ] www.mangtuyou.com/index/index/drive.html [运行时间：0.020791s][吞吐率：48.10req/s] [内存消耗：2,164.13kb] [文件加载：48]
[ info ] [ LANG ] /www/wwwroot/www.mangtuyou.com/thinkphp/lang/zh-cn.php
[ info ] [ ROUTE ] array (
  'type' => 'module',
  'module' => 
  array (
    0 => 'index',
    1 => 'index',
    2 => 'drive',
  ),
)
[ info ] [ HEADER ] array (
  'accept-encoding' => 'gzip',
  'connection' => 'Keep-Alive',
  'host' => 'www.mangtuyou.com',
  'user-agent' => 'Mozilla/5.0 (X11; Ubuntu; Linux x86_64; rv:36.0) Gecko/20100101 Firefox/36.0',
)
[ info ] [ PARAM ] array (
  '/index/index/drive_html' => '',
)
[ info ] [ DB ] INIT mysql
[ info ] [ RUN ] app\index\controller\Index->drive[ /www/wwwroot/www.mangtuyou.com/application/index/controller/Index.php ]
[ info ] [ VIEW ] ./themes/index/index/drive.html [ array (
) ]
[ info ] [ LOG ] INIT File

---------------------------------------------------------------
[ 2020-03-14T06:53:41+08:00 ] 172.31.18.39 47.100.107.233 GET /index/index/mark.html
[ log ] www.mangtuyou.com/index/index/mark.html [运行时间：0.022199s][吞吐率：45.05req/s] [内存消耗：2,164.12kb] [文件加载：48]
[ info ] [ LANG ] /www/wwwroot/www.mangtuyou.com/thinkphp/lang/zh-cn.php
[ info ] [ ROUTE ] array (
  'type' => 'module',
  'module' => 
  array (
    0 => 'index',
    1 => 'index',
    2 => 'mark',
  ),
)
[ info ] [ HEADER ] array (
  'accept-encoding' => 'gzip',
  'connection' => 'Keep-Alive',
  'host' => 'www.mangtuyou.com',
  'user-agent' => 'Mozilla/5.0 (X11; Ubuntu; Linux x86_64; rv:36.0) Gecko/20100101 Firefox/36.0',
)
[ info ] [ PARAM ] array (
  '/index/index/mark_html' => '',
)
[ info ] [ DB ] INIT mysql
[ info ] [ RUN ] app\index\controller\Index->mark[ /www/wwwroot/www.mangtuyou.com/application/index/controller/Index.php ]
[ info ] [ VIEW ] ./themes/index/index/mark.html [ array (
) ]
[ info ] [ LOG ] INIT File

---------------------------------------------------------------
[ 2020-03-14T07:13:24+08:00 ] 172.31.18.39 47.100.36.95 GET /pc.html
[ log ] www.mangtuyou.com/pc.html [运行时间：0.012103s][吞吐率：82.63req/s] [内存消耗：1,114.16kb] [文件加载：33]
[ info ] [ LANG ] /www/wwwroot/www.mangtuyou.com/thinkphp/lang/zh-cn.php
[ info ] [ ROUTE ] array (
  'type' => 'module',
  'module' => 
  array (
    0 => 'pc',
    1 => NULL,
    2 => NULL,
  ),
)
[ info ] [ HEADER ] array (
  'accept-encoding' => 'gzip',
  'connection' => 'Keep-Alive',
  'host' => 'www.mangtuyou.com',
  'user-agent' => 'Mozilla/5.0 (X11; Ubuntu; Linux x86_64; rv:36.0) Gecko/20100101 Firefox/36.0',
)
[ info ] [ PARAM ] array (
  '/pc_html' => '',
)
[ info ] [ LOG ] INIT File

---------------------------------------------------------------
[ 2020-03-14T16:47:20+08:00 ] 172.31.18.39 66.249.69.175 GET /
[ log ] www.mangtuyou.com/ [运行时间：0.020021s][吞吐率：49.95req/s] [内存消耗：2,173.25kb] [文件加载：48]
[ info ] [ LANG ] /www/wwwroot/www.mangtuyou.com/thinkphp/lang/zh-cn.php
[ info ] [ ROUTE ] array (
  'type' => 'module',
  'module' => 
  array (
    0 => '',
    1 => NULL,
    2 => NULL,
  ),
)
[ info ] [ HEADER ] array (
  'if-modified-since' => 'Sun, 23 Feb 2020 07:18:35 GMT',
  'accept-encoding' => 'gzip,deflate,br',
  'user-agent' => 'Mozilla/5.0 (Linux; Android 6.0.1; Nexus 5X Build/MMB29P) AppleWebKit/537.36 (KHTML, like Gecko) Chrome/41.0.2272.96 Mobile Safari/537.36 (compatible; Googlebot/2.1; +http://www.google.com/bot.html)',
  'from' => 'googlebot(at)googlebot.com',
  'accept' => 'text/html,application/xhtml+xml,application/signed-exchange;v=b3,application/xml;q=0.9,*/*;q=0.8',
  'connection' => 'keep-alive',
  'amp-cache-transform' => 'google;v="1..3"',
  'host' => 'www.mangtuyou.com',
)
[ info ] [ PARAM ] array (
)
[ info ] [ DB ] INIT mysql
[ info ] [ RUN ] app\index\controller\Index->index[ /www/wwwroot/www.mangtuyou.com/application/index/controller/Index.php ]
[ info ] [ VIEW ] ./themes/index/index/index.html [ array (
) ]
[ info ] [ LOG ] INIT File

---------------------------------------------------------------
[ 2020-03-14T18:39:33+08:00 ] 172.31.18.39 119.176.82.12 GET /
[ log ] www.mangtuyou.com/ [运行时间：0.019121s][吞吐率：52.30req/s] [内存消耗：2,173.25kb] [文件加载：48]
[ info ] [ LANG ] /www/wwwroot/www.mangtuyou.com/thinkphp/lang/zh-cn.php
[ info ] [ ROUTE ] array (
  'type' => 'module',
  'module' => 
  array (
    0 => '',
    1 => NULL,
    2 => NULL,
  ),
)
[ info ] [ HEADER ] array (
  'cookie' => 'BT_PANEL=2d46228eff46884be2613a4aca3a98736b1f6620',
  'accept-language' => 'zh-CN,zh;q=0.9',
  'accept-encoding' => 'gzip, deflate',
  'accept' => 'text/html,application/xhtml+xml,application/xml;q=0.9,image/webp,image/apng,*/*;q=0.8,application/signed-exchange;v=b3;q=0.9',
  'user-agent' => 'Mozilla/5.0 (Windows NT 6.3; Win64; x64) AppleWebKit/537.36 (KHTML, like Gecko) Chrome/79.0.3945.117 Safari/537.36',
  'upgrade-insecure-requests' => '1',
  'connection' => 'keep-alive',
  'host' => 'www.mangtuyou.com',
)
[ info ] [ PARAM ] array (
)
[ info ] [ DB ] INIT mysql
[ info ] [ RUN ] app\index\controller\Index->index[ /www/wwwroot/www.mangtuyou.com/application/index/controller/Index.php ]
[ info ] [ VIEW ] ./themes/index/index/index.html [ array (
) ]
[ info ] [ LOG ] INIT File

---------------------------------------------------------------
[ 2020-03-14T18:39:34+08:00 ] 172.31.18.39 119.176.82.12 GET /index/index/getlist?class=1&uid=19
[ log ] www.mangtuyou.com/index/index/getlist?class=1&uid=19 [运行时间：0.025351s][吞吐率：39.45req/s] [内存消耗：2,372.75kb] [文件加载：53]
[ info ] [ LANG ] /www/wwwroot/www.mangtuyou.com/thinkphp/lang/zh-cn.php
[ info ] [ ROUTE ] array (
  'type' => 'module',
  'module' => 
  array (
    0 => 'index',
    1 => 'index',
    2 => 'getlist',
  ),
)
[ info ] [ HEADER ] array (
  'cookie' => 'BT_PANEL=2d46228eff46884be2613a4aca3a98736b1f6620',
  'accept-language' => 'zh-CN,zh;q=0.9',
  'accept-encoding' => 'gzip, deflate',
  'referer' => 'http://www.mangtuyou.com/',
  'user-agent' => 'Mozilla/5.0 (Windows NT 6.3; Win64; x64) AppleWebKit/537.36 (KHTML, like Gecko) Chrome/79.0.3945.117 Safari/537.36',
  'x-requested-with' => 'XMLHttpRequest',
  'accept' => 'application/json, text/javascript, */*; q=0.01',
  'connection' => 'keep-alive',
  'host' => 'www.mangtuyou.com',
)
[ info ] [ PARAM ] array (
  '/index/index/getlist' => '',
  'class' => '1',
  'uid' => '19',
)
[ info ] [ DB ] INIT mysql
[ info ] [ RUN ] app\index\controller\Index->getList[ /www/wwwroot/www.mangtuyou.com/application/index/controller/Index.php ]
[ info ] [ LOG ] INIT File
[ sql ] [ DB ] CONNECT:[ UseTime:0.000389s ] mysql:dbname=mangtoo;host=localhost;port=3306;charset=utf8
[ sql ] [ SQL ] SHOW COLUMNS FROM `os_newscenic` [ RunTime:0.000997s ]
[ sql ] [ SQL ] SELECT * FROM `os_newscenic` WHERE  `classid` = 1 [ RunTime:0.000467s ]
[ sql ] [ SQL ] SHOW COLUMNS FROM `os_collection_user` [ RunTime:0.000880s ]
[ sql ] [ SQL ] SELECT * FROM `os_collection_user` WHERE  `uid` = 19  AND `sid` = 29 LIMIT 1 [ RunTime:0.000214s ]
[ sql ] [ SQL ] SELECT * FROM `os_collection_user` WHERE  `uid` = 19  AND `sid` = 30 LIMIT 1 [ RunTime:0.000254s ]

---------------------------------------------------------------
[ 2020-03-14T18:39:35+08:00 ] 172.31.18.39 119.176.82.12 GET /favicon.ico
[ log ] www.mangtuyou.com/favicon.ico [运行时间：0.012081s][吞吐率：82.77req/s] [内存消耗：1,114.53kb] [文件加载：33]
[ info ] [ LANG ] /www/wwwroot/www.mangtuyou.com/thinkphp/lang/zh-cn.php
[ info ] [ ROUTE ] array (
  'type' => 'module',
  'module' => 
  array (
    0 => 'favicon.ico',
    1 => NULL,
    2 => NULL,
  ),
)
[ info ] [ HEADER ] array (
  'cookie' => 'BT_PANEL=2d46228eff46884be2613a4aca3a98736b1f6620',
  'accept-language' => 'zh-CN,zh;q=0.9',
  'accept-encoding' => 'gzip, deflate',
  'referer' => 'http://www.mangtuyou.com/',
  'accept' => 'image/webp,image/apng,image/*,*/*;q=0.8',
  'user-agent' => 'Mozilla/5.0 (Windows NT 6.3; Win64; x64) AppleWebKit/537.36 (KHTML, like Gecko) Chrome/79.0.3945.117 Safari/537.36',
  'connection' => 'keep-alive',
  'host' => 'www.mangtuyou.com',
)
[ info ] [ PARAM ] array (
  '/favicon_ico' => '',
)
[ info ] [ LOG ] INIT File

---------------------------------------------------------------
[ 2020-03-14T18:39:36+08:00 ] 172.31.18.39 180.163.220.68 GET /
[ log ] www.mangtuyou.com/ [运行时间：0.019996s][吞吐率：50.01req/s] [内存消耗：2,173.18kb] [文件加载：48]
[ info ] [ LANG ] /www/wwwroot/www.mangtuyou.com/thinkphp/lang/zh-cn.php
[ info ] [ ROUTE ] array (
  'type' => 'module',
  'module' => 
  array (
    0 => '',
    1 => NULL,
    2 => NULL,
  ),
)
[ info ] [ HEADER ] array (
  'accept-encoding' => 'gzip, deflate',
  'accept' => 'text/html,application/xhtml+xml,application/xml;q=0.9,image/webp,image/apng,*/*;q=0.8',
  'upgrade-insecure-requests' => '1',
  'user-agent' => 'Mozilla/5.0 (Linux; U; Android 8.1.0; zh-CN; EML-AL00 Build/HUAWEIEML-AL00) AppleWebKit/537.36 (KHTML, like Gecko) Version/4.0 Chrome/57.0.2987.108 baidu.sogo.uc.UCBrowser/11.9.4.974 UWS/2.13.1.48 Mobile Safari/537.36 AliApp(DingTalk/4.5.11) com.alibaba.android.rimet/10487439 Channel/227200 language/zh-CN',
  'connection' => 'keep-alive',
  'host' => 'www.mangtuyou.com',
)
[ info ] [ PARAM ] array (
)
[ info ] [ DB ] INIT mysql
[ info ] [ RUN ] app\index\controller\Index->index[ /www/wwwroot/www.mangtuyou.com/application/index/controller/Index.php ]
[ info ] [ VIEW ] ./themes/index/index/index.html [ array (
) ]
[ info ] [ LOG ] INIT File

---------------------------------------------------------------
[ 2020-03-14T18:39:37+08:00 ] 172.31.18.39 180.163.220.5 GET /
[ log ] www.mangtuyou.com/ [运行时间：0.019414s][吞吐率：51.51req/s] [内存消耗：2,173.72kb] [文件加载：48]
[ info ] [ LANG ] /www/wwwroot/www.mangtuyou.com/thinkphp/lang/zh-cn.php
[ info ] [ ROUTE ] array (
  'type' => 'module',
  'module' => 
  array (
    0 => '',
    1 => NULL,
    2 => NULL,
  ),
)
[ info ] [ HEADER ] array (
  'accept-encoding' => 'gzip, deflate',
  'referer' => 'http://baidu.com/',
  'accept' => 'text/html,application/xhtml+xml,application/xml;q=0.9,image/webp,image/apng,*/*;q=0.8',
  'user-agent' => 'Mozilla/5.0 (Linux; U; Android 8.1.0; zh-CN; EML-AL00 Build/HUAWEIEML-AL00) AppleWebKit/537.36 (KHTML, like Gecko) Version/4.0 Chrome/57.0.2987.108 baidu.sogo.uc.UCBrowser/11.9.4.974 UWS/2.13.1.48 Mobile Safari/537.36 AliApp(DingTalk/4.5.11) com.alibaba.android.rimet/10487439 Channel/227200 language/zh-CN',
  'upgrade-insecure-requests' => '1',
  'cache-control' => 'no-cache',
  'pragma' => 'no-cache',
  'connection' => 'keep-alive',
  'host' => 'www.mangtuyou.com',
)
[ info ] [ PARAM ] array (
)
[ info ] [ DB ] INIT mysql
[ info ] [ RUN ] app\index\controller\Index->index[ /www/wwwroot/www.mangtuyou.com/application/index/controller/Index.php ]
[ info ] [ VIEW ] ./themes/index/index/index.html [ array (
) ]
[ info ] [ LOG ] INIT File

---------------------------------------------------------------
[ 2020-03-14T18:39:44+08:00 ] 172.31.18.39 119.176.82.12 GET /
[ log ] www.mangtuyou.com/ [运行时间：0.019945s][吞吐率：50.14req/s] [内存消耗：2,173.60kb] [文件加载：48]
[ info ] [ LANG ] /www/wwwroot/www.mangtuyou.com/thinkphp/lang/zh-cn.php
[ info ] [ ROUTE ] array (
  'type' => 'module',
  'module' => 
  array (
    0 => '',
    1 => NULL,
    2 => NULL,
  ),
)
[ info ] [ HEADER ] array (
  'cookie' => 'BT_PANEL=2d46228eff46884be2613a4aca3a98736b1f6620',
  'accept-language' => 'zh-CN,zh;q=0.9',
  'accept-encoding' => 'gzip, deflate',
  'accept' => 'text/html,application/xhtml+xml,application/xml;q=0.9,image/webp,image/apng,*/*;q=0.8,application/signed-exchange;v=b3;q=0.9',
  'user-agent' => 'Mozilla/5.0 (iPhone; CPU iPhone OS 10_3_1 like Mac OS X) AppleWebKit/603.1.30 (KHTML, like Gecko) Version/10.0 Mobile/14E304 Safari/602.1',
  'upgrade-insecure-requests' => '1',
  'cache-control' => 'max-age=0',
  'connection' => 'keep-alive',
  'host' => 'www.mangtuyou.com',
)
[ info ] [ PARAM ] array (
)
[ info ] [ DB ] INIT mysql
[ info ] [ RUN ] app\index\controller\Index->index[ /www/wwwroot/www.mangtuyou.com/application/index/controller/Index.php ]
[ info ] [ VIEW ] ./themes/index/index/index.html [ array (
) ]
[ info ] [ LOG ] INIT File

---------------------------------------------------------------
[ 2020-03-14T18:39:44+08:00 ] 172.31.18.39 119.176.82.12 GET /index/index/getlist?class=1&uid=19
[ log ] www.mangtuyou.com/index/index/getlist?class=1&uid=19 [运行时间：0.023897s][吞吐率：41.85req/s] [内存消耗：2,372.75kb] [文件加载：53]
[ info ] [ LANG ] /www/wwwroot/www.mangtuyou.com/thinkphp/lang/zh-cn.php
[ info ] [ ROUTE ] array (
  'type' => 'module',
  'module' => 
  array (
    0 => 'index',
    1 => 'index',
    2 => 'getlist',
  ),
)
[ info ] [ HEADER ] array (
  'cookie' => 'BT_PANEL=2d46228eff46884be2613a4aca3a98736b1f6620',
  'accept-language' => 'zh-CN,zh;q=0.9',
  'accept-encoding' => 'gzip, deflate',
  'referer' => 'http://www.mangtuyou.com/',
  'user-agent' => 'Mozilla/5.0 (iPhone; CPU iPhone OS 10_3_1 like Mac OS X) AppleWebKit/603.1.30 (KHTML, like Gecko) Version/10.0 Mobile/14E304 Safari/602.1',
  'x-requested-with' => 'XMLHttpRequest',
  'accept' => 'application/json, text/javascript, */*; q=0.01',
  'connection' => 'keep-alive',
  'host' => 'www.mangtuyou.com',
)
[ info ] [ PARAM ] array (
  '/index/index/getlist' => '',
  'class' => '1',
  'uid' => '19',
)
[ info ] [ DB ] INIT mysql
[ info ] [ RUN ] app\index\controller\Index->getList[ /www/wwwroot/www.mangtuyou.com/application/index/controller/Index.php ]
[ info ] [ LOG ] INIT File
[ sql ] [ DB ] CONNECT:[ UseTime:0.000461s ] mysql:dbname=mangtoo;host=localhost;port=3306;charset=utf8
[ sql ] [ SQL ] SHOW COLUMNS FROM `os_newscenic` [ RunTime:0.000915s ]
[ sql ] [ SQL ] SELECT * FROM `os_newscenic` WHERE  `classid` = 1 [ RunTime:0.000250s ]
[ sql ] [ SQL ] SHOW COLUMNS FROM `os_collection_user` [ RunTime:0.000587s ]
[ sql ] [ SQL ] SELECT * FROM `os_collection_user` WHERE  `uid` = 19  AND `sid` = 29 LIMIT 1 [ RunTime:0.000161s ]
[ sql ] [ SQL ] SELECT * FROM `os_collection_user` WHERE  `uid` = 19  AND `sid` = 30 LIMIT 1 [ RunTime:0.000143s ]

---------------------------------------------------------------
[ 2020-03-14T18:39:50+08:00 ] 172.31.18.39 119.176.82.12 GET /index/index/getlist?class=1&uid=19
[ log ] www.mangtuyou.com/index/index/getlist?class=1&uid=19 [运行时间：0.024341s][吞吐率：41.08req/s] [内存消耗：2,372.75kb] [文件加载：53]
[ info ] [ LANG ] /www/wwwroot/www.mangtuyou.com/thinkphp/lang/zh-cn.php
[ info ] [ ROUTE ] array (
  'type' => 'module',
  'module' => 
  array (
    0 => 'index',
    1 => 'index',
    2 => 'getlist',
  ),
)
[ info ] [ HEADER ] array (
  'cookie' => 'BT_PANEL=2d46228eff46884be2613a4aca3a98736b1f6620',
  'accept-language' => 'zh-CN,zh;q=0.9',
  'accept-encoding' => 'gzip, deflate',
  'referer' => 'http://www.mangtuyou.com/',
  'user-agent' => 'Mozilla/5.0 (iPhone; CPU iPhone OS 10_3_1 like Mac OS X) AppleWebKit/603.1.30 (KHTML, like Gecko) Version/10.0 Mobile/14E304 Safari/602.1',
  'x-requested-with' => 'XMLHttpRequest',
  'accept' => 'application/json, text/javascript, */*; q=0.01',
  'connection' => 'keep-alive',
  'host' => 'www.mangtuyou.com',
)
[ info ] [ PARAM ] array (
  '/index/index/getlist' => '',
  'class' => '1',
  'uid' => '19',
)
[ info ] [ DB ] INIT mysql
[ info ] [ RUN ] app\index\controller\Index->getList[ /www/wwwroot/www.mangtuyou.com/application/index/controller/Index.php ]
[ info ] [ LOG ] INIT File
[ sql ] [ DB ] CONNECT:[ UseTime:0.000428s ] mysql:dbname=mangtoo;host=localhost;port=3306;charset=utf8
[ sql ] [ SQL ] SHOW COLUMNS FROM `os_newscenic` [ RunTime:0.000880s ]
[ sql ] [ SQL ] SELECT * FROM `os_newscenic` WHERE  `classid` = 1 [ RunTime:0.000381s ]
[ sql ] [ SQL ] SHOW COLUMNS FROM `os_collection_user` [ RunTime:0.000771s ]
[ sql ] [ SQL ] SELECT * FROM `os_collection_user` WHERE  `uid` = 19  AND `sid` = 29 LIMIT 1 [ RunTime:0.000157s ]
[ sql ] [ SQL ] SELECT * FROM `os_collection_user` WHERE  `uid` = 19  AND `sid` = 30 LIMIT 1 [ RunTime:0.000154s ]

---------------------------------------------------------------
[ 2020-03-14T18:39:51+08:00 ] 172.31.18.39 119.176.82.12 GET /index/index/getlist?class=2&uid=19
[ log ] www.mangtuyou.com/index/index/getlist?class=2&uid=19 [运行时间：0.027269s][吞吐率：36.67req/s] [内存消耗：2,372.78kb] [文件加载：53]
[ info ] [ LANG ] /www/wwwroot/www.mangtuyou.com/thinkphp/lang/zh-cn.php
[ info ] [ ROUTE ] array (
  'type' => 'module',
  'module' => 
  array (
    0 => 'index',
    1 => 'index',
    2 => 'getlist',
  ),
)
[ info ] [ HEADER ] array (
  'cookie' => 'BT_PANEL=2d46228eff46884be2613a4aca3a98736b1f6620',
  'accept-language' => 'zh-CN,zh;q=0.9',
  'accept-encoding' => 'gzip, deflate',
  'referer' => 'http://www.mangtuyou.com/',
  'user-agent' => 'Mozilla/5.0 (iPhone; CPU iPhone OS 10_3_1 like Mac OS X) AppleWebKit/603.1.30 (KHTML, like Gecko) Version/10.0 Mobile/14E304 Safari/602.1',
  'x-requested-with' => 'XMLHttpRequest',
  'accept' => 'application/json, text/javascript, */*; q=0.01',
  'connection' => 'keep-alive',
  'host' => 'www.mangtuyou.com',
)
[ info ] [ PARAM ] array (
  '/index/index/getlist' => '',
  'class' => '2',
  'uid' => '19',
)
[ info ] [ DB ] INIT mysql
[ info ] [ RUN ] app\index\controller\Index->getList[ /www/wwwroot/www.mangtuyou.com/application/index/controller/Index.php ]
[ info ] [ LOG ] INIT File
[ sql ] [ DB ] CONNECT:[ UseTime:0.000481s ] mysql:dbname=mangtoo;host=localhost;port=3306;charset=utf8
[ sql ] [ SQL ] SHOW COLUMNS FROM `os_newscenic` [ RunTime:0.000852s ]
[ sql ] [ SQL ] SELECT * FROM `os_newscenic` WHERE  `classid` = 2 [ RunTime:0.000300s ]
[ sql ] [ SQL ] SHOW COLUMNS FROM `os_collection_user` [ RunTime:0.000614s ]
[ sql ] [ SQL ] SELECT * FROM `os_collection_user` WHERE  `uid` = 19  AND `sid` = 31 LIMIT 1 [ RunTime:0.000283s ]
[ sql ] [ SQL ] SELECT * FROM `os_collection_user` WHERE  `uid` = 19  AND `sid` = 32 LIMIT 1 [ RunTime:0.000199s ]

---------------------------------------------------------------
[ 2020-03-14T18:39:53+08:00 ] 172.31.18.39 119.176.82.12 GET /index/index/getlist?class=3&uid=19
[ log ] www.mangtuyou.com/index/index/getlist?class=3&uid=19 [运行时间：0.023413s][吞吐率：42.71req/s] [内存消耗：2,364.00kb] [文件加载：52]
[ info ] [ LANG ] /www/wwwroot/www.mangtuyou.com/thinkphp/lang/zh-cn.php
[ info ] [ ROUTE ] array (
  'type' => 'module',
  'module' => 
  array (
    0 => 'index',
    1 => 'index',
    2 => 'getlist',
  ),
)
[ info ] [ HEADER ] array (
  'cookie' => 'BT_PANEL=2d46228eff46884be2613a4aca3a98736b1f6620',
  'accept-language' => 'zh-CN,zh;q=0.9',
  'accept-encoding' => 'gzip, deflate',
  'referer' => 'http://www.mangtuyou.com/',
  'user-agent' => 'Mozilla/5.0 (iPhone; CPU iPhone OS 10_3_1 like Mac OS X) AppleWebKit/603.1.30 (KHTML, like Gecko) Version/10.0 Mobile/14E304 Safari/602.1',
  'x-requested-with' => 'XMLHttpRequest',
  'accept' => 'application/json, text/javascript, */*; q=0.01',
  'connection' => 'keep-alive',
  'host' => 'www.mangtuyou.com',
)
[ info ] [ PARAM ] array (
  '/index/index/getlist' => '',
  'class' => '3',
  'uid' => '19',
)
[ info ] [ DB ] INIT mysql
[ info ] [ RUN ] app\index\controller\Index->getList[ /www/wwwroot/www.mangtuyou.com/application/index/controller/Index.php ]
[ info ] [ LOG ] INIT File
[ sql ] [ DB ] CONNECT:[ UseTime:0.000397s ] mysql:dbname=mangtoo;host=localhost;port=3306;charset=utf8
[ sql ] [ SQL ] SHOW COLUMNS FROM `os_newscenic` [ RunTime:0.001003s ]
[ sql ] [ SQL ] SELECT * FROM `os_newscenic` WHERE  `classid` = 3 [ RunTime:0.000368s ]

---------------------------------------------------------------
[ 2020-03-14T18:39:55+08:00 ] 172.31.18.39 119.176.82.12 GET /index/index/getlist?class=3&uid=19
[ log ] www.mangtuyou.com/index/index/getlist?class=3&uid=19 [运行时间：0.022346s][吞吐率：44.75req/s] [内存消耗：2,364.00kb] [文件加载：52]
[ info ] [ LANG ] /www/wwwroot/www.mangtuyou.com/thinkphp/lang/zh-cn.php
[ info ] [ ROUTE ] array (
  'type' => 'module',
  'module' => 
  array (
    0 => 'index',
    1 => 'index',
    2 => 'getlist',
  ),
)
[ info ] [ HEADER ] array (
  'cookie' => 'BT_PANEL=2d46228eff46884be2613a4aca3a98736b1f6620',
  'accept-language' => 'zh-CN,zh;q=0.9',
  'accept-encoding' => 'gzip, deflate',
  'referer' => 'http://www.mangtuyou.com/',
  'user-agent' => 'Mozilla/5.0 (iPhone; CPU iPhone OS 10_3_1 like Mac OS X) AppleWebKit/603.1.30 (KHTML, like Gecko) Version/10.0 Mobile/14E304 Safari/602.1',
  'x-requested-with' => 'XMLHttpRequest',
  'accept' => 'application/json, text/javascript, */*; q=0.01',
  'connection' => 'keep-alive',
  'host' => 'www.mangtuyou.com',
)
[ info ] [ PARAM ] array (
  '/index/index/getlist' => '',
  'class' => '3',
  'uid' => '19',
)
[ info ] [ DB ] INIT mysql
[ info ] [ RUN ] app\index\controller\Index->getList[ /www/wwwroot/www.mangtuyou.com/application/index/controller/Index.php ]
[ info ] [ LOG ] INIT File
[ sql ] [ DB ] CONNECT:[ UseTime:0.000383s ] mysql:dbname=mangtoo;host=localhost;port=3306;charset=utf8
[ sql ] [ SQL ] SHOW COLUMNS FROM `os_newscenic` [ RunTime:0.001079s ]
[ sql ] [ SQL ] SELECT * FROM `os_newscenic` WHERE  `classid` = 3 [ RunTime:0.000260s ]

---------------------------------------------------------------
[ 2020-03-14T18:39:55+08:00 ] 172.31.18.39 119.176.82.12 GET /index/index/getlist?class=2&uid=19
[ log ] www.mangtuyou.com/index/index/getlist?class=2&uid=19 [运行时间：0.025971s][吞吐率：38.50req/s] [内存消耗：2,372.78kb] [文件加载：53]
[ info ] [ LANG ] /www/wwwroot/www.mangtuyou.com/thinkphp/lang/zh-cn.php
[ info ] [ ROUTE ] array (
  'type' => 'module',
  'module' => 
  array (
    0 => 'index',
    1 => 'index',
    2 => 'getlist',
  ),
)
[ info ] [ HEADER ] array (
  'cookie' => 'BT_PANEL=2d46228eff46884be2613a4aca3a98736b1f6620',
  'accept-language' => 'zh-CN,zh;q=0.9',
  'accept-encoding' => 'gzip, deflate',
  'referer' => 'http://www.mangtuyou.com/',
  'user-agent' => 'Mozilla/5.0 (iPhone; CPU iPhone OS 10_3_1 like Mac OS X) AppleWebKit/603.1.30 (KHTML, like Gecko) Version/10.0 Mobile/14E304 Safari/602.1',
  'x-requested-with' => 'XMLHttpRequest',
  'accept' => 'application/json, text/javascript, */*; q=0.01',
  'connection' => 'keep-alive',
  'host' => 'www.mangtuyou.com',
)
[ info ] [ PARAM ] array (
  '/index/index/getlist' => '',
  'class' => '2',
  'uid' => '19',
)
[ info ] [ DB ] INIT mysql
[ info ] [ RUN ] app\index\controller\Index->getList[ /www/wwwroot/www.mangtuyou.com/application/index/controller/Index.php ]
[ info ] [ LOG ] INIT File
[ sql ] [ DB ] CONNECT:[ UseTime:0.000426s ] mysql:dbname=mangtoo;host=localhost;port=3306;charset=utf8
[ sql ] [ SQL ] SHOW COLUMNS FROM `os_newscenic` [ RunTime:0.000872s ]
[ sql ] [ SQL ] SELECT * FROM `os_newscenic` WHERE  `classid` = 2 [ RunTime:0.000382s ]
[ sql ] [ SQL ] SHOW COLUMNS FROM `os_collection_user` [ RunTime:0.000819s ]
[ sql ] [ SQL ] SELECT * FROM `os_collection_user` WHERE  `uid` = 19  AND `sid` = 31 LIMIT 1 [ RunTime:0.000213s ]
[ sql ] [ SQL ] SELECT * FROM `os_collection_user` WHERE  `uid` = 19  AND `sid` = 32 LIMIT 1 [ RunTime:0.000205s ]

---------------------------------------------------------------
[ 2020-03-14T18:39:56+08:00 ] 172.31.18.39 119.176.82.12 GET /index/index/getlist?class=1&uid=19
[ log ] www.mangtuyou.com/index/index/getlist?class=1&uid=19 [运行时间：0.027221s][吞吐率：36.74req/s] [内存消耗：2,372.75kb] [文件加载：53]
[ info ] [ LANG ] /www/wwwroot/www.mangtuyou.com/thinkphp/lang/zh-cn.php
[ info ] [ ROUTE ] array (
  'type' => 'module',
  'module' => 
  array (
    0 => 'index',
    1 => 'index',
    2 => 'getlist',
  ),
)
[ info ] [ HEADER ] array (
  'cookie' => 'BT_PANEL=2d46228eff46884be2613a4aca3a98736b1f6620',
  'accept-language' => 'zh-CN,zh;q=0.9',
  'accept-encoding' => 'gzip, deflate',
  'referer' => 'http://www.mangtuyou.com/',
  'user-agent' => 'Mozilla/5.0 (iPhone; CPU iPhone OS 10_3_1 like Mac OS X) AppleWebKit/603.1.30 (KHTML, like Gecko) Version/10.0 Mobile/14E304 Safari/602.1',
  'x-requested-with' => 'XMLHttpRequest',
  'accept' => 'application/json, text/javascript, */*; q=0.01',
  'connection' => 'keep-alive',
  'host' => 'www.mangtuyou.com',
)
[ info ] [ PARAM ] array (
  '/index/index/getlist' => '',
  'class' => '1',
  'uid' => '19',
)
[ info ] [ DB ] INIT mysql
[ info ] [ RUN ] app\index\controller\Index->getList[ /www/wwwroot/www.mangtuyou.com/application/index/controller/Index.php ]
[ info ] [ LOG ] INIT File
[ sql ] [ DB ] CONNECT:[ UseTime:0.000359s ] mysql:dbname=mangtoo;host=localhost;port=3306;charset=utf8
[ sql ] [ SQL ] SHOW COLUMNS FROM `os_newscenic` [ RunTime:0.002404s ]
[ sql ] [ SQL ] SELECT * FROM `os_newscenic` WHERE  `classid` = 1 [ RunTime:0.000302s ]
[ sql ] [ SQL ] SHOW COLUMNS FROM `os_collection_user` [ RunTime:0.000751s ]
[ sql ] [ SQL ] SELECT * FROM `os_collection_user` WHERE  `uid` = 19  AND `sid` = 29 LIMIT 1 [ RunTime:0.000318s ]
[ sql ] [ SQL ] SELECT * FROM `os_collection_user` WHERE  `uid` = 19  AND `sid` = 30 LIMIT 1 [ RunTime:0.000244s ]

---------------------------------------------------------------
[ 2020-03-14T18:39:57+08:00 ] 172.31.18.39 119.176.82.12 GET /index/index/getlist?class=2&uid=19
[ log ] www.mangtuyou.com/index/index/getlist?class=2&uid=19 [运行时间：0.024248s][吞吐率：41.24req/s] [内存消耗：2,372.78kb] [文件加载：53]
[ info ] [ LANG ] /www/wwwroot/www.mangtuyou.com/thinkphp/lang/zh-cn.php
[ info ] [ ROUTE ] array (
  'type' => 'module',
  'module' => 
  array (
    0 => 'index',
    1 => 'index',
    2 => 'getlist',
  ),
)
[ info ] [ HEADER ] array (
  'cookie' => 'BT_PANEL=2d46228eff46884be2613a4aca3a98736b1f6620',
  'accept-language' => 'zh-CN,zh;q=0.9',
  'accept-encoding' => 'gzip, deflate',
  'referer' => 'http://www.mangtuyou.com/',
  'user-agent' => 'Mozilla/5.0 (iPhone; CPU iPhone OS 10_3_1 like Mac OS X) AppleWebKit/603.1.30 (KHTML, like Gecko) Version/10.0 Mobile/14E304 Safari/602.1',
  'x-requested-with' => 'XMLHttpRequest',
  'accept' => 'application/json, text/javascript, */*; q=0.01',
  'connection' => 'keep-alive',
  'host' => 'www.mangtuyou.com',
)
[ info ] [ PARAM ] array (
  '/index/index/getlist' => '',
  'class' => '2',
  'uid' => '19',
)
[ info ] [ DB ] INIT mysql
[ info ] [ RUN ] app\index\controller\Index->getList[ /www/wwwroot/www.mangtuyou.com/application/index/controller/Index.php ]
[ info ] [ LOG ] INIT File
[ sql ] [ DB ] CONNECT:[ UseTime:0.000305s ] mysql:dbname=mangtoo;host=localhost;port=3306;charset=utf8
[ sql ] [ SQL ] SHOW COLUMNS FROM `os_newscenic` [ RunTime:0.000833s ]
[ sql ] [ SQL ] SELECT * FROM `os_newscenic` WHERE  `classid` = 2 [ RunTime:0.000242s ]
[ sql ] [ SQL ] SHOW COLUMNS FROM `os_collection_user` [ RunTime:0.000648s ]
[ sql ] [ SQL ] SELECT * FROM `os_collection_user` WHERE  `uid` = 19  AND `sid` = 31 LIMIT 1 [ RunTime:0.000254s ]
[ sql ] [ SQL ] SELECT * FROM `os_collection_user` WHERE  `uid` = 19  AND `sid` = 32 LIMIT 1 [ RunTime:0.000322s ]

---------------------------------------------------------------
[ 2020-03-14T18:39:57+08:00 ] 172.31.18.39 119.176.82.12 GET /index/index/getlist?class=3&uid=19
[ log ] www.mangtuyou.com/index/index/getlist?class=3&uid=19 [运行时间：0.022602s][吞吐率：44.24req/s] [内存消耗：2,364.00kb] [文件加载：52]
[ info ] [ LANG ] /www/wwwroot/www.mangtuyou.com/thinkphp/lang/zh-cn.php
[ info ] [ ROUTE ] array (
  'type' => 'module',
  'module' => 
  array (
    0 => 'index',
    1 => 'index',
    2 => 'getlist',
  ),
)
[ info ] [ HEADER ] array (
  'cookie' => 'BT_PANEL=2d46228eff46884be2613a4aca3a98736b1f6620',
  'accept-language' => 'zh-CN,zh;q=0.9',
  'accept-encoding' => 'gzip, deflate',
  'referer' => 'http://www.mangtuyou.com/',
  'user-agent' => 'Mozilla/5.0 (iPhone; CPU iPhone OS 10_3_1 like Mac OS X) AppleWebKit/603.1.30 (KHTML, like Gecko) Version/10.0 Mobile/14E304 Safari/602.1',
  'x-requested-with' => 'XMLHttpRequest',
  'accept' => 'application/json, text/javascript, */*; q=0.01',
  'connection' => 'keep-alive',
  'host' => 'www.mangtuyou.com',
)
[ info ] [ PARAM ] array (
  '/index/index/getlist' => '',
  'class' => '3',
  'uid' => '19',
)
[ info ] [ DB ] INIT mysql
[ info ] [ RUN ] app\index\controller\Index->getList[ /www/wwwroot/www.mangtuyou.com/application/index/controller/Index.php ]
[ info ] [ LOG ] INIT File
[ sql ] [ DB ] CONNECT:[ UseTime:0.000467s ] mysql:dbname=mangtoo;host=localhost;port=3306;charset=utf8
[ sql ] [ SQL ] SHOW COLUMNS FROM `os_newscenic` [ RunTime:0.000972s ]
[ sql ] [ SQL ] SELECT * FROM `os_newscenic` WHERE  `classid` = 3 [ RunTime:0.000367s ]

---------------------------------------------------------------
[ 2020-03-14T18:40:01+08:00 ] 172.31.18.39 119.176.82.12 GET /index/index/getlist?class=3&uid=19
[ log ] www.mangtuyou.com/index/index/getlist?class=3&uid=19 [运行时间：0.032316s][吞吐率：30.94req/s] [内存消耗：2,364.00kb] [文件加载：52]
[ info ] [ LANG ] /www/wwwroot/www.mangtuyou.com/thinkphp/lang/zh-cn.php
[ info ] [ ROUTE ] array (
  'type' => 'module',
  'module' => 
  array (
    0 => 'index',
    1 => 'index',
    2 => 'getlist',
  ),
)
[ info ] [ HEADER ] array (
  'cookie' => 'BT_PANEL=2d46228eff46884be2613a4aca3a98736b1f6620',
  'accept-language' => 'zh-CN,zh;q=0.9',
  'accept-encoding' => 'gzip, deflate',
  'referer' => 'http://www.mangtuyou.com/',
  'user-agent' => 'Mozilla/5.0 (iPhone; CPU iPhone OS 10_3_1 like Mac OS X) AppleWebKit/603.1.30 (KHTML, like Gecko) Version/10.0 Mobile/14E304 Safari/602.1',
  'x-requested-with' => 'XMLHttpRequest',
  'accept' => 'application/json, text/javascript, */*; q=0.01',
  'connection' => 'keep-alive',
  'host' => 'www.mangtuyou.com',
)
[ info ] [ PARAM ] array (
  '/index/index/getlist' => '',
  'class' => '3',
  'uid' => '19',
)
[ info ] [ DB ] INIT mysql
[ info ] [ RUN ] app\index\controller\Index->getList[ /www/wwwroot/www.mangtuyou.com/application/index/controller/Index.php ]
[ info ] [ LOG ] INIT File
[ sql ] [ DB ] CONNECT:[ UseTime:0.000502s ] mysql:dbname=mangtoo;host=localhost;port=3306;charset=utf8
[ sql ] [ SQL ] SHOW COLUMNS FROM `os_newscenic` [ RunTime:0.001144s ]
[ sql ] [ SQL ] SELECT * FROM `os_newscenic` WHERE  `classid` = 3 [ RunTime:0.000294s ]

---------------------------------------------------------------
[ 2020-03-14T18:40:01+08:00 ] 172.31.18.39 119.176.82.12 GET /index/index/getlist?class=2&uid=19
[ log ] www.mangtuyou.com/index/index/getlist?class=2&uid=19 [运行时间：0.026016s][吞吐率：38.44req/s] [内存消耗：2,372.78kb] [文件加载：53]
[ info ] [ LANG ] /www/wwwroot/www.mangtuyou.com/thinkphp/lang/zh-cn.php
[ info ] [ ROUTE ] array (
  'type' => 'module',
  'module' => 
  array (
    0 => 'index',
    1 => 'index',
    2 => 'getlist',
  ),
)
[ info ] [ HEADER ] array (
  'cookie' => 'BT_PANEL=2d46228eff46884be2613a4aca3a98736b1f6620',
  'accept-language' => 'zh-CN,zh;q=0.9',
  'accept-encoding' => 'gzip, deflate',
  'referer' => 'http://www.mangtuyou.com/',
  'user-agent' => 'Mozilla/5.0 (iPhone; CPU iPhone OS 10_3_1 like Mac OS X) AppleWebKit/603.1.30 (KHTML, like Gecko) Version/10.0 Mobile/14E304 Safari/602.1',
  'x-requested-with' => 'XMLHttpRequest',
  'accept' => 'application/json, text/javascript, */*; q=0.01',
  'connection' => 'keep-alive',
  'host' => 'www.mangtuyou.com',
)
[ info ] [ PARAM ] array (
  '/index/index/getlist' => '',
  'class' => '2',
  'uid' => '19',
)
[ info ] [ DB ] INIT mysql
[ info ] [ RUN ] app\index\controller\Index->getList[ /www/wwwroot/www.mangtuyou.com/application/index/controller/Index.php ]
[ info ] [ LOG ] INIT File
[ sql ] [ DB ] CONNECT:[ UseTime:0.000347s ] mysql:dbname=mangtoo;host=localhost;port=3306;charset=utf8
[ sql ] [ SQL ] SHOW COLUMNS FROM `os_newscenic` [ RunTime:0.001261s ]
[ sql ] [ SQL ] SELECT * FROM `os_newscenic` WHERE  `classid` = 2 [ RunTime:0.000265s ]
[ sql ] [ SQL ] SHOW COLUMNS FROM `os_collection_user` [ RunTime:0.000611s ]
[ sql ] [ SQL ] SELECT * FROM `os_collection_user` WHERE  `uid` = 19  AND `sid` = 31 LIMIT 1 [ RunTime:0.000196s ]
[ sql ] [ SQL ] SELECT * FROM `os_collection_user` WHERE  `uid` = 19  AND `sid` = 32 LIMIT 1 [ RunTime:0.000166s ]

---------------------------------------------------------------
[ 2020-03-14T18:40:02+08:00 ] 172.31.18.39 119.176.82.12 GET /index/index/getlist?class=1&uid=19
[ log ] www.mangtuyou.com/index/index/getlist?class=1&uid=19 [运行时间：0.023837s][吞吐率：41.95req/s] [内存消耗：2,372.75kb] [文件加载：53]
[ info ] [ LANG ] /www/wwwroot/www.mangtuyou.com/thinkphp/lang/zh-cn.php
[ info ] [ ROUTE ] array (
  'type' => 'module',
  'module' => 
  array (
    0 => 'index',
    1 => 'index',
    2 => 'getlist',
  ),
)
[ info ] [ HEADER ] array (
  'cookie' => 'BT_PANEL=2d46228eff46884be2613a4aca3a98736b1f6620',
  'accept-language' => 'zh-CN,zh;q=0.9',
  'accept-encoding' => 'gzip, deflate',
  'referer' => 'http://www.mangtuyou.com/',
  'user-agent' => 'Mozilla/5.0 (iPhone; CPU iPhone OS 10_3_1 like Mac OS X) AppleWebKit/603.1.30 (KHTML, like Gecko) Version/10.0 Mobile/14E304 Safari/602.1',
  'x-requested-with' => 'XMLHttpRequest',
  'accept' => 'application/json, text/javascript, */*; q=0.01',
  'connection' => 'keep-alive',
  'host' => 'www.mangtuyou.com',
)
[ info ] [ PARAM ] array (
  '/index/index/getlist' => '',
  'class' => '1',
  'uid' => '19',
)
[ info ] [ DB ] INIT mysql
[ info ] [ RUN ] app\index\controller\Index->getList[ /www/wwwroot/www.mangtuyou.com/application/index/controller/Index.php ]
[ info ] [ LOG ] INIT File
[ sql ] [ DB ] CONNECT:[ UseTime:0.000437s ] mysql:dbname=mangtoo;host=localhost;port=3306;charset=utf8
[ sql ] [ SQL ] SHOW COLUMNS FROM `os_newscenic` [ RunTime:0.000863s ]
[ sql ] [ SQL ] SELECT * FROM `os_newscenic` WHERE  `classid` = 1 [ RunTime:0.000308s ]
[ sql ] [ SQL ] SHOW COLUMNS FROM `os_collection_user` [ RunTime:0.000765s ]
[ sql ] [ SQL ] SELECT * FROM `os_collection_user` WHERE  `uid` = 19  AND `sid` = 29 LIMIT 1 [ RunTime:0.000173s ]
[ sql ] [ SQL ] SELECT * FROM `os_collection_user` WHERE  `uid` = 19  AND `sid` = 30 LIMIT 1 [ RunTime:0.000235s ]

---------------------------------------------------------------
[ 2020-03-14T18:40:08+08:00 ] 172.31.18.39 119.176.82.12 GET /index/index/getlist?class=1&uid=19
[ log ] www.mangtuyou.com/index/index/getlist?class=1&uid=19 [运行时间：0.032336s][吞吐率：30.93req/s] [内存消耗：2,372.75kb] [文件加载：53]
[ info ] [ LANG ] /www/wwwroot/www.mangtuyou.com/thinkphp/lang/zh-cn.php
[ info ] [ ROUTE ] array (
  'type' => 'module',
  'module' => 
  array (
    0 => 'index',
    1 => 'index',
    2 => 'getlist',
  ),
)
[ info ] [ HEADER ] array (
  'cookie' => 'BT_PANEL=2d46228eff46884be2613a4aca3a98736b1f6620',
  'accept-language' => 'zh-CN,zh;q=0.9',
  'accept-encoding' => 'gzip, deflate',
  'referer' => 'http://www.mangtuyou.com/',
  'user-agent' => 'Mozilla/5.0 (iPhone; CPU iPhone OS 10_3_1 like Mac OS X) AppleWebKit/603.1.30 (KHTML, like Gecko) Version/10.0 Mobile/14E304 Safari/602.1',
  'x-requested-with' => 'XMLHttpRequest',
  'accept' => 'application/json, text/javascript, */*; q=0.01',
  'connection' => 'keep-alive',
  'host' => 'www.mangtuyou.com',
)
[ info ] [ PARAM ] array (
  '/index/index/getlist' => '',
  'class' => '1',
  'uid' => '19',
)
[ info ] [ DB ] INIT mysql
[ info ] [ RUN ] app\index\controller\Index->getList[ /www/wwwroot/www.mangtuyou.com/application/index/controller/Index.php ]
[ info ] [ LOG ] INIT File
[ sql ] [ DB ] CONNECT:[ UseTime:0.000401s ] mysql:dbname=mangtoo;host=localhost;port=3306;charset=utf8
[ sql ] [ SQL ] SHOW COLUMNS FROM `os_newscenic` [ RunTime:0.001336s ]
[ sql ] [ SQL ] SELECT * FROM `os_newscenic` WHERE  `classid` = 1 [ RunTime:0.000295s ]
[ sql ] [ SQL ] SHOW COLUMNS FROM `os_collection_user` [ RunTime:0.000807s ]
[ sql ] [ SQL ] SELECT * FROM `os_collection_user` WHERE  `uid` = 19  AND `sid` = 29 LIMIT 1 [ RunTime:0.000256s ]
[ sql ] [ SQL ] SELECT * FROM `os_collection_user` WHERE  `uid` = 19  AND `sid` = 30 LIMIT 1 [ RunTime:0.000238s ]

---------------------------------------------------------------
[ 2020-03-14T18:40:08+08:00 ] 172.31.18.39 119.176.82.12 GET /index/index/getlist?class=2&uid=19
[ log ] www.mangtuyou.com/index/index/getlist?class=2&uid=19 [运行时间：0.024770s][吞吐率：40.37req/s] [内存消耗：2,372.78kb] [文件加载：53]
[ info ] [ LANG ] /www/wwwroot/www.mangtuyou.com/thinkphp/lang/zh-cn.php
[ info ] [ ROUTE ] array (
  'type' => 'module',
  'module' => 
  array (
    0 => 'index',
    1 => 'index',
    2 => 'getlist',
  ),
)
[ info ] [ HEADER ] array (
  'cookie' => 'BT_PANEL=2d46228eff46884be2613a4aca3a98736b1f6620',
  'accept-language' => 'zh-CN,zh;q=0.9',
  'accept-encoding' => 'gzip, deflate',
  'referer' => 'http://www.mangtuyou.com/',
  'user-agent' => 'Mozilla/5.0 (iPhone; CPU iPhone OS 10_3_1 like Mac OS X) AppleWebKit/603.1.30 (KHTML, like Gecko) Version/10.0 Mobile/14E304 Safari/602.1',
  'x-requested-with' => 'XMLHttpRequest',
  'accept' => 'application/json, text/javascript, */*; q=0.01',
  'connection' => 'keep-alive',
  'host' => 'www.mangtuyou.com',
)
[ info ] [ PARAM ] array (
  '/index/index/getlist' => '',
  'class' => '2',
  'uid' => '19',
)
[ info ] [ DB ] INIT mysql
[ info ] [ RUN ] app\index\controller\Index->getList[ /www/wwwroot/www.mangtuyou.com/application/index/controller/Index.php ]
[ info ] [ LOG ] INIT File
[ sql ] [ DB ] CONNECT:[ UseTime:0.000341s ] mysql:dbname=mangtoo;host=localhost;port=3306;charset=utf8
[ sql ] [ SQL ] SHOW COLUMNS FROM `os_newscenic` [ RunTime:0.000908s ]
[ sql ] [ SQL ] SELECT * FROM `os_newscenic` WHERE  `classid` = 2 [ RunTime:0.000399s ]
[ sql ] [ SQL ] SHOW COLUMNS FROM `os_collection_user` [ RunTime:0.000958s ]
[ sql ] [ SQL ] SELECT * FROM `os_collection_user` WHERE  `uid` = 19  AND `sid` = 31 LIMIT 1 [ RunTime:0.000251s ]
[ sql ] [ SQL ] SELECT * FROM `os_collection_user` WHERE  `uid` = 19  AND `sid` = 32 LIMIT 1 [ RunTime:0.000184s ]

---------------------------------------------------------------
[ 2020-03-14T18:40:09+08:00 ] 172.31.18.39 119.176.82.12 GET /index/index/getlist?class=3&uid=19
[ log ] www.mangtuyou.com/index/index/getlist?class=3&uid=19 [运行时间：0.022021s][吞吐率：45.41req/s] [内存消耗：2,364.00kb] [文件加载：52]
[ info ] [ LANG ] /www/wwwroot/www.mangtuyou.com/thinkphp/lang/zh-cn.php
[ info ] [ ROUTE ] array (
  'type' => 'module',
  'module' => 
  array (
    0 => 'index',
    1 => 'index',
    2 => 'getlist',
  ),
)
[ info ] [ HEADER ] array (
  'cookie' => 'BT_PANEL=2d46228eff46884be2613a4aca3a98736b1f6620',
  'accept-language' => 'zh-CN,zh;q=0.9',
  'accept-encoding' => 'gzip, deflate',
  'referer' => 'http://www.mangtuyou.com/',
  'user-agent' => 'Mozilla/5.0 (iPhone; CPU iPhone OS 10_3_1 like Mac OS X) AppleWebKit/603.1.30 (KHTML, like Gecko) Version/10.0 Mobile/14E304 Safari/602.1',
  'x-requested-with' => 'XMLHttpRequest',
  'accept' => 'application/json, text/javascript, */*; q=0.01',
  'connection' => 'keep-alive',
  'host' => 'www.mangtuyou.com',
)
[ info ] [ PARAM ] array (
  '/index/index/getlist' => '',
  'class' => '3',
  'uid' => '19',
)
[ info ] [ DB ] INIT mysql
[ info ] [ RUN ] app\index\controller\Index->getList[ /www/wwwroot/www.mangtuyou.com/application/index/controller/Index.php ]
[ info ] [ LOG ] INIT File
[ sql ] [ DB ] CONNECT:[ UseTime:0.000357s ] mysql:dbname=mangtoo;host=localhost;port=3306;charset=utf8
[ sql ] [ SQL ] SHOW COLUMNS FROM `os_newscenic` [ RunTime:0.001139s ]
[ sql ] [ SQL ] SELECT * FROM `os_newscenic` WHERE  `classid` = 3 [ RunTime:0.000337s ]

---------------------------------------------------------------
[ 2020-03-14T18:40:10+08:00 ] 172.31.18.39 119.176.82.12 GET /index/index/getlist?class=2&uid=19
[ log ] www.mangtuyou.com/index/index/getlist?class=2&uid=19 [运行时间：0.024775s][吞吐率：40.36req/s] [内存消耗：2,372.78kb] [文件加载：53]
[ info ] [ LANG ] /www/wwwroot/www.mangtuyou.com/thinkphp/lang/zh-cn.php
[ info ] [ ROUTE ] array (
  'type' => 'module',
  'module' => 
  array (
    0 => 'index',
    1 => 'index',
    2 => 'getlist',
  ),
)
[ info ] [ HEADER ] array (
  'cookie' => 'BT_PANEL=2d46228eff46884be2613a4aca3a98736b1f6620',
  'accept-language' => 'zh-CN,zh;q=0.9',
  'accept-encoding' => 'gzip, deflate',
  'referer' => 'http://www.mangtuyou.com/',
  'user-agent' => 'Mozilla/5.0 (iPhone; CPU iPhone OS 10_3_1 like Mac OS X) AppleWebKit/603.1.30 (KHTML, like Gecko) Version/10.0 Mobile/14E304 Safari/602.1',
  'x-requested-with' => 'XMLHttpRequest',
  'accept' => 'application/json, text/javascript, */*; q=0.01',
  'connection' => 'keep-alive',
  'host' => 'www.mangtuyou.com',
)
[ info ] [ PARAM ] array (
  '/index/index/getlist' => '',
  'class' => '2',
  'uid' => '19',
)
[ info ] [ DB ] INIT mysql
[ info ] [ RUN ] app\index\controller\Index->getList[ /www/wwwroot/www.mangtuyou.com/application/index/controller/Index.php ]
[ info ] [ LOG ] INIT File
[ sql ] [ DB ] CONNECT:[ UseTime:0.000441s ] mysql:dbname=mangtoo;host=localhost;port=3306;charset=utf8
[ sql ] [ SQL ] SHOW COLUMNS FROM `os_newscenic` [ RunTime:0.000855s ]
[ sql ] [ SQL ] SELECT * FROM `os_newscenic` WHERE  `classid` = 2 [ RunTime:0.000248s ]
[ sql ] [ SQL ] SHOW COLUMNS FROM `os_collection_user` [ RunTime:0.000567s ]
[ sql ] [ SQL ] SELECT * FROM `os_collection_user` WHERE  `uid` = 19  AND `sid` = 31 LIMIT 1 [ RunTime:0.000269s ]
[ sql ] [ SQL ] SELECT * FROM `os_collection_user` WHERE  `uid` = 19  AND `sid` = 32 LIMIT 1 [ RunTime:0.000204s ]

---------------------------------------------------------------
[ 2020-03-14T18:40:11+08:00 ] 172.31.18.39 119.176.82.12 GET /index/index/getlist?class=1&uid=19
[ log ] www.mangtuyou.com/index/index/getlist?class=1&uid=19 [运行时间：0.034003s][吞吐率：29.41req/s] [内存消耗：2,372.75kb] [文件加载：53]
[ info ] [ LANG ] /www/wwwroot/www.mangtuyou.com/thinkphp/lang/zh-cn.php
[ info ] [ ROUTE ] array (
  'type' => 'module',
  'module' => 
  array (
    0 => 'index',
    1 => 'index',
    2 => 'getlist',
  ),
)
[ info ] [ HEADER ] array (
  'cookie' => 'BT_PANEL=2d46228eff46884be2613a4aca3a98736b1f6620',
  'accept-language' => 'zh-CN,zh;q=0.9',
  'accept-encoding' => 'gzip, deflate',
  'referer' => 'http://www.mangtuyou.com/',
  'user-agent' => 'Mozilla/5.0 (iPhone; CPU iPhone OS 10_3_1 like Mac OS X) AppleWebKit/603.1.30 (KHTML, like Gecko) Version/10.0 Mobile/14E304 Safari/602.1',
  'x-requested-with' => 'XMLHttpRequest',
  'accept' => 'application/json, text/javascript, */*; q=0.01',
  'connection' => 'keep-alive',
  'host' => 'www.mangtuyou.com',
)
[ info ] [ PARAM ] array (
  '/index/index/getlist' => '',
  'class' => '1',
  'uid' => '19',
)
[ info ] [ DB ] INIT mysql
[ info ] [ RUN ] app\index\controller\Index->getList[ /www/wwwroot/www.mangtuyou.com/application/index/controller/Index.php ]
[ info ] [ LOG ] INIT File
[ sql ] [ DB ] CONNECT:[ UseTime:0.000370s ] mysql:dbname=mangtoo;host=localhost;port=3306;charset=utf8
[ sql ] [ SQL ] SHOW COLUMNS FROM `os_newscenic` [ RunTime:0.001131s ]
[ sql ] [ SQL ] SELECT * FROM `os_newscenic` WHERE  `classid` = 1 [ RunTime:0.000597s ]
[ sql ] [ SQL ] SHOW COLUMNS FROM `os_collection_user` [ RunTime:0.000833s ]
[ sql ] [ SQL ] SELECT * FROM `os_collection_user` WHERE  `uid` = 19  AND `sid` = 29 LIMIT 1 [ RunTime:0.000205s ]
[ sql ] [ SQL ] SELECT * FROM `os_collection_user` WHERE  `uid` = 19  AND `sid` = 30 LIMIT 1 [ RunTime:0.000240s ]

---------------------------------------------------------------
