[ 2020-03-15T05:25:27+08:00 ] 172.31.18.39 106.15.93.34 GET /
[ log ] www.mangtuyou.com/ [运行时间：0.019619s][吞吐率：50.97req/s] [内存消耗：2,172.71kb] [文件加载：48]
[ info ] [ LANG ] /www/wwwroot/www.mangtuyou.com/thinkphp/lang/zh-cn.php
[ info ] [ ROUTE ] array (
  'type' => 'module',
  'module' => 
  array (
    0 => '',
    1 => NULL,
    2 => NULL,
  ),
)
[ info ] [ HEADER ] array (
  'accept-encoding' => 'gzip',
  'connection' => 'Keep-Alive',
  'host' => 'www.mangtuyou.com',
  'user-agent' => 'Mozilla/5.0 (X11; Ubuntu; Linux x86_64; rv:36.0) Gecko/20100101 Firefox/36.0',
)
[ info ] [ PARAM ] array (
)
[ info ] [ DB ] INIT mysql
[ info ] [ RUN ] app\index\controller\Index->index[ /www/wwwroot/www.mangtuyou.com/application/index/controller/Index.php ]
[ info ] [ VIEW ] ./themes/index/index/index.html [ array (
) ]
[ info ] [ LOG ] INIT File

---------------------------------------------------------------
[ 2020-03-15T05:25:28+08:00 ] 172.31.18.39 106.15.93.34 GET /index/index/drive.html
[ log ] www.mangtuyou.com/index/index/drive.html [运行时间：0.019637s][吞吐率：50.92req/s] [内存消耗：2,164.13kb] [文件加载：48]
[ info ] [ LANG ] /www/wwwroot/www.mangtuyou.com/thinkphp/lang/zh-cn.php
[ info ] [ ROUTE ] array (
  'type' => 'module',
  'module' => 
  array (
    0 => 'index',
    1 => 'index',
    2 => 'drive',
  ),
)
[ info ] [ HEADER ] array (
  'accept-encoding' => 'gzip',
  'connection' => 'Keep-Alive',
  'host' => 'www.mangtuyou.com',
  'user-agent' => 'Mozilla/5.0 (X11; Ubuntu; Linux x86_64; rv:36.0) Gecko/20100101 Firefox/36.0',
)
[ info ] [ PARAM ] array (
  '/index/index/drive_html' => '',
)
[ info ] [ DB ] INIT mysql
[ info ] [ RUN ] app\index\controller\Index->drive[ /www/wwwroot/www.mangtuyou.com/application/index/controller/Index.php ]
[ info ] [ VIEW ] ./themes/index/index/drive.html [ array (
) ]
[ info ] [ LOG ] INIT File

---------------------------------------------------------------
[ 2020-03-15T05:25:28+08:00 ] 172.31.18.39 106.15.93.34 GET /index/index/mark.html
[ log ] www.mangtuyou.com/index/index/mark.html [运行时间：0.020528s][吞吐率：48.71req/s] [内存消耗：2,164.12kb] [文件加载：48]
[ info ] [ LANG ] /www/wwwroot/www.mangtuyou.com/thinkphp/lang/zh-cn.php
[ info ] [ ROUTE ] array (
  'type' => 'module',
  'module' => 
  array (
    0 => 'index',
    1 => 'index',
    2 => 'mark',
  ),
)
[ info ] [ HEADER ] array (
  'accept-encoding' => 'gzip',
  'connection' => 'Keep-Alive',
  'host' => 'www.mangtuyou.com',
  'user-agent' => 'Mozilla/5.0 (X11; Ubuntu; Linux x86_64; rv:36.0) Gecko/20100101 Firefox/36.0',
)
[ info ] [ PARAM ] array (
  '/index/index/mark_html' => '',
)
[ info ] [ DB ] INIT mysql
[ info ] [ RUN ] app\index\controller\Index->mark[ /www/wwwroot/www.mangtuyou.com/application/index/controller/Index.php ]
[ info ] [ VIEW ] ./themes/index/index/mark.html [ array (
) ]
[ info ] [ LOG ] INIT File

---------------------------------------------------------------
[ 2020-03-15T07:47:26+08:00 ] 172.31.18.39 66.249.79.203 GET /
[ log ] www.mangtuyou.com/ [运行时间：0.020569s][吞吐率：48.62req/s] [内存消耗：2,173.02kb] [文件加载：48]
[ info ] [ LANG ] /www/wwwroot/www.mangtuyou.com/thinkphp/lang/zh-cn.php
[ info ] [ ROUTE ] array (
  'type' => 'module',
  'module' => 
  array (
    0 => '',
    1 => NULL,
    2 => NULL,
  ),
)
[ info ] [ HEADER ] array (
  'if-modified-since' => 'Sun, 23 Feb 2020 10:40:01 GMT',
  'accept-encoding' => 'gzip,deflate,br',
  'user-agent' => 'Mozilla/5.0 (compatible; Googlebot/2.1; +http://www.google.com/bot.html)',
  'from' => 'googlebot(at)googlebot.com',
  'accept' => 'text/html,application/xhtml+xml,application/xml;q=0.9,*/*;q=0.8',
  'connection' => 'keep-alive',
  'host' => 'www.mangtuyou.com',
)
[ info ] [ PARAM ] array (
)
[ info ] [ DB ] INIT mysql
[ info ] [ RUN ] app\index\controller\Index->index[ /www/wwwroot/www.mangtuyou.com/application/index/controller/Index.php ]
[ info ] [ VIEW ] ./themes/index/index/index.html [ array (
) ]
[ info ] [ LOG ] INIT File

---------------------------------------------------------------
[ 2020-03-15T09:15:57+08:00 ] 172.31.18.39 101.132.162.197 GET /pc.html
[ log ] www.mangtuyou.com/pc.html [运行时间：0.011032s][吞吐率：90.64req/s] [内存消耗：1,114.16kb] [文件加载：33]
[ info ] [ LANG ] /www/wwwroot/www.mangtuyou.com/thinkphp/lang/zh-cn.php
[ info ] [ ROUTE ] array (
  'type' => 'module',
  'module' => 
  array (
    0 => 'pc',
    1 => NULL,
    2 => NULL,
  ),
)
[ info ] [ HEADER ] array (
  'accept-encoding' => 'gzip',
  'connection' => 'Keep-Alive',
  'host' => 'www.mangtuyou.com',
  'user-agent' => 'Mozilla/5.0 (X11; Ubuntu; Linux x86_64; rv:36.0) Gecko/20100101 Firefox/36.0',
)
[ info ] [ PARAM ] array (
  '/pc_html' => '',
)
[ info ] [ LOG ] INIT File

---------------------------------------------------------------
[ 2020-03-15T17:28:11+08:00 ] 172.31.18.39 66.249.79.203 GET /
[ log ] www.mangtuyou.com/ [运行时间：0.020979s][吞吐率：47.67req/s] [内存消耗：2,173.25kb] [文件加载：48]
[ info ] [ LANG ] /www/wwwroot/www.mangtuyou.com/thinkphp/lang/zh-cn.php
[ info ] [ ROUTE ] array (
  'type' => 'module',
  'module' => 
  array (
    0 => '',
    1 => NULL,
    2 => NULL,
  ),
)
[ info ] [ HEADER ] array (
  'if-modified-since' => 'Sun, 23 Feb 2020 07:18:35 GMT',
  'accept-encoding' => 'gzip,deflate,br',
  'user-agent' => 'Mozilla/5.0 (Linux; Android 6.0.1; Nexus 5X Build/MMB29P) AppleWebKit/537.36 (KHTML, like Gecko) Chrome/41.0.2272.96 Mobile Safari/537.36 (compatible; Googlebot/2.1; +http://www.google.com/bot.html)',
  'from' => 'googlebot(at)googlebot.com',
  'accept' => 'text/html,application/xhtml+xml,application/signed-exchange;v=b3,application/xml;q=0.9,*/*;q=0.8',
  'connection' => 'keep-alive',
  'amp-cache-transform' => 'google;v="1..3"',
  'host' => 'www.mangtuyou.com',
)
[ info ] [ PARAM ] array (
)
[ info ] [ DB ] INIT mysql
[ info ] [ RUN ] app\index\controller\Index->index[ /www/wwwroot/www.mangtuyou.com/application/index/controller/Index.php ]
[ info ] [ VIEW ] ./themes/index/index/index.html [ array (
) ]
[ info ] [ LOG ] INIT File

---------------------------------------------------------------
[ 2020-03-15T20:42:29+08:00 ] 172.31.18.39 207.180.244.44 GET /xmlrpc.php?rsd
[ log ] www.mangtuyou.com/xmlrpc.php?rsd [运行时间：0.011435s][吞吐率：87.45req/s] [内存消耗：1,114.17kb] [文件加载：33]
[ info ] [ LANG ] /www/wwwroot/www.mangtuyou.com/thinkphp/lang/zh-cn.php
[ info ] [ ROUTE ] array (
  'type' => 'module',
  'module' => 
  array (
    0 => 'xmlrpc.php',
    1 => NULL,
    2 => NULL,
  ),
)
[ info ] [ HEADER ] array (
  'user-agent' => 'Mozilla/5.0 (Windows NT 10.0; Win64; x64; rv:50.0) Gecko/20100101 Firefox/50.0',
  'connection' => 'keep-alive',
  'keep-alive' => '300',
  'host' => 'www.mangtuyou.com',
)
[ info ] [ PARAM ] array (
  '/xmlrpc_php' => '',
  'rsd' => '',
)
[ info ] [ LOG ] INIT File

---------------------------------------------------------------
[ 2020-03-15T20:42:30+08:00 ] 172.31.18.39 207.180.244.44 GET /
[ log ] www.mangtuyou.com/ [运行时间：0.019941s][吞吐率：50.15req/s] [内存消耗：2,172.72kb] [文件加载：48]
[ info ] [ LANG ] /www/wwwroot/www.mangtuyou.com/thinkphp/lang/zh-cn.php
[ info ] [ ROUTE ] array (
  'type' => 'module',
  'module' => 
  array (
    0 => '',
    1 => NULL,
    2 => NULL,
  ),
)
[ info ] [ HEADER ] array (
  'user-agent' => 'Mozilla/5.0 (Windows NT 10.0; Win64; x64; rv:50.0) Gecko/20100101 Firefox/50.0',
  'connection' => 'keep-alive',
  'keep-alive' => '300',
  'host' => 'www.mangtuyou.com',
)
[ info ] [ PARAM ] array (
)
[ info ] [ DB ] INIT mysql
[ info ] [ RUN ] app\index\controller\Index->index[ /www/wwwroot/www.mangtuyou.com/application/index/controller/Index.php ]
[ info ] [ VIEW ] ./themes/index/index/index.html [ array (
) ]
[ info ] [ LOG ] INIT File

---------------------------------------------------------------
[ 2020-03-15T20:42:31+08:00 ] 172.31.18.39 207.180.244.44 GET /blog/robots.txt
[ log ] www.mangtuyou.com/blog/robots.txt [运行时间：0.011517s][吞吐率：86.83req/s] [内存消耗：1,114.23kb] [文件加载：33]
[ info ] [ LANG ] /www/wwwroot/www.mangtuyou.com/thinkphp/lang/zh-cn.php
[ info ] [ ROUTE ] array (
  'type' => 'module',
  'module' => 
  array (
    0 => 'blog',
    1 => 'robots.txt',
    2 => NULL,
  ),
)
[ info ] [ HEADER ] array (
  'user-agent' => 'Mozilla/5.0 (Windows NT 10.0; Win64; x64; rv:50.0) Gecko/20100101 Firefox/50.0',
  'connection' => 'keep-alive',
  'keep-alive' => '300',
  'host' => 'www.mangtuyou.com',
)
[ info ] [ PARAM ] array (
  '/blog/robots_txt' => '',
)
[ info ] [ LOG ] INIT File

---------------------------------------------------------------
[ 2020-03-15T20:42:35+08:00 ] 172.31.18.39 207.180.244.44 GET /blog/
[ log ] www.mangtuyou.com/blog/ [运行时间：0.011730s][吞吐率：85.25req/s] [内存消耗：1,114.15kb] [文件加载：33]
[ info ] [ LANG ] /www/wwwroot/www.mangtuyou.com/thinkphp/lang/zh-cn.php
[ info ] [ ROUTE ] array (
  'type' => 'module',
  'module' => 
  array (
    0 => 'blog',
    1 => NULL,
    2 => NULL,
  ),
)
[ info ] [ HEADER ] array (
  'user-agent' => 'Mozilla/5.0 (Windows NT 10.0; Win64; x64; rv:50.0) Gecko/20100101 Firefox/50.0',
  'connection' => 'keep-alive',
  'keep-alive' => '300',
  'host' => 'www.mangtuyou.com',
)
[ info ] [ PARAM ] array (
  '/blog/' => '',
)
[ info ] [ LOG ] INIT File

---------------------------------------------------------------
[ 2020-03-15T20:42:36+08:00 ] 172.31.18.39 207.180.244.44 GET /wordpress/
[ log ] www.mangtuyou.com/wordpress/ [运行时间：0.011613s][吞吐率：86.11req/s] [内存消耗：1,114.19kb] [文件加载：33]
[ info ] [ LANG ] /www/wwwroot/www.mangtuyou.com/thinkphp/lang/zh-cn.php
[ info ] [ ROUTE ] array (
  'type' => 'module',
  'module' => 
  array (
    0 => 'wordpress',
    1 => NULL,
    2 => NULL,
  ),
)
[ info ] [ HEADER ] array (
  'user-agent' => 'Mozilla/5.0 (Windows NT 10.0; Win64; x64; rv:50.0) Gecko/20100101 Firefox/50.0',
  'connection' => 'keep-alive',
  'keep-alive' => '300',
  'host' => 'www.mangtuyou.com',
)
[ info ] [ PARAM ] array (
  '/wordpress/' => '',
)
[ info ] [ LOG ] INIT File

---------------------------------------------------------------
[ 2020-03-15T20:42:37+08:00 ] 172.31.18.39 207.180.244.44 GET /wp/
[ log ] www.mangtuyou.com/wp/ [运行时间：0.011858s][吞吐率：84.33req/s] [内存消耗：1,114.15kb] [文件加载：33]
[ info ] [ LANG ] /www/wwwroot/www.mangtuyou.com/thinkphp/lang/zh-cn.php
[ info ] [ ROUTE ] array (
  'type' => 'module',
  'module' => 
  array (
    0 => 'wp',
    1 => NULL,
    2 => NULL,
  ),
)
[ info ] [ HEADER ] array (
  'user-agent' => 'Mozilla/5.0 (Windows NT 10.0; Win64; x64; rv:50.0) Gecko/20100101 Firefox/50.0',
  'connection' => 'keep-alive',
  'keep-alive' => '300',
  'host' => 'www.mangtuyou.com',
)
[ info ] [ PARAM ] array (
  '/wp/' => '',
)
[ info ] [ LOG ] INIT File

---------------------------------------------------------------
