[ 2020-03-16T01:52:47+08:00 ] 172.31.18.39 42.115.55.184 GET /index/index_copy
[ log ] www.mangtuyou.com/index/index_copy [运行时间：0.020156s][吞吐率：49.61req/s] [内存消耗：2,147.67kb] [文件加载：48]
[ info ] [ LANG ] /www/wwwroot/www.mangtuyou.com/thinkphp/lang/zh-cn.php
[ info ] [ ROUTE ] array (
  'type' => 'module',
  'module' => 
  array (
    0 => 'index',
    1 => 'index_copy',
    2 => NULL,
  ),
)
[ info ] [ HEADER ] array (
  'connection' => 'keep-alive',
  'accept-encoding' => 'gzip, deflate',
  'accept-language' => 'ko-kr',
  'user-agent' => 'Mozilla/5.0 (iPhone; CPU iPhone OS 13_3_1 like Mac OS X) AppleWebKit/605.1.15 (KHTML, like Gecko) Mobile/15E148 MicroMessenger/7.0.11(0x17000b21) NetType/WIFI Language/zh_CN',
  'accept' => 'text/html,application/xhtml+xml,application/xml;q=0.9,*/*;q=0.8',
  'upgrade-insecure-requests' => '1',
  'host' => 'www.mangtuyou.com',
)
[ info ] [ PARAM ] array (
  '/index/index_copy' => '',
)
[ info ] [ DB ] INIT mysql
[ info ] [ RUN ] app\index\controller\IndexCopy->index[ /www/wwwroot/www.mangtuyou.com/application/index/controller/IndexCopy.php ]
[ info ] [ VIEW ] ./themes/index/index_copy/index.html [ array (
) ]
[ info ] [ LOG ] INIT File

---------------------------------------------------------------
[ 2020-03-16T05:38:43+08:00 ] 172.31.18.39 66.249.79.203 GET /zhoumo.png
[ log ] www.mangtuyou.com/zhoumo.png [运行时间：0.011294s][吞吐率：88.54req/s] [内存消耗：1,114.27kb] [文件加载：33]
[ info ] [ LANG ] /www/wwwroot/www.mangtuyou.com/thinkphp/lang/zh-cn.php
[ info ] [ ROUTE ] array (
  'type' => 'module',
  'module' => 
  array (
    0 => 'zhoumo.png',
    1 => NULL,
    2 => NULL,
  ),
)
[ info ] [ HEADER ] array (
  'accept-encoding' => 'gzip,deflate,br',
  'user-agent' => 'Googlebot-Image/1.0',
  'from' => 'googlebot(at)googlebot.com',
  'accept' => 'text/html,application/xhtml+xml,application/xml;q=0.9,*/*;q=0.8',
  'connection' => 'keep-alive',
  'host' => 'www.mangtuyou.com',
)
[ info ] [ PARAM ] array (
  '/zhoumo_png' => '',
)
[ info ] [ LOG ] INIT File

---------------------------------------------------------------
[ 2020-03-16T07:38:09+08:00 ] 172.31.18.39 66.249.79.207 GET /
[ log ] www.mangtuyou.com/ [运行时间：0.019735s][吞吐率：50.67req/s] [内存消耗：2,173.02kb] [文件加载：48]
[ info ] [ LANG ] /www/wwwroot/www.mangtuyou.com/thinkphp/lang/zh-cn.php
[ info ] [ ROUTE ] array (
  'type' => 'module',
  'module' => 
  array (
    0 => '',
    1 => NULL,
    2 => NULL,
  ),
)
[ info ] [ HEADER ] array (
  'if-modified-since' => 'Sun, 23 Feb 2020 10:40:01 GMT',
  'accept-encoding' => 'gzip,deflate,br',
  'user-agent' => 'Mozilla/5.0 (compatible; Googlebot/2.1; +http://www.google.com/bot.html)',
  'from' => 'googlebot(at)googlebot.com',
  'accept' => 'text/html,application/xhtml+xml,application/xml;q=0.9,*/*;q=0.8',
  'connection' => 'keep-alive',
  'host' => 'www.mangtuyou.com',
)
[ info ] [ PARAM ] array (
)
[ info ] [ DB ] INIT mysql
[ info ] [ RUN ] app\index\controller\Index->index[ /www/wwwroot/www.mangtuyou.com/application/index/controller/Index.php ]
[ info ] [ VIEW ] ./themes/index/index/index.html [ array (
) ]
[ info ] [ LOG ] INIT File

---------------------------------------------------------------
[ 2020-03-16T13:59:18+08:00 ] 172.31.18.39 106.15.93.34 GET /
[ log ] www.mangtuyou.com/ [运行时间：0.020049s][吞吐率：49.88req/s] [内存消耗：2,172.72kb] [文件加载：48]
[ info ] [ LANG ] /www/wwwroot/www.mangtuyou.com/thinkphp/lang/zh-cn.php
[ info ] [ ROUTE ] array (
  'type' => 'module',
  'module' => 
  array (
    0 => '',
    1 => NULL,
    2 => NULL,
  ),
)
[ info ] [ HEADER ] array (
  'accept-encoding' => 'gzip',
  'connection' => 'Keep-Alive',
  'host' => 'www.mangtuyou.com',
  'user-agent' => 'Mozilla/5.0 (X11; Ubuntu; Linux x86_64; rv:36.0) Gecko/20100101 Firefox/36.0',
)
[ info ] [ PARAM ] array (
)
[ info ] [ DB ] INIT mysql
[ info ] [ RUN ] app\index\controller\Index->index[ /www/wwwroot/www.mangtuyou.com/application/index/controller/Index.php ]
[ info ] [ VIEW ] ./themes/index/index/index.html [ array (
) ]
[ info ] [ LOG ] INIT File

---------------------------------------------------------------
[ 2020-03-16T13:59:18+08:00 ] 172.31.18.39 106.15.93.34 GET /index/index/mark.html
[ log ] www.mangtuyou.com/index/index/mark.html [运行时间：0.019127s][吞吐率：52.28req/s] [内存消耗：2,164.12kb] [文件加载：48]
[ info ] [ LANG ] /www/wwwroot/www.mangtuyou.com/thinkphp/lang/zh-cn.php
[ info ] [ ROUTE ] array (
  'type' => 'module',
  'module' => 
  array (
    0 => 'index',
    1 => 'index',
    2 => 'mark',
  ),
)
[ info ] [ HEADER ] array (
  'accept-encoding' => 'gzip',
  'connection' => 'Keep-Alive',
  'host' => 'www.mangtuyou.com',
  'user-agent' => 'Mozilla/5.0 (X11; Ubuntu; Linux x86_64; rv:36.0) Gecko/20100101 Firefox/36.0',
)
[ info ] [ PARAM ] array (
  '/index/index/mark_html' => '',
)
[ info ] [ DB ] INIT mysql
[ info ] [ RUN ] app\index\controller\Index->mark[ /www/wwwroot/www.mangtuyou.com/application/index/controller/Index.php ]
[ info ] [ VIEW ] ./themes/index/index/mark.html [ array (
) ]
[ info ] [ LOG ] INIT File

---------------------------------------------------------------
[ 2020-03-16T13:59:18+08:00 ] 172.31.18.39 106.15.93.34 GET /index/index/drive.html
[ log ] www.mangtuyou.com/index/index/drive.html [运行时间：0.020083s][吞吐率：49.79req/s] [内存消耗：2,164.13kb] [文件加载：48]
[ info ] [ LANG ] /www/wwwroot/www.mangtuyou.com/thinkphp/lang/zh-cn.php
[ info ] [ ROUTE ] array (
  'type' => 'module',
  'module' => 
  array (
    0 => 'index',
    1 => 'index',
    2 => 'drive',
  ),
)
[ info ] [ HEADER ] array (
  'accept-encoding' => 'gzip',
  'connection' => 'Keep-Alive',
  'host' => 'www.mangtuyou.com',
  'user-agent' => 'Mozilla/5.0 (X11; Ubuntu; Linux x86_64; rv:36.0) Gecko/20100101 Firefox/36.0',
)
[ info ] [ PARAM ] array (
  '/index/index/drive_html' => '',
)
[ info ] [ DB ] INIT mysql
[ info ] [ RUN ] app\index\controller\Index->drive[ /www/wwwroot/www.mangtuyou.com/application/index/controller/Index.php ]
[ info ] [ VIEW ] ./themes/index/index/drive.html [ array (
) ]
[ info ] [ LOG ] INIT File

---------------------------------------------------------------
[ 2020-03-16T14:31:36+08:00 ] 172.31.18.39 47.101.192.180 GET /pc.html
[ log ] www.mangtuyou.com/pc.html [运行时间：0.011103s][吞吐率：90.07req/s] [内存消耗：1,114.16kb] [文件加载：33]
[ info ] [ LANG ] /www/wwwroot/www.mangtuyou.com/thinkphp/lang/zh-cn.php
[ info ] [ ROUTE ] array (
  'type' => 'module',
  'module' => 
  array (
    0 => 'pc',
    1 => NULL,
    2 => NULL,
  ),
)
[ info ] [ HEADER ] array (
  'accept-encoding' => 'gzip',
  'connection' => 'Keep-Alive',
  'host' => 'www.mangtuyou.com',
  'user-agent' => 'Mozilla/5.0 (X11; Ubuntu; Linux x86_64; rv:36.0) Gecko/20100101 Firefox/36.0',
)
[ info ] [ PARAM ] array (
  '/pc_html' => '',
)
[ info ] [ LOG ] INIT File

---------------------------------------------------------------
[ 2020-03-16T15:00:31+08:00 ] 172.31.18.39 47.100.125.91 GET /pc.html
[ log ] www.mangtuyou.com/pc.html [运行时间：0.011644s][吞吐率：85.88req/s] [内存消耗：1,114.13kb] [文件加载：33]
[ info ] [ LANG ] /www/wwwroot/www.mangtuyou.com/thinkphp/lang/zh-cn.php
[ info ] [ ROUTE ] array (
  'type' => 'module',
  'module' => 
  array (
    0 => 'pc',
    1 => NULL,
    2 => NULL,
  ),
)
[ info ] [ HEADER ] array (
  'accept-encoding' => 'gzip',
  'connection' => 'Keep-Alive',
  'host' => 'www.mangtuyou.com',
  'user-agent' => 'Mozilla/5.0 chrome(linux/Linux)Chrome',
)
[ info ] [ PARAM ] array (
  '/pc_html' => '',
)
[ info ] [ LOG ] INIT File

---------------------------------------------------------------
[ 2020-03-16T17:28:38+08:00 ] 172.31.18.39 66.249.79.207 GET /
[ log ] www.mangtuyou.com/ [运行时间：0.019698s][吞吐率：50.77req/s] [内存消耗：2,173.25kb] [文件加载：48]
[ info ] [ LANG ] /www/wwwroot/www.mangtuyou.com/thinkphp/lang/zh-cn.php
[ info ] [ ROUTE ] array (
  'type' => 'module',
  'module' => 
  array (
    0 => '',
    1 => NULL,
    2 => NULL,
  ),
)
[ info ] [ HEADER ] array (
  'if-modified-since' => 'Sun, 23 Feb 2020 07:18:35 GMT',
  'accept-encoding' => 'gzip,deflate,br',
  'user-agent' => 'Mozilla/5.0 (Linux; Android 6.0.1; Nexus 5X Build/MMB29P) AppleWebKit/537.36 (KHTML, like Gecko) Chrome/41.0.2272.96 Mobile Safari/537.36 (compatible; Googlebot/2.1; +http://www.google.com/bot.html)',
  'from' => 'googlebot(at)googlebot.com',
  'accept' => 'text/html,application/xhtml+xml,application/signed-exchange;v=b3,application/xml;q=0.9,*/*;q=0.8',
  'connection' => 'keep-alive',
  'amp-cache-transform' => 'google;v="1..3"',
  'host' => 'www.mangtuyou.com',
)
[ info ] [ PARAM ] array (
)
[ info ] [ DB ] INIT mysql
[ info ] [ RUN ] app\index\controller\Index->index[ /www/wwwroot/www.mangtuyou.com/application/index/controller/Index.php ]
[ info ] [ VIEW ] ./themes/index/index/index.html [ array (
) ]
[ info ] [ LOG ] INIT File

---------------------------------------------------------------
[ 2020-03-16T18:39:59+08:00 ] 172.31.18.39 106.14.201.93 GET /
[ log ] www.mangtuyou.com/ [运行时间：0.019826s][吞吐率：50.44req/s] [内存消耗：2,172.69kb] [文件加载：48]
[ info ] [ LANG ] /www/wwwroot/www.mangtuyou.com/thinkphp/lang/zh-cn.php
[ info ] [ ROUTE ] array (
  'type' => 'module',
  'module' => 
  array (
    0 => '',
    1 => NULL,
    2 => NULL,
  ),
)
[ info ] [ HEADER ] array (
  'accept-encoding' => 'gzip',
  'connection' => 'Keep-Alive',
  'host' => 'www.mangtuyou.com',
  'user-agent' => 'Mozilla/5.0 (googlebot;)Googlebot',
)
[ info ] [ PARAM ] array (
)
[ info ] [ DB ] INIT mysql
[ info ] [ RUN ] app\index\controller\Index->index[ /www/wwwroot/www.mangtuyou.com/application/index/controller/Index.php ]
[ info ] [ VIEW ] ./themes/index/index/index.html [ array (
) ]
[ info ] [ LOG ] INIT File

---------------------------------------------------------------
[ 2020-03-16T18:40:01+08:00 ] 172.31.18.39 106.14.201.93 GET /index/index/mark.html
[ log ] www.mangtuyou.com/index/index/mark.html [运行时间：0.024040s][吞吐率：41.60req/s] [内存消耗：2,164.09kb] [文件加载：48]
[ info ] [ LANG ] /www/wwwroot/www.mangtuyou.com/thinkphp/lang/zh-cn.php
[ info ] [ ROUTE ] array (
  'type' => 'module',
  'module' => 
  array (
    0 => 'index',
    1 => 'index',
    2 => 'mark',
  ),
)
[ info ] [ HEADER ] array (
  'accept-encoding' => 'gzip',
  'connection' => 'Keep-Alive',
  'host' => 'www.mangtuyou.com',
  'user-agent' => 'Mozilla/5.0 (googlebot;)Googlebot',
)
[ info ] [ PARAM ] array (
  '/index/index/mark_html' => '',
)
[ info ] [ DB ] INIT mysql
[ info ] [ RUN ] app\index\controller\Index->mark[ /www/wwwroot/www.mangtuyou.com/application/index/controller/Index.php ]
[ info ] [ VIEW ] ./themes/index/index/mark.html [ array (
) ]
[ info ] [ LOG ] INIT File

---------------------------------------------------------------
[ 2020-03-16T18:40:01+08:00 ] 172.31.18.39 106.14.201.93 GET /index/index/drive.html
[ log ] www.mangtuyou.com/index/index/drive.html [运行时间：0.022583s][吞吐率：44.28req/s] [内存消耗：2,164.10kb] [文件加载：48]
[ info ] [ LANG ] /www/wwwroot/www.mangtuyou.com/thinkphp/lang/zh-cn.php
[ info ] [ ROUTE ] array (
  'type' => 'module',
  'module' => 
  array (
    0 => 'index',
    1 => 'index',
    2 => 'drive',
  ),
)
[ info ] [ HEADER ] array (
  'accept-encoding' => 'gzip',
  'connection' => 'Keep-Alive',
  'host' => 'www.mangtuyou.com',
  'user-agent' => 'Mozilla/5.0 (googlebot;)Googlebot',
)
[ info ] [ PARAM ] array (
  '/index/index/drive_html' => '',
)
[ info ] [ DB ] INIT mysql
[ info ] [ RUN ] app\index\controller\Index->drive[ /www/wwwroot/www.mangtuyou.com/application/index/controller/Index.php ]
[ info ] [ VIEW ] ./themes/index/index/drive.html [ array (
) ]
[ info ] [ LOG ] INIT File

---------------------------------------------------------------
