[ 2019-11-30T05:41:17+08:00 ] 172.31.18.39 47.101.200.166 GET /pc.html
[ log ] www.mangtuyou.com/pc.html [运行时间：0.013336s][吞吐率：74.98req/s] [内存消耗：1,201.98kb] [文件加载：38]
[ info ] [ LANG ] /www/wwwroot/www.mangtuyou.com/thinkphp/lang/zh-cn.php
[ info ] [ ROUTE ] array (
  'type' => 'module',
  'module' => 
  array (
    0 => 'pc',
    1 => NULL,
    2 => NULL,
  ),
)
[ info ] [ HEADER ] array (
  'accept-encoding' => 'gzip',
  'connection' => 'Keep-Alive',
  'host' => 'www.mangtuyou.com',
  'user-agent' => 'Mozilla/5.0 (X11; Ubuntu; Linux x86_64; rv:36.0) Gecko/20100101 Firefox/36.0',
)
[ info ] [ PARAM ] array (
  '/pc_html' => '',
)
[ info ] [ LOG ] INIT File

---------------------------------------------------------------
[ 2019-11-30T05:45:31+08:00 ] 172.31.18.39 47.101.196.52 GET /
[ log ] www.mangtuyou.com/ [运行时间：0.018613s][吞吐率：53.73req/s] [内存消耗：2,230.45kb] [文件加载：51]
[ info ] [ LANG ] /www/wwwroot/www.mangtuyou.com/thinkphp/lang/zh-cn.php
[ info ] [ ROUTE ] array (
  'type' => 'module',
  'module' => 
  array (
    0 => '',
    1 => NULL,
    2 => NULL,
  ),
)
[ info ] [ HEADER ] array (
  'accept-encoding' => 'gzip',
  'connection' => 'Keep-Alive',
  'host' => 'www.mangtuyou.com',
  'user-agent' => 'Mozilla/5.0 (X11; Ubuntu; Linux x86_64; rv:36.0) Gecko/20100101 Firefox/36.0',
)
[ info ] [ PARAM ] array (
)
[ info ] [ DB ] INIT mysql
[ info ] [ LOG ] INIT File

---------------------------------------------------------------
[ 2019-11-30T13:05:45+08:00 ] 172.31.18.39 112.243.144.234 GET /admin
[ log ] www.mangtuyou.com/admin [运行时间：0.014045s][吞吐率：71.20req/s] [内存消耗：1,472.70kb] [文件加载：44]
[ info ] [ LANG ] /www/wwwroot/www.mangtuyou.com/thinkphp/lang/zh-cn.php
[ info ] [ ROUTE ] array (
  'type' => 'module',
  'module' => 
  array (
    0 => 'admin',
    1 => NULL,
    2 => NULL,
  ),
)
[ info ] [ HEADER ] array (
  'accept-language' => 'zh-CN,zh;q=0.9',
  'accept-encoding' => 'gzip, deflate',
  'accept' => 'text/html,application/xhtml+xml,application/xml;q=0.9,image/webp,image/apng,*/*;q=0.8,application/signed-exchange;v=b3',
  'user-agent' => 'Mozilla/5.0 (Windows NT 6.3; Win64; x64) AppleWebKit/537.36 (KHTML, like Gecko) Chrome/78.0.3904.108 Safari/537.36',
  'upgrade-insecure-requests' => '1',
  'connection' => 'keep-alive',
  'host' => 'www.mangtuyou.com',
)
[ info ] [ PARAM ] array (
  '/admin' => '',
)
[ info ] [ SESSION ] INIT array (
  'id' => '',
  'var_session_id' => '',
  'prefix' => 'think',
  'type' => '',
  'auto_start' => true,
)
[ info ] [ LOG ] INIT File

---------------------------------------------------------------
[ 2019-11-30T13:05:45+08:00 ] 172.31.18.39 112.243.144.234 GET /admin/login/index.html
[ log ] www.mangtuyou.com/admin/login/index.html [运行时间：0.015711s][吞吐率：63.65req/s] [内存消耗：1,503.77kb] [文件加载：45]
[ info ] [ LANG ] /www/wwwroot/www.mangtuyou.com/thinkphp/lang/zh-cn.php
[ info ] [ ROUTE ] array (
  'type' => 'module',
  'module' => 
  array (
    0 => 'admin',
    1 => 'login',
    2 => 'index',
  ),
)
[ info ] [ HEADER ] array (
  'cookie' => 'PHPSESSID=0v6k3hfoclcbrc72hiobff3tu7',
  'accept-language' => 'zh-CN,zh;q=0.9',
  'accept-encoding' => 'gzip, deflate',
  'accept' => 'text/html,application/xhtml+xml,application/xml;q=0.9,image/webp,image/apng,*/*;q=0.8,application/signed-exchange;v=b3',
  'user-agent' => 'Mozilla/5.0 (Windows NT 6.3; Win64; x64) AppleWebKit/537.36 (KHTML, like Gecko) Chrome/78.0.3904.108 Safari/537.36',
  'upgrade-insecure-requests' => '1',
  'connection' => 'keep-alive',
  'host' => 'www.mangtuyou.com',
)
[ info ] [ PARAM ] array (
  '/admin/login/index_html' => '',
)
[ info ] [ RUN ] app\admin\controller\Login->index[ /www/wwwroot/www.mangtuyou.com/application/admin/controller/Login.php ]
[ info ] [ VIEW ] ./themes/admin/login/index.html [ array (
) ]
[ info ] [ LOG ] INIT File

---------------------------------------------------------------
[ 2019-11-30T13:05:45+08:00 ] 172.31.18.39 112.243.144.234 GET /favicon.ico
[ log ] www.mangtuyou.com/favicon.ico [运行时间：0.013745s][吞吐率：72.75req/s] [内存消耗：1,202.37kb] [文件加载：38]
[ info ] [ LANG ] /www/wwwroot/www.mangtuyou.com/thinkphp/lang/zh-cn.php
[ info ] [ ROUTE ] array (
  'type' => 'module',
  'module' => 
  array (
    0 => 'favicon.ico',
    1 => NULL,
    2 => NULL,
  ),
)
[ info ] [ HEADER ] array (
  'cookie' => 'PHPSESSID=0v6k3hfoclcbrc72hiobff3tu7',
  'accept-language' => 'zh-CN,zh;q=0.9',
  'accept-encoding' => 'gzip, deflate',
  'referer' => 'http://www.mangtuyou.com/admin/login/index.html',
  'accept' => 'image/webp,image/apng,image/*,*/*;q=0.8',
  'user-agent' => 'Mozilla/5.0 (Windows NT 6.3; Win64; x64) AppleWebKit/537.36 (KHTML, like Gecko) Chrome/78.0.3904.108 Safari/537.36',
  'connection' => 'keep-alive',
  'host' => 'www.mangtuyou.com',
)
[ info ] [ PARAM ] array (
  '/favicon_ico' => '',
)
[ info ] [ LOG ] INIT File

---------------------------------------------------------------
[ 2019-11-30T13:05:52+08:00 ] 172.31.18.39 112.243.144.234 POST /admin/login/login.html
[ log ] www.mangtuyou.com/admin/login/login.html [运行时间：0.022305s][吞吐率：44.83req/s] [内存消耗：2,166.05kb] [文件加载：53]
[ info ] [ LANG ] /www/wwwroot/www.mangtuyou.com/thinkphp/lang/zh-cn.php
[ info ] [ ROUTE ] array (
  'type' => 'module',
  'module' => 
  array (
    0 => 'admin',
    1 => 'login',
    2 => 'login',
  ),
)
[ info ] [ HEADER ] array (
  'cookie' => 'thinkphp_show_page_trace=0|0; PHPSESSID=0v6k3hfoclcbrc72hiobff3tu7',
  'accept-language' => 'zh-CN,zh;q=0.9',
  'accept-encoding' => 'gzip, deflate',
  'referer' => 'http://www.mangtuyou.com/admin/login/index.html',
  'user-agent' => 'Mozilla/5.0 (Windows NT 6.3; Win64; x64) AppleWebKit/537.36 (KHTML, like Gecko) Chrome/78.0.3904.108 Safari/537.36',
  'x-requested-with' => 'XMLHttpRequest',
  'origin' => 'http://www.mangtuyou.com',
  'accept' => 'application/json, text/javascript, */*; q=0.01',
  'connection' => 'keep-alive',
  'host' => 'www.mangtuyou.com',
  'content-type' => 'application/x-www-form-urlencoded; charset=UTF-8',
  'content-length' => '29',
)
[ info ] [ PARAM ] array (
  '/admin/login/login_html' => '',
  'username' => 'admin',
  'password' => 'admin',
)
[ info ] [ RUN ] app\admin\controller\Login->login[ /www/wwwroot/www.mangtuyou.com/application/admin/controller/Login.php ]
[ info ] [ DB ] INIT mysql
[ info ] [ SESSION ] INIT array (
  'id' => '',
  'var_session_id' => '',
  'prefix' => 'think',
  'type' => '',
  'auto_start' => true,
)
[ info ] [ CACHE ] INIT File
[ info ] [ LOG ] INIT File
[ sql ] [ DB ] CONNECT:[ UseTime:0.000437s ] mysql:dbname=mangtoo;host=localhost;port=3306;charset=utf8
[ sql ] [ SQL ] SHOW COLUMNS FROM `os_admin_user` [ RunTime:0.000872s ]
[ sql ] [ SQL ] SELECT `id`,`username`,`status` FROM `os_admin_user` WHERE  `username` = 'admin'  AND `password` = '0dfc7612f607db6c17fd99388e9e5f9c' LIMIT 1 [ RunTime:0.000486s ]
[ sql ] [ SQL ] UPDATE `os_admin_user`  SET `last_login_time`='2019-11-30 13:05:52',`last_login_ip`='112.243.144.234'  WHERE  `id` = 1 [ RunTime:0.000258s ]

---------------------------------------------------------------
[ 2019-11-30T13:05:53+08:00 ] 172.31.18.39 112.243.144.234 GET /admin/index/index.html
[ log ] www.mangtuyou.com/admin/index/index.html [运行时间：0.025529s][吞吐率：39.17req/s] [内存消耗：2,203.71kb] [文件加载：52]
[ info ] [ LANG ] /www/wwwroot/www.mangtuyou.com/thinkphp/lang/zh-cn.php
[ info ] [ ROUTE ] array (
  'type' => 'module',
  'module' => 
  array (
    0 => 'admin',
    1 => 'index',
    2 => 'index',
  ),
)
[ info ] [ HEADER ] array (
  'cookie' => 'PHPSESSID=0v6k3hfoclcbrc72hiobff3tu7',
  'accept-language' => 'zh-CN,zh;q=0.9',
  'accept-encoding' => 'gzip, deflate',
  'referer' => 'http://www.mangtuyou.com/admin/login/index.html',
  'accept' => 'text/html,application/xhtml+xml,application/xml;q=0.9,image/webp,image/apng,*/*;q=0.8,application/signed-exchange;v=b3',
  'user-agent' => 'Mozilla/5.0 (Windows NT 6.3; Win64; x64) AppleWebKit/537.36 (KHTML, like Gecko) Chrome/78.0.3904.108 Safari/537.36',
  'upgrade-insecure-requests' => '1',
  'connection' => 'keep-alive',
  'host' => 'www.mangtuyou.com',
)
[ info ] [ PARAM ] array (
  '/admin/index/index_html' => '',
)
[ info ] [ SESSION ] INIT array (
  'id' => '',
  'var_session_id' => '',
  'prefix' => 'think',
  'type' => '',
  'auto_start' => true,
)
[ info ] [ DB ] INIT mysql
[ info ] [ RUN ] app\admin\controller\Index->index[ /www/wwwroot/www.mangtuyou.com/application/admin/controller/Index.php ]
[ info ] [ VIEW ] ./themes/admin/index/index.html [ array (
  0 => 'menu',
  1 => 'controller',
  2 => 'config',
) ]
[ info ] [ LOG ] INIT File
[ sql ] [ DB ] CONNECT:[ UseTime:0.000461s ] mysql:dbname=mangtoo;host=localhost;port=3306;charset=utf8
[ sql ] [ SQL ] SHOW COLUMNS FROM `os_auth_rule` [ RunTime:0.000900s ]
[ sql ] [ SQL ] SELECT * FROM `os_auth_rule` WHERE  `status` = 1 ORDER BY `sort`  DESC,`id`  ASC [ RunTime:0.000332s ]
[ sql ] [ SQL ] SHOW COLUMNS FROM `os_auth_group_access` [ RunTime:0.000523s ]
[ sql ] [ SQL ] SELECT `AuthGroupAccess`.`uid`,`AuthGroupAccess`.`group_id`,`AuthGroup`.`title`,`AuthGroup`.`rules` FROM `os_auth_group_access` `AuthGroupAccess` LEFT JOIN `os_auth_group` `AuthGroup` ON `AuthGroupAccess`.`group_id`=`AuthGroup`.`id` WHERE  (  AuthGroupAccess.uid='1' and AuthGroup.status='1' ) [ RunTime:0.000229s ]
[ sql ] [ SQL ] SELECT `condition`,`name` FROM `os_auth_rule` WHERE  `id` IN (1,2,3,73,74,5,6,7,8,9,10,11,12,39,40,41,42,43,14,13,20,21,22,23,24,15,25,26,27,28,29,30,16,17,44,45,46,47,48,18,49,50,51,52,53,19,31,32,33,34,35,36,37,54,55,58,59,60,61,62,56,64,65,66,67,57,68,69,70,71,72,63)  AND `type` = 1 [ RunTime:0.000320s ]
[ sql ] [ SQL ] SELECT VERSION() AS ver [ RunTime:0.000119s ]

---------------------------------------------------------------
[ 2019-11-30T13:06:00+08:00 ] 172.31.18.39 112.243.144.234 GET /admin/user/index.html
[ log ] www.mangtuyou.com/admin/user/index.html [运行时间：0.044318s][吞吐率：22.56req/s] [内存消耗：2,695.43kb] [文件加载：59]
[ info ] [ LANG ] /www/wwwroot/www.mangtuyou.com/thinkphp/lang/zh-cn.php
[ info ] [ ROUTE ] array (
  'type' => 'module',
  'module' => 
  array (
    0 => 'admin',
    1 => 'user',
    2 => 'index',
  ),
)
[ info ] [ HEADER ] array (
  'cookie' => 'PHPSESSID=0v6k3hfoclcbrc72hiobff3tu7',
  'accept-language' => 'zh-CN,zh;q=0.9',
  'accept-encoding' => 'gzip, deflate',
  'referer' => 'http://www.mangtuyou.com/admin/index/index.html',
  'accept' => 'text/html,application/xhtml+xml,application/xml;q=0.9,image/webp,image/apng,*/*;q=0.8,application/signed-exchange;v=b3',
  'user-agent' => 'Mozilla/5.0 (Windows NT 6.3; Win64; x64) AppleWebKit/537.36 (KHTML, like Gecko) Chrome/78.0.3904.108 Safari/537.36',
  'upgrade-insecure-requests' => '1',
  'connection' => 'keep-alive',
  'host' => 'www.mangtuyou.com',
)
[ info ] [ PARAM ] array (
  '/admin/user/index_html' => '',
)
[ info ] [ SESSION ] INIT array (
  'id' => '',
  'var_session_id' => '',
  'prefix' => 'think',
  'type' => '',
  'auto_start' => true,
)
[ info ] [ DB ] INIT mysql
[ info ] [ RUN ] app\admin\controller\User->index[ /www/wwwroot/www.mangtuyou.com/application/admin/controller/User.php ]
[ info ] [ VIEW ] ./themes/admin/user/index.html [ array (
  0 => 'menu',
  1 => 'controller',
  2 => 'user_list',
  3 => 'keyword',
) ]
[ info ] [ LOG ] INIT File
[ sql ] [ DB ] CONNECT:[ UseTime:0.000381s ] mysql:dbname=mangtoo;host=localhost;port=3306;charset=utf8
[ sql ] [ SQL ] SHOW COLUMNS FROM `os_auth_group_access` [ RunTime:0.000990s ]
[ sql ] [ SQL ] SELECT `AuthGroupAccess`.`uid`,`AuthGroupAccess`.`group_id`,`AuthGroup`.`title`,`AuthGroup`.`rules` FROM `os_auth_group_access` `AuthGroupAccess` LEFT JOIN `os_auth_group` `AuthGroup` ON `AuthGroupAccess`.`group_id`=`AuthGroup`.`id` WHERE  (  AuthGroupAccess.uid='1' and AuthGroup.status='1' ) [ RunTime:0.000256s ]
[ sql ] [ SQL ] SHOW COLUMNS FROM `os_auth_rule` [ RunTime:0.000859s ]
[ sql ] [ SQL ] SELECT `condition`,`name` FROM `os_auth_rule` WHERE  `id` IN (1,2,3,73,74,5,6,7,8,9,10,11,12,39,40,41,42,43,14,13,20,21,22,23,24,15,25,26,27,28,29,30,16,17,44,45,46,47,48,18,49,50,51,52,53,19,31,32,33,34,35,36,37,54,55,58,59,60,61,62,56,64,65,66,67,57,68,69,70,71,72,63)  AND `type` = 1 [ RunTime:0.000429s ]
[ sql ] [ SQL ] SELECT * FROM `os_auth_rule` WHERE  `status` = 1 ORDER BY `sort`  DESC,`id`  ASC [ RunTime:0.000309s ]
[ sql ] [ SQL ] SHOW COLUMNS FROM `os_user` [ RunTime:0.000837s ]
[ sql ] [ SQL ] SELECT COUNT(*) AS tp_count FROM `os_user` LIMIT 1 [ RunTime:0.000261s ]
[ sql ] [ SQL ] SELECT * FROM `os_user` ORDER BY id DESC LIMIT 0,15 [ RunTime:0.000294s ]

---------------------------------------------------------------
[ 2019-11-30T13:06:08+08:00 ] 172.31.18.39 112.243.144.234 GET /admin/system/index.html
[ log ] www.mangtuyou.com/admin/system/index.html [运行时间：0.031519s][吞吐率：31.73req/s] [内存消耗：2,607.48kb] [文件加载：56]
[ info ] [ LANG ] /www/wwwroot/www.mangtuyou.com/thinkphp/lang/zh-cn.php
[ info ] [ ROUTE ] array (
  'type' => 'module',
  'module' => 
  array (
    0 => 'admin',
    1 => 'system',
    2 => 'index',
  ),
)
[ info ] [ HEADER ] array (
  'cookie' => 'PHPSESSID=0v6k3hfoclcbrc72hiobff3tu7',
  'accept-language' => 'zh-CN,zh;q=0.9',
  'accept-encoding' => 'gzip, deflate',
  'referer' => 'http://www.mangtuyou.com/admin/user/index.html',
  'accept' => 'text/html,application/xhtml+xml,application/xml;q=0.9,image/webp,image/apng,*/*;q=0.8,application/signed-exchange;v=b3',
  'user-agent' => 'Mozilla/5.0 (Windows NT 6.3; Win64; x64) AppleWebKit/537.36 (KHTML, like Gecko) Chrome/78.0.3904.108 Safari/537.36',
  'upgrade-insecure-requests' => '1',
  'connection' => 'keep-alive',
  'host' => 'www.mangtuyou.com',
)
[ info ] [ PARAM ] array (
  '/admin/system/index_html' => '',
)
[ info ] [ SESSION ] INIT array (
  'id' => '',
  'var_session_id' => '',
  'prefix' => 'think',
  'type' => '',
  'auto_start' => true,
)
[ info ] [ DB ] INIT mysql
[ info ] [ RUN ] app\admin\controller\System->index[ /www/wwwroot/www.mangtuyou.com/application/admin/controller/System.php ]
[ info ] [ VIEW ] ./themes/admin/system/index.html [ array (
  0 => 'menu',
  1 => 'controller',
  2 => 'SystemList',
) ]
[ info ] [ LOG ] INIT File
[ sql ] [ DB ] CONNECT:[ UseTime:0.000402s ] mysql:dbname=mangtoo;host=localhost;port=3306;charset=utf8
[ sql ] [ SQL ] SHOW COLUMNS FROM `os_auth_group_access` [ RunTime:0.000786s ]
[ sql ] [ SQL ] SELECT `AuthGroupAccess`.`uid`,`AuthGroupAccess`.`group_id`,`AuthGroup`.`title`,`AuthGroup`.`rules` FROM `os_auth_group_access` `AuthGroupAccess` LEFT JOIN `os_auth_group` `AuthGroup` ON `AuthGroupAccess`.`group_id`=`AuthGroup`.`id` WHERE  (  AuthGroupAccess.uid='1' and AuthGroup.status='1' ) [ RunTime:0.000277s ]
[ sql ] [ SQL ] SHOW COLUMNS FROM `os_auth_rule` [ RunTime:0.000825s ]
[ sql ] [ SQL ] SELECT `condition`,`name` FROM `os_auth_rule` WHERE  `id` IN (1,2,3,73,74,5,6,7,8,9,10,11,12,39,40,41,42,43,14,13,20,21,22,23,24,15,25,26,27,28,29,30,16,17,44,45,46,47,48,18,49,50,51,52,53,19,31,32,33,34,35,36,37,54,55,58,59,60,61,62,56,64,65,66,67,57,68,69,70,71,72,63)  AND `type` = 1 [ RunTime:0.000325s ]
[ sql ] [ SQL ] SELECT * FROM `os_auth_rule` WHERE  `status` = 1 ORDER BY `sort`  DESC,`id`  ASC [ RunTime:0.000193s ]
[ sql ] [ SQL ] SHOW COLUMNS FROM `os_system` [ RunTime:0.000646s ]
[ sql ] [ SQL ] SELECT * FROM `os_system` ORDER BY `id` [ RunTime:0.000325s ]

---------------------------------------------------------------
[ 2019-11-30T13:06:13+08:00 ] 172.31.18.39 112.243.144.234 POST /admin/system/update.html
[ log ] www.mangtuyou.com/admin/system/update.html [运行时间：0.028518s][吞吐率：35.07req/s] [内存消耗：2,482.95kb] [文件加载：59]
[ info ] [ LANG ] /www/wwwroot/www.mangtuyou.com/thinkphp/lang/zh-cn.php
[ info ] [ ROUTE ] array (
  'type' => 'module',
  'module' => 
  array (
    0 => 'admin',
    1 => 'system',
    2 => 'update',
  ),
)
[ info ] [ HEADER ] array (
  'cookie' => 'thinkphp_show_page_trace=0|0; PHPSESSID=0v6k3hfoclcbrc72hiobff3tu7',
  'accept-language' => 'zh-CN,zh;q=0.9',
  'accept-encoding' => 'gzip, deflate',
  'referer' => 'http://www.mangtuyou.com/admin/system/index.html',
  'accept' => 'text/html,application/xhtml+xml,application/xml;q=0.9,image/webp,image/apng,*/*;q=0.8,application/signed-exchange;v=b3',
  'user-agent' => 'Mozilla/5.0 (Windows NT 6.3; Win64; x64) AppleWebKit/537.36 (KHTML, like Gecko) Chrome/78.0.3904.108 Safari/537.36',
  'upgrade-insecure-requests' => '1',
  'origin' => 'http://www.mangtuyou.com',
  'cache-control' => 'max-age=0',
  'connection' => 'keep-alive',
  'host' => 'www.mangtuyou.com',
  'content-type' => 'multipart/form-data; boundary=----WebKitFormBoundaryNL3JsVB4NaS762hL',
  'content-length' => '228',
)
[ info ] [ PARAM ] array (
  '/admin/system/update_html' => '',
  'id' => '5',
  'states' => '0',
)
[ info ] [ SESSION ] INIT array (
  'id' => '',
  'var_session_id' => '',
  'prefix' => 'think',
  'type' => '',
  'auto_start' => true,
)
[ info ] [ DB ] INIT mysql
[ info ] [ RUN ] app\admin\controller\System->update[ /www/wwwroot/www.mangtuyou.com/application/admin/controller/System.php ]
[ info ] [ CACHE ] INIT File
[ info ] [ VIEW ] ./themes/admin/system/index.html [ array (
  0 => 'menu',
  1 => 'controller',
) ]
[ info ] [ LOG ] INIT File
[ sql ] [ DB ] CONNECT:[ UseTime:0.000389s ] mysql:dbname=mangtoo;host=localhost;port=3306;charset=utf8
[ sql ] [ SQL ] SHOW COLUMNS FROM `os_auth_group_access` [ RunTime:0.000769s ]
[ sql ] [ SQL ] SELECT `AuthGroupAccess`.`uid`,`AuthGroupAccess`.`group_id`,`AuthGroup`.`title`,`AuthGroup`.`rules` FROM `os_auth_group_access` `AuthGroupAccess` LEFT JOIN `os_auth_group` `AuthGroup` ON `AuthGroupAccess`.`group_id`=`AuthGroup`.`id` WHERE  (  AuthGroupAccess.uid='1' and AuthGroup.status='1' ) [ RunTime:0.000219s ]
[ sql ] [ SQL ] SHOW COLUMNS FROM `os_auth_rule` [ RunTime:0.000545s ]
[ sql ] [ SQL ] SELECT `condition`,`name` FROM `os_auth_rule` WHERE  `id` IN (1,2,3,73,74,5,6,7,8,9,10,11,12,39,40,41,42,43,14,13,20,21,22,23,24,15,25,26,27,28,29,30,16,17,44,45,46,47,48,18,49,50,51,52,53,19,31,32,33,34,35,36,37,54,55,58,59,60,61,62,56,64,65,66,67,57,68,69,70,71,72,63)  AND `type` = 1 [ RunTime:0.000342s ]
[ sql ] [ SQL ] SELECT * FROM `os_auth_rule` WHERE  `status` = 1 ORDER BY `sort`  DESC,`id`  ASC [ RunTime:0.000194s ]
[ sql ] [ SQL ] SHOW COLUMNS FROM `os_system` [ RunTime:0.000855s ]
[ sql ] [ SQL ] UPDATE `os_system`  SET `id`=5,`states`='0'  WHERE  `id` = 5 [ RunTime:0.000349s ]
[ error ] [8]未定义变量: SystemList[/www/wwwroot/www.mangtuyou.com/runtime/temp/68550376f1245757ad6b335c97c94de4.php:86]
[ error ] [8]未定义变量: SystemList[/www/wwwroot/www.mangtuyou.com/runtime/temp/68550376f1245757ad6b335c97c94de4.php:86]
[ error ] [8]未定义变量: SystemList[/www/wwwroot/www.mangtuyou.com/runtime/temp/68550376f1245757ad6b335c97c94de4.php:86]

---------------------------------------------------------------
[ 2019-11-30T13:06:16+08:00 ] 172.31.18.39 112.243.144.234 GET /admin/system/index.html
[ log ] www.mangtuyou.com/admin/system/index.html [运行时间：0.037235s][吞吐率：26.86req/s] [内存消耗：2,449.83kb] [文件加载：54]
[ info ] [ LANG ] /www/wwwroot/www.mangtuyou.com/thinkphp/lang/zh-cn.php
[ info ] [ ROUTE ] array (
  'type' => 'module',
  'module' => 
  array (
    0 => 'admin',
    1 => 'system',
    2 => 'index',
  ),
)
[ info ] [ HEADER ] array (
  'cookie' => 'thinkphp_show_page_trace=0|0; PHPSESSID=0v6k3hfoclcbrc72hiobff3tu7',
  'accept-language' => 'zh-CN,zh;q=0.9',
  'accept-encoding' => 'gzip, deflate',
  'referer' => 'http://www.mangtuyou.com/admin/system/update.html',
  'accept' => 'text/html,application/xhtml+xml,application/xml;q=0.9,image/webp,image/apng,*/*;q=0.8,application/signed-exchange;v=b3',
  'user-agent' => 'Mozilla/5.0 (Windows NT 6.3; Win64; x64) AppleWebKit/537.36 (KHTML, like Gecko) Chrome/78.0.3904.108 Safari/537.36',
  'upgrade-insecure-requests' => '1',
  'connection' => 'keep-alive',
  'host' => 'www.mangtuyou.com',
)
[ info ] [ PARAM ] array (
  '/admin/system/index_html' => '',
)
[ info ] [ SESSION ] INIT array (
  'id' => '',
  'var_session_id' => '',
  'prefix' => 'think',
  'type' => '',
  'auto_start' => true,
)
[ info ] [ DB ] INIT mysql
[ info ] [ RUN ] app\admin\controller\System->index[ /www/wwwroot/www.mangtuyou.com/application/admin/controller/System.php ]
[ info ] [ VIEW ] ./themes/admin/system/index.html [ array (
  0 => 'menu',
  1 => 'controller',
  2 => 'SystemList',
) ]
[ info ] [ LOG ] INIT File
[ sql ] [ DB ] CONNECT:[ UseTime:0.000646s ] mysql:dbname=mangtoo;host=localhost;port=3306;charset=utf8
[ sql ] [ SQL ] SHOW COLUMNS FROM `os_auth_group_access` [ RunTime:0.001064s ]
[ sql ] [ SQL ] SELECT `AuthGroupAccess`.`uid`,`AuthGroupAccess`.`group_id`,`AuthGroup`.`title`,`AuthGroup`.`rules` FROM `os_auth_group_access` `AuthGroupAccess` LEFT JOIN `os_auth_group` `AuthGroup` ON `AuthGroupAccess`.`group_id`=`AuthGroup`.`id` WHERE  (  AuthGroupAccess.uid='1' and AuthGroup.status='1' ) [ RunTime:0.000218s ]
[ sql ] [ SQL ] SHOW COLUMNS FROM `os_auth_rule` [ RunTime:0.000593s ]
[ sql ] [ SQL ] SELECT `condition`,`name` FROM `os_auth_rule` WHERE  `id` IN (1,2,3,73,74,5,6,7,8,9,10,11,12,39,40,41,42,43,14,13,20,21,22,23,24,15,25,26,27,28,29,30,16,17,44,45,46,47,48,18,49,50,51,52,53,19,31,32,33,34,35,36,37,54,55,58,59,60,61,62,56,64,65,66,67,57,68,69,70,71,72,63)  AND `type` = 1 [ RunTime:0.000312s ]
[ sql ] [ SQL ] SELECT * FROM `os_auth_rule` WHERE  `status` = 1 ORDER BY `sort`  DESC,`id`  ASC [ RunTime:0.000149s ]
[ sql ] [ SQL ] SHOW COLUMNS FROM `os_system` [ RunTime:0.000562s ]
[ sql ] [ SQL ] SELECT * FROM `os_system` ORDER BY `id` [ RunTime:0.000441s ]

---------------------------------------------------------------
[ 2019-11-30T18:22:45+08:00 ] 172.31.18.39 14.116.133.171 GET /index/index
[ log ] www.mangtuyou.com/index/index [运行时间：0.020119s][吞吐率：49.70req/s] [内存消耗：2,234.80kb] [文件加载：51]
[ info ] [ LANG ] /www/wwwroot/www.mangtuyou.com/thinkphp/lang/zh-cn.php
[ info ] [ ROUTE ] array (
  'type' => 'module',
  'module' => 
  array (
    0 => 'index',
    1 => 'index',
    2 => NULL,
  ),
)
[ info ] [ HEADER ] array (
  'x-forwarded-for-pound' => '117.136.78.56',
  'x-forwarded-for' => '117.136.78.56',
  'user-agent' => 'Mozilla/5.0 (Linux; Android 6.0; HUAWEI GRA-UL10 Build/HUAWEIGRA-UL10; wv) AppleWebKit/537.36 (KHTML, like Gecko) Version/4.0 Chrome/66.0.3359.126 MQQBrowser/6.2 TBS/45016 Mobile Safari/537.36 MMWEBID/8477 MicroMessenger/7.0.3.1400(0x2700033C) Process/tools NetType/4G Language/zh_CN',
  'upgrade-insecure-requests' => '1',
  'host' => 'www.mangtuyou.com',
  'connection' => 'close',
  'accept-language' => 'zh-CN,en-US;q=0.9',
  'accept-encoding' => 'gzip',
  'accept' => 'text/html,application/xhtml+xml,application/xml;q=0.9,image/webp,image/apng,image/wxpic,image/sharpp,image/apng,image/tpg,*/*;q=0.8',
)
[ info ] [ PARAM ] array (
  '/index/index' => '',
)
[ info ] [ DB ] INIT mysql
[ info ] [ LOG ] INIT File

---------------------------------------------------------------
[ 2019-11-30T18:22:45+08:00 ] 172.31.18.39 183.3.227.100 GET /
[ log ] www.mangtuyou.com/ [运行时间：0.020106s][吞吐率：49.74req/s] [内存消耗：2,230.84kb] [文件加载：51]
[ info ] [ LANG ] /www/wwwroot/www.mangtuyou.com/thinkphp/lang/zh-cn.php
[ info ] [ ROUTE ] array (
  'type' => 'module',
  'module' => 
  array (
    0 => '',
    1 => NULL,
    2 => NULL,
  ),
)
[ info ] [ HEADER ] array (
  'user-agent' => 'Mozilla/5.0 (Windows; U; Windows NT 5.1; zh-CN; rv:1.9b4) Gecko/2008030317 Firefox/3.0b4',
  'q-ua' => 'KQB22_GA/220020&KMTT_3/200020&JV2&151920&SunMicrosystemswtk&0&4309&V3',
  'host' => 'www.mangtuyou.com',
  'connection' => 'close',
  'accept-encoding' => 'gzip,deflate',
  'accept-charset' => 'gb2312,iso8859-1,utf-8',
  'accept' => 'text/vnd.wap.wml,text/html,application/vnd.wap.xhtml+xml,application/xhtml+xml',
  'content-length' => '0',
)
[ info ] [ PARAM ] array (
)
[ info ] [ DB ] INIT mysql
[ info ] [ LOG ] INIT File

---------------------------------------------------------------
[ 2019-11-30T18:22:46+08:00 ] 172.31.18.39 112.60.1.64 GET /
[ log ] www.mangtuyou.com/ [运行时间：0.020967s][吞吐率：47.69req/s] [内存消耗：2,230.84kb] [文件加载：51]
[ info ] [ LANG ] /www/wwwroot/www.mangtuyou.com/thinkphp/lang/zh-cn.php
[ info ] [ ROUTE ] array (
  'type' => 'module',
  'module' => 
  array (
    0 => '',
    1 => NULL,
    2 => NULL,
  ),
)
[ info ] [ HEADER ] array (
  'user-agent' => 'Mozilla/5.0 (Windows; U; Windows NT 5.1; zh-CN; rv:1.9b4) Gecko/2008030317 Firefox/3.0b4',
  'q-ua' => 'KQB22_GA/220020&KMTT_3/200020&JV2&151920&SunMicrosystemswtk&0&4309&V3',
  'host' => 'www.mangtuyou.com',
  'connection' => 'close',
  'accept-encoding' => 'gzip,deflate',
  'accept-charset' => 'gb2312,iso8859-1,utf-8',
  'accept' => 'text/vnd.wap.wml,text/html,application/vnd.wap.xhtml+xml,application/xhtml+xml',
  'content-length' => '0',
)
[ info ] [ PARAM ] array (
)
[ info ] [ DB ] INIT mysql
[ info ] [ LOG ] INIT File

---------------------------------------------------------------
[ 2019-11-30T18:22:47+08:00 ] 172.31.18.39 14.116.133.171 GET /index/index?code=001aBC0V1Sw4pY0oHq1V1aYB0V1aBC0P&state=5eTuhG9eSfjckRMN
[ log ] www.mangtuyou.com/index/index?code=001aBC0V1Sw4pY0oHq1V1aYB0V1aBC0P&state=5eTuhG9eSfjckRMN [运行时间：0.317939s][吞吐率：3.15req/s] [内存消耗：2,411.40kb] [文件加载：55]
[ info ] [ LANG ] /www/wwwroot/www.mangtuyou.com/thinkphp/lang/zh-cn.php
[ info ] [ ROUTE ] array (
  'type' => 'module',
  'module' => 
  array (
    0 => 'index',
    1 => 'index',
    2 => NULL,
  ),
)
[ info ] [ HEADER ] array (
  'x-forwarded-for-pound' => '117.136.78.56',
  'x-forwarded-for' => '117.136.78.56',
  'user-agent' => 'Mozilla/5.0 (Linux; Android 6.0; HUAWEI GRA-UL10 Build/HUAWEIGRA-UL10; wv) AppleWebKit/537.36 (KHTML, like Gecko) Version/4.0 Chrome/66.0.3359.126 MQQBrowser/6.2 TBS/45016 Mobile Safari/537.36 MMWEBID/8477 MicroMessenger/7.0.3.1400(0x2700033C) Process/tools NetType/4G Language/zh_CN',
  'upgrade-insecure-requests' => '1',
  'host' => 'www.mangtuyou.com',
  'connection' => 'close',
  'accept-language' => 'zh-CN,en-US;q=0.9',
  'accept-encoding' => 'gzip',
  'accept' => 'text/html,application/xhtml+xml,application/xml;q=0.9,image/webp,image/apng,image/wxpic,image/sharpp,image/apng,image/tpg,*/*;q=0.8',
)
[ info ] [ PARAM ] array (
  '/index/index' => '',
  'code' => '001aBC0V1Sw4pY0oHq1V1aYB0V1aBC0P',
  'state' => '5eTuhG9eSfjckRMN',
)
[ info ] [ DB ] INIT mysql
[ info ] [ LOG ] INIT File
[ sql ] [ DB ] CONNECT:[ UseTime:0.000488s ] mysql:dbname=mangtoo;host=localhost;port=3306;charset=utf8
[ sql ] [ SQL ] SHOW COLUMNS FROM `os_user` [ RunTime:0.002945s ]
[ sql ] [ SQL ] SELECT COUNT(*) AS tp_count FROM `os_user` WHERE  `openid` = 'oai1t1RtSZT9TwxE5iN0n3LGaVZY' LIMIT 1 [ RunTime:0.000440s ]
[ error ] [0]method not exist:think\db\Query->allowField[/www/wwwroot/www.mangtuyou.com/thinkphp/library/think/db/Query.php:93]

---------------------------------------------------------------
[ 2019-11-30T18:22:47+08:00 ] 172.31.18.39 117.136.78.56 GET /index/index?code=001aBC0V1Sw4pY0oHq1V1aYB0V1aBC0P&state=5eTuhG9eSfjckRMN
[ log ] www.mangtuyou.com/index/index?code=001aBC0V1Sw4pY0oHq1V1aYB0V1aBC0P&state=5eTuhG9eSfjckRMN [运行时间：0.242153s][吞吐率：4.13req/s] [内存消耗：2,326.74kb] [文件加载：55]
[ info ] [ LANG ] /www/wwwroot/www.mangtuyou.com/thinkphp/lang/zh-cn.php
[ info ] [ ROUTE ] array (
  'type' => 'module',
  'module' => 
  array (
    0 => 'index',
    1 => 'index',
    2 => NULL,
  ),
)
[ info ] [ HEADER ] array (
  'cookie' => 'OPENID=oai1t1RtSZT9TwxE5iN0n3LGaVZY',
  'accept-language' => 'zh-CN,en-US;q=0.9',
  'accept-encoding' => 'gzip, deflate',
  'accept' => 'text/html,application/xhtml+xml,application/xml;q=0.9,image/webp,image/apng,image/wxpic,image/sharpp,image/apng,image/tpg,*/*;q=0.8',
  'user-agent' => 'Mozilla/5.0 (Linux; Android 6.0; HUAWEI GRA-UL10 Build/HUAWEIGRA-UL10; wv) AppleWebKit/537.36 (KHTML, like Gecko) Version/4.0 Chrome/66.0.3359.126 MQQBrowser/6.2 TBS/45016 Mobile Safari/537.36 MMWEBID/8477 MicroMessenger/7.0.3.1400(0x2700033C) Process/tools NetType/4G Language/zh_CN',
  'upgrade-insecure-requests' => '1',
  'connection' => 'keep-alive',
  'host' => 'www.mangtuyou.com',
)
[ info ] [ PARAM ] array (
  '/index/index' => '',
  'code' => '001aBC0V1Sw4pY0oHq1V1aYB0V1aBC0P',
  'state' => '5eTuhG9eSfjckRMN',
)
[ info ] [ DB ] INIT mysql
[ info ] [ RUN ] app\index\controller\Index->index[ /www/wwwroot/www.mangtuyou.com/application/index/controller/Index.php ]
[ info ] [ LOG ] INIT File
[ error ] [8]未定义数组索引: access_token[/www/wwwroot/www.mangtuyou.com/application/common/controller/HomeBase.php:50]
[ error ] [8]未定义数组索引: openid[/www/wwwroot/www.mangtuyou.com/application/common/controller/HomeBase.php:51]

---------------------------------------------------------------
[ 2019-11-30T18:22:47+08:00 ] 172.31.18.39 14.116.133.171 GET /favicon.ico
[ log ] www.mangtuyou.com/favicon.ico [运行时间：0.013198s][吞吐率：75.77req/s] [内存消耗：1,203.10kb] [文件加载：38]
[ info ] [ LANG ] /www/wwwroot/www.mangtuyou.com/thinkphp/lang/zh-cn.php
[ info ] [ ROUTE ] array (
  'type' => 'module',
  'module' => 
  array (
    0 => 'favicon.ico',
    1 => NULL,
    2 => NULL,
  ),
)
[ info ] [ HEADER ] array (
  'x-forwarded-for-pound' => '117.136.78.56',
  'x-forwarded-for' => '117.136.78.56',
  'user-agent' => 'Mozilla/5.0 (Linux; Android 6.0; HUAWEI GRA-UL10 Build/HUAWEIGRA-UL10; wv) AppleWebKit/537.36 (KHTML, like Gecko) Version/4.0 Chrome/66.0.3359.126 MQQBrowser/6.2 TBS/45016 Mobile Safari/537.36 MMWEBID/8477 MicroMessenger/7.0.3.1400(0x2700033C) Process/tools NetType/4G Language/zh_CN',
  'referer' => 'http://www.mangtuyou.com/index/index?code=001aBC0V1Sw4pY0oHq1V1aYB0V1aBC0P&state=5eTuhG9eSfjckRMN',
  'host' => 'www.mangtuyou.com',
  'cookie' => 'OPENID=oai1t1RtSZT9TwxE5iN0n3LGaVZY',
  'accept-language' => 'zh-CN,en-US;q=0.9',
  'accept-encoding' => 'gzip, deflate,qzip',
  'accept' => 'image/webp,image/wxpic,image/sharpp,image/apng,image/tpg,image/*,*/*;q=0.8',
)
[ info ] [ PARAM ] array (
  '/favicon_ico' => '',
)
[ info ] [ LOG ] INIT File

---------------------------------------------------------------
