[ 2019-12-03T13:16:40+08:00 ] 172.31.18.39 167.71.174.169 GET /
[ log ] www.mangtuyou.com/ [运行时间：0.019901s][吞吐率：50.25req/s] [内存消耗：2,230.74kb] [文件加载：51]
[ info ] [ LANG ] /www/wwwroot/www.mangtuyou.com/thinkphp/lang/zh-cn.php
[ info ] [ ROUTE ] array (
  'type' => 'module',
  'module' => 
  array (
    0 => '',
    1 => NULL,
    2 => NULL,
  ),
)
[ info ] [ HEADER ] array (
  'connection' => 'close',
  'accept-language' => 'en-gb,en;q=0.5',
  'accept' => 'text/xml,application/xml,application/xhtml+xml,text/html;q=0.9,text/plain;q=0.8,image/png,*/*;q=0.5',
  'accept-encoding' => 'identity',
  'user-agent' => 'Mozilla/5.0 (compatible; NetcraftSurveyAgent/1.0; +info@netcraft.com)',
  'accept-charset' => 'ISO-8859-1,utf-8;q=0.7,*;q=0.7',
  'host' => 'www.mangtuyou.com',
)
[ info ] [ PARAM ] array (
)
[ info ] [ DB ] INIT mysql
[ info ] [ LOG ] INIT File

---------------------------------------------------------------
