[ 2019-12-05T10:19:24+08:00 ] 172.31.18.39 64.246.165.200 GET /
[ log ] www.mangtuyou.com/ [运行时间：0.021771s][吞吐率：45.93req/s] [内存消耗：2,231.23kb] [文件加载：51]
[ info ] [ LANG ] /www/wwwroot/www.mangtuyou.com/thinkphp/lang/zh-cn.php
[ info ] [ ROUTE ] array (
  'type' => 'module',
  'module' => 
  array (
    0 => '',
    1 => NULL,
    2 => NULL,
  ),
)
[ info ] [ HEADER ] array (
  'wsip' => '47.104.239.241',
  'wshost' => 'www.mangtuyou.com',
  'user-agent' => 'Mozilla/5.0 (Macintosh; Intel Mac OS X 10.10; rv:59.0) Gecko/20100101 Firefox/59.0',
  'host' => 'www.mangtuyou.com',
  'from' => 'feedback@surveybot.com',
  'accept-language' => 'en-us,fr-be;q=0.5',
  'accept-encoding' => 'gzip, x-gzip, deflate',
  'accept' => '*/*',
  'pragma' => 'no-cache',
  'connection' => 'close, TE',
  'te' => 'deflate,gzip;q=0.3',
)
[ info ] [ PARAM ] array (
)
[ info ] [ DB ] INIT mysql
[ info ] [ LOG ] INIT File

---------------------------------------------------------------
[ 2019-12-05T11:43:20+08:00 ] 172.31.18.39 47.92.124.187 GET /
[ log ] www.mangtuyou.com/ [运行时间：0.021410s][吞吐率：46.71req/s] [内存消耗：2,230.45kb] [文件加载：51]
[ info ] [ LANG ] /www/wwwroot/www.mangtuyou.com/thinkphp/lang/zh-cn.php
[ info ] [ ROUTE ] array (
  'type' => 'module',
  'module' => 
  array (
    0 => '',
    1 => NULL,
    2 => NULL,
  ),
)
[ info ] [ HEADER ] array (
  'accept-encoding' => 'gzip',
  'connection' => 'Keep-Alive',
  'host' => 'www.mangtuyou.com',
  'user-agent' => 'Mozilla/5.0 (X11; Ubuntu; Linux x86_64; rv:36.0) Gecko/20100101 Firefox/36.0',
)
[ info ] [ PARAM ] array (
)
[ info ] [ DB ] INIT mysql
[ info ] [ LOG ] INIT File

---------------------------------------------------------------
[ 2019-12-05T17:42:50+08:00 ] 172.31.18.39 101.226.225.85 GET /index/index_copy
[ log ] www.mangtuyou.com/index/index_copy [运行时间：0.020318s][吞吐率：49.22req/s] [内存消耗：2,234.82kb] [文件加载：51]
[ info ] [ LANG ] /www/wwwroot/www.mangtuyou.com/thinkphp/lang/zh-cn.php
[ info ] [ ROUTE ] array (
  'type' => 'module',
  'module' => 
  array (
    0 => 'index',
    1 => 'index_copy',
    2 => NULL,
  ),
)
[ info ] [ HEADER ] array (
  'x-forwarded-for-pound' => '117.95.145.254',
  'x-forwarded-for' => '117.95.145.254',
  'user-agent' => 'Mozilla/5.0 (Linux; Android 9; STF-AL10 Build/HUAWEISTF-AL10; wv) AppleWebKit/537.36 (KHTML, like Gecko) Version/4.0 Chrome/66.0.3359.126 MQQBrowser/6.2 TBS/045008 Mobile Safari/537.36 MMWEBID/5232 MicroMessenger/7.0.9.1560(0x27000934) Process/tools NetType/WIFI Language/zh_CN ABI/arm64',
  'upgrade-insecure-requests' => '1',
  'host' => 'www.mangtuyou.com',
  'connection' => 'close',
  'accept-language' => 'zh-CN,en-US;q=0.9',
  'accept-encoding' => 'gzip',
  'accept' => 'text/html,application/xhtml+xml,application/xml;q=0.9,image/webp,image/apng,image/wxpic,image/sharpp,image/apng,image/tpg,*/*;q=0.8',
)
[ info ] [ PARAM ] array (
  '/index/index_copy' => '',
)
[ info ] [ DB ] INIT mysql
[ info ] [ LOG ] INIT File

---------------------------------------------------------------
[ 2019-12-05T17:42:51+08:00 ] 172.31.18.39 101.226.225.85 GET /index/index_copy?code=081mSutr0EIijh1BD6ur074ltr0mSuth&state=R14QA3xMHfEYVPuv
[ log ] www.mangtuyou.com/index/index_copy?code=081mSutr0EIijh1BD6ur074ltr0mSuth&state=R14QA3xMHfEYVPuv [运行时间：0.388270s][吞吐率：2.58req/s] [内存消耗：2,340.70kb] [文件加载：53]
[ info ] [ LANG ] /www/wwwroot/www.mangtuyou.com/thinkphp/lang/zh-cn.php
[ info ] [ ROUTE ] array (
  'type' => 'module',
  'module' => 
  array (
    0 => 'index',
    1 => 'index_copy',
    2 => NULL,
  ),
)
[ info ] [ HEADER ] array (
  'x-forwarded-for-pound' => '117.95.145.254',
  'x-forwarded-for' => '117.95.145.254',
  'user-agent' => 'Mozilla/5.0 (Linux; Android 9; STF-AL10 Build/HUAWEISTF-AL10; wv) AppleWebKit/537.36 (KHTML, like Gecko) Version/4.0 Chrome/66.0.3359.126 MQQBrowser/6.2 TBS/045008 Mobile Safari/537.36 MMWEBID/5232 MicroMessenger/7.0.9.1560(0x27000934) Process/tools NetType/WIFI Language/zh_CN ABI/arm64',
  'upgrade-insecure-requests' => '1',
  'host' => 'www.mangtuyou.com',
  'connection' => 'close',
  'accept-language' => 'zh-CN,en-US;q=0.9',
  'accept-encoding' => 'gzip',
  'accept' => 'text/html,application/xhtml+xml,application/xml;q=0.9,image/webp,image/apng,image/wxpic,image/sharpp,image/apng,image/tpg,*/*;q=0.8',
)
[ info ] [ PARAM ] array (
  '/index/index_copy' => '',
  'code' => '081mSutr0EIijh1BD6ur074ltr0mSuth',
  'state' => 'R14QA3xMHfEYVPuv',
)
[ info ] [ DB ] INIT mysql
[ info ] [ RUN ] app\index\controller\IndexCopy->index[ /www/wwwroot/www.mangtuyou.com/application/index/controller/IndexCopy.php ]
[ info ] [ VIEW ] ./themes/index/index_copy/index.html [ array (
) ]
[ info ] [ LOG ] INIT File
[ sql ] [ DB ] CONNECT:[ UseTime:0.000444s ] mysql:dbname=mangtoo;host=localhost;port=3306;charset=utf8
[ sql ] [ SQL ] SHOW COLUMNS FROM `os_user` [ RunTime:0.000921s ]
[ sql ] [ SQL ] SELECT COUNT(*) AS tp_count FROM `os_user` WHERE  `openid` = 'oai1t1VtPzG4sV4hPxK8-lH7au6A' LIMIT 1 [ RunTime:0.000426s ]
[ sql ] [ SQL ] INSERT INTO `os_user` (`openid` , `nickname` , `sex` , `city` , `province` , `country` , `headimgurl` , `accesstoken` , `tokentime` , `lasttime` , `create_time`) VALUES ('oai1t1VtPzG4sV4hPxK8-lH7au6A' , '一尚美业『Team』成就你的美' , 1 , '' , '' , '阿富汗' , 'http://thirdwx.qlogo.cn/mmopen/vi_32/d6RalvpqHrDs5OEXt8wUrzOga62haMScJbQgeNs5KiapbB3Ecjo3qNhA9q4DBw9CV1c9qf3jlhejngcYAEfxElQ/132' , '28_6MIS_wSlIbezKizc06e4iyugYvLkHtUjLea0WSIySJ3gPUZGKmS5Rhtb-KC9wnQB2FX-Q5qLxEDWfhwcmfkFzkPlxk59oeKhxMTYYiDbHOY' , 1578130971 , 1575538971 , 1575538971) [ RunTime:0.000441s ]

---------------------------------------------------------------
[ 2019-12-05T17:42:51+08:00 ] 172.31.18.39 117.95.145.254 GET /favicon.ico
[ log ] www.mangtuyou.com/favicon.ico [运行时间：0.013729s][吞吐率：72.84req/s] [内存消耗：1,202.74kb] [文件加载：38]
[ info ] [ LANG ] /www/wwwroot/www.mangtuyou.com/thinkphp/lang/zh-cn.php
[ info ] [ ROUTE ] array (
  'type' => 'module',
  'module' => 
  array (
    0 => 'favicon.ico',
    1 => NULL,
    2 => NULL,
  ),
)
[ info ] [ HEADER ] array (
  'cookie' => 'OPENID=oai1t1VtPzG4sV4hPxK8-lH7au6A',
  'accept-language' => 'zh-CN,en-US;q=0.9',
  'accept-encoding' => 'gzip, deflate',
  'referer' => 'http://www.mangtuyou.com/index/index_copy?code=081mSutr0EIijh1BD6ur074ltr0mSuth&state=R14QA3xMHfEYVPuv',
  'accept' => 'image/webp,image/wxpic,image/sharpp,image/apng,image/tpg,image/*,*/*;q=0.8',
  'user-agent' => 'Mozilla/5.0 (Linux; Android 9; STF-AL10 Build/HUAWEISTF-AL10; wv) AppleWebKit/537.36 (KHTML, like Gecko) Version/4.0 Chrome/66.0.3359.126 MQQBrowser/6.2 TBS/045008 Mobile Safari/537.36 MMWEBID/5232 MicroMessenger/7.0.9.1560(0x27000934) Process/tools NetType/WIFI Language/zh_CN ABI/arm64',
  'connection' => 'keep-alive',
  'host' => 'www.mangtuyou.com',
)
[ info ] [ PARAM ] array (
  '/favicon_ico' => '',
)
[ info ] [ LOG ] INIT File

---------------------------------------------------------------
[ 2019-12-05T17:43:51+08:00 ] 172.31.18.39 101.91.60.110 GET /index/index_copy
[ log ] www.mangtuyou.com/index/index_copy [运行时间：0.019568s][吞吐率：51.10req/s] [内存消耗：2,234.02kb] [文件加载：51]
[ info ] [ LANG ] /www/wwwroot/www.mangtuyou.com/thinkphp/lang/zh-cn.php
[ info ] [ ROUTE ] array (
  'type' => 'module',
  'module' => 
  array (
    0 => 'index',
    1 => 'index_copy',
    2 => NULL,
  ),
)
[ info ] [ HEADER ] array (
  'connection' => 'keep-alive',
  'host' => 'www.mangtuyou.com',
  'accept-language' => 'zh-CN,zh;q=0.8,en-US;q=0.6,en;q=0.4',
  'accept' => '*/*',
  'user-agent' => 'Mozilla/5.0 (Linux; Android 4.4.4; Coolpad Y82-520 Build/KTU84P) AppleWebKit/537.36 (KHTML, like Gecko) Version/4.0 Chrome/33.0.0.0 Mobile Safari/537.36 MicroMessenger/6.5.4.1000 NetType/4G Language/zh_CN',
)
[ info ] [ PARAM ] array (
  '/index/index_copy' => '',
)
[ info ] [ DB ] INIT mysql
[ info ] [ LOG ] INIT File

---------------------------------------------------------------
