[ 2019-12-12T04:22:15+08:00 ] 172.31.18.39 123.125.71.32 GET /
[ log ] www.mangtuyou.com/ [运行时间：0.020151s][吞吐率：49.63req/s] [内存消耗：2,230.79kb] [文件加载：51]
[ info ] [ LANG ] /www/wwwroot/www.mangtuyou.com/thinkphp/lang/zh-cn.php
[ info ] [ ROUTE ] array (
  'type' => 'module',
  'module' => 
  array (
    0 => '',
    1 => NULL,
    2 => NULL,
  ),
)
[ info ] [ HEADER ] array (
  'accept' => '*/*',
  'accept-encoding' => 'gzip',
  'if-none-match' => '"21b9-593c19c9f880b-gzip"',
  'if-modified-since' => 'Mon, 30 Sep 2019 09:10:49 GMT',
  'accept-language' => 'zh-cn,zh-tw',
  'user-agent' => 'Mozilla/5.0 (compatible; Baiduspider/2.0; +http://www.baidu.com/search/spider.html)',
  'connection' => 'close',
  'host' => 'www.mangtuyou.com',
)
[ info ] [ PARAM ] array (
)
[ info ] [ DB ] INIT mysql
[ info ] [ LOG ] INIT File

---------------------------------------------------------------
[ 2019-12-12T05:28:55+08:00 ] 172.31.18.39 123.125.71.116 GET /
[ log ] www.mangtuyou.com/ [运行时间：0.020024s][吞吐率：49.94req/s] [内存消耗：2,230.81kb] [文件加载：51]
[ info ] [ LANG ] /www/wwwroot/www.mangtuyou.com/thinkphp/lang/zh-cn.php
[ info ] [ ROUTE ] array (
  'type' => 'module',
  'module' => 
  array (
    0 => '',
    1 => NULL,
    2 => NULL,
  ),
)
[ info ] [ HEADER ] array (
  'accept' => '*/*',
  'accept-encoding' => 'gzip',
  'if-none-match' => '""21b9-593c19c9f880b-gzip""',
  'accept-language' => 'zh-cn,zh-tw',
  'user-agent' => 'Mozilla/5.0 (Linux;u;Android 4.2.2;zh-cn;) AppleWebKit/534.46 (KHTML,like Gecko) Version/5.1 Mobile Safari/10600.6.3 (compatible; Baiduspider/2.0; +http://www.baidu.com/search/spider.html)',
  'connection' => 'close',
  'host' => 'www.mangtuyou.com',
)
[ info ] [ PARAM ] array (
)
[ info ] [ DB ] INIT mysql
[ info ] [ LOG ] INIT File

---------------------------------------------------------------
[ 2019-12-12T05:41:00+08:00 ] 172.31.18.39 47.92.132.229 GET /
[ log ] www.mangtuyou.com/ [运行时间：0.019104s][吞吐率：52.35req/s] [内存消耗：2,230.45kb] [文件加载：51]
[ info ] [ LANG ] /www/wwwroot/www.mangtuyou.com/thinkphp/lang/zh-cn.php
[ info ] [ ROUTE ] array (
  'type' => 'module',
  'module' => 
  array (
    0 => '',
    1 => NULL,
    2 => NULL,
  ),
)
[ info ] [ HEADER ] array (
  'accept-encoding' => 'gzip',
  'connection' => 'Keep-Alive',
  'host' => 'www.mangtuyou.com',
  'user-agent' => 'Mozilla/5.0 (X11; Ubuntu; Linux x86_64; rv:36.0) Gecko/20100101 Firefox/36.0',
)
[ info ] [ PARAM ] array (
)
[ info ] [ DB ] INIT mysql
[ info ] [ LOG ] INIT File

---------------------------------------------------------------
[ 2019-12-12T06:35:35+08:00 ] 172.31.18.39 220.181.51.77 GET /
[ log ] www.mangtuyou.com/ [运行时间：0.021168s][吞吐率：47.24req/s] [内存消耗：2,230.80kb] [文件加载：51]
[ info ] [ LANG ] /www/wwwroot/www.mangtuyou.com/thinkphp/lang/zh-cn.php
[ info ] [ ROUTE ] array (
  'type' => 'module',
  'module' => 
  array (
    0 => '',
    1 => NULL,
    2 => NULL,
  ),
)
[ info ] [ HEADER ] array (
  'accept' => '*/*',
  'accept-encoding' => 'gzip',
  'if-none-match' => '""21b9-593c19c9f880b-gzip""',
  'if-modified-since' => 'Mon, 30 Sep 2019 09:10:49 GMT',
  'accept-language' => 'zh-cn,zh-tw',
  'user-agent' => 'Mozilla/5.0 (Windows NT 10.0; WOW64) AppleWebKit/537.36 (KHTML, like Gecko) Chrome/45.0.2454.93 Safari/537.36',
  'connection' => 'close',
  'host' => 'www.mangtuyou.com',
)
[ info ] [ PARAM ] array (
)
[ info ] [ DB ] INIT mysql
[ info ] [ LOG ] INIT File

---------------------------------------------------------------
[ 2019-12-12T07:42:15+08:00 ] 172.31.18.39 36.110.199.244 GET /
[ log ] www.mangtuyou.com/ [运行时间：0.019534s][吞吐率：51.19req/s] [内存消耗：2,230.81kb] [文件加载：51]
[ info ] [ LANG ] /www/wwwroot/www.mangtuyou.com/thinkphp/lang/zh-cn.php
[ info ] [ ROUTE ] array (
  'type' => 'module',
  'module' => 
  array (
    0 => '',
    1 => NULL,
    2 => NULL,
  ),
)
[ info ] [ HEADER ] array (
  'accept' => '*/*',
  'accept-encoding' => 'gzip',
  'if-none-match' => '""21b9-593c19c9f880b-gzip""',
  'accept-language' => 'zh-cn,zh-tw',
  'user-agent' => 'Mozilla/5.0 (Linux;u;Android 4.2.2;zh-cn;) AppleWebKit/534.46 (KHTML,like Gecko) Version/5.1 Mobile Safari/10600.6.3 (compatible; Baiduspider/2.0; +http://www.baidu.com/search/spider.html)',
  'connection' => 'close',
  'host' => 'www.mangtuyou.com',
)
[ info ] [ PARAM ] array (
)
[ info ] [ DB ] INIT mysql
[ info ] [ LOG ] INIT File

---------------------------------------------------------------
[ 2019-12-12T17:31:53+08:00 ] 172.31.18.39 121.29.80.12 GET /
[ log ] www.mangtuyou.com/ [运行时间：0.019392s][吞吐率：51.57req/s] [内存消耗：2,230.83kb] [文件加载：51]
[ info ] [ LANG ] /www/wwwroot/www.mangtuyou.com/thinkphp/lang/zh-cn.php
[ info ] [ ROUTE ] array (
  'type' => 'module',
  'module' => 
  array (
    0 => '',
    1 => NULL,
    2 => NULL,
  ),
)
[ info ] [ HEADER ] array (
  'connection' => 'keep-alive',
  'cache-control' => 'max-age=259200',
  'host' => 'www.mangtuyou.com',
  'accept-encoding' => 'gzip,deflate',
  'user-agent' => 'Mozilla/4.0 (compatible; MSIE 7.0; Windows NT 5.1; Trident/4.0; .NET CLR 2.0.50727; .NET CLR 3.0.4506.2152; .NET CLR 3.5.30729; .NET4.0C; SE 2.X MetaSr 1.0)',
  'accept' => 'text/html,application/xhtml+xml,application/xml;q=0.9,*/*;q=0.8',
  'upgrade-insecure-requests' => '1',
)
[ info ] [ PARAM ] array (
)
[ info ] [ DB ] INIT mysql
[ info ] [ LOG ] INIT File

---------------------------------------------------------------
[ 2019-12-12T19:39:28+08:00 ] 172.31.18.39 123.125.71.96 GET /
[ log ] www.mangtuyou.com/ [运行时间：0.020567s][吞吐率：48.62req/s] [内存消耗：2,230.80kb] [文件加载：51]
[ info ] [ LANG ] /www/wwwroot/www.mangtuyou.com/thinkphp/lang/zh-cn.php
[ info ] [ ROUTE ] array (
  'type' => 'module',
  'module' => 
  array (
    0 => '',
    1 => NULL,
    2 => NULL,
  ),
)
[ info ] [ HEADER ] array (
  'accept' => '*/*',
  'accept-encoding' => 'gzip',
  'if-none-match' => '""21b9-593c19c9f880b-gzip""',
  'if-modified-since' => 'Mon, 30 Sep 2019 09:10:49 GMT',
  'accept-language' => 'zh-cn,zh-tw',
  'user-agent' => 'Mozilla/5.0 (compatible; Baiduspider/2.0; +http://www.baidu.com/search/spider.html)',
  'connection' => 'close',
  'host' => 'www.mangtuyou.com',
)
[ info ] [ PARAM ] array (
)
[ info ] [ DB ] INIT mysql
[ info ] [ LOG ] INIT File

---------------------------------------------------------------
[ 2019-12-12T19:51:31+08:00 ] 172.31.18.39 121.233.73.145 GET /
[ log ] www.mangtuyou.com/ [运行时间：0.019510s][吞吐率：51.26req/s] [内存消耗：2,230.95kb] [文件加载：51]
[ info ] [ LANG ] /www/wwwroot/www.mangtuyou.com/thinkphp/lang/zh-cn.php
[ info ] [ ROUTE ] array (
  'type' => 'module',
  'module' => 
  array (
    0 => '',
    1 => NULL,
    2 => NULL,
  ),
)
[ info ] [ HEADER ] array (
  'connection' => 'keep-alive',
  'cache-control' => 'max-age=259200',
  'host' => 'www.mangtuyou.com',
  'accept-encoding' => 'gzip,deflate',
  'user-agent' => 'Mozilla/4.0 (compatible; MSIE 7.0; Windows NT 6.1; WOW64; Trident/7.0; SLCC2; .NET CLR 2.0.50727; .NET CLR 3.5.30729; .NET CLR 3.0.30729; .NET4.0C; .NET4.0E; GWX:DOWNLOADED; GWX:RESERVED; clientInstall)',
  'accept' => 'text/html,application/xhtml+xml,application/xml;q=0.9,*/*;q=0.8',
  'upgrade-insecure-requests' => '1',
)
[ info ] [ PARAM ] array (
)
[ info ] [ DB ] INIT mysql
[ info ] [ LOG ] INIT File

---------------------------------------------------------------
[ 2019-12-12T20:02:48+08:00 ] 172.31.18.39 121.29.80.93 GET /
[ log ] www.mangtuyou.com/ [运行时间：0.017649s][吞吐率：56.66req/s] [内存消耗：2,230.83kb] [文件加载：51]
[ info ] [ LANG ] /www/wwwroot/www.mangtuyou.com/thinkphp/lang/zh-cn.php
[ info ] [ ROUTE ] array (
  'type' => 'module',
  'module' => 
  array (
    0 => '',
    1 => NULL,
    2 => NULL,
  ),
)
[ info ] [ HEADER ] array (
  'connection' => 'keep-alive',
  'cache-control' => 'max-age=259200',
  'host' => 'www.mangtuyou.com',
  'accept-encoding' => 'gzip,deflate',
  'user-agent' => 'Mozilla/5.0 (Windows NT 10.0) AppleWebKit/537.36 (KHTML like Gecko) Chrome/38.0.2125.122 Safari/537.36 SE 2.X MetaSr 1.0',
  'accept' => 'text/html,application/xhtml+xml,application/xml;q=0.9,*/*;q=0.8',
  'upgrade-insecure-requests' => '1',
)
[ info ] [ PARAM ] array (
)
[ info ] [ DB ] INIT mysql
[ info ] [ LOG ] INIT File

---------------------------------------------------------------
[ 2019-12-12T20:12:48+08:00 ] 172.31.18.39 123.125.67.153 GET /
[ log ] www.mangtuyou.com/ [运行时间：0.019962s][吞吐率：50.09req/s] [内存消耗：2,230.80kb] [文件加载：51]
[ info ] [ LANG ] /www/wwwroot/www.mangtuyou.com/thinkphp/lang/zh-cn.php
[ info ] [ ROUTE ] array (
  'type' => 'module',
  'module' => 
  array (
    0 => '',
    1 => NULL,
    2 => NULL,
  ),
)
[ info ] [ HEADER ] array (
  'accept' => '*/*',
  'accept-encoding' => 'gzip',
  'if-none-match' => '""21b9-593c19c9f880b-gzip""',
  'if-modified-since' => 'Mon, 30 Sep 2019 09:10:49 GMT',
  'accept-language' => 'zh-cn,zh-tw',
  'user-agent' => 'Mozilla/5.0 (Windows NT 10.0; WOW64) AppleWebKit/537.36 (KHTML, like Gecko) Chrome/45.0.2454.93 Safari/537.36',
  'connection' => 'close',
  'host' => 'www.mangtuyou.com',
)
[ info ] [ PARAM ] array (
)
[ info ] [ DB ] INIT mysql
[ info ] [ LOG ] INIT File

---------------------------------------------------------------
[ 2019-12-12T21:01:25+08:00 ] 172.31.18.39 123.125.71.30 GET /
[ log ] www.mangtuyou.com/ [运行时间：0.019117s][吞吐率：52.31req/s] [内存消耗：2,230.81kb] [文件加载：51]
[ info ] [ LANG ] /www/wwwroot/www.mangtuyou.com/thinkphp/lang/zh-cn.php
[ info ] [ ROUTE ] array (
  'type' => 'module',
  'module' => 
  array (
    0 => '',
    1 => NULL,
    2 => NULL,
  ),
)
[ info ] [ HEADER ] array (
  'accept' => '*/*',
  'accept-encoding' => 'gzip',
  'if-none-match' => '""21b9-593c19c9f880b-gzip""',
  'accept-language' => 'zh-cn,zh-tw',
  'user-agent' => 'Mozilla/5.0 (Linux;u;Android 4.2.2;zh-cn;) AppleWebKit/534.46 (KHTML,like Gecko) Version/5.1 Mobile Safari/10600.6.3 (compatible; Baiduspider/2.0; +http://www.baidu.com/search/spider.html)',
  'connection' => 'close',
  'host' => 'www.mangtuyou.com',
)
[ info ] [ PARAM ] array (
)
[ info ] [ DB ] INIT mysql
[ info ] [ LOG ] INIT File

---------------------------------------------------------------
