[ 2019-12-13T01:14:24+08:00 ] 172.31.18.39 167.99.93.221 GET /
[ log ] www.mangtuyou.com/ [运行时间：0.018943s][吞吐率：52.79req/s] [内存消耗：2,230.51kb] [文件加载：51]
[ info ] [ LANG ] /www/wwwroot/www.mangtuyou.com/thinkphp/lang/zh-cn.php
[ info ] [ ROUTE ] array (
  'type' => 'module',
  'module' => 
  array (
    0 => '',
    1 => NULL,
    2 => NULL,
  ),
)
[ info ] [ HEADER ] array (
  'accept-encoding' => 'gzip',
  'connection' => 'close',
  'user-agent' => 'Mozilla/5.0 (Macintosh; Intel Mac OS X 10_12_3) AppleWebKit/602.4.8 (KHTML, like Gecko) Version/10.0.3 Safari/602.4.8',
  'host' => 'www.mangtuyou.com',
)
[ info ] [ PARAM ] array (
)
[ info ] [ DB ] INIT mysql
[ info ] [ LOG ] INIT File

---------------------------------------------------------------
[ 2019-12-13T02:15:17+08:00 ] 172.31.18.39 123.125.71.85 GET /
[ log ] www.mangtuyou.com/ [运行时间：0.020515s][吞吐率：48.74req/s] [内存消耗：2,230.80kb] [文件加载：51]
[ info ] [ LANG ] /www/wwwroot/www.mangtuyou.com/thinkphp/lang/zh-cn.php
[ info ] [ ROUTE ] array (
  'type' => 'module',
  'module' => 
  array (
    0 => '',
    1 => NULL,
    2 => NULL,
  ),
)
[ info ] [ HEADER ] array (
  'accept' => '*/*',
  'accept-encoding' => 'gzip',
  'if-none-match' => '""21b9-593c19c9f880b-gzip""',
  'if-modified-since' => 'Mon, 30 Sep 2019 09:10:49 GMT',
  'accept-language' => 'zh-cn,zh-tw',
  'user-agent' => 'Mozilla/5.0 (compatible; Baiduspider/2.0; +http://www.baidu.com/search/spider.html)',
  'connection' => 'close',
  'host' => 'www.mangtuyou.com',
)
[ info ] [ PARAM ] array (
)
[ info ] [ DB ] INIT mysql
[ info ] [ LOG ] INIT File

---------------------------------------------------------------
[ 2019-12-13T02:40:17+08:00 ] 172.31.18.39 36.110.147.248 GET /
[ log ] www.mangtuyou.com/ [运行时间：0.020748s][吞吐率：48.20req/s] [内存消耗：2,230.52kb] [文件加载：51]
[ info ] [ LANG ] /www/wwwroot/www.mangtuyou.com/thinkphp/lang/zh-cn.php
[ info ] [ ROUTE ] array (
  'type' => 'module',
  'module' => 
  array (
    0 => '',
    1 => NULL,
    2 => NULL,
  ),
)
[ info ] [ HEADER ] array (
  'accept-encoding' => 'gzip,deflate',
  'connection' => 'Keep-Alive',
  'host' => 'www.mangtuyou.com',
  'user-agent' => 'Mozilla/5.0 (Windows NT 10.0; WOW64) AppleWebKit/537.36 (KHTML, like Gecko) Chrome/62.0.3202.94 Safari/537.36',
)
[ info ] [ PARAM ] array (
)
[ info ] [ DB ] INIT mysql
[ info ] [ LOG ] INIT File

---------------------------------------------------------------
[ 2019-12-13T02:40:28+08:00 ] 172.31.18.39 36.110.147.248 GET /
[ log ] www.mangtuyou.com/ [运行时间：0.024180s][吞吐率：41.36req/s] [内存消耗：2,230.52kb] [文件加载：51]
[ info ] [ LANG ] /www/wwwroot/www.mangtuyou.com/thinkphp/lang/zh-cn.php
[ info ] [ ROUTE ] array (
  'type' => 'module',
  'module' => 
  array (
    0 => '',
    1 => NULL,
    2 => NULL,
  ),
)
[ info ] [ HEADER ] array (
  'accept-encoding' => 'gzip,deflate',
  'connection' => 'Keep-Alive',
  'host' => 'www.mangtuyou.com',
  'user-agent' => 'Mozilla/5.0 (Windows NT 10.0; WOW64) AppleWebKit/537.36 (KHTML, like Gecko) Chrome/62.0.3202.94 Safari/537.36',
)
[ info ] [ PARAM ] array (
)
[ info ] [ DB ] INIT mysql
[ info ] [ LOG ] INIT File

---------------------------------------------------------------
[ 2019-12-13T03:21:57+08:00 ] 172.31.18.39 220.181.108.91 GET /
[ log ] www.mangtuyou.com/ [运行时间：0.019731s][吞吐率：50.68req/s] [内存消耗：2,230.81kb] [文件加载：51]
[ info ] [ LANG ] /www/wwwroot/www.mangtuyou.com/thinkphp/lang/zh-cn.php
[ info ] [ ROUTE ] array (
  'type' => 'module',
  'module' => 
  array (
    0 => '',
    1 => NULL,
    2 => NULL,
  ),
)
[ info ] [ HEADER ] array (
  'accept' => '*/*',
  'accept-encoding' => 'gzip',
  'if-none-match' => '""21b9-593c19c9f880b-gzip""',
  'accept-language' => 'zh-cn,zh-tw',
  'user-agent' => 'Mozilla/5.0 (Linux;u;Android 4.2.2;zh-cn;) AppleWebKit/534.46 (KHTML,like Gecko) Version/5.1 Mobile Safari/10600.6.3 (compatible; Baiduspider/2.0; +http://www.baidu.com/search/spider.html)',
  'connection' => 'close',
  'host' => 'www.mangtuyou.com',
)
[ info ] [ PARAM ] array (
)
[ info ] [ DB ] INIT mysql
[ info ] [ LOG ] INIT File

---------------------------------------------------------------
[ 2019-12-13T22:23:22+08:00 ] 172.31.18.39 202.108.211.151 GET /
[ log ] www.mangtuyou.com/ [运行时间：0.021321s][吞吐率：46.90req/s] [内存消耗：2,231.34kb] [文件加载：51]
[ info ] [ LANG ] /www/wwwroot/www.mangtuyou.com/thinkphp/lang/zh-cn.php
[ info ] [ ROUTE ] array (
  'type' => 'module',
  'module' => 
  array (
    0 => '',
    1 => NULL,
    2 => NULL,
  ),
)
[ info ] [ HEADER ] array (
  'connection' => 'keep-alive',
  'host' => 'www.mangtuyou.com',
  'upgrade-insecure-requests' => '1',
  'pragma' => 'no-cache',
  'cache-control' => 'no-cache',
  'accept-language' => 'zh-CN,zh;q=0.8,en-US;q=0.6,en;q=0.4',
  'accept-encoding' => 'gzip, deflate, sdch',
  'accept' => 'text/html,application/xhtml+xml,application/xml;q=0.9,image/webp,*/*;q=0.8',
  'user-agent' => 'Mozilla/5.0 (X11; Linux x86_64) AppleWebKit/535.21 (KHTML, like Gecko) Chrome/19.0.1042.0 Safari/535.21',
)
[ info ] [ PARAM ] array (
)
[ info ] [ DB ] INIT mysql
[ info ] [ LOG ] INIT File

---------------------------------------------------------------
