[ 2019-12-14T07:35:56+08:00 ] 172.31.18.39 111.18.126.57 GET /index/index_copy
[ log ] www.mangtuyou.com/index/index_copy [è¿è¡Œæ—¶é—´ï¼š0.020680s][åžåçŽ‡ï¼š48.36req/s] [å†…å­˜æ¶ˆè€—ï¼š2,234.16kb] [æ–‡ä»¶åŠ è½½ï¼š51]
[ info ] [ LANG ] /www/wwwroot/www.mangtuyou.com/thinkphp/lang/zh-cn.php
[ info ] [ ROUTE ] array (
  'type' => 'module',
  'module' => 
  array (
    0 => 'index',
    1 => 'index_copy',
    2 => NULL,
  ),
)
[ info ] [ HEADER ] array (
  'connection' => 'keep-alive',
  'accept-encoding' => 'gzip, deflate',
  'accept-language' => 'zh-cn',
  'user-agent' => 'Mozilla/5.0 (iPhone; CPU iPhone OS 11_4_1 like Mac OS X) AppleWebKit/605.1.15 (KHTML, like Gecko) Mobile/15G77 MicroMessenger/7.0.8(0x17000820) NetType/WIFI Language/zh_CN',
  'accept' => 'text/html,application/xhtml+xml,application/xml;q=0.9,*/*;q=0.8',
  'upgrade-insecure-requests' => '1',
  'host' => 'www.mangtuyou.com',
)
[ info ] [ PARAM ] array (
  '/index/index_copy' => '',
)
[ info ] [ DB ] INIT mysql
[ info ] [ LOG ] INIT File

---------------------------------------------------------------
[ 2019-12-14T07:35:57+08:00 ] 172.31.18.39 111.18.126.57 GET /index/index_copy?code=061lEsrh0flTQv1tVTph0T7Jrh0lEsri&state=Y6XjCKry1amMTXMA
[ log ] www.mangtuyou.com/index/index_copy?code=061lEsrh0flTQv1tVTph0T7Jrh0lEsri&state=Y6XjCKry1amMTXMA [è¿è¡Œæ—¶é—´ï¼š0.336577s][åžåçŽ‡ï¼š2.97req/s] [å†…å­˜æ¶ˆè€—ï¼š2,340.13kb] [æ–‡ä»¶åŠ è½½ï¼š53]
[ info ] [ LANG ] /www/wwwroot/www.mangtuyou.com/thinkphp/lang/zh-cn.php
[ info ] [ ROUTE ] array (
  'type' => 'module',
  'module' => 
  array (
    0 => 'index',
    1 => 'index_copy',
    2 => NULL,
  ),
)
[ info ] [ HEADER ] array (
  'connection' => 'keep-alive',
  'accept-encoding' => 'gzip, deflate',
  'accept-language' => 'zh-cn',
  'user-agent' => 'Mozilla/5.0 (iPhone; CPU iPhone OS 11_4_1 like Mac OS X) AppleWebKit/605.1.15 (KHTML, like Gecko) Mobile/15G77 MicroMessenger/7.0.8(0x17000820) NetType/WIFI Language/zh_CN',
  'accept' => 'text/html,application/xhtml+xml,application/xml;q=0.9,*/*;q=0.8',
  'upgrade-insecure-requests' => '1',
  'host' => 'www.mangtuyou.com',
)
[ info ] [ PARAM ] array (
  '/index/index_copy' => '',
  'code' => '061lEsrh0flTQv1tVTph0T7Jrh0lEsri',
  'state' => 'Y6XjCKry1amMTXMA',
)
[ info ] [ DB ] INIT mysql
[ info ] [ RUN ] app\index\controller\IndexCopy->index[ /www/wwwroot/www.mangtuyou.com/application/index/controller/IndexCopy.php ]
[ info ] [ VIEW ] ./themes/index/index_copy/index.html [ array (
) ]
[ info ] [ LOG ] INIT File
[ sql ] [ DB ] CONNECT:[ UseTime:0.000492s ] mysql:dbname=mangtoo;host=localhost;port=3306;charset=utf8
[ sql ] [ SQL ] SHOW COLUMNS FROM `os_user` [ RunTime:0.001058s ]
[ sql ] [ SQL ] SELECT COUNT(*) AS tp_count FROM `os_user` WHERE  `openid` = 'oai1t1SXAs-eUjPChKMwZBhruwUs' LIMIT 1 [ RunTime:0.000436s ]
[ sql ] [ SQL ] INSERT INTO `os_user` (`openid` , `nickname` , `sex` , `city` , `province` , `country` , `headimgurl` , `accesstoken` , `tokentime` , `lasttime` , `create_time`) VALUES ('oai1t1SXAs-eUjPChKMwZBhruwUs' , 'ï½ž^_^é›¯é›¯ðŸ’‹' , 2 , 'é“œå·' , 'é™•è¥¿' , 'ä¸­å›½' , 'http://thirdwx.qlogo.cn/mmopen/vi_32/Q0j4TwGTfTKQG5S7kfEb9s0rNG7SXulxia1icm8DlZSrq1wEyqxyY0txkVOlc1XGQgkQHibFNOPcaGXV42AOu4VLw/132' , '28_NFy8az6e5hsLLczCjSqAK4S9lvCBNGS6PpPW-hj2x1pz8VfFBUxirc-akD5UBT0XLLgGTusGV8eWAAd5y9EXGKR1IFMQOVSapflNn79_Lq0' , 1578872157 , 1576280157 , 1576280157) [ RunTime:0.000351s ]

---------------------------------------------------------------
[ 2019-12-14T10:51:56+08:00 ] 172.31.18.39 47.88.59.205 GET /pc.html
[ log ] www.mangtuyou.com/pc.html [è¿è¡Œæ—¶é—´ï¼š0.013900s][åžåçŽ‡ï¼š71.94req/s] [å†…å­˜æ¶ˆè€—ï¼š1,201.99kb] [æ–‡ä»¶åŠ è½½ï¼š38]
[ info ] [ LANG ] /www/wwwroot/www.mangtuyou.com/thinkphp/lang/zh-cn.php
[ info ] [ ROUTE ] array (
  'type' => 'module',
  'module' => 
  array (
    0 => 'pc',
    1 => NULL,
    2 => NULL,
  ),
)
[ info ] [ HEADER ] array (
  'accept-encoding' => 'gzip',
  'connection' => 'Keep-Alive',
  'host' => 'www.mangtuyou.com',
  'user-agent' => 'Mozilla/5.0 (X11; Ubuntu; Linux x86_64; rv:36.0) Gecko/20100101 Firefox/36.0',
)
[ info ] [ PARAM ] array (
  '/pc_html' => '',
)
[ info ] [ LOG ] INIT File

---------------------------------------------------------------
[ 2019-12-14T14:41:18+08:00 ] 172.31.18.39 120.25.208.128 GET /
[ log ] www.mangtuyou.com/ [è¿è¡Œæ—¶é—´ï¼š0.018256s][åžåçŽ‡ï¼š54.78req/s] [å†…å­˜æ¶ˆè€—ï¼š2,230.51kb] [æ–‡ä»¶åŠ è½½ï¼š51]
[ info ] [ LANG ] /www/wwwroot/www.mangtuyou.com/thinkphp/lang/zh-cn.php
[ info ] [ ROUTE ] array (
  'type' => 'module',
  'module' => 
  array (
    0 => '',
    1 => NULL,
    2 => NULL,
  ),
)
[ info ] [ HEADER ] array (
  'accept-encoding' => 'gzip,deflate',
  'accept' => '*/*',
  'user-agent' => 'Mozilla/5.0 (Windows NT 10.0; Win64; x64) AppleWebKit/537.36 (KHTML, like Gecko) Chrome/53.0.2785.143 Safari/537.36',
  'host' => 'www.mangtuyou.com',
)
[ info ] [ PARAM ] array (
)
[ info ] [ DB ] INIT mysql
[ info ] [ LOG ] INIT File

---------------------------------------------------------------
[ 2019-12-14T17:19:53+08:00 ] 172.31.18.39 198.27.124.169 GET /
[ log ] www.mangtuyou.com/ [è¿è¡Œæ—¶é—´ï¼š0.025024s][åžåçŽ‡ï¼š39.96req/s] [å†…å­˜æ¶ˆè€—ï¼š2,230.71kb] [æ–‡ä»¶åŠ è½½ï¼š51]
[ info ] [ LANG ] /www/wwwroot/www.mangtuyou.com/thinkphp/lang/zh-cn.php
[ info ] [ ROUTE ] array (
  'type' => 'module',
  'module' => 
  array (
    0 => '',
    1 => NULL,
    2 => NULL,
  ),
)
[ info ] [ HEADER ] array (
  'host' => 'www.mangtuyou.com',
  'accept-encoding' => 'gzip, deflate',
  'connection' => 'Keep-Alive',
  'accept-language' => 'en-US',
  'user-agent' => 'Mozilla/5.0 (Windows NT 10.0; Win64; x64) AppleWebKit/537.36 (KHTML, like Gecko) Chrome/64.0.3282.140 Safari/537.36 Edge/17.17134',
  'accept' => 'text/html,application/xhtml+xml,application/xml;q=0.9,*/*;q=0.8',
)
[ info ] [ PARAM ] array (
)
[ info ] [ DB ] INIT mysql
[ info ] [ LOG ] INIT File

---------------------------------------------------------------
[ 2019-12-14T17:20:23+08:00 ] 172.31.18.39 198.27.124.169 GET /
[ log ] www.mangtuyou.com/ [è¿è¡Œæ—¶é—´ï¼š0.020029s][åžåçŽ‡ï¼š49.93req/s] [å†…å­˜æ¶ˆè€—ï¼š2,230.71kb] [æ–‡ä»¶åŠ è½½ï¼š51]
[ info ] [ LANG ] /www/wwwroot/www.mangtuyou.com/thinkphp/lang/zh-cn.php
[ info ] [ ROUTE ] array (
  'type' => 'module',
  'module' => 
  array (
    0 => '',
    1 => NULL,
    2 => NULL,
  ),
)
[ info ] [ HEADER ] array (
  'host' => 'www.mangtuyou.com',
  'accept-encoding' => 'gzip, deflate',
  'connection' => 'Keep-Alive',
  'accept-language' => 'en-US',
  'user-agent' => 'Mozilla/5.0 (Windows NT 10.0; Win64; x64) AppleWebKit/537.36 (KHTML, like Gecko) Chrome/70.0.3538.102 Safari/537.36',
  'accept' => 'text/html,application/xhtml+xml,application/xml;q=0.9,*/*;q=0.8',
)
[ info ] [ PARAM ] array (
)
[ info ] [ DB ] INIT mysql
[ info ] [ LOG ] INIT File

---------------------------------------------------------------
