[ 2019-12-27T10:08:21+08:00 ] 172.31.18.39 39.90.253.247 GET /admin
[ log ] www.mangtuyou.com/admin [运行时间：0.015010s][吞吐率：66.62req/s] [内存消耗：1,472.82kb] [文件加载：44]
[ info ] [ LANG ] /www/wwwroot/www.mangtuyou.com/thinkphp/lang/zh-cn.php
[ info ] [ ROUTE ] array (
  'type' => 'module',
  'module' => 
  array (
    0 => 'admin',
    1 => NULL,
    2 => NULL,
  ),
)
[ info ] [ HEADER ] array (
  'accept-language' => 'zh-CN,zh;q=0.9,en-GB;q=0.8,en;q=0.7',
  'accept-encoding' => 'gzip, deflate',
  'accept' => 'text/html,application/xhtml+xml,application/xml;q=0.9,image/webp,image/apng,*/*;q=0.8,application/signed-exchange;v=b3;q=0.9',
  'user-agent' => 'Mozilla/5.0 (Windows NT 6.1; Win64; x64) AppleWebKit/537.36 (KHTML, like Gecko) Chrome/79.0.3945.88 Safari/537.36',
  'upgrade-insecure-requests' => '1',
  'connection' => 'keep-alive',
  'host' => 'www.mangtuyou.com',
)
[ info ] [ PARAM ] array (
  '/admin' => '',
)
[ info ] [ SESSION ] INIT array (
  'id' => '',
  'var_session_id' => '',
  'prefix' => 'think',
  'type' => '',
  'auto_start' => true,
)
[ info ] [ LOG ] INIT File

---------------------------------------------------------------
[ 2019-12-27T10:08:21+08:00 ] 172.31.18.39 39.90.253.247 GET /admin/login/index.html
[ log ] www.mangtuyou.com/admin/login/index.html [运行时间：0.016194s][吞吐率：61.75req/s] [内存消耗：1,503.77kb] [文件加载：45]
[ info ] [ LANG ] /www/wwwroot/www.mangtuyou.com/thinkphp/lang/zh-cn.php
[ info ] [ ROUTE ] array (
  'type' => 'module',
  'module' => 
  array (
    0 => 'admin',
    1 => 'login',
    2 => 'index',
  ),
)
[ info ] [ HEADER ] array (
  'cookie' => 'PHPSESSID=nhppgd18f0ldpqckntb8pquqk3',
  'accept-language' => 'zh-CN,zh;q=0.9,en-GB;q=0.8,en;q=0.7',
  'accept-encoding' => 'gzip, deflate',
  'accept' => 'text/html,application/xhtml+xml,application/xml;q=0.9,image/webp,image/apng,*/*;q=0.8,application/signed-exchange;v=b3;q=0.9',
  'user-agent' => 'Mozilla/5.0 (Windows NT 6.1; Win64; x64) AppleWebKit/537.36 (KHTML, like Gecko) Chrome/79.0.3945.88 Safari/537.36',
  'upgrade-insecure-requests' => '1',
  'connection' => 'keep-alive',
  'host' => 'www.mangtuyou.com',
)
[ info ] [ PARAM ] array (
  '/admin/login/index_html' => '',
)
[ info ] [ RUN ] app\admin\controller\Login->index[ /www/wwwroot/www.mangtuyou.com/application/admin/controller/Login.php ]
[ info ] [ VIEW ] ./themes/admin/login/index.html [ array (
) ]
[ info ] [ LOG ] INIT File

---------------------------------------------------------------
[ 2019-12-27T10:08:22+08:00 ] 172.31.18.39 39.90.253.247 GET /favicon.ico
[ log ] www.mangtuyou.com/favicon.ico [运行时间：0.018565s][吞吐率：53.86req/s] [内存消耗：1,202.49kb] [文件加载：38]
[ info ] [ LANG ] /www/wwwroot/www.mangtuyou.com/thinkphp/lang/zh-cn.php
[ info ] [ ROUTE ] array (
  'type' => 'module',
  'module' => 
  array (
    0 => 'favicon.ico',
    1 => NULL,
    2 => NULL,
  ),
)
[ info ] [ HEADER ] array (
  'cookie' => 'PHPSESSID=nhppgd18f0ldpqckntb8pquqk3',
  'accept-language' => 'zh-CN,zh;q=0.9,en-GB;q=0.8,en;q=0.7',
  'accept-encoding' => 'gzip, deflate',
  'referer' => 'http://www.mangtuyou.com/admin/login/index.html',
  'accept' => 'image/webp,image/apng,image/*,*/*;q=0.8',
  'user-agent' => 'Mozilla/5.0 (Windows NT 6.1; Win64; x64) AppleWebKit/537.36 (KHTML, like Gecko) Chrome/79.0.3945.88 Safari/537.36',
  'connection' => 'keep-alive',
  'host' => 'www.mangtuyou.com',
)
[ info ] [ PARAM ] array (
  '/favicon_ico' => '',
)
[ info ] [ LOG ] INIT File

---------------------------------------------------------------
[ 2019-12-27T10:08:27+08:00 ] 172.31.18.39 39.90.253.247 POST /admin/login/login.html
[ log ] www.mangtuyou.com/admin/login/login.html [运行时间：0.025711s][吞吐率：38.89req/s] [内存消耗：2,166.05kb] [文件加载：53]
[ info ] [ LANG ] /www/wwwroot/www.mangtuyou.com/thinkphp/lang/zh-cn.php
[ info ] [ ROUTE ] array (
  'type' => 'module',
  'module' => 
  array (
    0 => 'admin',
    1 => 'login',
    2 => 'login',
  ),
)
[ info ] [ HEADER ] array (
  'cookie' => 'thinkphp_show_page_trace=0|0; PHPSESSID=nhppgd18f0ldpqckntb8pquqk3',
  'accept-language' => 'zh-CN,zh;q=0.9,en-GB;q=0.8,en;q=0.7',
  'accept-encoding' => 'gzip, deflate',
  'referer' => 'http://www.mangtuyou.com/admin/login/index.html',
  'user-agent' => 'Mozilla/5.0 (Windows NT 6.1; Win64; x64) AppleWebKit/537.36 (KHTML, like Gecko) Chrome/79.0.3945.88 Safari/537.36',
  'x-requested-with' => 'XMLHttpRequest',
  'origin' => 'http://www.mangtuyou.com',
  'accept' => 'application/json, text/javascript, */*; q=0.01',
  'connection' => 'keep-alive',
  'host' => 'www.mangtuyou.com',
  'content-type' => 'application/x-www-form-urlencoded; charset=UTF-8',
  'content-length' => '29',
)
[ info ] [ PARAM ] array (
  '/admin/login/login_html' => '',
  'username' => 'admin',
  'password' => 'admin',
)
[ info ] [ RUN ] app\admin\controller\Login->login[ /www/wwwroot/www.mangtuyou.com/application/admin/controller/Login.php ]
[ info ] [ DB ] INIT mysql
[ info ] [ SESSION ] INIT array (
  'id' => '',
  'var_session_id' => '',
  'prefix' => 'think',
  'type' => '',
  'auto_start' => true,
)
[ info ] [ CACHE ] INIT File
[ info ] [ LOG ] INIT File
[ sql ] [ DB ] CONNECT:[ UseTime:0.000476s ] mysql:dbname=mangtoo;host=localhost;port=3306;charset=utf8
[ sql ] [ SQL ] SHOW COLUMNS FROM `os_admin_user` [ RunTime:0.003321s ]
[ sql ] [ SQL ] SELECT `id`,`username`,`status` FROM `os_admin_user` WHERE  `username` = 'admin'  AND `password` = '0dfc7612f607db6c17fd99388e9e5f9c' LIMIT 1 [ RunTime:0.000395s ]
[ sql ] [ SQL ] UPDATE `os_admin_user`  SET `last_login_time`='2019-12-27 10:08:27',`last_login_ip`='39.90.253.247'  WHERE  `id` = 1 [ RunTime:0.000464s ]

---------------------------------------------------------------
[ 2019-12-27T10:08:28+08:00 ] 172.31.18.39 39.90.253.247 GET /admin/index/index.html
[ log ] www.mangtuyou.com/admin/index/index.html [运行时间：0.028136s][吞吐率：35.54req/s] [内存消耗：2,204.67kb] [文件加载：52]
[ info ] [ LANG ] /www/wwwroot/www.mangtuyou.com/thinkphp/lang/zh-cn.php
[ info ] [ ROUTE ] array (
  'type' => 'module',
  'module' => 
  array (
    0 => 'admin',
    1 => 'index',
    2 => 'index',
  ),
)
[ info ] [ HEADER ] array (
  'cookie' => 'PHPSESSID=nhppgd18f0ldpqckntb8pquqk3',
  'accept-language' => 'zh-CN,zh;q=0.9,en-GB;q=0.8,en;q=0.7',
  'accept-encoding' => 'gzip, deflate',
  'referer' => 'http://www.mangtuyou.com/admin/login/index.html',
  'accept' => 'text/html,application/xhtml+xml,application/xml;q=0.9,image/webp,image/apng,*/*;q=0.8,application/signed-exchange;v=b3;q=0.9',
  'user-agent' => 'Mozilla/5.0 (Windows NT 6.1; Win64; x64) AppleWebKit/537.36 (KHTML, like Gecko) Chrome/79.0.3945.88 Safari/537.36',
  'upgrade-insecure-requests' => '1',
  'connection' => 'keep-alive',
  'host' => 'www.mangtuyou.com',
)
[ info ] [ PARAM ] array (
  '/admin/index/index_html' => '',
)
[ info ] [ SESSION ] INIT array (
  'id' => '',
  'var_session_id' => '',
  'prefix' => 'think',
  'type' => '',
  'auto_start' => true,
)
[ info ] [ DB ] INIT mysql
[ info ] [ RUN ] app\admin\controller\Index->index[ /www/wwwroot/www.mangtuyou.com/application/admin/controller/Index.php ]
[ info ] [ VIEW ] ./themes/admin/index/index.html [ array (
  0 => 'menu',
  1 => 'controller',
  2 => 'config',
) ]
[ info ] [ LOG ] INIT File
[ sql ] [ DB ] CONNECT:[ UseTime:0.000398s ] mysql:dbname=mangtoo;host=localhost;port=3306;charset=utf8
[ sql ] [ SQL ] SHOW COLUMNS FROM `os_auth_rule` [ RunTime:0.000980s ]
[ sql ] [ SQL ] SELECT * FROM `os_auth_rule` WHERE  `status` = 1 ORDER BY `sort`  DESC,`id`  ASC [ RunTime:0.000332s ]
[ sql ] [ SQL ] SHOW COLUMNS FROM `os_auth_group_access` [ RunTime:0.000782s ]
[ sql ] [ SQL ] SELECT `AuthGroupAccess`.`uid`,`AuthGroupAccess`.`group_id`,`AuthGroup`.`title`,`AuthGroup`.`rules` FROM `os_auth_group_access` `AuthGroupAccess` LEFT JOIN `os_auth_group` `AuthGroup` ON `AuthGroupAccess`.`group_id`=`AuthGroup`.`id` WHERE  (  AuthGroupAccess.uid='1' and AuthGroup.status='1' ) [ RunTime:0.000315s ]
[ sql ] [ SQL ] SELECT `condition`,`name` FROM `os_auth_rule` WHERE  `id` IN (1,2,3,73,74,5,6,7,8,9,10,11,12,39,40,41,42,43,14,13,20,21,22,23,24,15,25,26,27,28,29,30,16,17,44,45,46,47,48,18,49,50,51,52,53,19,31,32,33,34,35,36,37,54,55,58,59,60,61,62,56,64,65,66,67,57,68,69,70,71,72,63)  AND `type` = 1 [ RunTime:0.000467s ]
[ sql ] [ SQL ] SELECT VERSION() AS ver [ RunTime:0.000217s ]

---------------------------------------------------------------
[ 2019-12-27T10:08:30+08:00 ] 172.31.18.39 39.90.253.247 GET /admin/scenic/index.html
[ log ] www.mangtuyou.com/admin/scenic/index.html [运行时间：0.035828s][吞吐率：27.91req/s] [内存消耗：2,810.53kb] [文件加载：59]
[ info ] [ LANG ] /www/wwwroot/www.mangtuyou.com/thinkphp/lang/zh-cn.php
[ info ] [ ROUTE ] array (
  'type' => 'module',
  'module' => 
  array (
    0 => 'admin',
    1 => 'scenic',
    2 => 'index',
  ),
)
[ info ] [ HEADER ] array (
  'cookie' => 'PHPSESSID=nhppgd18f0ldpqckntb8pquqk3',
  'accept-language' => 'zh-CN,zh;q=0.9,en-GB;q=0.8,en;q=0.7',
  'accept-encoding' => 'gzip, deflate',
  'referer' => 'http://www.mangtuyou.com/admin/index/index.html',
  'accept' => 'text/html,application/xhtml+xml,application/xml;q=0.9,image/webp,image/apng,*/*;q=0.8,application/signed-exchange;v=b3;q=0.9',
  'user-agent' => 'Mozilla/5.0 (Windows NT 6.1; Win64; x64) AppleWebKit/537.36 (KHTML, like Gecko) Chrome/79.0.3945.88 Safari/537.36',
  'upgrade-insecure-requests' => '1',
  'connection' => 'keep-alive',
  'host' => 'www.mangtuyou.com',
)
[ info ] [ PARAM ] array (
  '/admin/scenic/index_html' => '',
)
[ info ] [ SESSION ] INIT array (
  'id' => '',
  'var_session_id' => '',
  'prefix' => 'think',
  'type' => '',
  'auto_start' => true,
)
[ info ] [ DB ] INIT mysql
[ info ] [ RUN ] app\admin\controller\Scenic->index[ /www/wwwroot/www.mangtuyou.com/application/admin/controller/Scenic.php ]
[ info ] [ VIEW ] ./themes/admin/scenic/index.html [ array (
  0 => 'menu',
  1 => 'controller',
  2 => 'data',
) ]
[ info ] [ LOG ] INIT File
[ sql ] [ DB ] CONNECT:[ UseTime:0.000399s ] mysql:dbname=mangtoo;host=localhost;port=3306;charset=utf8
[ sql ] [ SQL ] SHOW COLUMNS FROM `os_auth_group_access` [ RunTime:0.000740s ]
[ sql ] [ SQL ] SELECT `AuthGroupAccess`.`uid`,`AuthGroupAccess`.`group_id`,`AuthGroup`.`title`,`AuthGroup`.`rules` FROM `os_auth_group_access` `AuthGroupAccess` LEFT JOIN `os_auth_group` `AuthGroup` ON `AuthGroupAccess`.`group_id`=`AuthGroup`.`id` WHERE  (  AuthGroupAccess.uid='1' and AuthGroup.status='1' ) [ RunTime:0.000266s ]
[ sql ] [ SQL ] SHOW COLUMNS FROM `os_auth_rule` [ RunTime:0.000930s ]
[ sql ] [ SQL ] SELECT `condition`,`name` FROM `os_auth_rule` WHERE  `id` IN (1,2,3,73,74,5,6,7,8,9,10,11,12,39,40,41,42,43,14,13,20,21,22,23,24,15,25,26,27,28,29,30,16,17,44,45,46,47,48,18,49,50,51,52,53,19,31,32,33,34,35,36,37,54,55,58,59,60,61,62,56,64,65,66,67,57,68,69,70,71,72,63)  AND `type` = 1 [ RunTime:0.000475s ]
[ sql ] [ SQL ] SELECT * FROM `os_auth_rule` WHERE  `status` = 1 ORDER BY `sort`  DESC,`id`  ASC [ RunTime:0.000214s ]
[ sql ] [ SQL ] SHOW COLUMNS FROM `os_scenic` [ RunTime:0.001215s ]
[ sql ] [ SQL ] SELECT COUNT(*) AS tp_count FROM `os_scenic` `s` INNER JOIN `os_example` `c` ON `s`.`cid`=`c`.`id` LIMIT 1 [ RunTime:0.000246s ]
[ sql ] [ SQL ] SELECT c.name as cname,s.name as sname,`s`.`id`,`s`.`img`,`s`.`content`,`s`.`hits` FROM `os_scenic` `s` INNER JOIN `os_example` `c` ON `s`.`cid`=`c`.`id` ORDER BY `id`  DESC LIMIT 0,15 [ RunTime:0.000249s ]

---------------------------------------------------------------
[ 2019-12-27T13:03:24+08:00 ] 172.31.18.39 121.40.147.67 GET /
[ log ] www.mangtuyou.com/ [运行时间：0.020349s][吞吐率：49.14req/s] [内存消耗：2,230.63kb] [文件加载：51]
[ info ] [ LANG ] /www/wwwroot/www.mangtuyou.com/thinkphp/lang/zh-cn.php
[ info ] [ ROUTE ] array (
  'type' => 'module',
  'module' => 
  array (
    0 => '',
    1 => NULL,
    2 => NULL,
  ),
)
[ info ] [ HEADER ] array (
  'accept' => 'text/html,application/xhtml+xml,application/xml;q=0.9,image/webp,image/apng,*/*;q=0.8,application/signed-exchange;v=b3',
  'user-agent' => 'Mozilla/5.0 (Windows NT 10.0; Win64; x64) AppleWebKit/537.36 (KHTML, like Gecko) Chrome/74.0.3729.169 Safari/537.36',
  'accept-encoding' => 'identity',
  'host' => 'www.mangtuyou.com',
)
[ info ] [ PARAM ] array (
)
[ info ] [ DB ] INIT mysql
[ info ] [ LOG ] INIT File

---------------------------------------------------------------
[ 2019-12-27T13:51:06+08:00 ] 172.31.18.39 121.40.147.67 GET /
[ log ] www.mangtuyou.com/ [运行时间：0.019089s][吞吐率：52.39req/s] [内存消耗：2,230.63kb] [文件加载：51]
[ info ] [ LANG ] /www/wwwroot/www.mangtuyou.com/thinkphp/lang/zh-cn.php
[ info ] [ ROUTE ] array (
  'type' => 'module',
  'module' => 
  array (
    0 => '',
    1 => NULL,
    2 => NULL,
  ),
)
[ info ] [ HEADER ] array (
  'accept' => 'text/html,application/xhtml+xml,application/xml;q=0.9,image/webp,image/apng,*/*;q=0.8,application/signed-exchange;v=b3',
  'user-agent' => 'Mozilla/5.0 (Windows NT 10.0; Win64; x64) AppleWebKit/537.36 (KHTML, like Gecko) Chrome/74.0.3729.169 Safari/537.36',
  'accept-encoding' => 'identity',
  'host' => 'www.mangtuyou.com',
)
[ info ] [ PARAM ] array (
)
[ info ] [ DB ] INIT mysql
[ info ] [ LOG ] INIT File

---------------------------------------------------------------
[ 2019-12-27T15:39:16+08:00 ] 172.31.18.39 39.90.253.247 GET /admin
[ log ] www.mangtuyou.com/admin [运行时间：0.014013s][吞吐率：71.36req/s] [内存消耗：1,472.83kb] [文件加载：44]
[ info ] [ LANG ] /www/wwwroot/www.mangtuyou.com/thinkphp/lang/zh-cn.php
[ info ] [ ROUTE ] array (
  'type' => 'module',
  'module' => 
  array (
    0 => 'admin',
    1 => NULL,
    2 => NULL,
  ),
)
[ info ] [ HEADER ] array (
  'accept-language' => 'zh-CN,zh;q=0.9,en-GB;q=0.8,en;q=0.7',
  'accept-encoding' => 'gzip, deflate',
  'accept' => 'text/html,application/xhtml+xml,application/xml;q=0.9,image/webp,image/apng,*/*;q=0.8,application/signed-exchange;v=b3;q=0.9',
  'user-agent' => 'Mozilla/5.0 (Windows NT 6.1; Win64; x64) AppleWebKit/537.36 (KHTML, like Gecko) Chrome/79.0.3945.88 Safari/537.36',
  'upgrade-insecure-requests' => '1',
  'connection' => 'keep-alive',
  'host' => 'www.mangtuyou.com',
)
[ info ] [ PARAM ] array (
  '/admin' => '',
)
[ info ] [ SESSION ] INIT array (
  'id' => '',
  'var_session_id' => '',
  'prefix' => 'think',
  'type' => '',
  'auto_start' => true,
)
[ info ] [ LOG ] INIT File

---------------------------------------------------------------
[ 2019-12-27T15:39:16+08:00 ] 172.31.18.39 39.90.253.247 GET /admin/login/index.html
[ log ] www.mangtuyou.com/admin/login/index.html [运行时间：0.014680s][吞吐率：68.12req/s] [内存消耗：1,503.77kb] [文件加载：45]
[ info ] [ LANG ] /www/wwwroot/www.mangtuyou.com/thinkphp/lang/zh-cn.php
[ info ] [ ROUTE ] array (
  'type' => 'module',
  'module' => 
  array (
    0 => 'admin',
    1 => 'login',
    2 => 'index',
  ),
)
[ info ] [ HEADER ] array (
  'cookie' => 'PHPSESSID=0eodkcmbbfg0na27njl7ar0s46',
  'accept-language' => 'zh-CN,zh;q=0.9,en-GB;q=0.8,en;q=0.7',
  'accept-encoding' => 'gzip, deflate',
  'accept' => 'text/html,application/xhtml+xml,application/xml;q=0.9,image/webp,image/apng,*/*;q=0.8,application/signed-exchange;v=b3;q=0.9',
  'user-agent' => 'Mozilla/5.0 (Windows NT 6.1; Win64; x64) AppleWebKit/537.36 (KHTML, like Gecko) Chrome/79.0.3945.88 Safari/537.36',
  'upgrade-insecure-requests' => '1',
  'connection' => 'keep-alive',
  'host' => 'www.mangtuyou.com',
)
[ info ] [ PARAM ] array (
  '/admin/login/index_html' => '',
)
[ info ] [ RUN ] app\admin\controller\Login->index[ /www/wwwroot/www.mangtuyou.com/application/admin/controller/Login.php ]
[ info ] [ VIEW ] ./themes/admin/login/index.html [ array (
) ]
[ info ] [ LOG ] INIT File

---------------------------------------------------------------
[ 2019-12-27T15:39:17+08:00 ] 172.31.18.39 39.90.253.247 GET /favicon.ico
[ log ] www.mangtuyou.com/favicon.ico [运行时间：0.013508s][吞吐率：74.03req/s] [内存消耗：1,202.49kb] [文件加载：38]
[ info ] [ LANG ] /www/wwwroot/www.mangtuyou.com/thinkphp/lang/zh-cn.php
[ info ] [ ROUTE ] array (
  'type' => 'module',
  'module' => 
  array (
    0 => 'favicon.ico',
    1 => NULL,
    2 => NULL,
  ),
)
[ info ] [ HEADER ] array (
  'cookie' => 'PHPSESSID=0eodkcmbbfg0na27njl7ar0s46',
  'accept-language' => 'zh-CN,zh;q=0.9,en-GB;q=0.8,en;q=0.7',
  'accept-encoding' => 'gzip, deflate',
  'referer' => 'http://www.mangtuyou.com/admin/login/index.html',
  'accept' => 'image/webp,image/apng,image/*,*/*;q=0.8',
  'user-agent' => 'Mozilla/5.0 (Windows NT 6.1; Win64; x64) AppleWebKit/537.36 (KHTML, like Gecko) Chrome/79.0.3945.88 Safari/537.36',
  'connection' => 'keep-alive',
  'host' => 'www.mangtuyou.com',
)
[ info ] [ PARAM ] array (
  '/favicon_ico' => '',
)
[ info ] [ LOG ] INIT File

---------------------------------------------------------------
[ 2019-12-27T15:39:23+08:00 ] 172.31.18.39 39.90.253.247 POST /admin/login/login.html
[ log ] www.mangtuyou.com/admin/login/login.html [运行时间：0.022455s][吞吐率：44.53req/s] [内存消耗：2,166.05kb] [文件加载：53]
[ info ] [ LANG ] /www/wwwroot/www.mangtuyou.com/thinkphp/lang/zh-cn.php
[ info ] [ ROUTE ] array (
  'type' => 'module',
  'module' => 
  array (
    0 => 'admin',
    1 => 'login',
    2 => 'login',
  ),
)
[ info ] [ HEADER ] array (
  'cookie' => 'thinkphp_show_page_trace=0|0; PHPSESSID=0eodkcmbbfg0na27njl7ar0s46',
  'accept-language' => 'zh-CN,zh;q=0.9,en-GB;q=0.8,en;q=0.7',
  'accept-encoding' => 'gzip, deflate',
  'referer' => 'http://www.mangtuyou.com/admin/login/index.html',
  'user-agent' => 'Mozilla/5.0 (Windows NT 6.1; Win64; x64) AppleWebKit/537.36 (KHTML, like Gecko) Chrome/79.0.3945.88 Safari/537.36',
  'x-requested-with' => 'XMLHttpRequest',
  'origin' => 'http://www.mangtuyou.com',
  'accept' => 'application/json, text/javascript, */*; q=0.01',
  'connection' => 'keep-alive',
  'host' => 'www.mangtuyou.com',
  'content-type' => 'application/x-www-form-urlencoded; charset=UTF-8',
  'content-length' => '29',
)
[ info ] [ PARAM ] array (
  '/admin/login/login_html' => '',
  'username' => 'admin',
  'password' => 'admin',
)
[ info ] [ RUN ] app\admin\controller\Login->login[ /www/wwwroot/www.mangtuyou.com/application/admin/controller/Login.php ]
[ info ] [ DB ] INIT mysql
[ info ] [ SESSION ] INIT array (
  'id' => '',
  'var_session_id' => '',
  'prefix' => 'think',
  'type' => '',
  'auto_start' => true,
)
[ info ] [ CACHE ] INIT File
[ info ] [ LOG ] INIT File
[ sql ] [ DB ] CONNECT:[ UseTime:0.000400s ] mysql:dbname=mangtoo;host=localhost;port=3306;charset=utf8
[ sql ] [ SQL ] SHOW COLUMNS FROM `os_admin_user` [ RunTime:0.000946s ]
[ sql ] [ SQL ] SELECT `id`,`username`,`status` FROM `os_admin_user` WHERE  `username` = 'admin'  AND `password` = '0dfc7612f607db6c17fd99388e9e5f9c' LIMIT 1 [ RunTime:0.000381s ]
[ sql ] [ SQL ] UPDATE `os_admin_user`  SET `last_login_time`='2019-12-27 15:39:23',`last_login_ip`='39.90.253.247'  WHERE  `id` = 1 [ RunTime:0.000371s ]

---------------------------------------------------------------
[ 2019-12-27T15:39:24+08:00 ] 172.31.18.39 39.90.253.247 GET /admin/index/index.html
[ log ] www.mangtuyou.com/admin/index/index.html [运行时间：0.026714s][吞吐率：37.43req/s] [内存消耗：2,204.67kb] [文件加载：52]
[ info ] [ LANG ] /www/wwwroot/www.mangtuyou.com/thinkphp/lang/zh-cn.php
[ info ] [ ROUTE ] array (
  'type' => 'module',
  'module' => 
  array (
    0 => 'admin',
    1 => 'index',
    2 => 'index',
  ),
)
[ info ] [ HEADER ] array (
  'cookie' => 'PHPSESSID=0eodkcmbbfg0na27njl7ar0s46',
  'accept-language' => 'zh-CN,zh;q=0.9,en-GB;q=0.8,en;q=0.7',
  'accept-encoding' => 'gzip, deflate',
  'referer' => 'http://www.mangtuyou.com/admin/login/index.html',
  'accept' => 'text/html,application/xhtml+xml,application/xml;q=0.9,image/webp,image/apng,*/*;q=0.8,application/signed-exchange;v=b3;q=0.9',
  'user-agent' => 'Mozilla/5.0 (Windows NT 6.1; Win64; x64) AppleWebKit/537.36 (KHTML, like Gecko) Chrome/79.0.3945.88 Safari/537.36',
  'upgrade-insecure-requests' => '1',
  'connection' => 'keep-alive',
  'host' => 'www.mangtuyou.com',
)
[ info ] [ PARAM ] array (
  '/admin/index/index_html' => '',
)
[ info ] [ SESSION ] INIT array (
  'id' => '',
  'var_session_id' => '',
  'prefix' => 'think',
  'type' => '',
  'auto_start' => true,
)
[ info ] [ DB ] INIT mysql
[ info ] [ RUN ] app\admin\controller\Index->index[ /www/wwwroot/www.mangtuyou.com/application/admin/controller/Index.php ]
[ info ] [ VIEW ] ./themes/admin/index/index.html [ array (
  0 => 'menu',
  1 => 'controller',
  2 => 'config',
) ]
[ info ] [ LOG ] INIT File
[ sql ] [ DB ] CONNECT:[ UseTime:0.000352s ] mysql:dbname=mangtoo;host=localhost;port=3306;charset=utf8
[ sql ] [ SQL ] SHOW COLUMNS FROM `os_auth_rule` [ RunTime:0.000776s ]
[ sql ] [ SQL ] SELECT * FROM `os_auth_rule` WHERE  `status` = 1 ORDER BY `sort`  DESC,`id`  ASC [ RunTime:0.000336s ]
[ sql ] [ SQL ] SHOW COLUMNS FROM `os_auth_group_access` [ RunTime:0.000515s ]
[ sql ] [ SQL ] SELECT `AuthGroupAccess`.`uid`,`AuthGroupAccess`.`group_id`,`AuthGroup`.`title`,`AuthGroup`.`rules` FROM `os_auth_group_access` `AuthGroupAccess` LEFT JOIN `os_auth_group` `AuthGroup` ON `AuthGroupAccess`.`group_id`=`AuthGroup`.`id` WHERE  (  AuthGroupAccess.uid='1' and AuthGroup.status='1' ) [ RunTime:0.000195s ]
[ sql ] [ SQL ] SELECT `condition`,`name` FROM `os_auth_rule` WHERE  `id` IN (1,2,3,73,74,5,6,7,8,9,10,11,12,39,40,41,42,43,14,13,20,21,22,23,24,15,25,26,27,28,29,30,16,17,44,45,46,47,48,18,49,50,51,52,53,19,31,32,33,34,35,36,37,54,55,58,59,60,61,62,56,64,65,66,67,57,68,69,70,71,72,63)  AND `type` = 1 [ RunTime:0.000448s ]
[ sql ] [ SQL ] SELECT VERSION() AS ver [ RunTime:0.000216s ]

---------------------------------------------------------------
[ 2019-12-27T15:39:27+08:00 ] 172.31.18.39 39.90.253.247 GET /admin/spot/add.html
[ log ] www.mangtuyou.com/admin/spot/add.html [运行时间：0.028805s][吞吐率：34.72req/s] [内存消耗：2,459.70kb] [文件加载：54]
[ info ] [ LANG ] /www/wwwroot/www.mangtuyou.com/thinkphp/lang/zh-cn.php
[ info ] [ ROUTE ] array (
  'type' => 'module',
  'module' => 
  array (
    0 => 'admin',
    1 => 'spot',
    2 => 'add',
  ),
)
[ info ] [ HEADER ] array (
  'cookie' => 'PHPSESSID=0eodkcmbbfg0na27njl7ar0s46',
  'accept-language' => 'zh-CN,zh;q=0.9,en-GB;q=0.8,en;q=0.7',
  'accept-encoding' => 'gzip, deflate',
  'referer' => 'http://www.mangtuyou.com/admin/index/index.html',
  'accept' => 'text/html,application/xhtml+xml,application/xml;q=0.9,image/webp,image/apng,*/*;q=0.8,application/signed-exchange;v=b3;q=0.9',
  'user-agent' => 'Mozilla/5.0 (Windows NT 6.1; Win64; x64) AppleWebKit/537.36 (KHTML, like Gecko) Chrome/79.0.3945.88 Safari/537.36',
  'upgrade-insecure-requests' => '1',
  'connection' => 'keep-alive',
  'host' => 'www.mangtuyou.com',
)
[ info ] [ PARAM ] array (
  '/admin/spot/add_html' => '',
)
[ info ] [ SESSION ] INIT array (
  'id' => '',
  'var_session_id' => '',
  'prefix' => 'think',
  'type' => '',
  'auto_start' => true,
)
[ info ] [ DB ] INIT mysql
[ info ] [ RUN ] app\admin\controller\Spot->add[ /www/wwwroot/www.mangtuyou.com/application/admin/controller/Spot.php ]
[ info ] [ VIEW ] ./themes/admin/spot/add.html [ array (
  0 => 'menu',
  1 => 'controller',
  2 => 'example',
) ]
[ info ] [ LOG ] INIT File
[ sql ] [ DB ] CONNECT:[ UseTime:0.000319s ] mysql:dbname=mangtoo;host=localhost;port=3306;charset=utf8
[ sql ] [ SQL ] SHOW COLUMNS FROM `os_auth_group_access` [ RunTime:0.000697s ]
[ sql ] [ SQL ] SELECT `AuthGroupAccess`.`uid`,`AuthGroupAccess`.`group_id`,`AuthGroup`.`title`,`AuthGroup`.`rules` FROM `os_auth_group_access` `AuthGroupAccess` LEFT JOIN `os_auth_group` `AuthGroup` ON `AuthGroupAccess`.`group_id`=`AuthGroup`.`id` WHERE  (  AuthGroupAccess.uid='1' and AuthGroup.status='1' ) [ RunTime:0.000215s ]
[ sql ] [ SQL ] SHOW COLUMNS FROM `os_auth_rule` [ RunTime:0.000534s ]
[ sql ] [ SQL ] SELECT `condition`,`name` FROM `os_auth_rule` WHERE  `id` IN (1,2,3,73,74,5,6,7,8,9,10,11,12,39,40,41,42,43,14,13,20,21,22,23,24,15,25,26,27,28,29,30,16,17,44,45,46,47,48,18,49,50,51,52,53,19,31,32,33,34,35,36,37,54,55,58,59,60,61,62,56,64,65,66,67,57,68,69,70,71,72,63)  AND `type` = 1 [ RunTime:0.000604s ]
[ sql ] [ SQL ] SELECT * FROM `os_auth_rule` WHERE  `status` = 1 ORDER BY `sort`  DESC,`id`  ASC [ RunTime:0.000317s ]
[ sql ] [ SQL ] SHOW COLUMNS FROM `os_example` [ RunTime:0.000755s ]
[ sql ] [ SQL ] SELECT * FROM `os_example` [ RunTime:0.000178s ]

---------------------------------------------------------------
[ 2019-12-27T15:39:27+08:00 ] 172.31.18.39 39.90.253.247 GET /api/ueditor/index?action=config&&noCache=1577432374177
[ log ] www.mangtuyou.com/api/ueditor/index?action=config&&noCache=1577432374177 [运行时间：0.012198s][吞吐率：81.98req/s] [内存消耗：1,379.14kb] [文件加载：41]
[ info ] [ LANG ] /www/wwwroot/www.mangtuyou.com/thinkphp/lang/zh-cn.php
[ info ] [ ROUTE ] array (
  'type' => 'module',
  'module' => 
  array (
    0 => 'api',
    1 => 'ueditor',
    2 => 'index',
  ),
)
[ info ] [ HEADER ] array (
  'cookie' => 'PHPSESSID=0eodkcmbbfg0na27njl7ar0s46',
  'accept-language' => 'zh-CN,zh;q=0.9,en-GB;q=0.8,en;q=0.7',
  'accept-encoding' => 'gzip, deflate',
  'referer' => 'http://www.mangtuyou.com/admin/spot/add.html',
  'accept' => '*/*',
  'user-agent' => 'Mozilla/5.0 (Windows NT 6.1; Win64; x64) AppleWebKit/537.36 (KHTML, like Gecko) Chrome/79.0.3945.88 Safari/537.36',
  'connection' => 'keep-alive',
  'host' => 'www.mangtuyou.com',
)
[ info ] [ PARAM ] array (
  '/api/ueditor/index' => '',
  'action' => 'config',
  'noCache' => '1577432374177',
)
[ info ] [ SESSION ] INIT array (
  'id' => '',
  'var_session_id' => '',
  'prefix' => 'think',
  'type' => '',
  'auto_start' => true,
)
[ info ] [ RUN ] app\api\controller\Ueditor->index[ /www/wwwroot/www.mangtuyou.com/application/api/controller/Ueditor.php ]
[ info ] [ LOG ] INIT File

---------------------------------------------------------------
[ 2019-12-27T15:39:27+08:00 ] 172.31.18.39 39.90.253.247 GET /api/ueditor/index?action=config&&noCache=1577432374177
[ log ] www.mangtuyou.com/api/ueditor/index?action=config&&noCache=1577432374177 [运行时间：0.015890s][吞吐率：62.93req/s] [内存消耗：1,379.14kb] [文件加载：41]
[ info ] [ LANG ] /www/wwwroot/www.mangtuyou.com/thinkphp/lang/zh-cn.php
[ info ] [ ROUTE ] array (
  'type' => 'module',
  'module' => 
  array (
    0 => 'api',
    1 => 'ueditor',
    2 => 'index',
  ),
)
[ info ] [ HEADER ] array (
  'cookie' => 'PHPSESSID=0eodkcmbbfg0na27njl7ar0s46',
  'accept-language' => 'zh-CN,zh;q=0.9,en-GB;q=0.8,en;q=0.7',
  'accept-encoding' => 'gzip, deflate',
  'referer' => 'http://www.mangtuyou.com/admin/spot/add.html',
  'accept' => '*/*',
  'user-agent' => 'Mozilla/5.0 (Windows NT 6.1; Win64; x64) AppleWebKit/537.36 (KHTML, like Gecko) Chrome/79.0.3945.88 Safari/537.36',
  'connection' => 'keep-alive',
  'host' => 'www.mangtuyou.com',
)
[ info ] [ PARAM ] array (
  '/api/ueditor/index' => '',
  'action' => 'config',
  'noCache' => '1577432374177',
)
[ info ] [ SESSION ] INIT array (
  'id' => '',
  'var_session_id' => '',
  'prefix' => 'think',
  'type' => '',
  'auto_start' => true,
)
[ info ] [ RUN ] app\api\controller\Ueditor->index[ /www/wwwroot/www.mangtuyou.com/application/api/controller/Ueditor.php ]
[ info ] [ LOG ] INIT File

---------------------------------------------------------------
[ 2019-12-27T15:39:29+08:00 ] 172.31.18.39 39.90.253.247 GET /admin/scenic/index.html
[ log ] www.mangtuyou.com/admin/scenic/index.html [运行时间：0.032874s][吞吐率：30.42req/s] [内存消耗：2,644.26kb] [文件加载：57]
[ info ] [ LANG ] /www/wwwroot/www.mangtuyou.com/thinkphp/lang/zh-cn.php
[ info ] [ ROUTE ] array (
  'type' => 'module',
  'module' => 
  array (
    0 => 'admin',
    1 => 'scenic',
    2 => 'index',
  ),
)
[ info ] [ HEADER ] array (
  'cookie' => 'PHPSESSID=0eodkcmbbfg0na27njl7ar0s46',
  'accept-language' => 'zh-CN,zh;q=0.9,en-GB;q=0.8,en;q=0.7',
  'accept-encoding' => 'gzip, deflate',
  'referer' => 'http://www.mangtuyou.com/admin/spot/add.html',
  'accept' => 'text/html,application/xhtml+xml,application/xml;q=0.9,image/webp,image/apng,*/*;q=0.8,application/signed-exchange;v=b3;q=0.9',
  'user-agent' => 'Mozilla/5.0 (Windows NT 6.1; Win64; x64) AppleWebKit/537.36 (KHTML, like Gecko) Chrome/79.0.3945.88 Safari/537.36',
  'upgrade-insecure-requests' => '1',
  'connection' => 'keep-alive',
  'host' => 'www.mangtuyou.com',
)
[ info ] [ PARAM ] array (
  '/admin/scenic/index_html' => '',
)
[ info ] [ SESSION ] INIT array (
  'id' => '',
  'var_session_id' => '',
  'prefix' => 'think',
  'type' => '',
  'auto_start' => true,
)
[ info ] [ DB ] INIT mysql
[ info ] [ RUN ] app\admin\controller\Scenic->index[ /www/wwwroot/www.mangtuyou.com/application/admin/controller/Scenic.php ]
[ info ] [ VIEW ] ./themes/admin/scenic/index.html [ array (
  0 => 'menu',
  1 => 'controller',
  2 => 'data',
) ]
[ info ] [ LOG ] INIT File
[ sql ] [ DB ] CONNECT:[ UseTime:0.000478s ] mysql:dbname=mangtoo;host=localhost;port=3306;charset=utf8
[ sql ] [ SQL ] SHOW COLUMNS FROM `os_auth_group_access` [ RunTime:0.000907s ]
[ sql ] [ SQL ] SELECT `AuthGroupAccess`.`uid`,`AuthGroupAccess`.`group_id`,`AuthGroup`.`title`,`AuthGroup`.`rules` FROM `os_auth_group_access` `AuthGroupAccess` LEFT JOIN `os_auth_group` `AuthGroup` ON `AuthGroupAccess`.`group_id`=`AuthGroup`.`id` WHERE  (  AuthGroupAccess.uid='1' and AuthGroup.status='1' ) [ RunTime:0.000477s ]
[ sql ] [ SQL ] SHOW COLUMNS FROM `os_auth_rule` [ RunTime:0.000593s ]
[ sql ] [ SQL ] SELECT `condition`,`name` FROM `os_auth_rule` WHERE  `id` IN (1,2,3,73,74,5,6,7,8,9,10,11,12,39,40,41,42,43,14,13,20,21,22,23,24,15,25,26,27,28,29,30,16,17,44,45,46,47,48,18,49,50,51,52,53,19,31,32,33,34,35,36,37,54,55,58,59,60,61,62,56,64,65,66,67,57,68,69,70,71,72,63)  AND `type` = 1 [ RunTime:0.000526s ]
[ sql ] [ SQL ] SELECT * FROM `os_auth_rule` WHERE  `status` = 1 ORDER BY `sort`  DESC,`id`  ASC [ RunTime:0.000286s ]
[ sql ] [ SQL ] SHOW COLUMNS FROM `os_scenic` [ RunTime:0.000914s ]
[ sql ] [ SQL ] SELECT COUNT(*) AS tp_count FROM `os_scenic` `s` INNER JOIN `os_example` `c` ON `s`.`cid`=`c`.`id` LIMIT 1 [ RunTime:0.000196s ]
[ sql ] [ SQL ] SELECT c.name as cname,s.name as sname,`s`.`id`,`s`.`img`,`s`.`content`,`s`.`hits` FROM `os_scenic` `s` INNER JOIN `os_example` `c` ON `s`.`cid`=`c`.`id` ORDER BY `id`  DESC LIMIT 0,15 [ RunTime:0.000250s ]

---------------------------------------------------------------
[ 2019-12-27T15:39:31+08:00 ] 172.31.18.39 39.90.253.247 GET /admin/spot/add.html
[ log ] www.mangtuyou.com/admin/spot/add.html [运行时间：0.029567s][吞吐率：33.82req/s] [内存消耗：2,459.70kb] [文件加载：54]
[ info ] [ LANG ] /www/wwwroot/www.mangtuyou.com/thinkphp/lang/zh-cn.php
[ info ] [ ROUTE ] array (
  'type' => 'module',
  'module' => 
  array (
    0 => 'admin',
    1 => 'spot',
    2 => 'add',
  ),
)
[ info ] [ HEADER ] array (
  'cookie' => 'thinkphp_show_page_trace=0|0; PHPSESSID=0eodkcmbbfg0na27njl7ar0s46',
  'accept-language' => 'zh-CN,zh;q=0.9,en-GB;q=0.8,en;q=0.7',
  'accept-encoding' => 'gzip, deflate',
  'referer' => 'http://www.mangtuyou.com/admin/scenic/index.html',
  'accept' => 'text/html,application/xhtml+xml,application/xml;q=0.9,image/webp,image/apng,*/*;q=0.8,application/signed-exchange;v=b3;q=0.9',
  'user-agent' => 'Mozilla/5.0 (Windows NT 6.1; Win64; x64) AppleWebKit/537.36 (KHTML, like Gecko) Chrome/79.0.3945.88 Safari/537.36',
  'upgrade-insecure-requests' => '1',
  'connection' => 'keep-alive',
  'host' => 'www.mangtuyou.com',
)
[ info ] [ PARAM ] array (
  '/admin/spot/add_html' => '',
)
[ info ] [ SESSION ] INIT array (
  'id' => '',
  'var_session_id' => '',
  'prefix' => 'think',
  'type' => '',
  'auto_start' => true,
)
[ info ] [ DB ] INIT mysql
[ info ] [ RUN ] app\admin\controller\Spot->add[ /www/wwwroot/www.mangtuyou.com/application/admin/controller/Spot.php ]
[ info ] [ VIEW ] ./themes/admin/spot/add.html [ array (
  0 => 'menu',
  1 => 'controller',
  2 => 'example',
) ]
[ info ] [ LOG ] INIT File
[ sql ] [ DB ] CONNECT:[ UseTime:0.000397s ] mysql:dbname=mangtoo;host=localhost;port=3306;charset=utf8
[ sql ] [ SQL ] SHOW COLUMNS FROM `os_auth_group_access` [ RunTime:0.000830s ]
[ sql ] [ SQL ] SELECT `AuthGroupAccess`.`uid`,`AuthGroupAccess`.`group_id`,`AuthGroup`.`title`,`AuthGroup`.`rules` FROM `os_auth_group_access` `AuthGroupAccess` LEFT JOIN `os_auth_group` `AuthGroup` ON `AuthGroupAccess`.`group_id`=`AuthGroup`.`id` WHERE  (  AuthGroupAccess.uid='1' and AuthGroup.status='1' ) [ RunTime:0.000216s ]
[ sql ] [ SQL ] SHOW COLUMNS FROM `os_auth_rule` [ RunTime:0.000573s ]
[ sql ] [ SQL ] SELECT `condition`,`name` FROM `os_auth_rule` WHERE  `id` IN (1,2,3,73,74,5,6,7,8,9,10,11,12,39,40,41,42,43,14,13,20,21,22,23,24,15,25,26,27,28,29,30,16,17,44,45,46,47,48,18,49,50,51,52,53,19,31,32,33,34,35,36,37,54,55,58,59,60,61,62,56,64,65,66,67,57,68,69,70,71,72,63)  AND `type` = 1 [ RunTime:0.000573s ]
[ sql ] [ SQL ] SELECT * FROM `os_auth_rule` WHERE  `status` = 1 ORDER BY `sort`  DESC,`id`  ASC [ RunTime:0.000226s ]
[ sql ] [ SQL ] SHOW COLUMNS FROM `os_example` [ RunTime:0.000942s ]
[ sql ] [ SQL ] SELECT * FROM `os_example` [ RunTime:0.000238s ]

---------------------------------------------------------------
[ 2019-12-27T15:39:31+08:00 ] 172.31.18.39 39.90.253.247 GET /api/ueditor/index?action=config&&noCache=1577432378056
[ log ] www.mangtuyou.com/api/ueditor/index?action=config&&noCache=1577432378056 [运行时间：0.014553s][吞吐率：68.71req/s] [内存消耗：1,379.14kb] [文件加载：41]
[ info ] [ LANG ] /www/wwwroot/www.mangtuyou.com/thinkphp/lang/zh-cn.php
[ info ] [ ROUTE ] array (
  'type' => 'module',
  'module' => 
  array (
    0 => 'api',
    1 => 'ueditor',
    2 => 'index',
  ),
)
[ info ] [ HEADER ] array (
  'cookie' => 'PHPSESSID=0eodkcmbbfg0na27njl7ar0s46',
  'accept-language' => 'zh-CN,zh;q=0.9,en-GB;q=0.8,en;q=0.7',
  'accept-encoding' => 'gzip, deflate',
  'referer' => 'http://www.mangtuyou.com/admin/spot/add.html',
  'accept' => '*/*',
  'user-agent' => 'Mozilla/5.0 (Windows NT 6.1; Win64; x64) AppleWebKit/537.36 (KHTML, like Gecko) Chrome/79.0.3945.88 Safari/537.36',
  'connection' => 'keep-alive',
  'host' => 'www.mangtuyou.com',
)
[ info ] [ PARAM ] array (
  '/api/ueditor/index' => '',
  'action' => 'config',
  'noCache' => '1577432378056',
)
[ info ] [ SESSION ] INIT array (
  'id' => '',
  'var_session_id' => '',
  'prefix' => 'think',
  'type' => '',
  'auto_start' => true,
)
[ info ] [ RUN ] app\api\controller\Ueditor->index[ /www/wwwroot/www.mangtuyou.com/application/api/controller/Ueditor.php ]
[ info ] [ LOG ] INIT File

---------------------------------------------------------------
[ 2019-12-27T15:39:31+08:00 ] 172.31.18.39 39.90.253.247 GET /api/ueditor/index?action=config&&noCache=1577432378057
[ log ] www.mangtuyou.com/api/ueditor/index?action=config&&noCache=1577432378057 [运行时间：0.014167s][吞吐率：70.59req/s] [内存消耗：1,379.14kb] [文件加载：41]
[ info ] [ LANG ] /www/wwwroot/www.mangtuyou.com/thinkphp/lang/zh-cn.php
[ info ] [ ROUTE ] array (
  'type' => 'module',
  'module' => 
  array (
    0 => 'api',
    1 => 'ueditor',
    2 => 'index',
  ),
)
[ info ] [ HEADER ] array (
  'cookie' => 'PHPSESSID=0eodkcmbbfg0na27njl7ar0s46',
  'accept-language' => 'zh-CN,zh;q=0.9,en-GB;q=0.8,en;q=0.7',
  'accept-encoding' => 'gzip, deflate',
  'referer' => 'http://www.mangtuyou.com/admin/spot/add.html',
  'accept' => '*/*',
  'user-agent' => 'Mozilla/5.0 (Windows NT 6.1; Win64; x64) AppleWebKit/537.36 (KHTML, like Gecko) Chrome/79.0.3945.88 Safari/537.36',
  'connection' => 'keep-alive',
  'host' => 'www.mangtuyou.com',
)
[ info ] [ PARAM ] array (
  '/api/ueditor/index' => '',
  'action' => 'config',
  'noCache' => '1577432378057',
)
[ info ] [ SESSION ] INIT array (
  'id' => '',
  'var_session_id' => '',
  'prefix' => 'think',
  'type' => '',
  'auto_start' => true,
)
[ info ] [ RUN ] app\api\controller\Ueditor->index[ /www/wwwroot/www.mangtuyou.com/application/api/controller/Ueditor.php ]
[ info ] [ LOG ] INIT File

---------------------------------------------------------------
[ 2019-12-27T15:39:35+08:00 ] 172.31.18.39 39.90.253.247 GET /api/ueditor/index?action=listimage&start=0&size=20&noCache=1577432381449
[ log ] www.mangtuyou.com/api/ueditor/index?action=listimage&start=0&size=20&noCache=1577432381449 [运行时间：0.016061s][吞吐率：62.26req/s] [内存消耗：1,379.46kb] [文件加载：41]
[ info ] [ LANG ] /www/wwwroot/www.mangtuyou.com/thinkphp/lang/zh-cn.php
[ info ] [ ROUTE ] array (
  'type' => 'module',
  'module' => 
  array (
    0 => 'api',
    1 => 'ueditor',
    2 => 'index',
  ),
)
[ info ] [ HEADER ] array (
  'cookie' => 'PHPSESSID=0eodkcmbbfg0na27njl7ar0s46',
  'accept-language' => 'zh-CN,zh;q=0.9,en-GB;q=0.8,en;q=0.7',
  'accept-encoding' => 'gzip, deflate',
  'referer' => 'http://www.mangtuyou.com/admin/spot/add.html',
  'accept' => '*/*',
  'user-agent' => 'Mozilla/5.0 (Windows NT 6.1; Win64; x64) AppleWebKit/537.36 (KHTML, like Gecko) Chrome/79.0.3945.88 Safari/537.36',
  'connection' => 'keep-alive',
  'host' => 'www.mangtuyou.com',
)
[ info ] [ PARAM ] array (
  '/api/ueditor/index' => '',
  'action' => 'listimage',
  'start' => '0',
  'size' => '20',
  'noCache' => '1577432381449',
)
[ info ] [ SESSION ] INIT array (
  'id' => '',
  'var_session_id' => '',
  'prefix' => 'think',
  'type' => '',
  'auto_start' => true,
)
[ info ] [ RUN ] app\api\controller\Ueditor->index[ /www/wwwroot/www.mangtuyou.com/application/api/controller/Ueditor.php ]
[ info ] [ LOG ] INIT File

---------------------------------------------------------------
[ 2019-12-27T15:40:03+08:00 ] 172.31.18.39 39.90.253.247 GET /api/ueditor/index?action=listimage&start=0&size=20&noCache=1577432409579
[ log ] www.mangtuyou.com/api/ueditor/index?action=listimage&start=0&size=20&noCache=1577432409579 [运行时间：0.016140s][吞吐率：61.96req/s] [内存消耗：1,379.46kb] [文件加载：41]
[ info ] [ LANG ] /www/wwwroot/www.mangtuyou.com/thinkphp/lang/zh-cn.php
[ info ] [ ROUTE ] array (
  'type' => 'module',
  'module' => 
  array (
    0 => 'api',
    1 => 'ueditor',
    2 => 'index',
  ),
)
[ info ] [ HEADER ] array (
  'cookie' => 'PHPSESSID=0eodkcmbbfg0na27njl7ar0s46',
  'accept-language' => 'zh-CN,zh;q=0.9,en-GB;q=0.8,en;q=0.7',
  'accept-encoding' => 'gzip, deflate',
  'referer' => 'http://www.mangtuyou.com/admin/spot/add.html',
  'accept' => '*/*',
  'user-agent' => 'Mozilla/5.0 (Windows NT 6.1; Win64; x64) AppleWebKit/537.36 (KHTML, like Gecko) Chrome/79.0.3945.88 Safari/537.36',
  'connection' => 'keep-alive',
  'host' => 'www.mangtuyou.com',
)
[ info ] [ PARAM ] array (
  '/api/ueditor/index' => '',
  'action' => 'listimage',
  'start' => '0',
  'size' => '20',
  'noCache' => '1577432409579',
)
[ info ] [ SESSION ] INIT array (
  'id' => '',
  'var_session_id' => '',
  'prefix' => 'think',
  'type' => '',
  'auto_start' => true,
)
[ info ] [ RUN ] app\api\controller\Ueditor->index[ /www/wwwroot/www.mangtuyou.com/application/api/controller/Ueditor.php ]
[ info ] [ LOG ] INIT File

---------------------------------------------------------------
[ 2019-12-27T16:33:52+08:00 ] 172.31.18.39 39.90.253.247 GET /admin/spot/add.html
[ log ] www.mangtuyou.com/admin/spot/add.html [运行时间：0.029446s][吞吐率：33.96req/s] [内存消耗：2,459.73kb] [文件加载：54]
[ info ] [ LANG ] /www/wwwroot/www.mangtuyou.com/thinkphp/lang/zh-cn.php
[ info ] [ ROUTE ] array (
  'type' => 'module',
  'module' => 
  array (
    0 => 'admin',
    1 => 'spot',
    2 => 'add',
  ),
)
[ info ] [ HEADER ] array (
  'cookie' => 'thinkphp_show_page_trace=0|0; PHPSESSID=0eodkcmbbfg0na27njl7ar0s46',
  'accept-language' => 'zh-CN,zh;q=0.9,en-GB;q=0.8,en;q=0.7',
  'accept-encoding' => 'gzip, deflate',
  'referer' => 'http://www.mangtuyou.com/admin/scenic/index.html',
  'accept' => 'text/html,application/xhtml+xml,application/xml;q=0.9,image/webp,image/apng,*/*;q=0.8,application/signed-exchange;v=b3;q=0.9',
  'user-agent' => 'Mozilla/5.0 (Windows NT 6.1; Win64; x64) AppleWebKit/537.36 (KHTML, like Gecko) Chrome/79.0.3945.88 Safari/537.36',
  'upgrade-insecure-requests' => '1',
  'cache-control' => 'max-age=0',
  'connection' => 'keep-alive',
  'host' => 'www.mangtuyou.com',
)
[ info ] [ PARAM ] array (
  '/admin/spot/add_html' => '',
)
[ info ] [ SESSION ] INIT array (
  'id' => '',
  'var_session_id' => '',
  'prefix' => 'think',
  'type' => '',
  'auto_start' => true,
)
[ info ] [ DB ] INIT mysql
[ info ] [ RUN ] app\admin\controller\Spot->add[ /www/wwwroot/www.mangtuyou.com/application/admin/controller/Spot.php ]
[ info ] [ VIEW ] ./themes/admin/spot/add.html [ array (
  0 => 'menu',
  1 => 'controller',
  2 => 'example',
) ]
[ info ] [ LOG ] INIT File
[ sql ] [ DB ] CONNECT:[ UseTime:0.000394s ] mysql:dbname=mangtoo;host=localhost;port=3306;charset=utf8
[ sql ] [ SQL ] SHOW COLUMNS FROM `os_auth_group_access` [ RunTime:0.000761s ]
[ sql ] [ SQL ] SELECT `AuthGroupAccess`.`uid`,`AuthGroupAccess`.`group_id`,`AuthGroup`.`title`,`AuthGroup`.`rules` FROM `os_auth_group_access` `AuthGroupAccess` LEFT JOIN `os_auth_group` `AuthGroup` ON `AuthGroupAccess`.`group_id`=`AuthGroup`.`id` WHERE  (  AuthGroupAccess.uid='1' and AuthGroup.status='1' ) [ RunTime:0.000245s ]
[ sql ] [ SQL ] SHOW COLUMNS FROM `os_auth_rule` [ RunTime:0.000544s ]
[ sql ] [ SQL ] SELECT `condition`,`name` FROM `os_auth_rule` WHERE  `id` IN (1,2,3,73,74,5,6,7,8,9,10,11,12,39,40,41,42,43,14,13,20,21,22,23,24,15,25,26,27,28,29,30,16,17,44,45,46,47,48,18,49,50,51,52,53,19,31,32,33,34,35,36,37,54,55,58,59,60,61,62,56,64,65,66,67,57,68,69,70,71,72,63)  AND `type` = 1 [ RunTime:0.000474s ]
[ sql ] [ SQL ] SELECT * FROM `os_auth_rule` WHERE  `status` = 1 ORDER BY `sort`  DESC,`id`  ASC [ RunTime:0.000231s ]
[ sql ] [ SQL ] SHOW COLUMNS FROM `os_example` [ RunTime:0.000642s ]
[ sql ] [ SQL ] SELECT * FROM `os_example` [ RunTime:0.000163s ]

---------------------------------------------------------------
[ 2019-12-27T16:33:52+08:00 ] 172.31.18.39 39.90.253.247 GET /api/ueditor/index?action=config&&noCache=1577435639439
[ log ] www.mangtuyou.com/api/ueditor/index?action=config&&noCache=1577435639439 [运行时间：0.013911s][吞吐率：71.89req/s] [内存消耗：1,379.14kb] [文件加载：41]
[ info ] [ LANG ] /www/wwwroot/www.mangtuyou.com/thinkphp/lang/zh-cn.php
[ info ] [ ROUTE ] array (
  'type' => 'module',
  'module' => 
  array (
    0 => 'api',
    1 => 'ueditor',
    2 => 'index',
  ),
)
[ info ] [ HEADER ] array (
  'cookie' => 'PHPSESSID=0eodkcmbbfg0na27njl7ar0s46',
  'accept-language' => 'zh-CN,zh;q=0.9,en-GB;q=0.8,en;q=0.7',
  'accept-encoding' => 'gzip, deflate',
  'referer' => 'http://www.mangtuyou.com/admin/spot/add.html',
  'accept' => '*/*',
  'user-agent' => 'Mozilla/5.0 (Windows NT 6.1; Win64; x64) AppleWebKit/537.36 (KHTML, like Gecko) Chrome/79.0.3945.88 Safari/537.36',
  'connection' => 'keep-alive',
  'host' => 'www.mangtuyou.com',
)
[ info ] [ PARAM ] array (
  '/api/ueditor/index' => '',
  'action' => 'config',
  'noCache' => '1577435639439',
)
[ info ] [ SESSION ] INIT array (
  'id' => '',
  'var_session_id' => '',
  'prefix' => 'think',
  'type' => '',
  'auto_start' => true,
)
[ info ] [ RUN ] app\api\controller\Ueditor->index[ /www/wwwroot/www.mangtuyou.com/application/api/controller/Ueditor.php ]
[ info ] [ LOG ] INIT File

---------------------------------------------------------------
[ 2019-12-27T16:33:53+08:00 ] 172.31.18.39 39.90.253.247 GET /api/ueditor/index?action=config&&noCache=1577435639439
[ log ] www.mangtuyou.com/api/ueditor/index?action=config&&noCache=1577435639439 [运行时间：0.013876s][吞吐率：72.07req/s] [内存消耗：1,379.14kb] [文件加载：41]
[ info ] [ LANG ] /www/wwwroot/www.mangtuyou.com/thinkphp/lang/zh-cn.php
[ info ] [ ROUTE ] array (
  'type' => 'module',
  'module' => 
  array (
    0 => 'api',
    1 => 'ueditor',
    2 => 'index',
  ),
)
[ info ] [ HEADER ] array (
  'cookie' => 'PHPSESSID=0eodkcmbbfg0na27njl7ar0s46',
  'accept-language' => 'zh-CN,zh;q=0.9,en-GB;q=0.8,en;q=0.7',
  'accept-encoding' => 'gzip, deflate',
  'referer' => 'http://www.mangtuyou.com/admin/spot/add.html',
  'accept' => '*/*',
  'user-agent' => 'Mozilla/5.0 (Windows NT 6.1; Win64; x64) AppleWebKit/537.36 (KHTML, like Gecko) Chrome/79.0.3945.88 Safari/537.36',
  'connection' => 'keep-alive',
  'host' => 'www.mangtuyou.com',
)
[ info ] [ PARAM ] array (
  '/api/ueditor/index' => '',
  'action' => 'config',
  'noCache' => '1577435639439',
)
[ info ] [ SESSION ] INIT array (
  'id' => '',
  'var_session_id' => '',
  'prefix' => 'think',
  'type' => '',
  'auto_start' => true,
)
[ info ] [ RUN ] app\api\controller\Ueditor->index[ /www/wwwroot/www.mangtuyou.com/application/api/controller/Ueditor.php ]
[ info ] [ LOG ] INIT File

---------------------------------------------------------------
[ 2019-12-27T16:58:55+08:00 ] 172.31.18.39 39.90.253.247 POST /api/ueditor/index?action=uploadimage&encode=utf-8
[ log ] www.mangtuyou.com/api/ueditor/index?action=uploadimage&encode=utf-8 [运行时间：0.131004s][吞吐率：7.63req/s] [内存消耗：2,996.13kb] [文件加载：60]
[ info ] [ LANG ] /www/wwwroot/www.mangtuyou.com/thinkphp/lang/zh-cn.php
[ info ] [ ROUTE ] array (
  'type' => 'module',
  'module' => 
  array (
    0 => 'api',
    1 => 'ueditor',
    2 => 'index',
  ),
)
[ info ] [ HEADER ] array (
  'cookie' => 'PHPSESSID=0eodkcmbbfg0na27njl7ar0s46',
  'accept-language' => 'zh-CN,zh;q=0.9,en-GB;q=0.8,en;q=0.7',
  'accept-encoding' => 'gzip, deflate',
  'referer' => 'http://www.mangtuyou.com/public/static/js/ueditor/dialogs/image/image.html',
  'accept' => '*/*',
  'user-agent' => 'Mozilla/5.0 (Windows NT 6.1; Win64; x64) AppleWebKit/537.36 (KHTML, like Gecko) Chrome/79.0.3945.88 Safari/537.36',
  'origin' => 'http://www.mangtuyou.com',
  'connection' => 'keep-alive',
  'host' => 'www.mangtuyou.com',
  'content-type' => 'multipart/form-data; boundary=----WebKitFormBoundaryAtRBmq6x5DAjECaD',
  'content-length' => '396307',
)
[ info ] [ PARAM ] array (
  '/api/ueditor/index' => '',
  'action' => 'uploadimage',
  'encode' => 'utf-8',
  'id' => 'WU_FILE_0',
  'name' => '鼎瑞首页.png',
  'type' => 'image/png',
  'lastModifiedDate' => 'Fri Dec 27 2019 14:57:26 GMT+0800 (中国标准时间)',
  'size' => '395557',
)
[ info ] [ SESSION ] INIT array (
  'id' => '',
  'var_session_id' => '',
  'prefix' => 'think',
  'type' => '',
  'auto_start' => true,
)
[ info ] [ RUN ] app\api\controller\Ueditor->index[ /www/wwwroot/www.mangtuyou.com/application/api/controller/Ueditor.php ]
[ info ] [ DB ] INIT mysql
[ info ] [ LOG ] INIT File
[ sql ] [ DB ] CONNECT:[ UseTime:0.000349s ] mysql:dbname=mangtoo;host=localhost;port=3306;charset=utf8
[ sql ] [ SQL ] SHOW COLUMNS FROM `os_system` [ RunTime:0.001022s ]
[ sql ] [ SQL ] SELECT * FROM `os_system` WHERE  `id` = 1 LIMIT 1 [ RunTime:0.000203s ]
[ error ] [2]unlink(./www/wwwroot/www.mangtuyou.com//public/uploads/images/20191227/1577437135275630.png): No such file or directory[/www/wwwroot/www.mangtuyou.com/application/api/controller/Ueditor.php:175]

---------------------------------------------------------------
[ 2019-12-27T17:16:37+08:00 ] 172.31.18.39 39.90.253.247 GET /admin/scenic/index.html
[ log ] www.mangtuyou.com/admin/scenic/index.html [运行时间：0.031598s][吞吐率：31.65req/s] [内存消耗：2,644.26kb] [文件加载：57]
[ info ] [ LANG ] /www/wwwroot/www.mangtuyou.com/thinkphp/lang/zh-cn.php
[ info ] [ ROUTE ] array (
  'type' => 'module',
  'module' => 
  array (
    0 => 'admin',
    1 => 'scenic',
    2 => 'index',
  ),
)
[ info ] [ HEADER ] array (
  'cookie' => 'thinkphp_show_page_trace=0|0; PHPSESSID=0eodkcmbbfg0na27njl7ar0s46',
  'accept-language' => 'zh-CN,zh;q=0.9,en-GB;q=0.8,en;q=0.7',
  'accept-encoding' => 'gzip, deflate',
  'referer' => 'http://www.mangtuyou.com/admin/spot/add.html',
  'accept' => 'text/html,application/xhtml+xml,application/xml;q=0.9,image/webp,image/apng,*/*;q=0.8,application/signed-exchange;v=b3;q=0.9',
  'user-agent' => 'Mozilla/5.0 (Windows NT 6.1; Win64; x64) AppleWebKit/537.36 (KHTML, like Gecko) Chrome/79.0.3945.88 Safari/537.36',
  'upgrade-insecure-requests' => '1',
  'connection' => 'keep-alive',
  'host' => 'www.mangtuyou.com',
)
[ info ] [ PARAM ] array (
  '/admin/scenic/index_html' => '',
)
[ info ] [ SESSION ] INIT array (
  'id' => '',
  'var_session_id' => '',
  'prefix' => 'think',
  'type' => '',
  'auto_start' => true,
)
[ info ] [ DB ] INIT mysql
[ info ] [ RUN ] app\admin\controller\Scenic->index[ /www/wwwroot/www.mangtuyou.com/application/admin/controller/Scenic.php ]
[ info ] [ VIEW ] ./themes/admin/scenic/index.html [ array (
  0 => 'menu',
  1 => 'controller',
  2 => 'data',
) ]
[ info ] [ LOG ] INIT File
[ sql ] [ DB ] CONNECT:[ UseTime:0.000348s ] mysql:dbname=mangtoo;host=localhost;port=3306;charset=utf8
[ sql ] [ SQL ] SHOW COLUMNS FROM `os_auth_group_access` [ RunTime:0.000895s ]
[ sql ] [ SQL ] SELECT `AuthGroupAccess`.`uid`,`AuthGroupAccess`.`group_id`,`AuthGroup`.`title`,`AuthGroup`.`rules` FROM `os_auth_group_access` `AuthGroupAccess` LEFT JOIN `os_auth_group` `AuthGroup` ON `AuthGroupAccess`.`group_id`=`AuthGroup`.`id` WHERE  (  AuthGroupAccess.uid='1' and AuthGroup.status='1' ) [ RunTime:0.000270s ]
[ sql ] [ SQL ] SHOW COLUMNS FROM `os_auth_rule` [ RunTime:0.000625s ]
[ sql ] [ SQL ] SELECT `condition`,`name` FROM `os_auth_rule` WHERE  `id` IN (1,2,3,73,74,5,6,7,8,9,10,11,12,39,40,41,42,43,14,13,20,21,22,23,24,15,25,26,27,28,29,30,16,17,44,45,46,47,48,18,49,50,51,52,53,19,31,32,33,34,35,36,37,54,55,58,59,60,61,62,56,64,65,66,67,57,68,69,70,71,72,63)  AND `type` = 1 [ RunTime:0.000682s ]
[ sql ] [ SQL ] SELECT * FROM `os_auth_rule` WHERE  `status` = 1 ORDER BY `sort`  DESC,`id`  ASC [ RunTime:0.000274s ]
[ sql ] [ SQL ] SHOW COLUMNS FROM `os_scenic` [ RunTime:0.001217s ]
[ sql ] [ SQL ] SELECT COUNT(*) AS tp_count FROM `os_scenic` `s` INNER JOIN `os_example` `c` ON `s`.`cid`=`c`.`id` LIMIT 1 [ RunTime:0.000397s ]
[ sql ] [ SQL ] SELECT c.name as cname,s.name as sname,`s`.`id`,`s`.`img`,`s`.`content`,`s`.`hits` FROM `os_scenic` `s` INNER JOIN `os_example` `c` ON `s`.`cid`=`c`.`id` ORDER BY `id`  DESC LIMIT 0,15 [ RunTime:0.000281s ]

---------------------------------------------------------------
[ 2019-12-27T17:16:40+08:00 ] 172.31.18.39 39.90.253.247 GET /admin/scenic/edit/id/67.html
[ log ] www.mangtuyou.com/admin/scenic/edit/id/67.html [运行时间：0.034126s][吞吐率：29.30req/s] [内存消耗：2,502.02kb] [文件加载：55]
[ info ] [ LANG ] /www/wwwroot/www.mangtuyou.com/thinkphp/lang/zh-cn.php
[ info ] [ ROUTE ] array (
  'type' => 'module',
  'module' => 
  array (
    0 => 'admin',
    1 => 'scenic',
    2 => 'edit',
  ),
)
[ info ] [ HEADER ] array (
  'cookie' => 'thinkphp_show_page_trace=0|0; PHPSESSID=0eodkcmbbfg0na27njl7ar0s46',
  'accept-language' => 'zh-CN,zh;q=0.9,en-GB;q=0.8,en;q=0.7',
  'accept-encoding' => 'gzip, deflate',
  'referer' => 'http://www.mangtuyou.com/admin/scenic/index.html',
  'accept' => 'text/html,application/xhtml+xml,application/xml;q=0.9,image/webp,image/apng,*/*;q=0.8,application/signed-exchange;v=b3;q=0.9',
  'user-agent' => 'Mozilla/5.0 (Windows NT 6.1; Win64; x64) AppleWebKit/537.36 (KHTML, like Gecko) Chrome/79.0.3945.88 Safari/537.36',
  'upgrade-insecure-requests' => '1',
  'connection' => 'keep-alive',
  'host' => 'www.mangtuyou.com',
)
[ info ] [ PARAM ] array (
  '/admin/scenic/edit/id/67_html' => '',
  'id' => '67',
)
[ info ] [ SESSION ] INIT array (
  'id' => '',
  'var_session_id' => '',
  'prefix' => 'think',
  'type' => '',
  'auto_start' => true,
)
[ info ] [ DB ] INIT mysql
[ info ] [ RUN ] app\admin\controller\Scenic->edit[ /www/wwwroot/www.mangtuyou.com/application/admin/controller/Scenic.php ]
[ info ] [ VIEW ] ./themes/admin/scenic/edit.html [ array (
  0 => 'menu',
  1 => 'controller',
  2 => 'scenic',
  3 => 'map',
  4 => 'img',
) ]
[ info ] [ LOG ] INIT File
[ sql ] [ DB ] CONNECT:[ UseTime:0.000434s ] mysql:dbname=mangtoo;host=localhost;port=3306;charset=utf8
[ sql ] [ SQL ] SHOW COLUMNS FROM `os_auth_group_access` [ RunTime:0.001337s ]
[ sql ] [ SQL ] SELECT `AuthGroupAccess`.`uid`,`AuthGroupAccess`.`group_id`,`AuthGroup`.`title`,`AuthGroup`.`rules` FROM `os_auth_group_access` `AuthGroupAccess` LEFT JOIN `os_auth_group` `AuthGroup` ON `AuthGroupAccess`.`group_id`=`AuthGroup`.`id` WHERE  (  AuthGroupAccess.uid='1' and AuthGroup.status='1' ) [ RunTime:0.000233s ]
[ sql ] [ SQL ] SHOW COLUMNS FROM `os_auth_rule` [ RunTime:0.001154s ]
[ sql ] [ SQL ] SELECT `condition`,`name` FROM `os_auth_rule` WHERE  `id` IN (1,2,3,73,74,5,6,7,8,9,10,11,12,39,40,41,42,43,14,13,20,21,22,23,24,15,25,26,27,28,29,30,16,17,44,45,46,47,48,18,49,50,51,52,53,19,31,32,33,34,35,36,37,54,55,58,59,60,61,62,56,64,65,66,67,57,68,69,70,71,72,63)  AND `type` = 1 [ RunTime:0.000438s ]
[ sql ] [ SQL ] SELECT * FROM `os_auth_rule` WHERE  `status` = 1 ORDER BY `sort`  DESC,`id`  ASC [ RunTime:0.000354s ]
[ sql ] [ SQL ] SHOW COLUMNS FROM `os_scenic` [ RunTime:0.001013s ]
[ sql ] [ SQL ] SELECT * FROM `os_scenic` WHERE  `id` = 67 LIMIT 1 [ RunTime:0.000419s ]
[ sql ] [ SQL ] SHOW COLUMNS FROM `os_example` [ RunTime:0.000721s ]
[ sql ] [ SQL ] SELECT * FROM `os_example` [ RunTime:0.000198s ]
[ sql ] [ SQL ] SELECT `img` FROM `os_example` LIMIT 1 [ RunTime:0.000175s ]

---------------------------------------------------------------
[ 2019-12-27T17:16:40+08:00 ] 172.31.18.39 39.90.253.247 GET /api/ueditor/index?action=config&&noCache=1577438206845
[ log ] www.mangtuyou.com/api/ueditor/index?action=config&&noCache=1577438206845 [运行时间：0.014170s][吞吐率：70.57req/s] [内存消耗：1,379.14kb] [文件加载：41]
[ info ] [ LANG ] /www/wwwroot/www.mangtuyou.com/thinkphp/lang/zh-cn.php
[ info ] [ ROUTE ] array (
  'type' => 'module',
  'module' => 
  array (
    0 => 'api',
    1 => 'ueditor',
    2 => 'index',
  ),
)
[ info ] [ HEADER ] array (
  'cookie' => 'PHPSESSID=0eodkcmbbfg0na27njl7ar0s46',
  'accept-language' => 'zh-CN,zh;q=0.9,en-GB;q=0.8,en;q=0.7',
  'accept-encoding' => 'gzip, deflate',
  'referer' => 'http://www.mangtuyou.com/admin/scenic/edit/id/67.html',
  'accept' => '*/*',
  'user-agent' => 'Mozilla/5.0 (Windows NT 6.1; Win64; x64) AppleWebKit/537.36 (KHTML, like Gecko) Chrome/79.0.3945.88 Safari/537.36',
  'connection' => 'keep-alive',
  'host' => 'www.mangtuyou.com',
)
[ info ] [ PARAM ] array (
  '/api/ueditor/index' => '',
  'action' => 'config',
  'noCache' => '1577438206845',
)
[ info ] [ SESSION ] INIT array (
  'id' => '',
  'var_session_id' => '',
  'prefix' => 'think',
  'type' => '',
  'auto_start' => true,
)
[ info ] [ RUN ] app\api\controller\Ueditor->index[ /www/wwwroot/www.mangtuyou.com/application/api/controller/Ueditor.php ]
[ info ] [ LOG ] INIT File

---------------------------------------------------------------
[ 2019-12-27T17:16:40+08:00 ] 172.31.18.39 39.90.253.247 GET /api/ueditor/index?action=config&&noCache=1577438206846
[ log ] www.mangtuyou.com/api/ueditor/index?action=config&&noCache=1577438206846 [运行时间：0.013935s][吞吐率：71.76req/s] [内存消耗：1,379.14kb] [文件加载：41]
[ info ] [ LANG ] /www/wwwroot/www.mangtuyou.com/thinkphp/lang/zh-cn.php
[ info ] [ ROUTE ] array (
  'type' => 'module',
  'module' => 
  array (
    0 => 'api',
    1 => 'ueditor',
    2 => 'index',
  ),
)
[ info ] [ HEADER ] array (
  'cookie' => 'PHPSESSID=0eodkcmbbfg0na27njl7ar0s46',
  'accept-language' => 'zh-CN,zh;q=0.9,en-GB;q=0.8,en;q=0.7',
  'accept-encoding' => 'gzip, deflate',
  'referer' => 'http://www.mangtuyou.com/admin/scenic/edit/id/67.html',
  'accept' => '*/*',
  'user-agent' => 'Mozilla/5.0 (Windows NT 6.1; Win64; x64) AppleWebKit/537.36 (KHTML, like Gecko) Chrome/79.0.3945.88 Safari/537.36',
  'connection' => 'keep-alive',
  'host' => 'www.mangtuyou.com',
)
[ info ] [ PARAM ] array (
  '/api/ueditor/index' => '',
  'action' => 'config',
  'noCache' => '1577438206846',
)
[ info ] [ SESSION ] INIT array (
  'id' => '',
  'var_session_id' => '',
  'prefix' => 'think',
  'type' => '',
  'auto_start' => true,
)
[ info ] [ RUN ] app\api\controller\Ueditor->index[ /www/wwwroot/www.mangtuyou.com/application/api/controller/Ueditor.php ]
[ info ] [ LOG ] INIT File

---------------------------------------------------------------
[ 2019-12-27T17:16:45+08:00 ] 172.31.18.39 39.90.253.247 GET /admin/scenic/edit/id/67.html
[ log ] www.mangtuyou.com/admin/scenic/edit/id/67.html [运行时间：0.033019s][吞吐率：30.29req/s] [内存消耗：2,502.05kb] [文件加载：55]
[ info ] [ LANG ] /www/wwwroot/www.mangtuyou.com/thinkphp/lang/zh-cn.php
[ info ] [ ROUTE ] array (
  'type' => 'module',
  'module' => 
  array (
    0 => 'admin',
    1 => 'scenic',
    2 => 'edit',
  ),
)
[ info ] [ HEADER ] array (
  'cookie' => 'thinkphp_show_page_trace=0|0; thinkphp_show_page_trace=0|0; PHPSESSID=0eodkcmbbfg0na27njl7ar0s46',
  'accept-language' => 'zh-CN,zh;q=0.9,en-GB;q=0.8,en;q=0.7',
  'accept-encoding' => 'gzip, deflate',
  'referer' => 'http://www.mangtuyou.com/admin/scenic/index.html',
  'accept' => 'text/html,application/xhtml+xml,application/xml;q=0.9,image/webp,image/apng,*/*;q=0.8,application/signed-exchange;v=b3;q=0.9',
  'user-agent' => 'Mozilla/5.0 (Windows NT 6.1; Win64; x64) AppleWebKit/537.36 (KHTML, like Gecko) Chrome/79.0.3945.88 Safari/537.36',
  'upgrade-insecure-requests' => '1',
  'cache-control' => 'max-age=0',
  'connection' => 'keep-alive',
  'host' => 'www.mangtuyou.com',
)
[ info ] [ PARAM ] array (
  '/admin/scenic/edit/id/67_html' => '',
  'id' => '67',
)
[ info ] [ SESSION ] INIT array (
  'id' => '',
  'var_session_id' => '',
  'prefix' => 'think',
  'type' => '',
  'auto_start' => true,
)
[ info ] [ DB ] INIT mysql
[ info ] [ RUN ] app\admin\controller\Scenic->edit[ /www/wwwroot/www.mangtuyou.com/application/admin/controller/Scenic.php ]
[ info ] [ VIEW ] ./themes/admin/scenic/edit.html [ array (
  0 => 'menu',
  1 => 'controller',
  2 => 'scenic',
  3 => 'map',
  4 => 'img',
) ]
[ info ] [ LOG ] INIT File
[ sql ] [ DB ] CONNECT:[ UseTime:0.000429s ] mysql:dbname=mangtoo;host=localhost;port=3306;charset=utf8
[ sql ] [ SQL ] SHOW COLUMNS FROM `os_auth_group_access` [ RunTime:0.001069s ]
[ sql ] [ SQL ] SELECT `AuthGroupAccess`.`uid`,`AuthGroupAccess`.`group_id`,`AuthGroup`.`title`,`AuthGroup`.`rules` FROM `os_auth_group_access` `AuthGroupAccess` LEFT JOIN `os_auth_group` `AuthGroup` ON `AuthGroupAccess`.`group_id`=`AuthGroup`.`id` WHERE  (  AuthGroupAccess.uid='1' and AuthGroup.status='1' ) [ RunTime:0.000238s ]
[ sql ] [ SQL ] SHOW COLUMNS FROM `os_auth_rule` [ RunTime:0.000730s ]
[ sql ] [ SQL ] SELECT `condition`,`name` FROM `os_auth_rule` WHERE  `id` IN (1,2,3,73,74,5,6,7,8,9,10,11,12,39,40,41,42,43,14,13,20,21,22,23,24,15,25,26,27,28,29,30,16,17,44,45,46,47,48,18,49,50,51,52,53,19,31,32,33,34,35,36,37,54,55,58,59,60,61,62,56,64,65,66,67,57,68,69,70,71,72,63)  AND `type` = 1 [ RunTime:0.000482s ]
[ sql ] [ SQL ] SELECT * FROM `os_auth_rule` WHERE  `status` = 1 ORDER BY `sort`  DESC,`id`  ASC [ RunTime:0.000280s ]
[ sql ] [ SQL ] SHOW COLUMNS FROM `os_scenic` [ RunTime:0.000892s ]
[ sql ] [ SQL ] SELECT * FROM `os_scenic` WHERE  `id` = 67 LIMIT 1 [ RunTime:0.000533s ]
[ sql ] [ SQL ] SHOW COLUMNS FROM `os_example` [ RunTime:0.000960s ]
[ sql ] [ SQL ] SELECT * FROM `os_example` [ RunTime:0.000178s ]
[ sql ] [ SQL ] SELECT `img` FROM `os_example` LIMIT 1 [ RunTime:0.000139s ]

---------------------------------------------------------------
[ 2019-12-27T17:16:45+08:00 ] 172.31.18.39 39.90.253.247 GET /api/ueditor/index?action=config&&noCache=1577438212013
[ log ] www.mangtuyou.com/api/ueditor/index?action=config&&noCache=1577438212013 [运行时间：0.013963s][吞吐率：71.62req/s] [内存消耗：1,379.14kb] [文件加载：41]
[ info ] [ LANG ] /www/wwwroot/www.mangtuyou.com/thinkphp/lang/zh-cn.php
[ info ] [ ROUTE ] array (
  'type' => 'module',
  'module' => 
  array (
    0 => 'api',
    1 => 'ueditor',
    2 => 'index',
  ),
)
[ info ] [ HEADER ] array (
  'cookie' => 'PHPSESSID=0eodkcmbbfg0na27njl7ar0s46',
  'accept-language' => 'zh-CN,zh;q=0.9,en-GB;q=0.8,en;q=0.7',
  'accept-encoding' => 'gzip, deflate',
  'referer' => 'http://www.mangtuyou.com/admin/scenic/edit/id/67.html',
  'accept' => '*/*',
  'user-agent' => 'Mozilla/5.0 (Windows NT 6.1; Win64; x64) AppleWebKit/537.36 (KHTML, like Gecko) Chrome/79.0.3945.88 Safari/537.36',
  'connection' => 'keep-alive',
  'host' => 'www.mangtuyou.com',
)
[ info ] [ PARAM ] array (
  '/api/ueditor/index' => '',
  'action' => 'config',
  'noCache' => '1577438212013',
)
[ info ] [ SESSION ] INIT array (
  'id' => '',
  'var_session_id' => '',
  'prefix' => 'think',
  'type' => '',
  'auto_start' => true,
)
[ info ] [ RUN ] app\api\controller\Ueditor->index[ /www/wwwroot/www.mangtuyou.com/application/api/controller/Ueditor.php ]
[ info ] [ LOG ] INIT File

---------------------------------------------------------------
[ 2019-12-27T17:16:45+08:00 ] 172.31.18.39 39.90.253.247 GET /api/ueditor/index?action=config&&noCache=1577438212014
[ log ] www.mangtuyou.com/api/ueditor/index?action=config&&noCache=1577438212014 [运行时间：0.014127s][吞吐率：70.79req/s] [内存消耗：1,379.14kb] [文件加载：41]
[ info ] [ LANG ] /www/wwwroot/www.mangtuyou.com/thinkphp/lang/zh-cn.php
[ info ] [ ROUTE ] array (
  'type' => 'module',
  'module' => 
  array (
    0 => 'api',
    1 => 'ueditor',
    2 => 'index',
  ),
)
[ info ] [ HEADER ] array (
  'cookie' => 'PHPSESSID=0eodkcmbbfg0na27njl7ar0s46',
  'accept-language' => 'zh-CN,zh;q=0.9,en-GB;q=0.8,en;q=0.7',
  'accept-encoding' => 'gzip, deflate',
  'referer' => 'http://www.mangtuyou.com/admin/scenic/edit/id/67.html',
  'accept' => '*/*',
  'user-agent' => 'Mozilla/5.0 (Windows NT 6.1; Win64; x64) AppleWebKit/537.36 (KHTML, like Gecko) Chrome/79.0.3945.88 Safari/537.36',
  'connection' => 'keep-alive',
  'host' => 'www.mangtuyou.com',
)
[ info ] [ PARAM ] array (
  '/api/ueditor/index' => '',
  'action' => 'config',
  'noCache' => '1577438212014',
)
[ info ] [ SESSION ] INIT array (
  'id' => '',
  'var_session_id' => '',
  'prefix' => 'think',
  'type' => '',
  'auto_start' => true,
)
[ info ] [ RUN ] app\api\controller\Ueditor->index[ /www/wwwroot/www.mangtuyou.com/application/api/controller/Ueditor.php ]
[ info ] [ LOG ] INIT File

---------------------------------------------------------------
[ 2019-12-27T17:16:48+08:00 ] 172.31.18.39 39.90.253.247 GET /admin/scenic/edit/id/67.html
[ log ] www.mangtuyou.com/admin/scenic/edit/id/67.html [运行时间：0.033733s][吞吐率：29.64req/s] [内存消耗：2,502.05kb] [文件加载：55]
[ info ] [ LANG ] /www/wwwroot/www.mangtuyou.com/thinkphp/lang/zh-cn.php
[ info ] [ ROUTE ] array (
  'type' => 'module',
  'module' => 
  array (
    0 => 'admin',
    1 => 'scenic',
    2 => 'edit',
  ),
)
[ info ] [ HEADER ] array (
  'cookie' => 'thinkphp_show_page_trace=0|0; thinkphp_show_page_trace=0|0; PHPSESSID=0eodkcmbbfg0na27njl7ar0s46',
  'accept-language' => 'zh-CN,zh;q=0.9,en-GB;q=0.8,en;q=0.7',
  'accept-encoding' => 'gzip, deflate',
  'referer' => 'http://www.mangtuyou.com/admin/scenic/index.html',
  'accept' => 'text/html,application/xhtml+xml,application/xml;q=0.9,image/webp,image/apng,*/*;q=0.8,application/signed-exchange;v=b3;q=0.9',
  'user-agent' => 'Mozilla/5.0 (Windows NT 6.1; Win64; x64) AppleWebKit/537.36 (KHTML, like Gecko) Chrome/79.0.3945.88 Safari/537.36',
  'upgrade-insecure-requests' => '1',
  'cache-control' => 'max-age=0',
  'connection' => 'keep-alive',
  'host' => 'www.mangtuyou.com',
)
[ info ] [ PARAM ] array (
  '/admin/scenic/edit/id/67_html' => '',
  'id' => '67',
)
[ info ] [ SESSION ] INIT array (
  'id' => '',
  'var_session_id' => '',
  'prefix' => 'think',
  'type' => '',
  'auto_start' => true,
)
[ info ] [ DB ] INIT mysql
[ info ] [ RUN ] app\admin\controller\Scenic->edit[ /www/wwwroot/www.mangtuyou.com/application/admin/controller/Scenic.php ]
[ info ] [ VIEW ] ./themes/admin/scenic/edit.html [ array (
  0 => 'menu',
  1 => 'controller',
  2 => 'scenic',
  3 => 'map',
  4 => 'img',
) ]
[ info ] [ LOG ] INIT File
[ sql ] [ DB ] CONNECT:[ UseTime:0.000334s ] mysql:dbname=mangtoo;host=localhost;port=3306;charset=utf8
[ sql ] [ SQL ] SHOW COLUMNS FROM `os_auth_group_access` [ RunTime:0.000984s ]
[ sql ] [ SQL ] SELECT `AuthGroupAccess`.`uid`,`AuthGroupAccess`.`group_id`,`AuthGroup`.`title`,`AuthGroup`.`rules` FROM `os_auth_group_access` `AuthGroupAccess` LEFT JOIN `os_auth_group` `AuthGroup` ON `AuthGroupAccess`.`group_id`=`AuthGroup`.`id` WHERE  (  AuthGroupAccess.uid='1' and AuthGroup.status='1' ) [ RunTime:0.000227s ]
[ sql ] [ SQL ] SHOW COLUMNS FROM `os_auth_rule` [ RunTime:0.000734s ]
[ sql ] [ SQL ] SELECT `condition`,`name` FROM `os_auth_rule` WHERE  `id` IN (1,2,3,73,74,5,6,7,8,9,10,11,12,39,40,41,42,43,14,13,20,21,22,23,24,15,25,26,27,28,29,30,16,17,44,45,46,47,48,18,49,50,51,52,53,19,31,32,33,34,35,36,37,54,55,58,59,60,61,62,56,64,65,66,67,57,68,69,70,71,72,63)  AND `type` = 1 [ RunTime:0.000534s ]
[ sql ] [ SQL ] SELECT * FROM `os_auth_rule` WHERE  `status` = 1 ORDER BY `sort`  DESC,`id`  ASC [ RunTime:0.000343s ]
[ sql ] [ SQL ] SHOW COLUMNS FROM `os_scenic` [ RunTime:0.001346s ]
[ sql ] [ SQL ] SELECT * FROM `os_scenic` WHERE  `id` = 67 LIMIT 1 [ RunTime:0.000295s ]
[ sql ] [ SQL ] SHOW COLUMNS FROM `os_example` [ RunTime:0.000928s ]
[ sql ] [ SQL ] SELECT * FROM `os_example` [ RunTime:0.000181s ]
[ sql ] [ SQL ] SELECT `img` FROM `os_example` LIMIT 1 [ RunTime:0.000178s ]

---------------------------------------------------------------
[ 2019-12-27T17:16:48+08:00 ] 172.31.18.39 39.90.253.247 GET /api/ueditor/index?action=config&&noCache=1577438215288
[ log ] www.mangtuyou.com/api/ueditor/index?action=config&&noCache=1577438215288 [运行时间：0.014864s][吞吐率：67.28req/s] [内存消耗：1,379.14kb] [文件加载：41]
[ info ] [ LANG ] /www/wwwroot/www.mangtuyou.com/thinkphp/lang/zh-cn.php
[ info ] [ ROUTE ] array (
  'type' => 'module',
  'module' => 
  array (
    0 => 'api',
    1 => 'ueditor',
    2 => 'index',
  ),
)
[ info ] [ HEADER ] array (
  'cookie' => 'PHPSESSID=0eodkcmbbfg0na27njl7ar0s46',
  'accept-language' => 'zh-CN,zh;q=0.9,en-GB;q=0.8,en;q=0.7',
  'accept-encoding' => 'gzip, deflate',
  'referer' => 'http://www.mangtuyou.com/admin/scenic/edit/id/67.html',
  'accept' => '*/*',
  'user-agent' => 'Mozilla/5.0 (Windows NT 6.1; Win64; x64) AppleWebKit/537.36 (KHTML, like Gecko) Chrome/79.0.3945.88 Safari/537.36',
  'connection' => 'keep-alive',
  'host' => 'www.mangtuyou.com',
)
[ info ] [ PARAM ] array (
  '/api/ueditor/index' => '',
  'action' => 'config',
  'noCache' => '1577438215288',
)
[ info ] [ SESSION ] INIT array (
  'id' => '',
  'var_session_id' => '',
  'prefix' => 'think',
  'type' => '',
  'auto_start' => true,
)
[ info ] [ RUN ] app\api\controller\Ueditor->index[ /www/wwwroot/www.mangtuyou.com/application/api/controller/Ueditor.php ]
[ info ] [ LOG ] INIT File

---------------------------------------------------------------
[ 2019-12-27T17:16:48+08:00 ] 172.31.18.39 39.90.253.247 GET /api/ueditor/index?action=config&&noCache=1577438215289
[ log ] www.mangtuyou.com/api/ueditor/index?action=config&&noCache=1577438215289 [运行时间：0.014656s][吞吐率：68.23req/s] [内存消耗：1,379.14kb] [文件加载：41]
[ info ] [ LANG ] /www/wwwroot/www.mangtuyou.com/thinkphp/lang/zh-cn.php
[ info ] [ ROUTE ] array (
  'type' => 'module',
  'module' => 
  array (
    0 => 'api',
    1 => 'ueditor',
    2 => 'index',
  ),
)
[ info ] [ HEADER ] array (
  'cookie' => 'PHPSESSID=0eodkcmbbfg0na27njl7ar0s46',
  'accept-language' => 'zh-CN,zh;q=0.9,en-GB;q=0.8,en;q=0.7',
  'accept-encoding' => 'gzip, deflate',
  'referer' => 'http://www.mangtuyou.com/admin/scenic/edit/id/67.html',
  'accept' => '*/*',
  'user-agent' => 'Mozilla/5.0 (Windows NT 6.1; Win64; x64) AppleWebKit/537.36 (KHTML, like Gecko) Chrome/79.0.3945.88 Safari/537.36',
  'connection' => 'keep-alive',
  'host' => 'www.mangtuyou.com',
)
[ info ] [ PARAM ] array (
  '/api/ueditor/index' => '',
  'action' => 'config',
  'noCache' => '1577438215289',
)
[ info ] [ SESSION ] INIT array (
  'id' => '',
  'var_session_id' => '',
  'prefix' => 'think',
  'type' => '',
  'auto_start' => true,
)
[ info ] [ RUN ] app\api\controller\Ueditor->index[ /www/wwwroot/www.mangtuyou.com/application/api/controller/Ueditor.php ]
[ info ] [ LOG ] INIT File

---------------------------------------------------------------
[ 2019-12-27T18:58:09+08:00 ] 172.31.18.39 157.61.208.218 GET /
[ log ] www.mangtuyou.com/ [运行时间：0.020483s][吞吐率：48.82req/s] [内存消耗：2,230.41kb] [文件加载：51]
[ info ] [ LANG ] /www/wwwroot/www.mangtuyou.com/thinkphp/lang/zh-cn.php
[ info ] [ ROUTE ] array (
  'type' => 'module',
  'module' => 
  array (
    0 => '',
    1 => NULL,
    2 => NULL,
  ),
)
[ info ] [ HEADER ] array (
  'host' => 'www.mangtuyou.com',
  'user-agent' => 'Mozilla/4.0 (compatible; Win32; WinHttp.WinHttpRequest.5)',
  'accept' => '*/*',
  'connection' => 'Keep-Alive',
)
[ info ] [ PARAM ] array (
)
[ info ] [ DB ] INIT mysql
[ info ] [ LOG ] INIT File

---------------------------------------------------------------
[ 2019-12-27T23:02:17+08:00 ] 172.31.18.39 59.52.179.124 GET /
[ log ] www.mangtuyou.com/ [运行时间：0.020310s][吞吐率：49.24req/s] [内存消耗：2,230.95kb] [文件加载：51]
[ info ] [ LANG ] /www/wwwroot/www.mangtuyou.com/thinkphp/lang/zh-cn.php
[ info ] [ ROUTE ] array (
  'type' => 'module',
  'module' => 
  array (
    0 => '',
    1 => NULL,
    2 => NULL,
  ),
)
[ info ] [ HEADER ] array (
  'connection' => 'keep-alive',
  'cache-control' => 'max-age=259200',
  'host' => 'www.mangtuyou.com',
  'accept-encoding' => 'gzip,deflate',
  'user-agent' => 'Mozilla/4.0 (compatible; MSIE 7.0; Windows NT 6.1; WOW64; Trident/7.0; SLCC2; .NET CLR 2.0.50727; .NET CLR 3.5.30729; .NET CLR 3.0.30729; .NET4.0C; .NET4.0E; InfoPath.2; 2345Explorer 3.5.0.12758)',
  'accept' => 'text/html,application/xhtml+xml,application/xml;q=0.9,*/*;q=0.8',
  'upgrade-insecure-requests' => '1',
)
[ info ] [ PARAM ] array (
)
[ info ] [ DB ] INIT mysql
[ info ] [ LOG ] INIT File

---------------------------------------------------------------
