[ 2019-12-29T02:14:59+08:00 ] 172.31.18.39 27.156.43.87 GET /zhoumo.png
[ log ] www.mangtuyou.com/zhoumo.png [运行时间：0.014758s][吞吐率：67.76req/s] [内存消耗：1,202.52kb] [文件加载：38]
[ info ] [ LANG ] /www/wwwroot/www.mangtuyou.com/thinkphp/lang/zh-cn.php
[ info ] [ ROUTE ] array (
  'type' => 'module',
  'module' => 
  array (
    0 => 'zhoumo.png',
    1 => NULL,
    2 => NULL,
  ),
)
[ info ] [ HEADER ] array (
  'connection' => 'keep-alive',
  'cache-control' => 'max-age=0',
  'host' => 'www.mangtuyou.com',
  'user-agent' => 'Mozilla/5.0 (Windows NT 6.3; WOW64) AppleWebKit/537.36 (KHTML like Gecko) Chrome/52.0.2743.19 Safari/537.36',
  'accept' => 'text/html,application/xhtml+xml,application/xml;q=0.9,image/webp,image/apng,*/*;q=0.8,application/signed-exchange;v=b3',
  'accept-encoding' => 'gzip, deflate, br',
  'accept-language' => 'zh-CN,zh;q=0.9',
  'upgrade-insecure-requests' => '1',
)
[ info ] [ PARAM ] array (
  '/zhoumo_png' => '',
)
[ info ] [ LOG ] INIT File

---------------------------------------------------------------
[ 2019-12-29T02:14:59+08:00 ] 172.31.18.39 183.185.196.68 GET /x.png
[ log ] www.mangtuyou.com/x.png [运行时间：0.014268s][吞吐率：70.09req/s] [内存消耗：1,202.49kb] [文件加载：38]
[ info ] [ LANG ] /www/wwwroot/www.mangtuyou.com/thinkphp/lang/zh-cn.php
[ info ] [ ROUTE ] array (
  'type' => 'module',
  'module' => 
  array (
    0 => 'x.png',
    1 => NULL,
    2 => NULL,
  ),
)
[ info ] [ HEADER ] array (
  'connection' => 'keep-alive',
  'cache-control' => 'max-age=0',
  'host' => 'www.mangtuyou.com',
  'user-agent' => 'Mozilla/5.0 (Windows NT 6.1) AppleWebKit/537.36 (KHTML like Gecko) Chrome/45.0.2454.87 Safari/537.36 QQBrowser/9.2.5584.400',
  'accept' => 'text/html,application/xhtml+xml,application/xml;q=0.9,image/webp,image/apng,*/*;q=0.8,application/signed-exchange;v=b3',
  'accept-encoding' => 'gzip, deflate, br',
  'accept-language' => 'zh-CN,zh;q=0.9',
  'upgrade-insecure-requests' => '1',
)
[ info ] [ PARAM ] array (
  '/x_png' => '',
)
[ info ] [ LOG ] INIT File

---------------------------------------------------------------
[ 2019-12-29T02:15:00+08:00 ] 172.31.18.39 117.45.252.87 GET /biyou-select.png
[ log ] www.mangtuyou.com/biyou-select.png [运行时间：0.014487s][吞吐率：69.03req/s] [内存消耗：1,202.54kb] [文件加载：38]
[ info ] [ LANG ] /www/wwwroot/www.mangtuyou.com/thinkphp/lang/zh-cn.php
[ info ] [ ROUTE ] array (
  'type' => 'module',
  'module' => 
  array (
    0 => 'biyou-select.png',
    1 => NULL,
    2 => NULL,
  ),
)
[ info ] [ HEADER ] array (
  'connection' => 'keep-alive',
  'cache-control' => 'max-age=0',
  'host' => 'www.mangtuyou.com',
  'user-agent' => 'Mozilla/4.0 (compatible; MSIE 7.0; Windows NT 6.1; Win64; x64; Trident/6.0; .NET CLR 2.0.50727; SLCC2; .NET CLR 3.5.30729; .NET CLR 3.0.30729; Media Center PC 6.0; .NET4.0C; .NET4.0E; Tablet PC 2.0)',
  'accept' => 'text/html,application/xhtml+xml,application/xml;q=0.9,image/webp,image/apng,*/*;q=0.8,application/signed-exchange;v=b3',
  'accept-encoding' => 'gzip, deflate, br',
  'accept-language' => 'zh-CN,zh;q=0.9',
  'upgrade-insecure-requests' => '1',
)
[ info ] [ PARAM ] array (
  '/biyou-select_png' => '',
)
[ info ] [ LOG ] INIT File

---------------------------------------------------------------
[ 2019-12-29T08:55:40+08:00 ] 172.31.18.39 121.40.147.67 GET /
[ log ] www.mangtuyou.com/ [运行时间：0.021500s][吞吐率：46.51req/s] [内存消耗：2,230.63kb] [文件加载：51]
[ info ] [ LANG ] /www/wwwroot/www.mangtuyou.com/thinkphp/lang/zh-cn.php
[ info ] [ ROUTE ] array (
  'type' => 'module',
  'module' => 
  array (
    0 => '',
    1 => NULL,
    2 => NULL,
  ),
)
[ info ] [ HEADER ] array (
  'accept' => 'text/html,application/xhtml+xml,application/xml;q=0.9,image/webp,image/apng,*/*;q=0.8,application/signed-exchange;v=b3',
  'user-agent' => 'Mozilla/5.0 (Windows NT 10.0; Win64; x64) AppleWebKit/537.36 (KHTML, like Gecko) Chrome/74.0.3729.169 Safari/537.36',
  'accept-encoding' => 'identity',
  'host' => 'www.mangtuyou.com',
)
[ info ] [ PARAM ] array (
)
[ info ] [ DB ] INIT mysql
[ info ] [ LOG ] INIT File

---------------------------------------------------------------
[ 2019-12-29T16:12:56+08:00 ] 172.31.18.39 120.25.208.128 GET /
[ log ] www.mangtuyou.com/ [运行时间：0.021699s][吞吐率：46.09req/s] [内存消耗：2,230.51kb] [文件加载：51]
[ info ] [ LANG ] /www/wwwroot/www.mangtuyou.com/thinkphp/lang/zh-cn.php
[ info ] [ ROUTE ] array (
  'type' => 'module',
  'module' => 
  array (
    0 => '',
    1 => NULL,
    2 => NULL,
  ),
)
[ info ] [ HEADER ] array (
  'accept-encoding' => 'gzip,deflate',
  'accept' => '*/*',
  'user-agent' => 'Mozilla/5.0 (Windows NT 10.0; Win64; x64) AppleWebKit/537.36 (KHTML, like Gecko) Chrome/53.0.2785.143 Safari/537.36',
  'host' => 'www.mangtuyou.com',
)
[ info ] [ PARAM ] array (
)
[ info ] [ DB ] INIT mysql
[ info ] [ LOG ] INIT File

---------------------------------------------------------------
