[ 2019-12-31T15:39:17+08:00 ] 172.31.18.39 123.131.105.47 GET /admin
[ log ] www.mangtuyou.com/admin [运行时间：0.012207s][吞吐率：81.92req/s] [内存消耗：1,473.10kb] [文件加载：44]
[ info ] [ LANG ] /www/wwwroot/www.mangtuyou.com/thinkphp/lang/zh-cn.php
[ info ] [ ROUTE ] array (
  'type' => 'module',
  'module' => 
  array (
    0 => 'admin',
    1 => NULL,
    2 => NULL,
  ),
)
[ info ] [ HEADER ] array (
  'cookie' => 'serverType=apache; order=id%20desc; memRealUsed=758; mem-before=758/3789%20%28MB%29; memSize=3789; downNet=0; upNet=0; conterError=; fifteen=0.05; five=0.03; one=0.03; uploadSize=1073741824; rank=a; backup_path=/www/backup; SetId=dfile; ChangePath=24; SetName=aliyuncs.tar.gz; Path=/www/wwwroot/www.mangtuyou.com',
  'accept-language' => 'zh-CN,zh;q=0.9',
  'accept-encoding' => 'gzip, deflate',
  'accept' => 'text/html,application/xhtml+xml,application/xml;q=0.9,image/webp,image/apng,*/*;q=0.8,application/signed-exchange;v=b3',
  'user-agent' => 'Mozilla/5.0 (Windows NT 6.1; WOW64) AppleWebKit/537.36 (KHTML, like Gecko) Chrome/78.0.3904.108 Safari/537.36',
  'upgrade-insecure-requests' => '1',
  'connection' => 'keep-alive',
  'host' => 'www.mangtuyou.com',
)
[ info ] [ PARAM ] array (
  '/admin' => '',
)
[ info ] [ SESSION ] INIT array (
  'id' => '',
  'var_session_id' => '',
  'prefix' => 'think',
  'type' => '',
  'auto_start' => true,
)
[ info ] [ LOG ] INIT File

---------------------------------------------------------------
[ 2019-12-31T15:39:17+08:00 ] 172.31.18.39 123.131.105.47 GET /admin/login/index.html
[ log ] www.mangtuyou.com/admin/login/index.html [运行时间：0.014868s][吞吐率：67.26req/s] [内存消耗：1,504.02kb] [文件加载：45]
[ info ] [ LANG ] /www/wwwroot/www.mangtuyou.com/thinkphp/lang/zh-cn.php
[ info ] [ ROUTE ] array (
  'type' => 'module',
  'module' => 
  array (
    0 => 'admin',
    1 => 'login',
    2 => 'index',
  ),
)
[ info ] [ HEADER ] array (
  'cookie' => 'serverType=apache; order=id%20desc; memRealUsed=758; mem-before=758/3789%20%28MB%29; memSize=3789; downNet=0; upNet=0; conterError=; fifteen=0.05; five=0.03; one=0.03; uploadSize=1073741824; rank=a; backup_path=/www/backup; SetId=dfile; ChangePath=24; SetName=aliyuncs.tar.gz; Path=/www/wwwroot/www.mangtuyou.com; PHPSESSID=bbt6jrfa9hin7bu31bpp191rk6',
  'accept-language' => 'zh-CN,zh;q=0.9',
  'accept-encoding' => 'gzip, deflate',
  'accept' => 'text/html,application/xhtml+xml,application/xml;q=0.9,image/webp,image/apng,*/*;q=0.8,application/signed-exchange;v=b3',
  'user-agent' => 'Mozilla/5.0 (Windows NT 6.1; WOW64) AppleWebKit/537.36 (KHTML, like Gecko) Chrome/78.0.3904.108 Safari/537.36',
  'upgrade-insecure-requests' => '1',
  'connection' => 'keep-alive',
  'host' => 'www.mangtuyou.com',
)
[ info ] [ PARAM ] array (
  '/admin/login/index_html' => '',
)
[ info ] [ RUN ] app\admin\controller\Login->index[ /www/wwwroot/www.mangtuyou.com/application/admin/controller/Login.php ]
[ info ] [ VIEW ] ./themes/admin/login/index.html [ array (
) ]
[ info ] [ LOG ] INIT File

---------------------------------------------------------------
[ 2019-12-31T15:39:17+08:00 ] 172.31.18.39 123.131.105.47 GET /favicon.ico
[ log ] www.mangtuyou.com/favicon.ico [运行时间：0.013655s][吞吐率：73.23req/s] [内存消耗：1,202.74kb] [文件加载：38]
[ info ] [ LANG ] /www/wwwroot/www.mangtuyou.com/thinkphp/lang/zh-cn.php
[ info ] [ ROUTE ] array (
  'type' => 'module',
  'module' => 
  array (
    0 => 'favicon.ico',
    1 => NULL,
    2 => NULL,
  ),
)
[ info ] [ HEADER ] array (
  'cookie' => 'serverType=apache; order=id%20desc; memRealUsed=758; mem-before=758/3789%20%28MB%29; memSize=3789; downNet=0; upNet=0; conterError=; fifteen=0.05; five=0.03; one=0.03; uploadSize=1073741824; rank=a; backup_path=/www/backup; SetId=dfile; ChangePath=24; SetName=aliyuncs.tar.gz; Path=/www/wwwroot/www.mangtuyou.com; PHPSESSID=bbt6jrfa9hin7bu31bpp191rk6',
  'accept-language' => 'zh-CN,zh;q=0.9',
  'accept-encoding' => 'gzip, deflate',
  'referer' => 'http://www.mangtuyou.com/admin/login/index.html',
  'accept' => 'image/webp,image/apng,image/*,*/*;q=0.8',
  'user-agent' => 'Mozilla/5.0 (Windows NT 6.1; WOW64) AppleWebKit/537.36 (KHTML, like Gecko) Chrome/78.0.3904.108 Safari/537.36',
  'connection' => 'keep-alive',
  'host' => 'www.mangtuyou.com',
)
[ info ] [ PARAM ] array (
  '/favicon_ico' => '',
)
[ info ] [ LOG ] INIT File

---------------------------------------------------------------
[ 2019-12-31T15:39:21+08:00 ] 172.31.18.39 123.131.105.47 POST /admin/login/login.html
[ log ] www.mangtuyou.com/admin/login/login.html [运行时间：0.024281s][吞吐率：41.18req/s] [内存消耗：2,166.55kb] [文件加载：53]
[ info ] [ LANG ] /www/wwwroot/www.mangtuyou.com/thinkphp/lang/zh-cn.php
[ info ] [ ROUTE ] array (
  'type' => 'module',
  'module' => 
  array (
    0 => 'admin',
    1 => 'login',
    2 => 'login',
  ),
)
[ info ] [ HEADER ] array (
  'cookie' => 'thinkphp_show_page_trace=0|0; serverType=apache; order=id%20desc; memRealUsed=758; mem-before=758/3789%20%28MB%29; memSize=3789; downNet=0; upNet=0; conterError=; fifteen=0.05; five=0.03; one=0.03; uploadSize=1073741824; rank=a; backup_path=/www/backup; SetId=dfile; ChangePath=24; SetName=aliyuncs.tar.gz; Path=/www/wwwroot/www.mangtuyou.com; PHPSESSID=bbt6jrfa9hin7bu31bpp191rk6',
  'accept-language' => 'zh-CN,zh;q=0.9',
  'accept-encoding' => 'gzip, deflate',
  'referer' => 'http://www.mangtuyou.com/admin/login/index.html',
  'user-agent' => 'Mozilla/5.0 (Windows NT 6.1; WOW64) AppleWebKit/537.36 (KHTML, like Gecko) Chrome/78.0.3904.108 Safari/537.36',
  'x-requested-with' => 'XMLHttpRequest',
  'origin' => 'http://www.mangtuyou.com',
  'accept' => 'application/json, text/javascript, */*; q=0.01',
  'connection' => 'keep-alive',
  'host' => 'www.mangtuyou.com',
  'content-type' => 'application/x-www-form-urlencoded; charset=UTF-8',
  'content-length' => '29',
)
[ info ] [ PARAM ] array (
  '/admin/login/login_html' => '',
  'username' => 'admin',
  'password' => 'admin',
)
[ info ] [ RUN ] app\admin\controller\Login->login[ /www/wwwroot/www.mangtuyou.com/application/admin/controller/Login.php ]
[ info ] [ DB ] INIT mysql
[ info ] [ SESSION ] INIT array (
  'id' => '',
  'var_session_id' => '',
  'prefix' => 'think',
  'type' => '',
  'auto_start' => true,
)
[ info ] [ CACHE ] INIT File
[ info ] [ LOG ] INIT File
[ sql ] [ DB ] CONNECT:[ UseTime:0.000442s ] mysql:dbname=mangtoo;host=localhost;port=3306;charset=utf8
[ sql ] [ SQL ] SHOW COLUMNS FROM `os_admin_user` [ RunTime:0.000991s ]
[ sql ] [ SQL ] SELECT `id`,`username`,`status` FROM `os_admin_user` WHERE  `username` = 'admin'  AND `password` = '0dfc7612f607db6c17fd99388e9e5f9c' LIMIT 1 [ RunTime:0.000761s ]
[ sql ] [ SQL ] UPDATE `os_admin_user`  SET `last_login_time`='2019-12-31 15:39:21',`last_login_ip`='123.131.105.47'  WHERE  `id` = 1 [ RunTime:0.000443s ]

---------------------------------------------------------------
[ 2019-12-31T15:39:22+08:00 ] 172.31.18.39 123.131.105.47 GET /admin/index/index.html
[ log ] www.mangtuyou.com/admin/index/index.html [运行时间：0.035291s][吞吐率：28.34req/s] [内存消耗：2,204.92kb] [文件加载：52]
[ info ] [ LANG ] /www/wwwroot/www.mangtuyou.com/thinkphp/lang/zh-cn.php
[ info ] [ ROUTE ] array (
  'type' => 'module',
  'module' => 
  array (
    0 => 'admin',
    1 => 'index',
    2 => 'index',
  ),
)
[ info ] [ HEADER ] array (
  'cookie' => 'serverType=apache; order=id%20desc; memRealUsed=758; mem-before=758/3789%20%28MB%29; memSize=3789; downNet=0; upNet=0; conterError=; fifteen=0.05; five=0.03; one=0.03; uploadSize=1073741824; rank=a; backup_path=/www/backup; SetId=dfile; ChangePath=24; SetName=aliyuncs.tar.gz; Path=/www/wwwroot/www.mangtuyou.com; PHPSESSID=bbt6jrfa9hin7bu31bpp191rk6',
  'accept-language' => 'zh-CN,zh;q=0.9',
  'accept-encoding' => 'gzip, deflate',
  'referer' => 'http://www.mangtuyou.com/admin/login/index.html',
  'accept' => 'text/html,application/xhtml+xml,application/xml;q=0.9,image/webp,image/apng,*/*;q=0.8,application/signed-exchange;v=b3',
  'user-agent' => 'Mozilla/5.0 (Windows NT 6.1; WOW64) AppleWebKit/537.36 (KHTML, like Gecko) Chrome/78.0.3904.108 Safari/537.36',
  'upgrade-insecure-requests' => '1',
  'connection' => 'keep-alive',
  'host' => 'www.mangtuyou.com',
)
[ info ] [ PARAM ] array (
  '/admin/index/index_html' => '',
)
[ info ] [ SESSION ] INIT array (
  'id' => '',
  'var_session_id' => '',
  'prefix' => 'think',
  'type' => '',
  'auto_start' => true,
)
[ info ] [ DB ] INIT mysql
[ info ] [ RUN ] app\admin\controller\Index->index[ /www/wwwroot/www.mangtuyou.com/application/admin/controller/Index.php ]
[ info ] [ VIEW ] ./themes/admin/index/index.html [ array (
  0 => 'menu',
  1 => 'controller',
  2 => 'config',
) ]
[ info ] [ LOG ] INIT File
[ sql ] [ DB ] CONNECT:[ UseTime:0.000422s ] mysql:dbname=mangtoo;host=localhost;port=3306;charset=utf8
[ sql ] [ SQL ] SHOW COLUMNS FROM `os_auth_rule` [ RunTime:0.001052s ]
[ sql ] [ SQL ] SELECT * FROM `os_auth_rule` WHERE  `status` = 1 ORDER BY `sort`  DESC,`id`  ASC [ RunTime:0.000292s ]
[ sql ] [ SQL ] SHOW COLUMNS FROM `os_auth_group_access` [ RunTime:0.000703s ]
[ sql ] [ SQL ] SELECT `AuthGroupAccess`.`uid`,`AuthGroupAccess`.`group_id`,`AuthGroup`.`title`,`AuthGroup`.`rules` FROM `os_auth_group_access` `AuthGroupAccess` LEFT JOIN `os_auth_group` `AuthGroup` ON `AuthGroupAccess`.`group_id`=`AuthGroup`.`id` WHERE  (  AuthGroupAccess.uid='1' and AuthGroup.status='1' ) [ RunTime:0.000231s ]
[ sql ] [ SQL ] SELECT `condition`,`name` FROM `os_auth_rule` WHERE  `id` IN (1,2,3,73,74,5,6,7,8,9,10,11,12,39,40,41,42,43,14,13,20,21,22,23,24,15,25,26,27,28,29,30,16,17,44,45,46,47,48,18,49,50,51,52,53,19,31,32,33,34,35,36,37,54,55,58,59,60,61,62,56,64,65,66,67,57,68,69,70,71,72,63)  AND `type` = 1 [ RunTime:0.000430s ]
[ sql ] [ SQL ] SELECT VERSION() AS ver [ RunTime:0.000269s ]

---------------------------------------------------------------
[ 2019-12-31T15:39:27+08:00 ] 172.31.18.39 123.131.105.47 GET /admin/newscenic/index.html
[ log ] www.mangtuyou.com/admin/newscenic/index.html [运行时间：0.033704s][吞吐率：29.67req/s] [内存消耗：2,531.44kb] [文件加载：57]
[ info ] [ LANG ] /www/wwwroot/www.mangtuyou.com/thinkphp/lang/zh-cn.php
[ info ] [ ROUTE ] array (
  'type' => 'module',
  'module' => 
  array (
    0 => 'admin',
    1 => 'newscenic',
    2 => 'index',
  ),
)
[ info ] [ HEADER ] array (
  'cookie' => 'serverType=apache; order=id%20desc; memRealUsed=758; mem-before=758/3789%20%28MB%29; memSize=3789; downNet=0; upNet=0; conterError=; fifteen=0.05; five=0.03; one=0.03; uploadSize=1073741824; rank=a; backup_path=/www/backup; SetId=dfile; ChangePath=24; SetName=aliyuncs.tar.gz; Path=/www/wwwroot/www.mangtuyou.com; PHPSESSID=bbt6jrfa9hin7bu31bpp191rk6',
  'accept-language' => 'zh-CN,zh;q=0.9',
  'accept-encoding' => 'gzip, deflate',
  'referer' => 'http://www.mangtuyou.com/admin/index/index.html',
  'accept' => 'text/html,application/xhtml+xml,application/xml;q=0.9,image/webp,image/apng,*/*;q=0.8,application/signed-exchange;v=b3',
  'user-agent' => 'Mozilla/5.0 (Windows NT 6.1; WOW64) AppleWebKit/537.36 (KHTML, like Gecko) Chrome/78.0.3904.108 Safari/537.36',
  'upgrade-insecure-requests' => '1',
  'connection' => 'keep-alive',
  'host' => 'www.mangtuyou.com',
)
[ info ] [ PARAM ] array (
  '/admin/newscenic/index_html' => '',
)
[ info ] [ SESSION ] INIT array (
  'id' => '',
  'var_session_id' => '',
  'prefix' => 'think',
  'type' => '',
  'auto_start' => true,
)
[ info ] [ DB ] INIT mysql
[ info ] [ RUN ] app\admin\controller\Newscenic->index[ /www/wwwroot/www.mangtuyou.com/application/admin/controller/Newscenic.php ]
[ info ] [ VIEW ] ./themes/admin/newscenic/index.html [ array (
  0 => 'menu',
  1 => 'controller',
  2 => 'keyword',
  3 => 'data',
) ]
[ info ] [ LOG ] INIT File
[ sql ] [ DB ] CONNECT:[ UseTime:0.000443s ] mysql:dbname=mangtoo;host=localhost;port=3306;charset=utf8
[ sql ] [ SQL ] SHOW COLUMNS FROM `os_auth_group_access` [ RunTime:0.000976s ]
[ sql ] [ SQL ] SELECT `AuthGroupAccess`.`uid`,`AuthGroupAccess`.`group_id`,`AuthGroup`.`title`,`AuthGroup`.`rules` FROM `os_auth_group_access` `AuthGroupAccess` LEFT JOIN `os_auth_group` `AuthGroup` ON `AuthGroupAccess`.`group_id`=`AuthGroup`.`id` WHERE  (  AuthGroupAccess.uid='1' and AuthGroup.status='1' ) [ RunTime:0.000276s ]
[ sql ] [ SQL ] SHOW COLUMNS FROM `os_auth_rule` [ RunTime:0.000687s ]
[ sql ] [ SQL ] SELECT `condition`,`name` FROM `os_auth_rule` WHERE  `id` IN (1,2,3,73,74,5,6,7,8,9,10,11,12,39,40,41,42,43,14,13,20,21,22,23,24,15,25,26,27,28,29,30,16,17,44,45,46,47,48,18,49,50,51,52,53,19,31,32,33,34,35,36,37,54,55,58,59,60,61,62,56,64,65,66,67,57,68,69,70,71,72,63)  AND `type` = 1 [ RunTime:0.000349s ]
[ sql ] [ SQL ] SELECT * FROM `os_auth_rule` WHERE  `status` = 1 ORDER BY `sort`  DESC,`id`  ASC [ RunTime:0.000175s ]
[ sql ] [ SQL ] SHOW COLUMNS FROM `os_newscenic` [ RunTime:0.000968s ]
[ sql ] [ SQL ] SELECT COUNT(*) AS tp_count FROM `os_newscenic` `s` INNER JOIN `os_example` `c` ON `s`.`classid`=`c`.`id` LIMIT 1 [ RunTime:0.000325s ]
[ sql ] [ SQL ] SELECT c.name as cname,`s`.`name_cn`,`s`.`name_kr`,`s`.`id`,`s`.`img`,`s`.`city`,`s`.`content_cn`,`s`.`content_kr`,`s`.`Hits` FROM `os_newscenic` `s` INNER JOIN `os_example` `c` ON `s`.`classid`=`c`.`id` ORDER BY `id`  desc LIMIT 0,15 [ RunTime:0.000303s ]

---------------------------------------------------------------
[ 2019-12-31T15:39:28+08:00 ] 172.31.18.39 123.131.105.47 GET /admin/newscenic/add.html
[ log ] www.mangtuyou.com/admin/newscenic/add.html [运行时间：0.027756s][吞吐率：36.03req/s] [内存消耗：2,470.76kb] [文件加载：54]
[ info ] [ LANG ] /www/wwwroot/www.mangtuyou.com/thinkphp/lang/zh-cn.php
[ info ] [ ROUTE ] array (
  'type' => 'module',
  'module' => 
  array (
    0 => 'admin',
    1 => 'newscenic',
    2 => 'add',
  ),
)
[ info ] [ HEADER ] array (
  'cookie' => 'thinkphp_show_page_trace=0|0; serverType=apache; order=id%20desc; memRealUsed=758; mem-before=758/3789%20%28MB%29; memSize=3789; downNet=0; upNet=0; conterError=; fifteen=0.05; five=0.03; one=0.03; uploadSize=1073741824; rank=a; backup_path=/www/backup; SetId=dfile; ChangePath=24; SetName=aliyuncs.tar.gz; Path=/www/wwwroot/www.mangtuyou.com; PHPSESSID=bbt6jrfa9hin7bu31bpp191rk6',
  'accept-language' => 'zh-CN,zh;q=0.9',
  'accept-encoding' => 'gzip, deflate',
  'referer' => 'http://www.mangtuyou.com/admin/newscenic/index.html',
  'accept' => 'text/html,application/xhtml+xml,application/xml;q=0.9,image/webp,image/apng,*/*;q=0.8,application/signed-exchange;v=b3',
  'user-agent' => 'Mozilla/5.0 (Windows NT 6.1; WOW64) AppleWebKit/537.36 (KHTML, like Gecko) Chrome/78.0.3904.108 Safari/537.36',
  'upgrade-insecure-requests' => '1',
  'connection' => 'keep-alive',
  'host' => 'www.mangtuyou.com',
)
[ info ] [ PARAM ] array (
  '/admin/newscenic/add_html' => '',
)
[ info ] [ SESSION ] INIT array (
  'id' => '',
  'var_session_id' => '',
  'prefix' => 'think',
  'type' => '',
  'auto_start' => true,
)
[ info ] [ DB ] INIT mysql
[ info ] [ RUN ] app\admin\controller\Newscenic->add[ /www/wwwroot/www.mangtuyou.com/application/admin/controller/Newscenic.php ]
[ info ] [ VIEW ] ./themes/admin/newscenic/add.html [ array (
  0 => 'menu',
  1 => 'controller',
) ]
[ info ] [ LOG ] INIT File
[ sql ] [ DB ] CONNECT:[ UseTime:0.000303s ] mysql:dbname=mangtoo;host=localhost;port=3306;charset=utf8
[ sql ] [ SQL ] SHOW COLUMNS FROM `os_auth_group_access` [ RunTime:0.000804s ]
[ sql ] [ SQL ] SELECT `AuthGroupAccess`.`uid`,`AuthGroupAccess`.`group_id`,`AuthGroup`.`title`,`AuthGroup`.`rules` FROM `os_auth_group_access` `AuthGroupAccess` LEFT JOIN `os_auth_group` `AuthGroup` ON `AuthGroupAccess`.`group_id`=`AuthGroup`.`id` WHERE  (  AuthGroupAccess.uid='1' and AuthGroup.status='1' ) [ RunTime:0.000480s ]
[ sql ] [ SQL ] SHOW COLUMNS FROM `os_auth_rule` [ RunTime:0.000873s ]
[ sql ] [ SQL ] SELECT `condition`,`name` FROM `os_auth_rule` WHERE  `id` IN (1,2,3,73,74,5,6,7,8,9,10,11,12,39,40,41,42,43,14,13,20,21,22,23,24,15,25,26,27,28,29,30,16,17,44,45,46,47,48,18,49,50,51,52,53,19,31,32,33,34,35,36,37,54,55,58,59,60,61,62,56,64,65,66,67,57,68,69,70,71,72,63)  AND `type` = 1 [ RunTime:0.000459s ]
[ sql ] [ SQL ] SELECT * FROM `os_auth_rule` WHERE  `status` = 1 ORDER BY `sort`  DESC,`id`  ASC [ RunTime:0.000268s ]

---------------------------------------------------------------
[ 2019-12-31T15:39:28+08:00 ] 172.31.18.39 123.131.105.47 GET /api/ueditor/index?action=config&&noCache=1577777971163
[ log ] www.mangtuyou.com/api/ueditor/index?action=config&&noCache=1577777971163 [运行时间：0.014199s][吞吐率：70.43req/s] [内存消耗：1,379.52kb] [文件加载：41]
[ info ] [ LANG ] /www/wwwroot/www.mangtuyou.com/thinkphp/lang/zh-cn.php
[ info ] [ ROUTE ] array (
  'type' => 'module',
  'module' => 
  array (
    0 => 'api',
    1 => 'ueditor',
    2 => 'index',
  ),
)
[ info ] [ HEADER ] array (
  'cookie' => 'serverType=apache; order=id%20desc; memRealUsed=758; mem-before=758/3789%20%28MB%29; memSize=3789; downNet=0; upNet=0; conterError=; fifteen=0.05; five=0.03; one=0.03; uploadSize=1073741824; rank=a; backup_path=/www/backup; SetId=dfile; ChangePath=24; SetName=aliyuncs.tar.gz; Path=/www/wwwroot/www.mangtuyou.com; PHPSESSID=bbt6jrfa9hin7bu31bpp191rk6',
  'accept-language' => 'zh-CN,zh;q=0.9',
  'accept-encoding' => 'gzip, deflate',
  'referer' => 'http://www.mangtuyou.com/admin/newscenic/add.html',
  'accept' => '*/*',
  'user-agent' => 'Mozilla/5.0 (Windows NT 6.1; WOW64) AppleWebKit/537.36 (KHTML, like Gecko) Chrome/78.0.3904.108 Safari/537.36',
  'connection' => 'keep-alive',
  'host' => 'www.mangtuyou.com',
)
[ info ] [ PARAM ] array (
  '/api/ueditor/index' => '',
  'action' => 'config',
  'noCache' => '1577777971163',
)
[ info ] [ SESSION ] INIT array (
  'id' => '',
  'var_session_id' => '',
  'prefix' => 'think',
  'type' => '',
  'auto_start' => true,
)
[ info ] [ RUN ] app\api\controller\Ueditor->index[ /www/wwwroot/www.mangtuyou.com/application/api/controller/Ueditor.php ]
[ info ] [ LOG ] INIT File

---------------------------------------------------------------
[ 2019-12-31T15:39:28+08:00 ] 172.31.18.39 123.131.105.47 GET /api/ueditor/index?action=config&&noCache=1577777971163
[ log ] www.mangtuyou.com/api/ueditor/index?action=config&&noCache=1577777971163 [运行时间：0.014132s][吞吐率：70.76req/s] [内存消耗：1,379.52kb] [文件加载：41]
[ info ] [ LANG ] /www/wwwroot/www.mangtuyou.com/thinkphp/lang/zh-cn.php
[ info ] [ ROUTE ] array (
  'type' => 'module',
  'module' => 
  array (
    0 => 'api',
    1 => 'ueditor',
    2 => 'index',
  ),
)
[ info ] [ HEADER ] array (
  'cookie' => 'serverType=apache; order=id%20desc; memRealUsed=758; mem-before=758/3789%20%28MB%29; memSize=3789; downNet=0; upNet=0; conterError=; fifteen=0.05; five=0.03; one=0.03; uploadSize=1073741824; rank=a; backup_path=/www/backup; SetId=dfile; ChangePath=24; SetName=aliyuncs.tar.gz; Path=/www/wwwroot/www.mangtuyou.com; PHPSESSID=bbt6jrfa9hin7bu31bpp191rk6',
  'accept-language' => 'zh-CN,zh;q=0.9',
  'accept-encoding' => 'gzip, deflate',
  'referer' => 'http://www.mangtuyou.com/admin/newscenic/add.html',
  'accept' => '*/*',
  'user-agent' => 'Mozilla/5.0 (Windows NT 6.1; WOW64) AppleWebKit/537.36 (KHTML, like Gecko) Chrome/78.0.3904.108 Safari/537.36',
  'connection' => 'keep-alive',
  'host' => 'www.mangtuyou.com',
)
[ info ] [ PARAM ] array (
  '/api/ueditor/index' => '',
  'action' => 'config',
  'noCache' => '1577777971163',
)
[ info ] [ SESSION ] INIT array (
  'id' => '',
  'var_session_id' => '',
  'prefix' => 'think',
  'type' => '',
  'auto_start' => true,
)
[ info ] [ RUN ] app\api\controller\Ueditor->index[ /www/wwwroot/www.mangtuyou.com/application/api/controller/Ueditor.php ]
[ info ] [ LOG ] INIT File

---------------------------------------------------------------
[ 2019-12-31T15:39:28+08:00 ] 172.31.18.39 123.131.105.47 GET /api/ueditor/index?action=config&&noCache=1577777971163
[ log ] www.mangtuyou.com/api/ueditor/index?action=config&&noCache=1577777971163 [运行时间：0.014192s][吞吐率：70.46req/s] [内存消耗：1,379.52kb] [文件加载：41]
[ info ] [ LANG ] /www/wwwroot/www.mangtuyou.com/thinkphp/lang/zh-cn.php
[ info ] [ ROUTE ] array (
  'type' => 'module',
  'module' => 
  array (
    0 => 'api',
    1 => 'ueditor',
    2 => 'index',
  ),
)
[ info ] [ HEADER ] array (
  'cookie' => 'serverType=apache; order=id%20desc; memRealUsed=758; mem-before=758/3789%20%28MB%29; memSize=3789; downNet=0; upNet=0; conterError=; fifteen=0.05; five=0.03; one=0.03; uploadSize=1073741824; rank=a; backup_path=/www/backup; SetId=dfile; ChangePath=24; SetName=aliyuncs.tar.gz; Path=/www/wwwroot/www.mangtuyou.com; PHPSESSID=bbt6jrfa9hin7bu31bpp191rk6',
  'accept-language' => 'zh-CN,zh;q=0.9',
  'accept-encoding' => 'gzip, deflate',
  'referer' => 'http://www.mangtuyou.com/admin/newscenic/add.html',
  'accept' => '*/*',
  'user-agent' => 'Mozilla/5.0 (Windows NT 6.1; WOW64) AppleWebKit/537.36 (KHTML, like Gecko) Chrome/78.0.3904.108 Safari/537.36',
  'connection' => 'keep-alive',
  'host' => 'www.mangtuyou.com',
)
[ info ] [ PARAM ] array (
  '/api/ueditor/index' => '',
  'action' => 'config',
  'noCache' => '1577777971163',
)
[ info ] [ SESSION ] INIT array (
  'id' => '',
  'var_session_id' => '',
  'prefix' => 'think',
  'type' => '',
  'auto_start' => true,
)
[ info ] [ RUN ] app\api\controller\Ueditor->index[ /www/wwwroot/www.mangtuyou.com/application/api/controller/Ueditor.php ]
[ info ] [ LOG ] INIT File

---------------------------------------------------------------
